<?xml version="1.0" encoding="UTF-8"?>
<testsuite xmlns:xsi="http://www.w3.org/2001/XMLSchema-instance" xsi:noNamespaceSchemaLocation="https://maven.apache.org/surefire/maven-surefire-plugin/xsd/surefire-test-report-3.0.xsd" version="3.0" name="TestSuite" time="120.539" tests="8" errors="0" skipped="0" failures="8">
  <properties>
    <property name="java.specification.version" value="19"/>
    <property name="webdriver.chrome.driver" value="C:\Users\hoailinh\.cache\selenium\chromedriver\win32\107.0.5304.62\chromedriver.exe"/>
    <property name="sun.cpu.isalist" value="amd64"/>
    <property name="sun.jnu.encoding" value="Cp1252"/>
    <property name="java.class.path" value="C:\Users\hoailinh\Desktop\automation_glamira\target\test-classes;C:\Users\hoailinh\Desktop\automation_glamira\target\classes;C:\Users\hoailinh\Desktop\automation_glamira\maven\repo\io\appium\java-client\7.6.0\java-client-7.6.0.jar;C:\Users\hoailinh\Desktop\automation_glamira\maven\repo\org\seleniumhq\selenium\selenium-support\3.141.59\selenium-support-3.141.59.jar;C:\Users\hoailinh\Desktop\automation_glamira\maven\repo\org\seleniumhq\selenium\selenium-api\3.141.59\selenium-api-3.141.59.jar;C:\Users\hoailinh\Desktop\automation_glamira\maven\repo\org\apache\httpcomponents\httpclient\4.5.13\httpclient-4.5.13.jar;C:\Users\hoailinh\Desktop\automation_glamira\maven\repo\org\apache\httpcomponents\httpcore\4.4.13\httpcore-4.4.13.jar;C:\Users\hoailinh\Desktop\automation_glamira\maven\repo\commons-logging\commons-logging\1.2\commons-logging-1.2.jar;C:\Users\hoailinh\Desktop\automation_glamira\maven\repo\commons-codec\commons-codec\1.11\commons-codec-1.11.jar;C:\Users\hoailinh\Desktop\automation_glamira\maven\repo\cglib\cglib\3.3.0\cglib-3.3.0.jar;C:\Users\hoailinh\Desktop\automation_glamira\maven\repo\org\ow2\asm\asm\7.1\asm-7.1.jar;C:\Users\hoailinh\Desktop\automation_glamira\maven\repo\commons-validator\commons-validator\1.7\commons-validator-1.7.jar;C:\Users\hoailinh\Desktop\automation_glamira\maven\repo\commons-beanutils\commons-beanutils\1.9.4\commons-beanutils-1.9.4.jar;C:\Users\hoailinh\Desktop\automation_glamira\maven\repo\commons-digester\commons-digester\2.1\commons-digester-2.1.jar;C:\Users\hoailinh\Desktop\automation_glamira\maven\repo\commons-collections\commons-collections\3.2.2\commons-collections-3.2.2.jar;C:\Users\hoailinh\Desktop\automation_glamira\maven\repo\org\apache\commons\commons-lang3\3.12.0\commons-lang3-3.12.0.jar;C:\Users\hoailinh\Desktop\automation_glamira\maven\repo\commons-io\commons-io\2.11.0\commons-io-2.11.0.jar;C:\Users\hoailinh\Desktop\automation_glamira\maven\repo\org\springframework\spring-context\5.3.10\spring-context-5.3.10.jar;C:\Users\hoailinh\Desktop\automation_glamira\maven\repo\org\springframework\spring-aop\5.3.10\spring-aop-5.3.10.jar;C:\Users\hoailinh\Desktop\automation_glamira\maven\repo\org\springframework\spring-beans\5.3.10\spring-beans-5.3.10.jar;C:\Users\hoailinh\Desktop\automation_glamira\maven\repo\org\springframework\spring-core\5.3.10\spring-core-5.3.10.jar;C:\Users\hoailinh\Desktop\automation_glamira\maven\repo\org\springframework\spring-jcl\5.3.10\spring-jcl-5.3.10.jar;C:\Users\hoailinh\Desktop\automation_glamira\maven\repo\org\springframework\spring-expression\5.3.10\spring-expression-5.3.10.jar;C:\Users\hoailinh\Desktop\automation_glamira\maven\repo\org\aspectj\aspectjweaver\1.9.7\aspectjweaver-1.9.7.jar;C:\Users\hoailinh\Desktop\automation_glamira\maven\repo\org\seleniumhq\selenium\selenium-java\3.141.59\selenium-java-3.141.59.jar;C:\Users\hoailinh\Desktop\automation_glamira\maven\repo\org\seleniumhq\selenium\selenium-chrome-driver\3.141.59\selenium-chrome-driver-3.141.59.jar;C:\Users\hoailinh\Desktop\automation_glamira\maven\repo\org\seleniumhq\selenium\selenium-edge-driver\3.141.59\selenium-edge-driver-3.141.59.jar;C:\Users\hoailinh\Desktop\automation_glamira\maven\repo\org\seleniumhq\selenium\selenium-firefox-driver\3.141.59\selenium-firefox-driver-3.141.59.jar;C:\Users\hoailinh\Desktop\automation_glamira\maven\repo\org\seleniumhq\selenium\selenium-ie-driver\3.141.59\selenium-ie-driver-3.141.59.jar;C:\Users\hoailinh\Desktop\automation_glamira\maven\repo\org\seleniumhq\selenium\selenium-opera-driver\3.141.59\selenium-opera-driver-3.141.59.jar;C:\Users\hoailinh\Desktop\automation_glamira\maven\repo\org\seleniumhq\selenium\selenium-remote-driver\3.141.59\selenium-remote-driver-3.141.59.jar;C:\Users\hoailinh\Desktop\automation_glamira\maven\repo\org\seleniumhq\selenium\selenium-safari-driver\3.141.59\selenium-safari-driver-3.141.59.jar;C:\Users\hoailinh\Desktop\automation_glamira\maven\repo\net\bytebuddy\byte-buddy\1.8.15\byte-buddy-1.8.15.jar;C:\Users\hoailinh\Desktop\automation_glamira\maven\repo\org\apache\commons\commons-exec\1.3\commons-exec-1.3.jar;C:\Users\hoailinh\Desktop\automation_glamira\maven\repo\com\google\guava\guava\25.0-jre\guava-25.0-jre.jar;C:\Users\hoailinh\Desktop\automation_glamira\maven\repo\com\google\code\findbugs\jsr305\1.3.9\jsr305-1.3.9.jar;C:\Users\hoailinh\Desktop\automation_glamira\maven\repo\org\checkerframework\checker-compat-qual\2.0.0\checker-compat-qual-2.0.0.jar;C:\Users\hoailinh\Desktop\automation_glamira\maven\repo\com\google\errorprone\error_prone_annotations\2.1.3\error_prone_annotations-2.1.3.jar;C:\Users\hoailinh\Desktop\automation_glamira\maven\repo\com\google\j2objc\j2objc-annotations\1.1\j2objc-annotations-1.1.jar;C:\Users\hoailinh\Desktop\automation_glamira\maven\repo\org\codehaus\mojo\animal-sniffer-annotations\1.14\animal-sniffer-annotations-1.14.jar;C:\Users\hoailinh\Desktop\automation_glamira\maven\repo\com\squareup\okhttp3\okhttp\3.11.0\okhttp-3.11.0.jar;C:\Users\hoailinh\Desktop\automation_glamira\maven\repo\com\squareup\okio\okio\1.14.0\okio-1.14.0.jar;C:\Users\hoailinh\Desktop\automation_glamira\maven\repo\io\cucumber\cucumber-java\6.11.0\cucumber-java-6.11.0.jar;C:\Users\hoailinh\Desktop\automation_glamira\maven\repo\io\cucumber\cucumber-core\6.11.0\cucumber-core-6.11.0.jar;C:\Users\hoailinh\Desktop\automation_glamira\maven\repo\io\cucumber\cucumber-gherkin\6.11.0\cucumber-gherkin-6.11.0.jar;C:\Users\hoailinh\Desktop\automation_glamira\maven\repo\io\cucumber\cucumber-gherkin-messages\6.11.0\cucumber-gherkin-messages-6.11.0.jar;C:\Users\hoailinh\Desktop\automation_glamira\maven\repo\io\cucumber\messages\15.0.0\messages-15.0.0.jar;C:\Users\hoailinh\Desktop\automation_glamira\maven\repo\io\cucumber\tag-expressions\3.0.1\tag-expressions-3.0.1.jar;C:\Users\hoailinh\Desktop\automation_glamira\maven\repo\io\cucumber\cucumber-expressions\10.3.0\cucumber-expressions-10.3.0.jar;C:\Users\hoailinh\Desktop\automation_glamira\maven\repo\io\cucumber\datatable\3.5.0\datatable-3.5.0.jar;C:\Users\hoailinh\Desktop\automation_glamira\maven\repo\io\cucumber\cucumber-plugin\6.11.0\cucumber-plugin-6.11.0.jar;C:\Users\hoailinh\Desktop\automation_glamira\maven\repo\io\cucumber\docstring\6.11.0\docstring-6.11.0.jar;C:\Users\hoailinh\Desktop\automation_glamira\maven\repo\io\cucumber\html-formatter\13.0.0\html-formatter-13.0.0.jar;C:\Users\hoailinh\Desktop\automation_glamira\maven\repo\io\cucumber\create-meta\4.0.0\create-meta-4.0.0.jar;C:\Users\hoailinh\Desktop\automation_glamira\maven\repo\org\apiguardian\apiguardian-api\1.1.2\apiguardian-api-1.1.2.jar;C:\Users\hoailinh\Desktop\automation_glamira\maven\repo\io\cucumber\cucumber-testng\6.11.0\cucumber-testng-6.11.0.jar;C:\Users\hoailinh\Desktop\automation_glamira\maven\repo\org\testng\testng\7.4.0\testng-7.4.0.jar;C:\Users\hoailinh\Desktop\automation_glamira\maven\repo\com\beust\jcommander\1.78\jcommander-1.78.jar;C:\Users\hoailinh\Desktop\automation_glamira\maven\repo\org\webjars\jquery\3.5.1\jquery-3.5.1.jar;C:\Users\hoailinh\Desktop\automation_glamira\maven\repo\org\hamcrest\hamcrest-core\2.2\hamcrest-core-2.2.jar;C:\Users\hoailinh\Desktop\automation_glamira\maven\repo\org\hamcrest\hamcrest\2.2\hamcrest-2.2.jar;C:\Users\hoailinh\Desktop\automation_glamira\maven\repo\io\cucumber\cucumber-picocontainer\6.11.0\cucumber-picocontainer-6.11.0.jar;C:\Users\hoailinh\Desktop\automation_glamira\maven\repo\org\picocontainer\picocontainer\2.15\picocontainer-2.15.jar;C:\Users\hoailinh\Desktop\automation_glamira\maven\repo\org\projectlombok\lombok\1.18.24\lombok-1.18.24.jar;C:\Users\hoailinh\Desktop\automation_glamira\maven\repo\com\google\code\gson\gson\2.9.1\gson-2.9.1.jar;C:\Users\hoailinh\Desktop\automation_glamira\maven\repo\org\slf4j\slf4j-api\2.0.0\slf4j-api-2.0.0.jar;C:\Users\hoailinh\Desktop\automation_glamira\maven\repo\org\slf4j\slf4j-reload4j\2.0.0\slf4j-reload4j-2.0.0.jar;C:\Users\hoailinh\Desktop\automation_glamira\maven\repo\ch\qos\reload4j\reload4j\1.2.19\reload4j-1.2.19.jar;C:\Users\hoailinh\Desktop\automation_glamira\maven\repo\io\github\bonigarcia\webdrivermanager\5.0.1\webdrivermanager-5.0.1.jar;C:\Users\hoailinh\Desktop\automation_glamira\maven\repo\org\jsoup\jsoup\1.14.2\jsoup-1.14.2.jar;C:\Users\hoailinh\Desktop\automation_glamira\maven\repo\com\github\docker-java\docker-java\3.2.11\docker-java-3.2.11.jar;C:\Users\hoailinh\Desktop\automation_glamira\maven\repo\com\github\docker-java\docker-java-core\3.2.11\docker-java-core-3.2.11.jar;C:\Users\hoailinh\Desktop\automation_glamira\maven\repo\com\github\docker-java\docker-java-api\3.2.11\docker-java-api-3.2.11.jar;C:\Users\hoailinh\Desktop\automation_glamira\maven\repo\com\fasterxml\jackson\core\jackson-annotations\2.10.3\jackson-annotations-2.10.3.jar;C:\Users\hoailinh\Desktop\automation_glamira\maven\repo\org\apache\commons\commons-compress\1.20\commons-compress-1.20.jar;C:\Users\hoailinh\Desktop\automation_glamira\maven\repo\commons-lang\commons-lang\2.6\commons-lang-2.6.jar;C:\Users\hoailinh\Desktop\automation_glamira\maven\repo\com\fasterxml\jackson\core\jackson-databind\2.10.3\jackson-databind-2.10.3.jar;C:\Users\hoailinh\Desktop\automation_glamira\maven\repo\com\fasterxml\jackson\core\jackson-core\2.10.3\jackson-core-2.10.3.jar;C:\Users\hoailinh\Desktop\automation_glamira\maven\repo\org\bouncycastle\bcpkix-jdk15on\1.64\bcpkix-jdk15on-1.64.jar;C:\Users\hoailinh\Desktop\automation_glamira\maven\repo\org\bouncycastle\bcprov-jdk15on\1.64\bcprov-jdk15on-1.64.jar;C:\Users\hoailinh\Desktop\automation_glamira\maven\repo\org\slf4j\jcl-over-slf4j\1.7.30\jcl-over-slf4j-1.7.30.jar;C:\Users\hoailinh\Desktop\automation_glamira\maven\repo\com\github\docker-java\docker-java-transport-httpclient5\3.2.11\docker-java-transport-httpclient5-3.2.11.jar;C:\Users\hoailinh\Desktop\automation_glamira\maven\repo\com\github\docker-java\docker-java-transport\3.2.11\docker-java-transport-3.2.11.jar;C:\Users\hoailinh\Desktop\automation_glamira\maven\repo\org\apache\httpcomponents\client5\httpclient5\5.0.3\httpclient5-5.0.3.jar;C:\Users\hoailinh\Desktop\automation_glamira\maven\repo\org\apache\httpcomponents\core5\httpcore5\5.0.2\httpcore5-5.0.2.jar;C:\Users\hoailinh\Desktop\automation_glamira\maven\repo\net\java\dev\jna\jna\5.8.0\jna-5.8.0.jar;C:\Users\hoailinh\Desktop\automation_glamira\maven\repo\org\brotli\dec\0.1.2\dec-0.1.2.jar;C:\Users\hoailinh\Desktop\automation_glamira\maven\repo\com\aventstack\extentreports\5.0.9\extentreports-5.0.9.jar;C:\Users\hoailinh\Desktop\automation_glamira\maven\repo\io\reactivex\rxjava3\rxjava\3.0.4\rxjava-3.0.4.jar;C:\Users\hoailinh\Desktop\automation_glamira\maven\repo\org\reactivestreams\reactive-streams\1.0.3\reactive-streams-1.0.3.jar;C:\Users\hoailinh\Desktop\automation_glamira\maven\repo\org\freemarker\freemarker\2.3.30\freemarker-2.3.30.jar;C:\Users\hoailinh\Desktop\automation_glamira\maven\repo\io\qameta\allure\allure-rest-assured\2.13.5\allure-rest-assured-2.13.5.jar;C:\Users\hoailinh\Desktop\automation_glamira\maven\repo\io\qameta\allure\allure-attachments\2.13.5\allure-attachments-2.13.5.jar;C:\Users\hoailinh\Desktop\automation_glamira\maven\repo\io\qameta\allure\allure-java-commons\2.13.5\allure-java-commons-2.13.5.jar;C:\Users\hoailinh\Desktop\automation_glamira\maven\repo\io\qameta\allure\allure-model\2.13.5\allure-model-2.13.5.jar;C:\Users\hoailinh\Desktop\automation_glamira\maven\repo\org\apache\tika\tika-core\1.20\tika-core-1.20.jar;C:\Users\hoailinh\Desktop\automation_glamira\maven\repo\org\jooq\joor-java-8\0.9.10\joor-java-8-0.9.10.jar;C:\Users\hoailinh\Desktop\automation_glamira\maven\repo\io\rest-assured\rest-assured\4.0.0\rest-assured-4.0.0.jar;C:\Users\hoailinh\Desktop\automation_glamira\maven\repo\org\codehaus\groovy\groovy\2.5.6\groovy-2.5.6.jar;C:\Users\hoailinh\Desktop\automation_glamira\maven\repo\org\codehaus\groovy\groovy-xml\2.5.6\groovy-xml-2.5.6.jar;C:\Users\hoailinh\Desktop\automation_glamira\maven\repo\org\apache\httpcomponents\httpmime\4.5.3\httpmime-4.5.3.jar;C:\Users\hoailinh\Desktop\automation_glamira\maven\repo\org\hamcrest\hamcrest-library\2.1\hamcrest-library-2.1.jar;C:\Users\hoailinh\Desktop\automation_glamira\maven\repo\org\ccil\cowan\tagsoup\tagsoup\1.2.1\tagsoup-1.2.1.jar;C:\Users\hoailinh\Desktop\automation_glamira\maven\repo\io\rest-assured\json-path\4.0.0\json-path-4.0.0.jar;C:\Users\hoailinh\Desktop\automation_glamira\maven\repo\org\codehaus\groovy\groovy-json\2.5.6\groovy-json-2.5.6.jar;C:\Users\hoailinh\Desktop\automation_glamira\maven\repo\io\rest-assured\rest-assured-common\4.0.0\rest-assured-common-4.0.0.jar;C:\Users\hoailinh\Desktop\automation_glamira\maven\repo\io\rest-assured\xml-path\4.0.0\xml-path-4.0.0.jar;C:\Users\hoailinh\Desktop\automation_glamira\maven\repo\javax\xml\bind\jaxb-api\2.2.12\jaxb-api-2.2.12.jar;C:\Users\hoailinh\Desktop\automation_glamira\maven\repo\com\sun\xml\bind\jaxb-osgi\2.2.10\jaxb-osgi-2.2.10.jar;C:\Users\hoailinh\Desktop\automation_glamira\maven\repo\org\apache\sling\org.apache.sling.javax.activation\0.1.0\org.apache.sling.javax.activation-0.1.0.jar;C:\Users\hoailinh\Desktop\automation_glamira\maven\repo\javax\activation\activation\1.1.1\activation-1.1.1.jar;"/>
    <property name="java.vm.vendor" value="Oracle Corporation"/>
    <property name="sun.arch.data.model" value="64"/>
    <property name="user.variant" value=""/>
    <property name="java.vendor.url" value="https://java.oracle.com/"/>
    <property name="user.timezone" value="Asia/Saigon"/>
    <property name="os.name" value="Windows 10"/>
    <property name="java.vm.specification.version" value="19"/>
    <property name="sun.java.launcher" value="SUN_STANDARD"/>
    <property name="user.country" value="US"/>
    <property name="sun.boot.library.path" value="C:\Users\hoailinh\.jdks\openjdk-19.0.1\bin"/>
    <property name="sun.java.command" value="C:\Users\hoailinh\AppData\Local\Temp\surefire6993894728701030786\surefirebooter3546336042591766078.jar C:\Users\hoailinh\AppData\Local\Temp\surefire6993894728701030786 2022-11-03T09-46-42_993-jvmRun1 surefire3165078634549603259tmp surefire_08182702844900054213tmp"/>
    <property name="jdk.debug" value="release"/>
    <property name="surefire.test.class.path" value="C:\Users\hoailinh\Desktop\automation_glamira\target\test-classes;C:\Users\hoailinh\Desktop\automation_glamira\target\classes;C:\Users\hoailinh\Desktop\automation_glamira\maven\repo\io\appium\java-client\7.6.0\java-client-7.6.0.jar;C:\Users\hoailinh\Desktop\automation_glamira\maven\repo\org\seleniumhq\selenium\selenium-support\3.141.59\selenium-support-3.141.59.jar;C:\Users\hoailinh\Desktop\automation_glamira\maven\repo\org\seleniumhq\selenium\selenium-api\3.141.59\selenium-api-3.141.59.jar;C:\Users\hoailinh\Desktop\automation_glamira\maven\repo\org\apache\httpcomponents\httpclient\4.5.13\httpclient-4.5.13.jar;C:\Users\hoailinh\Desktop\automation_glamira\maven\repo\org\apache\httpcomponents\httpcore\4.4.13\httpcore-4.4.13.jar;C:\Users\hoailinh\Desktop\automation_glamira\maven\repo\commons-logging\commons-logging\1.2\commons-logging-1.2.jar;C:\Users\hoailinh\Desktop\automation_glamira\maven\repo\commons-codec\commons-codec\1.11\commons-codec-1.11.jar;C:\Users\hoailinh\Desktop\automation_glamira\maven\repo\cglib\cglib\3.3.0\cglib-3.3.0.jar;C:\Users\hoailinh\Desktop\automation_glamira\maven\repo\org\ow2\asm\asm\7.1\asm-7.1.jar;C:\Users\hoailinh\Desktop\automation_glamira\maven\repo\commons-validator\commons-validator\1.7\commons-validator-1.7.jar;C:\Users\hoailinh\Desktop\automation_glamira\maven\repo\commons-beanutils\commons-beanutils\1.9.4\commons-beanutils-1.9.4.jar;C:\Users\hoailinh\Desktop\automation_glamira\maven\repo\commons-digester\commons-digester\2.1\commons-digester-2.1.jar;C:\Users\hoailinh\Desktop\automation_glamira\maven\repo\commons-collections\commons-collections\3.2.2\commons-collections-3.2.2.jar;C:\Users\hoailinh\Desktop\automation_glamira\maven\repo\org\apache\commons\commons-lang3\3.12.0\commons-lang3-3.12.0.jar;C:\Users\hoailinh\Desktop\automation_glamira\maven\repo\commons-io\commons-io\2.11.0\commons-io-2.11.0.jar;C:\Users\hoailinh\Desktop\automation_glamira\maven\repo\org\springframework\spring-context\5.3.10\spring-context-5.3.10.jar;C:\Users\hoailinh\Desktop\automation_glamira\maven\repo\org\springframework\spring-aop\5.3.10\spring-aop-5.3.10.jar;C:\Users\hoailinh\Desktop\automation_glamira\maven\repo\org\springframework\spring-beans\5.3.10\spring-beans-5.3.10.jar;C:\Users\hoailinh\Desktop\automation_glamira\maven\repo\org\springframework\spring-core\5.3.10\spring-core-5.3.10.jar;C:\Users\hoailinh\Desktop\automation_glamira\maven\repo\org\springframework\spring-jcl\5.3.10\spring-jcl-5.3.10.jar;C:\Users\hoailinh\Desktop\automation_glamira\maven\repo\org\springframework\spring-expression\5.3.10\spring-expression-5.3.10.jar;C:\Users\hoailinh\Desktop\automation_glamira\maven\repo\org\aspectj\aspectjweaver\1.9.7\aspectjweaver-1.9.7.jar;C:\Users\hoailinh\Desktop\automation_glamira\maven\repo\org\seleniumhq\selenium\selenium-java\3.141.59\selenium-java-3.141.59.jar;C:\Users\hoailinh\Desktop\automation_glamira\maven\repo\org\seleniumhq\selenium\selenium-chrome-driver\3.141.59\selenium-chrome-driver-3.141.59.jar;C:\Users\hoailinh\Desktop\automation_glamira\maven\repo\org\seleniumhq\selenium\selenium-edge-driver\3.141.59\selenium-edge-driver-3.141.59.jar;C:\Users\hoailinh\Desktop\automation_glamira\maven\repo\org\seleniumhq\selenium\selenium-firefox-driver\3.141.59\selenium-firefox-driver-3.141.59.jar;C:\Users\hoailinh\Desktop\automation_glamira\maven\repo\org\seleniumhq\selenium\selenium-ie-driver\3.141.59\selenium-ie-driver-3.141.59.jar;C:\Users\hoailinh\Desktop\automation_glamira\maven\repo\org\seleniumhq\selenium\selenium-opera-driver\3.141.59\selenium-opera-driver-3.141.59.jar;C:\Users\hoailinh\Desktop\automation_glamira\maven\repo\org\seleniumhq\selenium\selenium-remote-driver\3.141.59\selenium-remote-driver-3.141.59.jar;C:\Users\hoailinh\Desktop\automation_glamira\maven\repo\org\seleniumhq\selenium\selenium-safari-driver\3.141.59\selenium-safari-driver-3.141.59.jar;C:\Users\hoailinh\Desktop\automation_glamira\maven\repo\net\bytebuddy\byte-buddy\1.8.15\byte-buddy-1.8.15.jar;C:\Users\hoailinh\Desktop\automation_glamira\maven\repo\org\apache\commons\commons-exec\1.3\commons-exec-1.3.jar;C:\Users\hoailinh\Desktop\automation_glamira\maven\repo\com\google\guava\guava\25.0-jre\guava-25.0-jre.jar;C:\Users\hoailinh\Desktop\automation_glamira\maven\repo\com\google\code\findbugs\jsr305\1.3.9\jsr305-1.3.9.jar;C:\Users\hoailinh\Desktop\automation_glamira\maven\repo\org\checkerframework\checker-compat-qual\2.0.0\checker-compat-qual-2.0.0.jar;C:\Users\hoailinh\Desktop\automation_glamira\maven\repo\com\google\errorprone\error_prone_annotations\2.1.3\error_prone_annotations-2.1.3.jar;C:\Users\hoailinh\Desktop\automation_glamira\maven\repo\com\google\j2objc\j2objc-annotations\1.1\j2objc-annotations-1.1.jar;C:\Users\hoailinh\Desktop\automation_glamira\maven\repo\org\codehaus\mojo\animal-sniffer-annotations\1.14\animal-sniffer-annotations-1.14.jar;C:\Users\hoailinh\Desktop\automation_glamira\maven\repo\com\squareup\okhttp3\okhttp\3.11.0\okhttp-3.11.0.jar;C:\Users\hoailinh\Desktop\automation_glamira\maven\repo\com\squareup\okio\okio\1.14.0\okio-1.14.0.jar;C:\Users\hoailinh\Desktop\automation_glamira\maven\repo\io\cucumber\cucumber-java\6.11.0\cucumber-java-6.11.0.jar;C:\Users\hoailinh\Desktop\automation_glamira\maven\repo\io\cucumber\cucumber-core\6.11.0\cucumber-core-6.11.0.jar;C:\Users\hoailinh\Desktop\automation_glamira\maven\repo\io\cucumber\cucumber-gherkin\6.11.0\cucumber-gherkin-6.11.0.jar;C:\Users\hoailinh\Desktop\automation_glamira\maven\repo\io\cucumber\cucumber-gherkin-messages\6.11.0\cucumber-gherkin-messages-6.11.0.jar;C:\Users\hoailinh\Desktop\automation_glamira\maven\repo\io\cucumber\messages\15.0.0\messages-15.0.0.jar;C:\Users\hoailinh\Desktop\automation_glamira\maven\repo\io\cucumber\tag-expressions\3.0.1\tag-expressions-3.0.1.jar;C:\Users\hoailinh\Desktop\automation_glamira\maven\repo\io\cucumber\cucumber-expressions\10.3.0\cucumber-expressions-10.3.0.jar;C:\Users\hoailinh\Desktop\automation_glamira\maven\repo\io\cucumber\datatable\3.5.0\datatable-3.5.0.jar;C:\Users\hoailinh\Desktop\automation_glamira\maven\repo\io\cucumber\cucumber-plugin\6.11.0\cucumber-plugin-6.11.0.jar;C:\Users\hoailinh\Desktop\automation_glamira\maven\repo\io\cucumber\docstring\6.11.0\docstring-6.11.0.jar;C:\Users\hoailinh\Desktop\automation_glamira\maven\repo\io\cucumber\html-formatter\13.0.0\html-formatter-13.0.0.jar;C:\Users\hoailinh\Desktop\automation_glamira\maven\repo\io\cucumber\create-meta\4.0.0\create-meta-4.0.0.jar;C:\Users\hoailinh\Desktop\automation_glamira\maven\repo\org\apiguardian\apiguardian-api\1.1.2\apiguardian-api-1.1.2.jar;C:\Users\hoailinh\Desktop\automation_glamira\maven\repo\io\cucumber\cucumber-testng\6.11.0\cucumber-testng-6.11.0.jar;C:\Users\hoailinh\Desktop\automation_glamira\maven\repo\org\testng\testng\7.4.0\testng-7.4.0.jar;C:\Users\hoailinh\Desktop\automation_glamira\maven\repo\com\beust\jcommander\1.78\jcommander-1.78.jar;C:\Users\hoailinh\Desktop\automation_glamira\maven\repo\org\webjars\jquery\3.5.1\jquery-3.5.1.jar;C:\Users\hoailinh\Desktop\automation_glamira\maven\repo\org\hamcrest\hamcrest-core\2.2\hamcrest-core-2.2.jar;C:\Users\hoailinh\Desktop\automation_glamira\maven\repo\org\hamcrest\hamcrest\2.2\hamcrest-2.2.jar;C:\Users\hoailinh\Desktop\automation_glamira\maven\repo\io\cucumber\cucumber-picocontainer\6.11.0\cucumber-picocontainer-6.11.0.jar;C:\Users\hoailinh\Desktop\automation_glamira\maven\repo\org\picocontainer\picocontainer\2.15\picocontainer-2.15.jar;C:\Users\hoailinh\Desktop\automation_glamira\maven\repo\org\projectlombok\lombok\1.18.24\lombok-1.18.24.jar;C:\Users\hoailinh\Desktop\automation_glamira\maven\repo\com\google\code\gson\gson\2.9.1\gson-2.9.1.jar;C:\Users\hoailinh\Desktop\automation_glamira\maven\repo\org\slf4j\slf4j-api\2.0.0\slf4j-api-2.0.0.jar;C:\Users\hoailinh\Desktop\automation_glamira\maven\repo\org\slf4j\slf4j-reload4j\2.0.0\slf4j-reload4j-2.0.0.jar;C:\Users\hoailinh\Desktop\automation_glamira\maven\repo\ch\qos\reload4j\reload4j\1.2.19\reload4j-1.2.19.jar;C:\Users\hoailinh\Desktop\automation_glamira\maven\repo\io\github\bonigarcia\webdrivermanager\5.0.1\webdrivermanager-5.0.1.jar;C:\Users\hoailinh\Desktop\automation_glamira\maven\repo\org\jsoup\jsoup\1.14.2\jsoup-1.14.2.jar;C:\Users\hoailinh\Desktop\automation_glamira\maven\repo\com\github\docker-java\docker-java\3.2.11\docker-java-3.2.11.jar;C:\Users\hoailinh\Desktop\automation_glamira\maven\repo\com\github\docker-java\docker-java-core\3.2.11\docker-java-core-3.2.11.jar;C:\Users\hoailinh\Desktop\automation_glamira\maven\repo\com\github\docker-java\docker-java-api\3.2.11\docker-java-api-3.2.11.jar;C:\Users\hoailinh\Desktop\automation_glamira\maven\repo\com\fasterxml\jackson\core\jackson-annotations\2.10.3\jackson-annotations-2.10.3.jar;C:\Users\hoailinh\Desktop\automation_glamira\maven\repo\org\apache\commons\commons-compress\1.20\commons-compress-1.20.jar;C:\Users\hoailinh\Desktop\automation_glamira\maven\repo\commons-lang\commons-lang\2.6\commons-lang-2.6.jar;C:\Users\hoailinh\Desktop\automation_glamira\maven\repo\com\fasterxml\jackson\core\jackson-databind\2.10.3\jackson-databind-2.10.3.jar;C:\Users\hoailinh\Desktop\automation_glamira\maven\repo\com\fasterxml\jackson\core\jackson-core\2.10.3\jackson-core-2.10.3.jar;C:\Users\hoailinh\Desktop\automation_glamira\maven\repo\org\bouncycastle\bcpkix-jdk15on\1.64\bcpkix-jdk15on-1.64.jar;C:\Users\hoailinh\Desktop\automation_glamira\maven\repo\org\bouncycastle\bcprov-jdk15on\1.64\bcprov-jdk15on-1.64.jar;C:\Users\hoailinh\Desktop\automation_glamira\maven\repo\org\slf4j\jcl-over-slf4j\1.7.30\jcl-over-slf4j-1.7.30.jar;C:\Users\hoailinh\Desktop\automation_glamira\maven\repo\com\github\docker-java\docker-java-transport-httpclient5\3.2.11\docker-java-transport-httpclient5-3.2.11.jar;C:\Users\hoailinh\Desktop\automation_glamira\maven\repo\com\github\docker-java\docker-java-transport\3.2.11\docker-java-transport-3.2.11.jar;C:\Users\hoailinh\Desktop\automation_glamira\maven\repo\org\apache\httpcomponents\client5\httpclient5\5.0.3\httpclient5-5.0.3.jar;C:\Users\hoailinh\Desktop\automation_glamira\maven\repo\org\apache\httpcomponents\core5\httpcore5\5.0.2\httpcore5-5.0.2.jar;C:\Users\hoailinh\Desktop\automation_glamira\maven\repo\net\java\dev\jna\jna\5.8.0\jna-5.8.0.jar;C:\Users\hoailinh\Desktop\automation_glamira\maven\repo\org\brotli\dec\0.1.2\dec-0.1.2.jar;C:\Users\hoailinh\Desktop\automation_glamira\maven\repo\com\aventstack\extentreports\5.0.9\extentreports-5.0.9.jar;C:\Users\hoailinh\Desktop\automation_glamira\maven\repo\io\reactivex\rxjava3\rxjava\3.0.4\rxjava-3.0.4.jar;C:\Users\hoailinh\Desktop\automation_glamira\maven\repo\org\reactivestreams\reactive-streams\1.0.3\reactive-streams-1.0.3.jar;C:\Users\hoailinh\Desktop\automation_glamira\maven\repo\org\freemarker\freemarker\2.3.30\freemarker-2.3.30.jar;C:\Users\hoailinh\Desktop\automation_glamira\maven\repo\io\qameta\allure\allure-rest-assured\2.13.5\allure-rest-assured-2.13.5.jar;C:\Users\hoailinh\Desktop\automation_glamira\maven\repo\io\qameta\allure\allure-attachments\2.13.5\allure-attachments-2.13.5.jar;C:\Users\hoailinh\Desktop\automation_glamira\maven\repo\io\qameta\allure\allure-java-commons\2.13.5\allure-java-commons-2.13.5.jar;C:\Users\hoailinh\Desktop\automation_glamira\maven\repo\io\qameta\allure\allure-model\2.13.5\allure-model-2.13.5.jar;C:\Users\hoailinh\Desktop\automation_glamira\maven\repo\org\apache\tika\tika-core\1.20\tika-core-1.20.jar;C:\Users\hoailinh\Desktop\automation_glamira\maven\repo\org\jooq\joor-java-8\0.9.10\joor-java-8-0.9.10.jar;C:\Users\hoailinh\Desktop\automation_glamira\maven\repo\io\rest-assured\rest-assured\4.0.0\rest-assured-4.0.0.jar;C:\Users\hoailinh\Desktop\automation_glamira\maven\repo\org\codehaus\groovy\groovy\2.5.6\groovy-2.5.6.jar;C:\Users\hoailinh\Desktop\automation_glamira\maven\repo\org\codehaus\groovy\groovy-xml\2.5.6\groovy-xml-2.5.6.jar;C:\Users\hoailinh\Desktop\automation_glamira\maven\repo\org\apache\httpcomponents\httpmime\4.5.3\httpmime-4.5.3.jar;C:\Users\hoailinh\Desktop\automation_glamira\maven\repo\org\hamcrest\hamcrest-library\2.1\hamcrest-library-2.1.jar;C:\Users\hoailinh\Desktop\automation_glamira\maven\repo\org\ccil\cowan\tagsoup\tagsoup\1.2.1\tagsoup-1.2.1.jar;C:\Users\hoailinh\Desktop\automation_glamira\maven\repo\io\rest-assured\json-path\4.0.0\json-path-4.0.0.jar;C:\Users\hoailinh\Desktop\automation_glamira\maven\repo\org\codehaus\groovy\groovy-json\2.5.6\groovy-json-2.5.6.jar;C:\Users\hoailinh\Desktop\automation_glamira\maven\repo\io\rest-assured\rest-assured-common\4.0.0\rest-assured-common-4.0.0.jar;C:\Users\hoailinh\Desktop\automation_glamira\maven\repo\io\rest-assured\xml-path\4.0.0\xml-path-4.0.0.jar;C:\Users\hoailinh\Desktop\automation_glamira\maven\repo\javax\xml\bind\jaxb-api\2.2.12\jaxb-api-2.2.12.jar;C:\Users\hoailinh\Desktop\automation_glamira\maven\repo\com\sun\xml\bind\jaxb-osgi\2.2.10\jaxb-osgi-2.2.10.jar;C:\Users\hoailinh\Desktop\automation_glamira\maven\repo\org\apache\sling\org.apache.sling.javax.activation\0.1.0\org.apache.sling.javax.activation-0.1.0.jar;C:\Users\hoailinh\Desktop\automation_glamira\maven\repo\javax\activation\activation\1.1.1\activation-1.1.1.jar;"/>
    <property name="sun.cpu.endian" value="little"/>
    <property name="user.home" value="C:\Users\hoailinh"/>
    <property name="user.language" value="en"/>
    <property name="java.specification.vendor" value="Oracle Corporation"/>
    <property name="java.version.date" value="2022-10-18"/>
    <property name="java.home" value="C:\Users\hoailinh\.jdks\openjdk-19.0.1"/>
    <property name="file.separator" value="\"/>
    <property name="basedir" value="C:\Users\hoailinh\Desktop\automation_glamira"/>
    <property name="java.vm.compressedOopsMode" value="Zero based"/>
    <property name="line.separator" value="&#10;"/>
    <property name="java.vm.specification.vendor" value="Oracle Corporation"/>
    <property name="java.specification.name" value="Java Platform API Specification"/>
    <property name="surefire.real.class.path" value="C:\Users\hoailinh\AppData\Local\Temp\surefire6993894728701030786\surefirebooter3546336042591766078.jar"/>
    <property name="user.script" value=""/>
    <property name="sun.management.compiler" value="HotSpot 64-Bit Tiered Compilers"/>
    <property name="java.runtime.version" value="19.0.1+10-21"/>
    <property name="user.name" value="hoailinh"/>
    <property name="stdout.encoding" value="Cp1252"/>
    <property name="path.separator" value=";"/>
    <property name="os.version" value="10.0"/>
    <property name="java.runtime.name" value="OpenJDK Runtime Environment"/>
    <property name="file.encoding" value="UTF-8"/>
    <property name="java.vm.name" value="OpenJDK 64-Bit Server VM"/>
    <property name="localRepository" value="C:\Users\hoailinh\Desktop\automation_glamira\maven\repo"/>
    <property name="java.vendor.url.bug" value="https://bugreport.java.com/bugreport/"/>
    <property name="java.io.tmpdir" value="C:\Users\hoailinh\AppData\Local\Temp\"/>
    <property name="idea.version" value="2022.2.3"/>
    <property name="java.version" value="19.0.1"/>
    <property name="user.dir" value="C:\Users\hoailinh\Desktop\automation_glamira"/>
    <property name="os.arch" value="amd64"/>
    <property name="java.vm.specification.name" value="Java Virtual Machine Specification"/>
    <property name="sun.os.patch.level" value=""/>
    <property name="native.encoding" value="Cp1252"/>
    <property name="java.library.path" value="C:\Users\hoailinh\.jdks\openjdk-19.0.1\bin;C:\Windows\Sun\Java\bin;C:\Windows\system32;C:\Windows;C:\Windows\system32;C:\Windows;C:\Windows\System32\Wbem;C:\Windows\System32\WindowsPowerShell\v1.0\;C:\Windows\System32\OpenSSH\;C:\Program Files\Git\cmd;C:\Program Files\allure-2.19.0\bin;C:\Users\hoailinh\AppData\Local\Microsoft\WindowsApps;C:\Users\hoailinh\AppData\Local\GitHubDesktop\bin;C:\Program Files\allure-2.19.0\bin;;."/>
    <property name="java.vm.info" value="mixed mode, sharing"/>
    <property name="stderr.encoding" value="Cp1252"/>
    <property name="java.vendor" value="Oracle Corporation"/>
    <property name="java.vm.version" value="19.0.1+10-21"/>
    <property name="sun.io.unicode.encoding" value="UnicodeLittle"/>
    <property name="java.class.version" value="63.0"/>
  </properties>
  <testcase name="testCase_SP_02" classname="test.checkout.ShoppingBagTest" time="42.561">
    <failure message="no such element: Unable to locate element: {&quot;method&quot;:&quot;xpath&quot;,&quot;selector&quot;:&quot;//button[@title=&apos;Add to shopping bag&apos;]&quot;}&#10;  (Session info: chrome=107.0.5304.88)&#10;For documentation on this error, please visit: https://www.seleniumhq.org/exceptions/no_such_element.html&#10;Build info: version: &apos;3.141.59&apos;, revision: &apos;e82be7d358&apos;, time: &apos;2018-11-14T08:17:03&apos;&#10;System info: host: &apos;DESKTOP-O2KESLT&apos;, ip: &apos;192.168.31.213&apos;, os.name: &apos;Windows 10&apos;, os.arch: &apos;amd64&apos;, os.version: &apos;10.0&apos;, java.version: &apos;19.0.1&apos;&#10;Driver info: org.openqa.selenium.chrome.ChromeDriver&#10;Capabilities {acceptInsecureCerts: false, browserName: chrome, browserVersion: 107.0.5304.88, chrome: {chromedriverVersion: 107.0.5304.62 (1eec40d3a576..., userDataDir: C:\Users\hoailinh\AppData\L...}, goog:chromeOptions: {debuggerAddress: localhost:52005}, javascriptEnabled: true, networkConnectionEnabled: false, pageLoadStrategy: normal, platform: WINDOWS, platformName: WINDOWS, proxy: Proxy(), setWindowRect: true, strictFileInteractability: false, timeouts: {implicit: 0, pageLoad: 300000, script: 30000}, unhandledPromptBehavior: dismiss and notify, webauthn:extension:credBlob: true, webauthn:extension:largeBlob: true, webauthn:virtualAuthenticators: true}&#10;Session ID: c3b51be6b87a35631dd0a3c8688e7cf7&#10;*** Element info: {Using=xpath, value=//button[@title=&apos;Add to shopping bag&apos;]}" type="org.openqa.selenium.NoSuchElementException"><![CDATA[org.openqa.selenium.NoSuchElementException: 
no such element: Unable to locate element: {"method":"xpath","selector":"//button[@title='Add to shopping bag']"}
  (Session info: chrome=107.0.5304.88)
For documentation on this error, please visit: https://www.seleniumhq.org/exceptions/no_such_element.html
Build info: version: '3.141.59', revision: 'e82be7d358', time: '2018-11-14T08:17:03'
System info: host: 'DESKTOP-O2KESLT', ip: '192.168.31.213', os.name: 'Windows 10', os.arch: 'amd64', os.version: '10.0', java.version: '19.0.1'
Driver info: org.openqa.selenium.chrome.ChromeDriver
Capabilities {acceptInsecureCerts: false, browserName: chrome, browserVersion: 107.0.5304.88, chrome: {chromedriverVersion: 107.0.5304.62 (1eec40d3a576..., userDataDir: C:\Users\hoailinh\AppData\L...}, goog:chromeOptions: {debuggerAddress: localhost:52005}, javascriptEnabled: true, networkConnectionEnabled: false, pageLoadStrategy: normal, platform: WINDOWS, platformName: WINDOWS, proxy: Proxy(), setWindowRect: true, strictFileInteractability: false, timeouts: {implicit: 0, pageLoad: 300000, script: 30000}, unhandledPromptBehavior: dismiss and notify, webauthn:extension:credBlob: true, webauthn:extension:largeBlob: true, webauthn:virtualAuthenticators: true}
Session ID: c3b51be6b87a35631dd0a3c8688e7cf7
*** Element info: {Using=xpath, value=//button[@title='Add to shopping bag']}
	at test.checkout.ShoppingBagTest.testCase_SP_02(ShoppingBagTest.java:49)
]]></failure>
    <system-out><![CDATA[INFO  | 2022-11-03 09:46:57 | [main] openBrowser core.KeywordWeb (KeywordWeb.java:34) - Open browser
DEBUG | 2022-11-03 09:46:57 | [main] checkKeyInResolutionCache cache.ResolutionCache (ResolutionCache.java:193) - Resolution chrome=107 in cache (valid until 20:01:09 02/11/2022 PDT)
DEBUG | 2022-11-03 09:46:57 | [main] checkKeyInResolutionCache cache.ResolutionCache (ResolutionCache.java:193) - Resolution chrome107=107.0.5304.62 in cache (valid until 19:01:09 03/11/2022 PDT)
INFO  | 2022-11-03 09:46:57 | [main] resolveDriverVersion wdm.WebDriverManager (WebDriverManager.java:958) - Using chromedriver 107.0.5304.62 (resolved driver for Chrome 107)
DEBUG | 2022-11-03 09:46:57 | [main] manage wdm.WebDriverManager (WebDriverManager.java:914) - Driver chromedriver 107.0.5304.62 found in cache
INFO  | 2022-11-03 09:46:57 | [main] exportDriver wdm.WebDriverManager (WebDriverManager.java:1013) - Exporting webdriver.chrome.driver as C:\Users\hoailinh\.cache\selenium\chromedriver\win32\107.0.5304.62\chromedriver.exe
INFO  | 2022-11-03 09:46:58 | [main] openBrowser core.KeywordWeb (KeywordWeb.java:49) - open browser successfullyCHROME
INFO  | 2022-11-03 09:46:58 | [main] openBrowser core.KeywordWeb (KeywordWeb.java:52) - go to url: https://dev3.glamira.com/glgb/
INFO  | 2022-11-03 09:46:58 | [main] openBrowser core.KeywordWeb (KeywordWeb.java:53) - url: [Ljava.lang.String;@36dfbdaf
INFO  | 2022-11-03 09:46:59 | [main] maximizeWindow core.KeywordWeb (KeywordWeb.java:120) - Maximizing browser window...
INFO  | 2022-11-03 09:46:59 | [main] testCase_SP_02 checkout.ShoppingBagTest (ShoppingBagTest.java:46) - testCase_SP_02
INFO  | 2022-11-03 09:46:59 | [main] handleLoginPopup core.KeywordWeb (KeywordWeb.java:157) - login by authen link withtest !test123!
INFO  | 2022-11-03 09:47:13 | [main] click core.KeywordWeb (KeywordWeb.java:64) - click//button[@class='amgdprcookie-button -allow']
INFO  | 2022-11-03 09:47:15 | [main] scrollToPosition core.KeywordWeb (KeywordWeb.java:236) -  scrolling to position 
INFO  | 2022-11-03 09:47:26 | [main] click core.KeywordWeb (KeywordWeb.java:64) - click//a[@class='btn-stay-here geoip-close']
INFO  | 2022-11-03 09:47:27 | [main] click core.KeywordWeb (KeywordWeb.java:64) - click//a[@title='Log In/Sign Up']
INFO  | 2022-11-03 09:47:27 | [main] webDriverWaitForElementPresent core.KeywordWeb (KeywordWeb.java:288) - webDriverWaitForElementPresent
INFO  | 2022-11-03 09:47:30 | [main] sendKeys core.KeywordWeb (KeywordWeb.java:77) - send keys//input[@id ='login-email']
INFO  | 2022-11-03 09:47:32 | [main] sendKeys core.KeywordWeb (KeywordWeb.java:77) - send keys//input[@id ='login-password']
INFO  | 2022-11-03 09:47:34 | [main] click core.KeywordWeb (KeywordWeb.java:64) - click//span[text()='Log In']
INFO  | 2022-11-03 09:47:39 | [main] navigateToUrl core.KeywordWeb (KeywordWeb.java:129) - Navigating to URL...https://dev3.glamira.com/glgb/mens-ring-smart-queen-skup7013.html?alloy=white-375&utm_widget=recommendation
INFO  | 2022-11-03 09:47:42 | [main] scrollDownToElement core.KeywordWeb (KeywordWeb.java:228) - scrollDown to //button[@title='Add to shopping bag']
]]></system-out>
    <system-err><![CDATA[Starting ChromeDriver 107.0.5304.62 (1eec40d3a5764881c92085aaee66d25075c159aa-refs/branch-heads/5304@{#942}) on port 3856
Only local connections are allowed.
Please see https://chromedriver.chromium.org/security-considerations for suggestions on keeping ChromeDriver safe.
ChromeDriver was started successfully.
Nov 03, 2022 9:46:58 AM org.openqa.selenium.remote.ProtocolHandshake createSession
INFO: Detected dialect: W3C
]]></system-err>
  </testcase>
  <testcase name="testCase_SP_03" classname="test.checkout.ShoppingBagTest" time="5.846">
    <failure message="no such element: Unable to locate element: {&quot;method&quot;:&quot;xpath&quot;,&quot;selector&quot;:&quot;//button[@title=&apos;Add to shopping bag&apos;]&quot;}&#10;  (Session info: chrome=107.0.5304.88)&#10;For documentation on this error, please visit: https://www.seleniumhq.org/exceptions/no_such_element.html&#10;Build info: version: &apos;3.141.59&apos;, revision: &apos;e82be7d358&apos;, time: &apos;2018-11-14T08:17:03&apos;&#10;System info: host: &apos;DESKTOP-O2KESLT&apos;, ip: &apos;192.168.31.213&apos;, os.name: &apos;Windows 10&apos;, os.arch: &apos;amd64&apos;, os.version: &apos;10.0&apos;, java.version: &apos;19.0.1&apos;&#10;Driver info: org.openqa.selenium.chrome.ChromeDriver&#10;Capabilities {acceptInsecureCerts: false, browserName: chrome, browserVersion: 107.0.5304.88, chrome: {chromedriverVersion: 107.0.5304.62 (1eec40d3a576..., userDataDir: C:\Users\hoailinh\AppData\L...}, goog:chromeOptions: {debuggerAddress: localhost:52005}, javascriptEnabled: true, networkConnectionEnabled: false, pageLoadStrategy: normal, platform: WINDOWS, platformName: WINDOWS, proxy: Proxy(), setWindowRect: true, strictFileInteractability: false, timeouts: {implicit: 0, pageLoad: 300000, script: 30000}, unhandledPromptBehavior: dismiss and notify, webauthn:extension:credBlob: true, webauthn:extension:largeBlob: true, webauthn:virtualAuthenticators: true}&#10;Session ID: c3b51be6b87a35631dd0a3c8688e7cf7&#10;*** Element info: {Using=xpath, value=//button[@title=&apos;Add to shopping bag&apos;]}" type="org.openqa.selenium.NoSuchElementException"><![CDATA[org.openqa.selenium.NoSuchElementException: 
no such element: Unable to locate element: {"method":"xpath","selector":"//button[@title='Add to shopping bag']"}
  (Session info: chrome=107.0.5304.88)
For documentation on this error, please visit: https://www.seleniumhq.org/exceptions/no_such_element.html
Build info: version: '3.141.59', revision: 'e82be7d358', time: '2018-11-14T08:17:03'
System info: host: 'DESKTOP-O2KESLT', ip: '192.168.31.213', os.name: 'Windows 10', os.arch: 'amd64', os.version: '10.0', java.version: '19.0.1'
Driver info: org.openqa.selenium.chrome.ChromeDriver
Capabilities {acceptInsecureCerts: false, browserName: chrome, browserVersion: 107.0.5304.88, chrome: {chromedriverVersion: 107.0.5304.62 (1eec40d3a576..., userDataDir: C:\Users\hoailinh\AppData\L...}, goog:chromeOptions: {debuggerAddress: localhost:52005}, javascriptEnabled: true, networkConnectionEnabled: false, pageLoadStrategy: normal, platform: WINDOWS, platformName: WINDOWS, proxy: Proxy(), setWindowRect: true, strictFileInteractability: false, timeouts: {implicit: 0, pageLoad: 300000, script: 30000}, unhandledPromptBehavior: dismiss and notify, webauthn:extension:credBlob: true, webauthn:extension:largeBlob: true, webauthn:virtualAuthenticators: true}
Session ID: c3b51be6b87a35631dd0a3c8688e7cf7
*** Element info: {Using=xpath, value=//button[@title='Add to shopping bag']}
	at test.checkout.ShoppingBagTest.testCase_SP_03(ShoppingBagTest.java:58)
]]></failure>
    <system-out><![CDATA[Taked screenshot: testCase_SP_02
INFO  | 2022-11-03 09:47:42 | [main] testCase_SP_03 checkout.ShoppingBagTest (ShoppingBagTest.java:56) - testCase_SP_03
INFO  | 2022-11-03 09:47:47 | [main] navigateToUrl core.KeywordWeb (KeywordWeb.java:129) - Navigating to URL...https://dev3.glamira.com/glgb/smart-ornament-skub7047.html?alloy=white-platin
INFO  | 2022-11-03 09:47:48 | [main] scrollDownToElement core.KeywordWeb (KeywordWeb.java:228) - scrollDown to //button[@title='Add to shopping bag']
]]></system-out>
  </testcase>
  <testcase name="testCase_SP_15" classname="test.checkout.ShoppingBagTest" time="10.507">
    <failure message="element not interactable&#10;  (Session info: chrome=107.0.5304.88)&#10;Build info: version: &apos;3.141.59&apos;, revision: &apos;e82be7d358&apos;, time: &apos;2018-11-14T08:17:03&apos;&#10;System info: host: &apos;DESKTOP-O2KESLT&apos;, ip: &apos;192.168.31.213&apos;, os.name: &apos;Windows 10&apos;, os.arch: &apos;amd64&apos;, os.version: &apos;10.0&apos;, java.version: &apos;19.0.1&apos;&#10;Driver info: org.openqa.selenium.chrome.ChromeDriver&#10;Capabilities {acceptInsecureCerts: false, browserName: chrome, browserVersion: 107.0.5304.88, chrome: {chromedriverVersion: 107.0.5304.62 (1eec40d3a576..., userDataDir: C:\Users\hoailinh\AppData\L...}, goog:chromeOptions: {debuggerAddress: localhost:52005}, javascriptEnabled: true, networkConnectionEnabled: false, pageLoadStrategy: normal, platform: WINDOWS, platformName: WINDOWS, proxy: Proxy(), setWindowRect: true, strictFileInteractability: false, timeouts: {implicit: 0, pageLoad: 300000, script: 30000}, unhandledPromptBehavior: dismiss and notify, webauthn:extension:credBlob: true, webauthn:extension:largeBlob: true, webauthn:virtualAuthenticators: true}&#10;Session ID: c3b51be6b87a35631dd0a3c8688e7cf7" type="org.openqa.selenium.ElementNotInteractableException"><![CDATA[org.openqa.selenium.ElementNotInteractableException: 
element not interactable
  (Session info: chrome=107.0.5304.88)
Build info: version: '3.141.59', revision: 'e82be7d358', time: '2018-11-14T08:17:03'
System info: host: 'DESKTOP-O2KESLT', ip: '192.168.31.213', os.name: 'Windows 10', os.arch: 'amd64', os.version: '10.0', java.version: '19.0.1'
Driver info: org.openqa.selenium.chrome.ChromeDriver
Capabilities {acceptInsecureCerts: false, browserName: chrome, browserVersion: 107.0.5304.88, chrome: {chromedriverVersion: 107.0.5304.62 (1eec40d3a576..., userDataDir: C:\Users\hoailinh\AppData\L...}, goog:chromeOptions: {debuggerAddress: localhost:52005}, javascriptEnabled: true, networkConnectionEnabled: false, pageLoadStrategy: normal, platform: WINDOWS, platformName: WINDOWS, proxy: Proxy(), setWindowRect: true, strictFileInteractability: false, timeouts: {implicit: 0, pageLoad: 300000, script: 30000}, unhandledPromptBehavior: dismiss and notify, webauthn:extension:credBlob: true, webauthn:extension:largeBlob: true, webauthn:virtualAuthenticators: true}
Session ID: c3b51be6b87a35631dd0a3c8688e7cf7
	at test.checkout.ShoppingBagTest.commonShopping(ShoppingBagTest.java:28)
	at test.checkout.ShoppingBagTest.testCase_SP_15(ShoppingBagTest.java:90)
]]></failure>
    <system-out><![CDATA[Taked screenshot: testCase_SP_03
INFO  | 2022-11-03 09:47:48 | [main] testCase_SP_15 checkout.ShoppingBagTest (ShoppingBagTest.java:89) - testCase_SP_15
INFO  | 2022-11-03 09:47:48 | [main] handleLoginPopup core.KeywordWeb (KeywordWeb.java:157) - login by authen link withtest !test123!
INFO  | 2022-11-03 09:47:59 | [main] click core.KeywordWeb (KeywordWeb.java:64) - click//button[@class='amgdprcookie-button -allow']
]]></system-out>
  </testcase>
  <testcase name="testCase_SP_01" classname="test.checkout.ShoppingBagTest" time="10.7">
    <failure message="element not interactable&#10;  (Session info: chrome=107.0.5304.88)&#10;Build info: version: &apos;3.141.59&apos;, revision: &apos;e82be7d358&apos;, time: &apos;2018-11-14T08:17:03&apos;&#10;System info: host: &apos;DESKTOP-O2KESLT&apos;, ip: &apos;192.168.31.213&apos;, os.name: &apos;Windows 10&apos;, os.arch: &apos;amd64&apos;, os.version: &apos;10.0&apos;, java.version: &apos;19.0.1&apos;&#10;Driver info: org.openqa.selenium.chrome.ChromeDriver&#10;Capabilities {acceptInsecureCerts: false, browserName: chrome, browserVersion: 107.0.5304.88, chrome: {chromedriverVersion: 107.0.5304.62 (1eec40d3a576..., userDataDir: C:\Users\hoailinh\AppData\L...}, goog:chromeOptions: {debuggerAddress: localhost:52005}, javascriptEnabled: true, networkConnectionEnabled: false, pageLoadStrategy: normal, platform: WINDOWS, platformName: WINDOWS, proxy: Proxy(), setWindowRect: true, strictFileInteractability: false, timeouts: {implicit: 0, pageLoad: 300000, script: 30000}, unhandledPromptBehavior: dismiss and notify, webauthn:extension:credBlob: true, webauthn:extension:largeBlob: true, webauthn:virtualAuthenticators: true}&#10;Session ID: c3b51be6b87a35631dd0a3c8688e7cf7" type="org.openqa.selenium.ElementNotInteractableException"><![CDATA[org.openqa.selenium.ElementNotInteractableException: 
element not interactable
  (Session info: chrome=107.0.5304.88)
Build info: version: '3.141.59', revision: 'e82be7d358', time: '2018-11-14T08:17:03'
System info: host: 'DESKTOP-O2KESLT', ip: '192.168.31.213', os.name: 'Windows 10', os.arch: 'amd64', os.version: '10.0', java.version: '19.0.1'
Driver info: org.openqa.selenium.chrome.ChromeDriver
Capabilities {acceptInsecureCerts: false, browserName: chrome, browserVersion: 107.0.5304.88, chrome: {chromedriverVersion: 107.0.5304.62 (1eec40d3a576..., userDataDir: C:\Users\hoailinh\AppData\L...}, goog:chromeOptions: {debuggerAddress: localhost:52005}, javascriptEnabled: true, networkConnectionEnabled: false, pageLoadStrategy: normal, platform: WINDOWS, platformName: WINDOWS, proxy: Proxy(), setWindowRect: true, strictFileInteractability: false, timeouts: {implicit: 0, pageLoad: 300000, script: 30000}, unhandledPromptBehavior: dismiss and notify, webauthn:extension:credBlob: true, webauthn:extension:largeBlob: true, webauthn:virtualAuthenticators: true}
Session ID: c3b51be6b87a35631dd0a3c8688e7cf7
	at test.checkout.ShoppingBagTest.commonShopping(ShoppingBagTest.java:28)
	at test.checkout.ShoppingBagTest.testCase_SP_01(ShoppingBagTest.java:36)
]]></failure>
    <system-out><![CDATA[Taked screenshot: testCase_SP_15
INFO  | 2022-11-03 09:48:00 | [main] testCase_SP_01 checkout.ShoppingBagTest (ShoppingBagTest.java:35) - testCase_SP_01
INFO  | 2022-11-03 09:48:00 | [main] handleLoginPopup core.KeywordWeb (KeywordWeb.java:157) - login by authen link withtest !test123!
INFO  | 2022-11-03 09:48:11 | [main] click core.KeywordWeb (KeywordWeb.java:64) - click//button[@class='amgdprcookie-button -allow']
]]></system-out>
  </testcase>
  <testcase name="testCase_SP_04" classname="test.checkout.ShoppingBagTest" time="5.837">
    <failure message="no such element: Unable to locate element: {&quot;method&quot;:&quot;xpath&quot;,&quot;selector&quot;:&quot;//button[@title=&apos;Add to shopping bag&apos;]&quot;}&#10;  (Session info: chrome=107.0.5304.88)&#10;For documentation on this error, please visit: https://www.seleniumhq.org/exceptions/no_such_element.html&#10;Build info: version: &apos;3.141.59&apos;, revision: &apos;e82be7d358&apos;, time: &apos;2018-11-14T08:17:03&apos;&#10;System info: host: &apos;DESKTOP-O2KESLT&apos;, ip: &apos;192.168.31.213&apos;, os.name: &apos;Windows 10&apos;, os.arch: &apos;amd64&apos;, os.version: &apos;10.0&apos;, java.version: &apos;19.0.1&apos;&#10;Driver info: org.openqa.selenium.chrome.ChromeDriver&#10;Capabilities {acceptInsecureCerts: false, browserName: chrome, browserVersion: 107.0.5304.88, chrome: {chromedriverVersion: 107.0.5304.62 (1eec40d3a576..., userDataDir: C:\Users\hoailinh\AppData\L...}, goog:chromeOptions: {debuggerAddress: localhost:52005}, javascriptEnabled: true, networkConnectionEnabled: false, pageLoadStrategy: normal, platform: WINDOWS, platformName: WINDOWS, proxy: Proxy(), setWindowRect: true, strictFileInteractability: false, timeouts: {implicit: 0, pageLoad: 300000, script: 30000}, unhandledPromptBehavior: dismiss and notify, webauthn:extension:credBlob: true, webauthn:extension:largeBlob: true, webauthn:virtualAuthenticators: true}&#10;Session ID: c3b51be6b87a35631dd0a3c8688e7cf7&#10;*** Element info: {Using=xpath, value=//button[@title=&apos;Add to shopping bag&apos;]}" type="org.openqa.selenium.NoSuchElementException"><![CDATA[org.openqa.selenium.NoSuchElementException: 
no such element: Unable to locate element: {"method":"xpath","selector":"//button[@title='Add to shopping bag']"}
  (Session info: chrome=107.0.5304.88)
For documentation on this error, please visit: https://www.seleniumhq.org/exceptions/no_such_element.html
Build info: version: '3.141.59', revision: 'e82be7d358', time: '2018-11-14T08:17:03'
System info: host: 'DESKTOP-O2KESLT', ip: '192.168.31.213', os.name: 'Windows 10', os.arch: 'amd64', os.version: '10.0', java.version: '19.0.1'
Driver info: org.openqa.selenium.chrome.ChromeDriver
Capabilities {acceptInsecureCerts: false, browserName: chrome, browserVersion: 107.0.5304.88, chrome: {chromedriverVersion: 107.0.5304.62 (1eec40d3a576..., userDataDir: C:\Users\hoailinh\AppData\L...}, goog:chromeOptions: {debuggerAddress: localhost:52005}, javascriptEnabled: true, networkConnectionEnabled: false, pageLoadStrategy: normal, platform: WINDOWS, platformName: WINDOWS, proxy: Proxy(), setWindowRect: true, strictFileInteractability: false, timeouts: {implicit: 0, pageLoad: 300000, script: 30000}, unhandledPromptBehavior: dismiss and notify, webauthn:extension:credBlob: true, webauthn:extension:largeBlob: true, webauthn:virtualAuthenticators: true}
Session ID: c3b51be6b87a35631dd0a3c8688e7cf7
*** Element info: {Using=xpath, value=//button[@title='Add to shopping bag']}
	at test.checkout.ShoppingBagTest.testCase_SP_04(ShoppingBagTest.java:69)
]]></failure>
    <system-out><![CDATA[Taked screenshot: testCase_SP_01
INFO  | 2022-11-03 09:48:12 | [main] testCase_SP_04 checkout.ShoppingBagTest (ShoppingBagTest.java:67) - testCase_SP_04
INFO  | 2022-11-03 09:48:17 | [main] navigateToUrl core.KeywordWeb (KeywordWeb.java:129) - Navigating to URL...https://dev3.glamira.com/glgb/mens-ring-smart-queen-skup7013.html?alloy=white-375&utm_widget=recommendation
INFO  | 2022-11-03 09:48:17 | [main] scrollDownToElement core.KeywordWeb (KeywordWeb.java:228) - scrollDown to //button[@title='Add to shopping bag']
]]></system-out>
  </testcase>
  <testcase name="testCase_SP_05" classname="test.checkout.ShoppingBagTest" time="11.116">
    <failure message="element not interactable&#10;  (Session info: chrome=107.0.5304.88)&#10;Build info: version: &apos;3.141.59&apos;, revision: &apos;e82be7d358&apos;, time: &apos;2018-11-14T08:17:03&apos;&#10;System info: host: &apos;DESKTOP-O2KESLT&apos;, ip: &apos;192.168.31.213&apos;, os.name: &apos;Windows 10&apos;, os.arch: &apos;amd64&apos;, os.version: &apos;10.0&apos;, java.version: &apos;19.0.1&apos;&#10;Driver info: org.openqa.selenium.chrome.ChromeDriver&#10;Capabilities {acceptInsecureCerts: false, browserName: chrome, browserVersion: 107.0.5304.88, chrome: {chromedriverVersion: 107.0.5304.62 (1eec40d3a576..., userDataDir: C:\Users\hoailinh\AppData\L...}, goog:chromeOptions: {debuggerAddress: localhost:52005}, javascriptEnabled: true, networkConnectionEnabled: false, pageLoadStrategy: normal, platform: WINDOWS, platformName: WINDOWS, proxy: Proxy(), setWindowRect: true, strictFileInteractability: false, timeouts: {implicit: 0, pageLoad: 300000, script: 30000}, unhandledPromptBehavior: dismiss and notify, webauthn:extension:credBlob: true, webauthn:extension:largeBlob: true, webauthn:virtualAuthenticators: true}&#10;Session ID: c3b51be6b87a35631dd0a3c8688e7cf7" type="org.openqa.selenium.ElementNotInteractableException"><![CDATA[org.openqa.selenium.ElementNotInteractableException: 
element not interactable
  (Session info: chrome=107.0.5304.88)
Build info: version: '3.141.59', revision: 'e82be7d358', time: '2018-11-14T08:17:03'
System info: host: 'DESKTOP-O2KESLT', ip: '192.168.31.213', os.name: 'Windows 10', os.arch: 'amd64', os.version: '10.0', java.version: '19.0.1'
Driver info: org.openqa.selenium.chrome.ChromeDriver
Capabilities {acceptInsecureCerts: false, browserName: chrome, browserVersion: 107.0.5304.88, chrome: {chromedriverVersion: 107.0.5304.62 (1eec40d3a576..., userDataDir: C:\Users\hoailinh\AppData\L...}, goog:chromeOptions: {debuggerAddress: localhost:52005}, javascriptEnabled: true, networkConnectionEnabled: false, pageLoadStrategy: normal, platform: WINDOWS, platformName: WINDOWS, proxy: Proxy(), setWindowRect: true, strictFileInteractability: false, timeouts: {implicit: 0, pageLoad: 300000, script: 30000}, unhandledPromptBehavior: dismiss and notify, webauthn:extension:credBlob: true, webauthn:extension:largeBlob: true, webauthn:virtualAuthenticators: true}
Session ID: c3b51be6b87a35631dd0a3c8688e7cf7
	at test.checkout.ShoppingBagTest.commonShopping(ShoppingBagTest.java:28)
	at test.checkout.ShoppingBagTest.testCase_SP_05(ShoppingBagTest.java:78)
]]></failure>
    <system-out><![CDATA[Taked screenshot: testCase_SP_04
INFO  | 2022-11-03 09:48:18 | [main] testCase_SP_05 checkout.ShoppingBagTest (ShoppingBagTest.java:77) - testCase_SP_05
INFO  | 2022-11-03 09:48:18 | [main] handleLoginPopup core.KeywordWeb (KeywordWeb.java:157) - login by authen link withtest !test123!
INFO  | 2022-11-03 09:48:29 | [main] click core.KeywordWeb (KeywordWeb.java:64) - click//button[@class='amgdprcookie-button -allow']
]]></system-out>
  </testcase>
  <testcase name="testCase_SP_16" classname="test.checkout.ShoppingBagTest" time="10.141">
    <failure message="element not interactable&#10;  (Session info: chrome=107.0.5304.88)&#10;Build info: version: &apos;3.141.59&apos;, revision: &apos;e82be7d358&apos;, time: &apos;2018-11-14T08:17:03&apos;&#10;System info: host: &apos;DESKTOP-O2KESLT&apos;, ip: &apos;192.168.31.213&apos;, os.name: &apos;Windows 10&apos;, os.arch: &apos;amd64&apos;, os.version: &apos;10.0&apos;, java.version: &apos;19.0.1&apos;&#10;Driver info: org.openqa.selenium.chrome.ChromeDriver&#10;Capabilities {acceptInsecureCerts: false, browserName: chrome, browserVersion: 107.0.5304.88, chrome: {chromedriverVersion: 107.0.5304.62 (1eec40d3a576..., userDataDir: C:\Users\hoailinh\AppData\L...}, goog:chromeOptions: {debuggerAddress: localhost:52005}, javascriptEnabled: true, networkConnectionEnabled: false, pageLoadStrategy: normal, platform: WINDOWS, platformName: WINDOWS, proxy: Proxy(), setWindowRect: true, strictFileInteractability: false, timeouts: {implicit: 0, pageLoad: 300000, script: 30000}, unhandledPromptBehavior: dismiss and notify, webauthn:extension:credBlob: true, webauthn:extension:largeBlob: true, webauthn:virtualAuthenticators: true}&#10;Session ID: c3b51be6b87a35631dd0a3c8688e7cf7" type="org.openqa.selenium.ElementNotInteractableException"><![CDATA[org.openqa.selenium.ElementNotInteractableException: 
element not interactable
  (Session info: chrome=107.0.5304.88)
Build info: version: '3.141.59', revision: 'e82be7d358', time: '2018-11-14T08:17:03'
System info: host: 'DESKTOP-O2KESLT', ip: '192.168.31.213', os.name: 'Windows 10', os.arch: 'amd64', os.version: '10.0', java.version: '19.0.1'
Driver info: org.openqa.selenium.chrome.ChromeDriver
Capabilities {acceptInsecureCerts: false, browserName: chrome, browserVersion: 107.0.5304.88, chrome: {chromedriverVersion: 107.0.5304.62 (1eec40d3a576..., userDataDir: C:\Users\hoailinh\AppData\L...}, goog:chromeOptions: {debuggerAddress: localhost:52005}, javascriptEnabled: true, networkConnectionEnabled: false, pageLoadStrategy: normal, platform: WINDOWS, platformName: WINDOWS, proxy: Proxy(), setWindowRect: true, strictFileInteractability: false, timeouts: {implicit: 0, pageLoad: 300000, script: 30000}, unhandledPromptBehavior: dismiss and notify, webauthn:extension:credBlob: true, webauthn:extension:largeBlob: true, webauthn:virtualAuthenticators: true}
Session ID: c3b51be6b87a35631dd0a3c8688e7cf7
	at test.checkout.ShoppingBagTest.commonShopping(ShoppingBagTest.java:28)
	at test.checkout.ShoppingBagTest.testCase_SP_16(ShoppingBagTest.java:112)
]]></failure>
    <system-out><![CDATA[Taked screenshot: testCase_SP_05
INFO  | 2022-11-03 09:48:30 | [main] testCase_SP_16 checkout.ShoppingBagTest (ShoppingBagTest.java:111) - testCase_SP_16
INFO  | 2022-11-03 09:48:30 | [main] handleLoginPopup core.KeywordWeb (KeywordWeb.java:157) - login by authen link withtest !test123!
INFO  | 2022-11-03 09:48:40 | [main] click core.KeywordWeb (KeywordWeb.java:64) - click//button[@class='amgdprcookie-button -allow']
]]></system-out>
  </testcase>
  <testcase name="testCase_SP_17" classname="test.checkout.ShoppingBagTest" time="12.312">
    <failure message="element not interactable&#10;  (Session info: chrome=107.0.5304.88)&#10;Build info: version: &apos;3.141.59&apos;, revision: &apos;e82be7d358&apos;, time: &apos;2018-11-14T08:17:03&apos;&#10;System info: host: &apos;DESKTOP-O2KESLT&apos;, ip: &apos;192.168.31.213&apos;, os.name: &apos;Windows 10&apos;, os.arch: &apos;amd64&apos;, os.version: &apos;10.0&apos;, java.version: &apos;19.0.1&apos;&#10;Driver info: org.openqa.selenium.chrome.ChromeDriver&#10;Capabilities {acceptInsecureCerts: false, browserName: chrome, browserVersion: 107.0.5304.88, chrome: {chromedriverVersion: 107.0.5304.62 (1eec40d3a576..., userDataDir: C:\Users\hoailinh\AppData\L...}, goog:chromeOptions: {debuggerAddress: localhost:52005}, javascriptEnabled: true, networkConnectionEnabled: false, pageLoadStrategy: normal, platform: WINDOWS, platformName: WINDOWS, proxy: Proxy(), setWindowRect: true, strictFileInteractability: false, timeouts: {implicit: 0, pageLoad: 300000, script: 30000}, unhandledPromptBehavior: dismiss and notify, webauthn:extension:credBlob: true, webauthn:extension:largeBlob: true, webauthn:virtualAuthenticators: true}&#10;Session ID: c3b51be6b87a35631dd0a3c8688e7cf7" type="org.openqa.selenium.ElementNotInteractableException"><![CDATA[org.openqa.selenium.ElementNotInteractableException: 
element not interactable
  (Session info: chrome=107.0.5304.88)
Build info: version: '3.141.59', revision: 'e82be7d358', time: '2018-11-14T08:17:03'
System info: host: 'DESKTOP-O2KESLT', ip: '192.168.31.213', os.name: 'Windows 10', os.arch: 'amd64', os.version: '10.0', java.version: '19.0.1'
Driver info: org.openqa.selenium.chrome.ChromeDriver
Capabilities {acceptInsecureCerts: false, browserName: chrome, browserVersion: 107.0.5304.88, chrome: {chromedriverVersion: 107.0.5304.62 (1eec40d3a576..., userDataDir: C:\Users\hoailinh\AppData\L...}, goog:chromeOptions: {debuggerAddress: localhost:52005}, javascriptEnabled: true, networkConnectionEnabled: false, pageLoadStrategy: normal, platform: WINDOWS, platformName: WINDOWS, proxy: Proxy(), setWindowRect: true, strictFileInteractability: false, timeouts: {implicit: 0, pageLoad: 300000, script: 30000}, unhandledPromptBehavior: dismiss and notify, webauthn:extension:credBlob: true, webauthn:extension:largeBlob: true, webauthn:virtualAuthenticators: true}
Session ID: c3b51be6b87a35631dd0a3c8688e7cf7
	at test.checkout.ShoppingBagTest.commonShopping(ShoppingBagTest.java:28)
	at test.checkout.ShoppingBagTest.testCase_SP_17(ShoppingBagTest.java:102)
]]></failure>
    <system-out><![CDATA[Taked screenshot: testCase_SP_16
INFO  | 2022-11-03 09:48:41 | [main] testCase_SP_17 checkout.ShoppingBagTest (ShoppingBagTest.java:101) - testCase_SP_17
INFO  | 2022-11-03 09:48:41 | [main] handleLoginPopup core.KeywordWeb (KeywordWeb.java:157) - login by authen link withtest !test123!
INFO  | 2022-11-03 09:48:53 | [main] click core.KeywordWeb (KeywordWeb.java:64) - click//button[@class='amgdprcookie-button -allow']
]]></system-out>
  </testcase>
</testsuite>