{"uid":"28b5506f20bf36a","name":"beforeTest","fullName":"core.BaseTest.beforeTest","historyId":"a61654aac7afe0ced38c52e89a792ba2","time":{"start":1672038988149,"stop":1672038988155,"duration":6},"status":"broken","statusMessage":"unknown error: failed to write prefs file\nBuild info: version: '3.141.59', revision: 'e82be7d358', time: '2018-11-14T08:17:03'\nSystem info: host: 'ADMIN', ip: '192.168.31.63', os.name: 'Windows 10', os.arch: 'amd64', os.version: '10.0', java.version: '11.0.17'\nDriver info: driver.version: ChromeDriver\nremote stacktrace: Backtrace:\n\t(No symbol) [0x002BF243]\n\t(No symbol) [0x00247FD1]\n\t(No symbol) [0x0013D04D]\n\t(No symbol) [0x0015E447]\n\t(No symbol) [0x0015E5CA]\n\t(No symbol) [0x0015BA02]\n\t(No symbol) [0x001582E9]\n\t(No symbol) [0x0018F056]\n\t(No symbol) [0x0018EB2A]\n\t(No symbol) [0x00188386]\n\t(No symbol) [0x0016163C]\n\t(No symbol) [0x0016269D]\n\tGetHandleVerifier [0x00559A22+2655074]\n\tGetHandleVerifier [0x0054CA24+2601828]\n\tGetHandleVerifier [0x00368C0A+619850]\n\tGetHandleVerifier [0x00367830+614768]\n\t(No symbol) [0x002505FC]\n\t(No symbol) [0x00255968]\n\t(No symbol) [0x00255A55]\n\t(No symbol) [0x0026051B]\n\tBaseThreadInitThunk [0x76EB00F9+25]\n\tRtlGetAppContainerNamedObjectPath [0x77EB7BBE+286]\n\tRtlGetAppContainerNamedObjectPath [0x77EB7B8E+238]\n\t(No symbol) [0x00000000]\n","statusTrace":"org.openqa.selenium.WebDriverException: unknown error: failed to write prefs file\nBuild info: version: '3.141.59', revision: 'e82be7d358', time: '2018-11-14T08:17:03'\nSystem info: host: 'ADMIN', ip: '192.168.31.63', os.name: 'Windows 10', os.arch: 'amd64', os.version: '10.0', java.version: '11.0.17'\nDriver info: driver.version: ChromeDriver\nremote stacktrace: Backtrace:\n\t(No symbol) [0x002BF243]\n\t(No symbol) [0x00247FD1]\n\t(No symbol) [0x0013D04D]\n\t(No symbol) [0x0015E447]\n\t(No symbol) [0x0015E5CA]\n\t(No symbol) [0x0015BA02]\n\t(No symbol) [0x001582E9]\n\t(No symbol) [0x0018F056]\n\t(No symbol) [0x0018EB2A]\n\t(No symbol) [0x00188386]\n\t(No symbol) [0x0016163C]\n\t(No symbol) [0x0016269D]\n\tGetHandleVerifier [0x00559A22+2655074]\n\tGetHandleVerifier [0x0054CA24+2601828]\n\tGetHandleVerifier [0x00368C0A+619850]\n\tGetHandleVerifier [0x00367830+614768]\n\t(No symbol) [0x002505FC]\n\t(No symbol) [0x00255968]\n\t(No symbol) [0x00255A55]\n\t(No symbol) [0x0026051B]\n\tBaseThreadInitThunk [0x76EB00F9+25]\n\tRtlGetAppContainerNamedObjectPath [0x77EB7BBE+286]\n\tRtlGetAppContainerNamedObjectPath [0x77EB7B8E+238]\n\t(No symbol) [0x00000000]\n\r\n\tat java.base/jdk.internal.reflect.NativeConstructorAccessorImpl.newInstance0(Native Method)\r\n\tat java.base/jdk.internal.reflect.NativeConstructorAccessorImpl.newInstance(NativeConstructorAccessorImpl.java:62)\r\n\tat java.base/jdk.internal.reflect.DelegatingConstructorAccessorImpl.newInstance(DelegatingConstructorAccessorImpl.java:45)\r\n\tat java.base/java.lang.reflect.Constructor.newInstance(Constructor.java:490)\r\n\tat org.openqa.selenium.remote.W3CHandshakeResponse.lambda$errorHandler$0(W3CHandshakeResponse.java:62)\r\n\tat org.openqa.selenium.remote.HandshakeResponse.lambda$getResponseFunction$0(HandshakeResponse.java:30)\r\n\tat org.openqa.selenium.remote.ProtocolHandshake.lambda$createSession$0(ProtocolHandshake.java:126)\r\n\tat java.base/java.util.stream.ReferencePipeline$3$1.accept(ReferencePipeline.java:195)\r\n\tat java.base/java.util.Spliterators$ArraySpliterator.tryAdvance(Spliterators.java:958)\r\n\tat java.base/java.util.stream.ReferencePipeline.forEachWithCancel(ReferencePipeline.java:127)\r\n\tat java.base/java.util.stream.AbstractPipeline.copyIntoWithCancel(AbstractPipeline.java:502)\r\n\tat java.base/java.util.stream.AbstractPipeline.copyInto(AbstractPipeline.java:488)\r\n\tat java.base/java.util.stream.AbstractPipeline.wrapAndCopyInto(AbstractPipeline.java:474)\r\n\tat java.base/java.util.stream.FindOps$FindOp.evaluateSequential(FindOps.java:150)\r\n\tat java.base/java.util.stream.AbstractPipeline.evaluate(AbstractPipeline.java:234)\r\n\tat java.base/java.util.stream.ReferencePipeline.findFirst(ReferencePipeline.java:543)\r\n\tat org.openqa.selenium.remote.ProtocolHandshake.createSession(ProtocolHandshake.java:128)\r\n\tat org.openqa.selenium.remote.ProtocolHandshake.createSession(ProtocolHandshake.java:74)\r\n\tat org.openqa.selenium.remote.HttpCommandExecutor.execute(HttpCommandExecutor.java:136)\r\n\tat org.openqa.selenium.remote.service.DriverCommandExecutor.execute(DriverCommandExecutor.java:83)\r\n\tat org.openqa.selenium.remote.RemoteWebDriver.execute(RemoteWebDriver.java:552)\r\n\tat org.openqa.selenium.remote.RemoteWebDriver.startSession(RemoteWebDriver.java:213)\r\n\tat org.openqa.selenium.remote.RemoteWebDriver.<init>(RemoteWebDriver.java:131)\r\n\tat org.openqa.selenium.chrome.ChromeDriver.<init>(ChromeDriver.java:181)\r\n\tat org.openqa.selenium.chrome.ChromeDriver.<init>(ChromeDriver.java:168)\r\n\tat org.openqa.selenium.chrome.ChromeDriver.<init>(ChromeDriver.java:123)\r\n\tat core.KeywordWeb.openBrowser(KeywordWeb.java:45)\r\n\tat core.BaseTest.beforeTest(BaseTest.java:35)\r\n\tat java.base/jdk.internal.reflect.NativeMethodAccessorImpl.invoke0(Native Method)\r\n\tat java.base/jdk.internal.reflect.NativeMethodAccessorImpl.invoke(NativeMethodAccessorImpl.java:62)\r\n\tat java.base/jdk.internal.reflect.DelegatingMethodAccessorImpl.invoke(DelegatingMethodAccessorImpl.java:43)\r\n\tat java.base/java.lang.reflect.Method.invoke(Method.java:566)\r\n\tat org.testng.internal.MethodInvocationHelper.invokeMethod(MethodInvocationHelper.java:133)\r\n\tat org.testng.internal.MethodInvocationHelper.invokeMethodConsideringTimeout(MethodInvocationHelper.java:62)\r\n\tat org.testng.internal.ConfigInvoker.invokeConfigurationMethod(ConfigInvoker.java:385)\r\n\tat org.testng.internal.ConfigInvoker.invokeConfigurations(ConfigInvoker.java:321)\r\n\tat org.testng.TestRunner.invokeTestConfigurations(TestRunner.java:637)\r\n\tat org.testng.TestRunner.beforeRun(TestRunner.java:627)\r\n\tat org.testng.TestRunner.run(TestRunner.java:589)\r\n\tat org.testng.SuiteRunner.runTest(SuiteRunner.java:377)\r\n\tat org.testng.SuiteRunner.runSequentially(SuiteRunner.java:371)\r\n\tat org.testng.SuiteRunner.privateRun(SuiteRunner.java:332)\r\n\tat org.testng.SuiteRunner.run(SuiteRunner.java:276)\r\n\tat org.testng.SuiteRunnerWorker.runSuite(SuiteRunnerWorker.java:53)\r\n\tat org.testng.SuiteRunnerWorker.run(SuiteRunnerWorker.java:96)\r\n\tat org.testng.TestNG.runSuitesSequentially(TestNG.java:1212)\r\n\tat org.testng.TestNG.runSuitesLocally(TestNG.java:1134)\r\n\tat org.testng.TestNG.runSuites(TestNG.java:1063)\r\n\tat org.testng.TestNG.run(TestNG.java:1031)\r\n\tat com.intellij.rt.testng.IDEARemoteTestNG.run(IDEARemoteTestNG.java:66)\r\n\tat com.intellij.rt.testng.RemoteTestNGStarter.main(RemoteTestNGStarter.java:109)\r\n","flaky":false,"newFailed":false,"newBroken":false,"newPassed":false,"retriesCount":0,"retriesStatusChange":false,"beforeStages":[{"name":"beforeSuite","time":{"start":1672038982720,"stop":1672038982755,"duration":35},"description":"","status":"passed","steps":[],"attachments":[],"parameters":[],"stepsCount":0,"hasContent":false,"attachmentsCount":0,"shouldDisplayMessage":false},{"name":"beforeSuite","time":{"start":1672038982720,"stop":1672038982755,"duration":35},"description":"","status":"passed","steps":[],"attachments":[],"parameters":[],"stepsCount":0,"hasContent":false,"attachmentsCount":0,"shouldDisplayMessage":false},{"name":"beforeTest","time":{"start":1672038982775,"stop":1672038987978,"duration":5203},"description":"","status":"broken","statusMessage":"unknown error: failed to write prefs file\nBuild info: version: '3.141.59', revision: 'e82be7d358', time: '2018-11-14T08:17:03'\nSystem info: host: 'ADMIN', ip: '192.168.31.63', os.name: 'Windows 10', os.arch: 'amd64', os.version: '10.0', java.version: '11.0.17'\nDriver info: driver.version: ChromeDriver\nremote stacktrace: Backtrace:\n\t(No symbol) [0x002BF243]\n\t(No symbol) [0x00247FD1]\n\t(No symbol) [0x0013D04D]\n\t(No symbol) [0x0015E447]\n\t(No symbol) [0x0015E5CA]\n\t(No symbol) [0x0015BA02]\n\t(No symbol) [0x001582E9]\n\t(No symbol) [0x0018F056]\n\t(No symbol) [0x0018EB2A]\n\t(No symbol) [0x00188386]\n\t(No symbol) [0x0016163C]\n\t(No symbol) [0x0016269D]\n\tGetHandleVerifier [0x00559A22+2655074]\n\tGetHandleVerifier [0x0054CA24+2601828]\n\tGetHandleVerifier [0x00368C0A+619850]\n\tGetHandleVerifier [0x00367830+614768]\n\t(No symbol) [0x002505FC]\n\t(No symbol) [0x00255968]\n\t(No symbol) [0x00255A55]\n\t(No symbol) [0x0026051B]\n\tBaseThreadInitThunk [0x76EB00F9+25]\n\tRtlGetAppContainerNamedObjectPath [0x77EB7BBE+286]\n\tRtlGetAppContainerNamedObjectPath [0x77EB7B8E+238]\n\t(No symbol) [0x00000000]\n","statusTrace":"org.openqa.selenium.WebDriverException: unknown error: failed to write prefs file\nBuild info: version: '3.141.59', revision: 'e82be7d358', time: '2018-11-14T08:17:03'\nSystem info: host: 'ADMIN', ip: '192.168.31.63', os.name: 'Windows 10', os.arch: 'amd64', os.version: '10.0', java.version: '11.0.17'\nDriver info: driver.version: ChromeDriver\nremote stacktrace: Backtrace:\n\t(No symbol) [0x002BF243]\n\t(No symbol) [0x00247FD1]\n\t(No symbol) [0x0013D04D]\n\t(No symbol) [0x0015E447]\n\t(No symbol) [0x0015E5CA]\n\t(No symbol) [0x0015BA02]\n\t(No symbol) [0x001582E9]\n\t(No symbol) [0x0018F056]\n\t(No symbol) [0x0018EB2A]\n\t(No symbol) [0x00188386]\n\t(No symbol) [0x0016163C]\n\t(No symbol) [0x0016269D]\n\tGetHandleVerifier [0x00559A22+2655074]\n\tGetHandleVerifier [0x0054CA24+2601828]\n\tGetHandleVerifier [0x00368C0A+619850]\n\tGetHandleVerifier [0x00367830+614768]\n\t(No symbol) [0x002505FC]\n\t(No symbol) [0x00255968]\n\t(No symbol) [0x00255A55]\n\t(No symbol) [0x0026051B]\n\tBaseThreadInitThunk [0x76EB00F9+25]\n\tRtlGetAppContainerNamedObjectPath [0x77EB7BBE+286]\n\tRtlGetAppContainerNamedObjectPath [0x77EB7B8E+238]\n\t(No symbol) [0x00000000]\n\r\n\tat java.base/jdk.internal.reflect.NativeConstructorAccessorImpl.newInstance0(Native Method)\r\n\tat java.base/jdk.internal.reflect.NativeConstructorAccessorImpl.newInstance(NativeConstructorAccessorImpl.java:62)\r\n\tat java.base/jdk.internal.reflect.DelegatingConstructorAccessorImpl.newInstance(DelegatingConstructorAccessorImpl.java:45)\r\n\tat java.base/java.lang.reflect.Constructor.newInstance(Constructor.java:490)\r\n\tat org.openqa.selenium.remote.W3CHandshakeResponse.lambda$errorHandler$0(W3CHandshakeResponse.java:62)\r\n\tat org.openqa.selenium.remote.HandshakeResponse.lambda$getResponseFunction$0(HandshakeResponse.java:30)\r\n\tat org.openqa.selenium.remote.ProtocolHandshake.lambda$createSession$0(ProtocolHandshake.java:126)\r\n\tat java.base/java.util.stream.ReferencePipeline$3$1.accept(ReferencePipeline.java:195)\r\n\tat java.base/java.util.Spliterators$ArraySpliterator.tryAdvance(Spliterators.java:958)\r\n\tat java.base/java.util.stream.ReferencePipeline.forEachWithCancel(ReferencePipeline.java:127)\r\n\tat java.base/java.util.stream.AbstractPipeline.copyIntoWithCancel(AbstractPipeline.java:502)\r\n\tat java.base/java.util.stream.AbstractPipeline.copyInto(AbstractPipeline.java:488)\r\n\tat java.base/java.util.stream.AbstractPipeline.wrapAndCopyInto(AbstractPipeline.java:474)\r\n\tat java.base/java.util.stream.FindOps$FindOp.evaluateSequential(FindOps.java:150)\r\n\tat java.base/java.util.stream.AbstractPipeline.evaluate(AbstractPipeline.java:234)\r\n\tat java.base/java.util.stream.ReferencePipeline.findFirst(ReferencePipeline.java:543)\r\n\tat org.openqa.selenium.remote.ProtocolHandshake.createSession(ProtocolHandshake.java:128)\r\n\tat org.openqa.selenium.remote.ProtocolHandshake.createSession(ProtocolHandshake.java:74)\r\n\tat org.openqa.selenium.remote.HttpCommandExecutor.execute(HttpCommandExecutor.java:136)\r\n\tat org.openqa.selenium.remote.service.DriverCommandExecutor.execute(DriverCommandExecutor.java:83)\r\n\tat org.openqa.selenium.remote.RemoteWebDriver.execute(RemoteWebDriver.java:552)\r\n\tat org.openqa.selenium.remote.RemoteWebDriver.startSession(RemoteWebDriver.java:213)\r\n\tat org.openqa.selenium.remote.RemoteWebDriver.<init>(RemoteWebDriver.java:131)\r\n\tat org.openqa.selenium.chrome.ChromeDriver.<init>(ChromeDriver.java:181)\r\n\tat org.openqa.selenium.chrome.ChromeDriver.<init>(ChromeDriver.java:168)\r\n\tat org.openqa.selenium.chrome.ChromeDriver.<init>(ChromeDriver.java:123)\r\n\tat core.KeywordWeb.openBrowser(KeywordWeb.java:45)\r\n\tat core.BaseTest.beforeTest(BaseTest.java:35)\r\n\tat java.base/jdk.internal.reflect.NativeMethodAccessorImpl.invoke0(Native Method)\r\n\tat java.base/jdk.internal.reflect.NativeMethodAccessorImpl.invoke(NativeMethodAccessorImpl.java:62)\r\n\tat java.base/jdk.internal.reflect.DelegatingMethodAccessorImpl.invoke(DelegatingMethodAccessorImpl.java:43)\r\n\tat java.base/java.lang.reflect.Method.invoke(Method.java:566)\r\n\tat org.testng.internal.MethodInvocationHelper.invokeMethod(MethodInvocationHelper.java:133)\r\n\tat org.testng.internal.MethodInvocationHelper.invokeMethodConsideringTimeout(MethodInvocationHelper.java:62)\r\n\tat org.testng.internal.ConfigInvoker.invokeConfigurationMethod(ConfigInvoker.java:385)\r\n\tat org.testng.internal.ConfigInvoker.invokeConfigurations(ConfigInvoker.java:321)\r\n\tat org.testng.TestRunner.invokeTestConfigurations(TestRunner.java:637)\r\n\tat org.testng.TestRunner.beforeRun(TestRunner.java:627)\r\n\tat org.testng.TestRunner.run(TestRunner.java:589)\r\n\tat org.testng.SuiteRunner.runTest(SuiteRunner.java:377)\r\n\tat org.testng.SuiteRunner.runSequentially(SuiteRunner.java:371)\r\n\tat org.testng.SuiteRunner.privateRun(SuiteRunner.java:332)\r\n\tat org.testng.SuiteRunner.run(SuiteRunner.java:276)\r\n\tat org.testng.SuiteRunnerWorker.runSuite(SuiteRunnerWorker.java:53)\r\n\tat org.testng.SuiteRunnerWorker.run(SuiteRunnerWorker.java:96)\r\n\tat org.testng.TestNG.runSuitesSequentially(TestNG.java:1212)\r\n\tat org.testng.TestNG.runSuitesLocally(TestNG.java:1134)\r\n\tat org.testng.TestNG.runSuites(TestNG.java:1063)\r\n\tat org.testng.TestNG.run(TestNG.java:1031)\r\n\tat com.intellij.rt.testng.IDEARemoteTestNG.run(IDEARemoteTestNG.java:66)\r\n\tat com.intellij.rt.testng.RemoteTestNGStarter.main(RemoteTestNGStarter.java:109)\r\n","steps":[],"attachments":[],"parameters":[],"stepsCount":0,"hasContent":true,"attachmentsCount":0,"shouldDisplayMessage":true}],"afterStages":[{"name":"afterTest","time":{"start":1672038988728,"stop":1672038988728,"duration":0},"description":"","status":"broken","steps":[],"attachments":[],"parameters":[],"stepsCount":0,"hasContent":false,"attachmentsCount":0,"shouldDisplayMessage":false}],"labels":[{"name":"package","value":"test.signinSignup.SignInTest"},{"name":"testClass","value":"test.signinSignup.SignInTest"},{"name":"testMethod","value":"beforeTest"},{"name":"parentSuite","value":"Default Suite"},{"name":"suite","value":"Glamira_AutoTest"},{"name":"subSuite","value":"test.signinSignup.SignInTest"},{"name":"host","value":"Admin"},{"name":"thread","value":"3236@Admin.main(1)"},{"name":"framework","value":"testng"},{"name":"language","value":"java"},{"name":"AS_ID","value":"-1"},{"name":"resultFormat","value":"allure2"}],"parameters":[],"links":[],"hidden":true,"retry":true,"extra":{"categories":[],"tags":[]},"source":"28b5506f20bf36a.json","parameterValues":[]}