{"uid":"2fdcaed174f1b812","name":"Create new customer and leave with blank form for required form","fullName":"test.signinSignup.SignUpTest.testCase_SU015","historyId":"dcf9ab73d43b3cab2c6cf8b25d48075c","time":{"start":1676368281114,"stop":1676368318995,"duration":37881},"status":"passed","flaky":false,"newFailed":false,"newBroken":false,"newPassed":false,"retriesCount":260,"retriesStatusChange":true,"beforeStages":[{"name":"beforeSuite","time":{"start":1676368264392,"stop":1676368264424,"duration":32},"description":"","status":"passed","steps":[],"attachments":[],"parameters":[],"stepsCount":0,"hasContent":false,"attachmentsCount":0,"shouldDisplayMessage":false},{"name":"beforeTest","time":{"start":1676368264437,"stop":1676368278561,"duration":14124},"description":"","status":"passed","steps":[],"attachments":[],"parameters":[],"stepsCount":0,"hasContent":false,"attachmentsCount":0,"shouldDisplayMessage":false}],"afterStages":[{"name":"afterTest","time":{"start":1676368428875,"stop":1676368428876,"duration":1},"description":"","status":"passed","steps":[],"attachments":[],"parameters":[],"stepsCount":0,"hasContent":false,"attachmentsCount":0,"shouldDisplayMessage":false}],"labels":[{"name":"package","value":"test.signinSignup.SignUpTest"},{"name":"testClass","value":"test.signinSignup.SignUpTest"},{"name":"testMethod","value":"testCase_SU015"},{"name":"parentSuite","value":"Default Suite"},{"name":"suite","value":"Glamira_AutoTest"},{"name":"subSuite","value":"test.signinSignup.SignUpTest"},{"name":"host","value":"Admin"},{"name":"thread","value":"10444@Admin.main(1)"},{"name":"framework","value":"testng"},{"name":"language","value":"java"},{"name":"resultFormat","value":"allure2"}],"parameters":[],"links":[],"hidden":false,"retry":false,"extra":{"severity":"normal","retries":[{"uid":"b7dd4b02ecd5c3f4","status":"broken","statusDetails":"no such element: Unable to locate element: {\"method\":\"xpath\",\"selector\":\"//div[@id='firstname-error']\"}\n  (Session info: chrome=109.0.5414.122)\nFor documentation on this error, please visit: https://www.seleniumhq.org/exceptions/no_such_element.html\nBuild info: version: '3.141.59', revision: 'e82be7d358', time: '2018-11-14T08:17:03'\nSystem info: host: 'ADMIN', ip: '192.168.31.72', os.name: 'Windows 10', os.arch: 'amd64', os.version: '10.0', java.version: '11.0.17'\nDriver info: org.openqa.selenium.chrome.ChromeDriver\nCapabilities {acceptInsecureCerts: false, browserName: chrome, browserVersion: 109.0.5414.122, chrome: {chromedriverVersion: 109.0.5414.74 (e7c5703604da..., userDataDir: C:\\Users\\Admin\\AppData\\Loca...}, goog:chromeOptions: {debuggerAddress: localhost:52202}, javascriptEnabled: true, networkConnectionEnabled: false, pageLoadStrategy: normal, platform: WINDOWS, platformName: WINDOWS, proxy: Proxy(), setWindowRect: true, strictFileInteractability: false, timeouts: {implicit: 0, pageLoad: 300000, script: 30000}, unhandledPromptBehavior: dismiss and notify, webauthn:extension:credBlob: true, webauthn:extension:largeBlob: true, webauthn:virtualAuthenticators: true}\nSession ID: 998b19e7d144060a90c34690539e8f00\n*** Element info: {Using=xpath, value=//div[@id='firstname-error']}","time":{"start":1676367937331,"stop":1676367975790,"duration":38459}},{"uid":"ae2d0a95867cabbc","status":"broken","statusDetails":"element click intercepted: Element is not clickable at point (1771, -25)\n  (Session info: chrome=109.0.5414.122)\nBuild info: version: '3.141.59', revision: 'e82be7d358', time: '2018-11-14T08:17:03'\nSystem info: host: 'ADMIN', ip: '192.168.31.72', os.name: 'Windows 10', os.arch: 'amd64', os.version: '10.0', java.version: '11.0.17'\nDriver info: org.openqa.selenium.chrome.ChromeDriver\nCapabilities {acceptInsecureCerts: false, browserName: chrome, browserVersion: 109.0.5414.122, chrome: {chromedriverVersion: 109.0.5414.74 (e7c5703604da..., userDataDir: C:\\Users\\Admin\\AppData\\Loca...}, goog:chromeOptions: {debuggerAddress: localhost:50550}, javascriptEnabled: true, networkConnectionEnabled: false, pageLoadStrategy: normal, platform: WINDOWS, platformName: WINDOWS, proxy: Proxy(), setWindowRect: true, strictFileInteractability: false, timeouts: {implicit: 0, pageLoad: 300000, script: 30000}, unhandledPromptBehavior: dismiss and notify, webauthn:extension:credBlob: true, webauthn:extension:largeBlob: true, webauthn:virtualAuthenticators: true}\nSession ID: 7426cc9fb8e2f6a6ed02d59acedd0ad0","time":{"start":1676367148640,"stop":1676367170578,"duration":21938}},{"uid":"5d03fada419c4b0f","status":"passed","time":{"start":1676366874435,"stop":1676366914280,"duration":39845}},{"uid":"b10b8c872ab3e7cc","status":"broken","statusDetails":"element click intercepted: Element is not clickable at point (1771, -25)\n  (Session info: chrome=109.0.5414.122)\nBuild info: version: '3.141.59', revision: 'e82be7d358', time: '2018-11-14T08:17:03'\nSystem info: host: 'ADMIN', ip: '192.168.31.72', os.name: 'Windows 10', os.arch: 'amd64', os.version: '10.0', java.version: '11.0.17'\nDriver info: org.openqa.selenium.chrome.ChromeDriver\nCapabilities {acceptInsecureCerts: false, browserName: chrome, browserVersion: 109.0.5414.122, chrome: {chromedriverVersion: 109.0.5414.74 (e7c5703604da..., userDataDir: C:\\Users\\Admin\\AppData\\Loca...}, goog:chromeOptions: {debuggerAddress: localhost:65211}, javascriptEnabled: true, networkConnectionEnabled: false, pageLoadStrategy: normal, platform: WINDOWS, platformName: WINDOWS, proxy: Proxy(), setWindowRect: true, strictFileInteractability: false, timeouts: {implicit: 0, pageLoad: 300000, script: 30000}, unhandledPromptBehavior: dismiss and notify, webauthn:extension:credBlob: true, webauthn:extension:largeBlob: true, webauthn:virtualAuthenticators: true}\nSession ID: 39ecd281aba9b774f41d0ab22a1f9729","time":{"start":1676366803973,"stop":1676366827634,"duration":23661}},{"uid":"c86e0c27f547fcec","status":"passed","time":{"start":1676366388210,"stop":1676366424139,"duration":35929}},{"uid":"85d9772c8b0896d4","status":"passed","time":{"start":1676366188121,"stop":1676366227961,"duration":39840}},{"uid":"ddc1c9db94a3f896","status":"passed","time":{"start":1676365973950,"stop":1676366013715,"duration":39765}},{"uid":"7d224466565d57d2","status":"broken","statusDetails":"no such element: Unable to locate element: {\"method\":\"xpath\",\"selector\":\"//div[@id='firstname-error']\"}\n  (Session info: chrome=109.0.5414.122)\nFor documentation on this error, please visit: https://www.seleniumhq.org/exceptions/no_such_element.html\nBuild info: version: '3.141.59', revision: 'e82be7d358', time: '2018-11-14T08:17:03'\nSystem info: host: 'ADMIN', ip: '192.168.31.72', os.name: 'Windows 10', os.arch: 'amd64', os.version: '10.0', java.version: '11.0.17'\nDriver info: org.openqa.selenium.chrome.ChromeDriver\nCapabilities {acceptInsecureCerts: false, browserName: chrome, browserVersion: 109.0.5414.122, chrome: {chromedriverVersion: 109.0.5414.74 (e7c5703604da..., userDataDir: C:\\Users\\Admin\\AppData\\Loca...}, goog:chromeOptions: {debuggerAddress: localhost:61057}, javascriptEnabled: true, networkConnectionEnabled: false, pageLoadStrategy: normal, platform: WINDOWS, platformName: WINDOWS, proxy: Proxy(), setWindowRect: true, strictFileInteractability: false, timeouts: {implicit: 0, pageLoad: 300000, script: 30000}, unhandledPromptBehavior: dismiss and notify, webauthn:extension:credBlob: true, webauthn:extension:largeBlob: true, webauthn:virtualAuthenticators: true}\nSession ID: eebeab44f8eaed7b28b3c1a32b72d856\n*** Element info: {Using=xpath, value=//div[@id='firstname-error']}","time":{"start":1676365774422,"stop":1676365836858,"duration":62436}},{"uid":"1d48888e5b27c2b2","status":"passed","time":{"start":1676362222775,"stop":1676362268158,"duration":45383}},{"uid":"8d334c49e49bbf7a","status":"passed","time":{"start":1676361980155,"stop":1676362043284,"duration":63129}},{"uid":"36d47f6b6c17acae","status":"passed","time":{"start":1676361488043,"stop":1676361541946,"duration":53903}},{"uid":"80bcd15ee6198db2","status":"passed","time":{"start":1676360894000,"stop":1676360955883,"duration":61883}},{"uid":"a878c5b4ceab8fad","status":"passed","time":{"start":1676360620014,"stop":1676360690738,"duration":70724}},{"uid":"718258338e1b72d5","status":"broken","statusDetails":"element click intercepted: Element is not clickable at point (1771, -25)\n  (Session info: chrome=109.0.5414.122)\nBuild info: version: '3.141.59', revision: 'e82be7d358', time: '2018-11-14T08:17:03'\nSystem info: host: 'ADMIN', ip: '192.168.31.72', os.name: 'Windows 10', os.arch: 'amd64', os.version: '10.0', java.version: '11.0.17'\nDriver info: org.openqa.selenium.chrome.ChromeDriver\nCapabilities {acceptInsecureCerts: false, browserName: chrome, browserVersion: 109.0.5414.122, chrome: {chromedriverVersion: 109.0.5414.74 (e7c5703604da..., userDataDir: C:\\Users\\Admin\\AppData\\Loca...}, goog:chromeOptions: {debuggerAddress: localhost:50628}, javascriptEnabled: true, networkConnectionEnabled: false, pageLoadStrategy: normal, platform: WINDOWS, platformName: WINDOWS, proxy: Proxy(), setWindowRect: true, strictFileInteractability: false, timeouts: {implicit: 0, pageLoad: 300000, script: 30000}, unhandledPromptBehavior: dismiss and notify, webauthn:extension:credBlob: true, webauthn:extension:largeBlob: true, webauthn:virtualAuthenticators: true}\nSession ID: 8d6e1fb8d916a3ba7f619a0c72b70de8","time":{"start":1676360452540,"stop":1676360473698,"duration":21158}},{"uid":"6bb192874727f926","status":"passed","time":{"start":1676360104342,"stop":1676360161111,"duration":56769}},{"uid":"8939745e22f63013","status":"passed","time":{"start":1676359550467,"stop":1676359607015,"duration":56548}},{"uid":"7408262f4a4d6633","status":"passed","time":{"start":1676359371987,"stop":1676359417058,"duration":45071}},{"uid":"f923173e4cc6366b","status":"passed","time":{"start":1676359022914,"stop":1676359065491,"duration":42577}},{"uid":"4b26113baece7c9c","status":"passed","time":{"start":1676358675580,"stop":1676358711251,"duration":35671}},{"uid":"d972cd6adde57f69","status":"broken","statusDetails":"no such element: Unable to locate element: {\"method\":\"xpath\",\"selector\":\"//div[@id='firstname-error']\"}\n  (Session info: chrome=109.0.5414.122)\nFor documentation on this error, please visit: https://www.seleniumhq.org/exceptions/no_such_element.html\nBuild info: version: '3.141.59', revision: 'e82be7d358', time: '2018-11-14T08:17:03'\nSystem info: host: 'ADMIN', ip: '192.168.31.72', os.name: 'Windows 10', os.arch: 'amd64', os.version: '10.0', java.version: '11.0.17'\nDriver info: org.openqa.selenium.chrome.ChromeDriver\nCapabilities {acceptInsecureCerts: false, browserName: chrome, browserVersion: 109.0.5414.122, chrome: {chromedriverVersion: 109.0.5414.74 (e7c5703604da..., userDataDir: C:\\Users\\Admin\\AppData\\Loca...}, goog:chromeOptions: {debuggerAddress: localhost:61594}, javascriptEnabled: true, networkConnectionEnabled: false, pageLoadStrategy: normal, platform: WINDOWS, platformName: WINDOWS, proxy: Proxy(), setWindowRect: true, strictFileInteractability: false, timeouts: {implicit: 0, pageLoad: 300000, script: 30000}, unhandledPromptBehavior: dismiss and notify, webauthn:extension:credBlob: true, webauthn:extension:largeBlob: true, webauthn:virtualAuthenticators: true}\nSession ID: f5076b4ddf1081a9fcd8102eaa8b3377\n*** Element info: {Using=xpath, value=//div[@id='firstname-error']}","time":{"start":1676358508253,"stop":1676358579247,"duration":70994}},{"uid":"babee11427fa8130","status":"passed","time":{"start":1676358082506,"stop":1676358120889,"duration":38383}},{"uid":"1346489efd0ee16d","status":"passed","time":{"start":1676357822895,"stop":1676357865744,"duration":42849}},{"uid":"6ac36f6b2da3aac6","status":"passed","time":{"start":1676357609992,"stop":1676357645211,"duration":35219}},{"uid":"7917e0df3fe1b2eb","status":"passed","time":{"start":1676357362860,"stop":1676357399724,"duration":36864}},{"uid":"a179f3dd22e367a5","status":"passed","time":{"start":1676357103920,"stop":1676357143911,"duration":39991}},{"uid":"b49b3d5c4604cdea","status":"passed","time":{"start":1676356867236,"stop":1676356903106,"duration":35870}},{"uid":"74a4e21225089fa0","status":"passed","time":{"start":1676356693605,"stop":1676356733610,"duration":40005}},{"uid":"75e9c53ed17ac7b1","status":"broken","statusDetails":"element click intercepted: Element <a href=\"https://dev3.glamira.com/glcn/customer/account/login/\" title=\"登录/注册\">...</a> is not clickable at point (1771, 28). Other element would receive the click: <span class=\"geoip-close\">...</span>\n  (Session info: chrome=109.0.5414.122)\nBuild info: version: '3.141.59', revision: 'e82be7d358', time: '2018-11-14T08:17:03'\nSystem info: host: 'ADMIN', ip: '192.168.31.72', os.name: 'Windows 10', os.arch: 'amd64', os.version: '10.0', java.version: '11.0.17'\nDriver info: org.openqa.selenium.chrome.ChromeDriver\nCapabilities {acceptInsecureCerts: false, browserName: chrome, browserVersion: 109.0.5414.122, chrome: {chromedriverVersion: 109.0.5414.74 (e7c5703604da..., userDataDir: C:\\Users\\Admin\\AppData\\Loca...}, goog:chromeOptions: {debuggerAddress: localhost:58139}, javascriptEnabled: true, networkConnectionEnabled: false, pageLoadStrategy: normal, platform: WINDOWS, platformName: WINDOWS, proxy: Proxy(), setWindowRect: true, strictFileInteractability: false, timeouts: {implicit: 0, pageLoad: 300000, script: 30000}, unhandledPromptBehavior: dismiss and notify, webauthn:extension:credBlob: true, webauthn:extension:largeBlob: true, webauthn:virtualAuthenticators: true}\nSession ID: c29bf23deafc112dbb1c0fb472af0e6b","time":{"start":1676356596157,"stop":1676356640720,"duration":44563}},{"uid":"e30ccd61a10a2822","status":"passed","time":{"start":1676356473152,"stop":1676356510277,"duration":37125}},{"uid":"ca15a1ce33165392","status":"broken","statusDetails":"element click intercepted: Element <a href=\"https://dev3.glamira.com/glcn/customer/account/login/\" title=\"登录/注册\">...</a> is not clickable at point (1771, 28). Other element would receive the click: <span class=\"geoip-close\">...</span>\n  (Session info: chrome=109.0.5414.122)\nBuild info: version: '3.141.59', revision: 'e82be7d358', time: '2018-11-14T08:17:03'\nSystem info: host: 'ADMIN', ip: '192.168.31.72', os.name: 'Windows 10', os.arch: 'amd64', os.version: '10.0', java.version: '11.0.17'\nDriver info: org.openqa.selenium.chrome.ChromeDriver\nCapabilities {acceptInsecureCerts: false, browserName: chrome, browserVersion: 109.0.5414.122, chrome: {chromedriverVersion: 109.0.5414.74 (e7c5703604da..., userDataDir: C:\\Users\\Admin\\AppData\\Loca...}, goog:chromeOptions: {debuggerAddress: localhost:57589}, javascriptEnabled: true, networkConnectionEnabled: false, pageLoadStrategy: normal, platform: WINDOWS, platformName: WINDOWS, proxy: Proxy(), setWindowRect: true, strictFileInteractability: false, timeouts: {implicit: 0, pageLoad: 300000, script: 30000}, unhandledPromptBehavior: dismiss and notify, webauthn:extension:credBlob: true, webauthn:extension:largeBlob: true, webauthn:virtualAuthenticators: true}\nSession ID: 1e9ccc4c713b21d61f2e9a8fe8df327b","time":{"start":1676356390903,"stop":1676356430680,"duration":39777}},{"uid":"657f53d25787e8ad","status":"passed","time":{"start":1676356047875,"stop":1676356085095,"duration":37220}},{"uid":"58e477a22974cfc8","status":"passed","time":{"start":1676352988651,"stop":1676353025361,"duration":36710}},{"uid":"697265a8db4d445f","status":"broken","statusDetails":"no such element: Unable to locate element: {\"method\":\"xpath\",\"selector\":\"//div[@id='firstname-error']\"}\n  (Session info: chrome=109.0.5414.122)\nFor documentation on this error, please visit: https://www.seleniumhq.org/exceptions/no_such_element.html\nBuild info: version: '3.141.59', revision: 'e82be7d358', time: '2018-11-14T08:17:03'\nSystem info: host: 'ADMIN', ip: '192.168.31.72', os.name: 'Windows 10', os.arch: 'amd64', os.version: '10.0', java.version: '11.0.17'\nDriver info: org.openqa.selenium.chrome.ChromeDriver\nCapabilities {acceptInsecureCerts: false, browserName: chrome, browserVersion: 109.0.5414.122, chrome: {chromedriverVersion: 109.0.5414.74 (e7c5703604da..., userDataDir: C:\\Users\\Admin\\AppData\\Loca...}, goog:chromeOptions: {debuggerAddress: localhost:54021}, javascriptEnabled: true, networkConnectionEnabled: false, pageLoadStrategy: normal, platform: WINDOWS, platformName: WINDOWS, proxy: Proxy(), setWindowRect: true, strictFileInteractability: false, timeouts: {implicit: 0, pageLoad: 300000, script: 30000}, unhandledPromptBehavior: dismiss and notify, webauthn:extension:credBlob: true, webauthn:extension:largeBlob: true, webauthn:virtualAuthenticators: true}\nSession ID: 1c8dc60bd447dc10bcae37e738651c17\n*** Element info: {Using=xpath, value=//div[@id='firstname-error']}","time":{"start":1676352864909,"stop":1676352922541,"duration":57632}},{"uid":"2d658b3193b72433","status":"passed","time":{"start":1676350851731,"stop":1676350921193,"duration":69462}},{"uid":"494b2e156dcf01c3","status":"passed","time":{"start":1676349889865,"stop":1676349937686,"duration":47821}},{"uid":"87418f28aa13eb33","status":"passed","time":{"start":1676349629392,"stop":1676349676565,"duration":47173}},{"uid":"e2b6d3e3ef00c1e4","status":"passed","time":{"start":1676349208981,"stop":1676349260494,"duration":51513}},{"uid":"ce9ac7935427c84e","status":"passed","time":{"start":1676348759289,"stop":1676348834007,"duration":74718}},{"uid":"be16205e2f5778c7","status":"passed","time":{"start":1676347914160,"stop":1676347949539,"duration":35379}},{"uid":"c670578f7739da5d","status":"broken","statusDetails":"element click intercepted: Element is not clickable at point (1771, -25)\n  (Session info: chrome=109.0.5414.122)\nBuild info: version: '3.141.59', revision: 'e82be7d358', time: '2018-11-14T08:17:03'\nSystem info: host: 'ADMIN', ip: '192.168.31.72', os.name: 'Windows 10', os.arch: 'amd64', os.version: '10.0', java.version: '11.0.17'\nDriver info: org.openqa.selenium.chrome.ChromeDriver\nCapabilities {acceptInsecureCerts: false, browserName: chrome, browserVersion: 109.0.5414.122, chrome: {chromedriverVersion: 109.0.5414.74 (e7c5703604da..., userDataDir: C:\\Users\\Admin\\AppData\\Loca...}, goog:chromeOptions: {debuggerAddress: localhost:63462}, javascriptEnabled: true, networkConnectionEnabled: false, pageLoadStrategy: normal, platform: WINDOWS, platformName: WINDOWS, proxy: Proxy(), setWindowRect: true, strictFileInteractability: false, timeouts: {implicit: 0, pageLoad: 300000, script: 30000}, unhandledPromptBehavior: dismiss and notify, webauthn:extension:credBlob: true, webauthn:extension:largeBlob: true, webauthn:virtualAuthenticators: true}\nSession ID: fdfd870d37e2d7959243934aae1ac5ac","time":{"start":1676347852759,"stop":1676347873250,"duration":20491}},{"uid":"39f4a609a1fd663f","status":"passed","time":{"start":1676347681832,"stop":1676347717703,"duration":35871}},{"uid":"d580c28456dbb7a","status":"passed","time":{"start":1676347508391,"stop":1676347541027,"duration":32636}},{"uid":"e61ba159f3cf51f7","status":"broken","statusDetails":"no such element: Unable to locate element: {\"method\":\"xpath\",\"selector\":\"//div[@id='firstname-error']\"}\n  (Session info: chrome=109.0.5414.122)\nFor documentation on this error, please visit: https://www.seleniumhq.org/exceptions/no_such_element.html\nBuild info: version: '3.141.59', revision: 'e82be7d358', time: '2018-11-14T08:17:03'\nSystem info: host: 'ADMIN', ip: '192.168.31.72', os.name: 'Windows 10', os.arch: 'amd64', os.version: '10.0', java.version: '11.0.17'\nDriver info: org.openqa.selenium.chrome.ChromeDriver\nCapabilities {acceptInsecureCerts: false, browserName: chrome, browserVersion: 109.0.5414.122, chrome: {chromedriverVersion: 109.0.5414.74 (e7c5703604da..., userDataDir: C:\\Users\\Admin\\AppData\\Loca...}, goog:chromeOptions: {debuggerAddress: localhost:62544}, javascriptEnabled: true, networkConnectionEnabled: false, pageLoadStrategy: normal, platform: WINDOWS, platformName: WINDOWS, proxy: Proxy(), setWindowRect: true, strictFileInteractability: false, timeouts: {implicit: 0, pageLoad: 300000, script: 30000}, unhandledPromptBehavior: dismiss and notify, webauthn:extension:credBlob: true, webauthn:extension:largeBlob: true, webauthn:virtualAuthenticators: true}\nSession ID: 7b6048f1339792de6ef4e7ed4013db39\n*** Element info: {Using=xpath, value=//div[@id='firstname-error']}","time":{"start":1676347376371,"stop":1676347411051,"duration":34680}},{"uid":"ca19fcfeed7c3be7","status":"passed","time":{"start":1676347258548,"stop":1676347290475,"duration":31927}},{"uid":"183bb2fbb88d615a","status":"passed","time":{"start":1676347114850,"stop":1676347150709,"duration":35859}},{"uid":"8dc6f6c336f94a85","status":"passed","time":{"start":1676346786687,"stop":1676346821453,"duration":34766}},{"uid":"802d7378a97d2719","status":"passed","time":{"start":1676346649475,"stop":1676346696149,"duration":46674}},{"uid":"2d3efd3e7f4e702f","status":"passed","time":{"start":1676346496407,"stop":1676346531979,"duration":35572}},{"uid":"99b1cde49de7becc","status":"passed","time":{"start":1676346220564,"stop":1676346256549,"duration":35985}},{"uid":"d69526fe78f1c16","status":"passed","time":{"start":1676346085268,"stop":1676346132364,"duration":47096}},{"uid":"fa26494026152725","status":"passed","time":{"start":1676345915725,"stop":1676345955013,"duration":39288}},{"uid":"cd0b2f4f365be22c","status":"passed","time":{"start":1676345729715,"stop":1676345774755,"duration":45040}},{"uid":"4c21c3073ca8da6c","status":"passed","time":{"start":1676345628425,"stop":1676345663463,"duration":35038}},{"uid":"27bc27371f6f7c70","status":"passed","time":{"start":1676345372517,"stop":1676345411636,"duration":39119}},{"uid":"ab15e7f42b948204","status":"passed","time":{"start":1676345110034,"stop":1676345144446,"duration":34412}},{"uid":"15689394b41dc960","status":"passed","time":{"start":1676344978063,"stop":1676345011724,"duration":33661}},{"uid":"9e0157f861b6bee6","status":"passed","time":{"start":1676344878659,"stop":1676344915874,"duration":37215}},{"uid":"6fcab97023dd5469","status":"passed","time":{"start":1676344750791,"stop":1676344783348,"duration":32557}},{"uid":"dd9b9b5744e8e67","status":"passed","time":{"start":1676344639417,"stop":1676344673941,"duration":34524}},{"uid":"a28abe643289c952","status":"passed","time":{"start":1676344324536,"stop":1676344358742,"duration":34206}},{"uid":"165271db0ef4e8d5","status":"passed","time":{"start":1676344212120,"stop":1676344245112,"duration":32992}},{"uid":"8a3a551148c9aa38","status":"broken","statusDetails":"no such element: Unable to locate element: {\"method\":\"xpath\",\"selector\":\"//div[@id='firstname-error']\"}\n  (Session info: chrome=109.0.5414.122)\nFor documentation on this error, please visit: https://www.seleniumhq.org/exceptions/no_such_element.html\nBuild info: version: '3.141.59', revision: 'e82be7d358', time: '2018-11-14T08:17:03'\nSystem info: host: 'ADMIN', ip: '192.168.31.72', os.name: 'Windows 10', os.arch: 'amd64', os.version: '10.0', java.version: '11.0.17'\nDriver info: org.openqa.selenium.chrome.ChromeDriver\nCapabilities {acceptInsecureCerts: false, browserName: chrome, browserVersion: 109.0.5414.122, chrome: {chromedriverVersion: 109.0.5414.74 (e7c5703604da..., userDataDir: C:\\Users\\Admin\\AppData\\Loca...}, goog:chromeOptions: {debuggerAddress: localhost:55455}, javascriptEnabled: true, networkConnectionEnabled: false, pageLoadStrategy: normal, platform: WINDOWS, platformName: WINDOWS, proxy: Proxy(), setWindowRect: true, strictFileInteractability: false, timeouts: {implicit: 0, pageLoad: 300000, script: 30000}, unhandledPromptBehavior: dismiss and notify, webauthn:extension:credBlob: true, webauthn:extension:largeBlob: true, webauthn:virtualAuthenticators: true}\nSession ID: 8ab4c20b4b99d70c4c7ad8df45456d7b\n*** Element info: {Using=xpath, value=//div[@id='firstname-error']}","time":{"start":1676344034760,"stop":1676344090923,"duration":56163}},{"uid":"8d9280d201346364","status":"passed","time":{"start":1676343774184,"stop":1676343812220,"duration":38036}},{"uid":"892e9398549f317","status":"passed","time":{"start":1676343500659,"stop":1676343538523,"duration":37864}},{"uid":"651d52a85a80efc1","status":"passed","time":{"start":1676343395378,"stop":1676343435346,"duration":39968}},{"uid":"4d7dae551bfffcf8","status":"broken","statusDetails":"no such element: Unable to locate element: {\"method\":\"xpath\",\"selector\":\"//div[@id='mobile_number-error']\"}\n  (Session info: chrome=109.0.5414.122)\nFor documentation on this error, please visit: https://www.seleniumhq.org/exceptions/no_such_element.html\nBuild info: version: '3.141.59', revision: 'e82be7d358', time: '2018-11-14T08:17:03'\nSystem info: host: 'ADMIN', ip: '192.168.31.72', os.name: 'Windows 10', os.arch: 'amd64', os.version: '10.0', java.version: '11.0.17'\nDriver info: org.openqa.selenium.chrome.ChromeDriver\nCapabilities {acceptInsecureCerts: false, browserName: chrome, browserVersion: 109.0.5414.122, chrome: {chromedriverVersion: 109.0.5414.74 (e7c5703604da..., userDataDir: C:\\Users\\Admin\\AppData\\Loca...}, goog:chromeOptions: {debuggerAddress: localhost:53672}, javascriptEnabled: true, networkConnectionEnabled: false, pageLoadStrategy: normal, platform: WINDOWS, platformName: WINDOWS, proxy: Proxy(), setWindowRect: true, strictFileInteractability: false, timeouts: {implicit: 0, pageLoad: 300000, script: 30000}, unhandledPromptBehavior: dismiss and notify, webauthn:extension:credBlob: true, webauthn:extension:largeBlob: true, webauthn:virtualAuthenticators: true}\nSession ID: 84076755d045846b163d20891d037054\n*** Element info: {Using=xpath, value=//div[@id='mobile_number-error']}","time":{"start":1676342952280,"stop":1676342996889,"duration":44609}},{"uid":"590665af1e06a42c","status":"broken","statusDetails":"no such element: Unable to locate element: {\"method\":\"xpath\",\"selector\":\"//div[@id='firstname-error']\"}\n  (Session info: chrome=109.0.5414.122)\nFor documentation on this error, please visit: https://www.seleniumhq.org/exceptions/no_such_element.html\nBuild info: version: '3.141.59', revision: 'e82be7d358', time: '2018-11-14T08:17:03'\nSystem info: host: 'ADMIN', ip: '192.168.31.72', os.name: 'Windows 10', os.arch: 'amd64', os.version: '10.0', java.version: '11.0.17'\nDriver info: org.openqa.selenium.chrome.ChromeDriver\nCapabilities {acceptInsecureCerts: false, browserName: chrome, browserVersion: 109.0.5414.122, chrome: {chromedriverVersion: 109.0.5414.74 (e7c5703604da..., userDataDir: C:\\Users\\Admin\\AppData\\Loca...}, goog:chromeOptions: {debuggerAddress: localhost:53286}, javascriptEnabled: true, networkConnectionEnabled: false, pageLoadStrategy: normal, platform: WINDOWS, platformName: WINDOWS, proxy: Proxy(), setWindowRect: true, strictFileInteractability: false, timeouts: {implicit: 0, pageLoad: 300000, script: 30000}, unhandledPromptBehavior: dismiss and notify, webauthn:extension:credBlob: true, webauthn:extension:largeBlob: true, webauthn:virtualAuthenticators: true}\nSession ID: 9175d9cf5ace4bc4a999466ad20c7172\n*** Element info: {Using=xpath, value=//div[@id='firstname-error']}","time":{"start":1676342453441,"stop":1676342507449,"duration":54008}},{"uid":"fe431b57f58bc8f1","status":"broken","statusDetails":"element not interactable\n  (Session info: chrome=109.0.5414.122)\nBuild info: version: '3.141.59', revision: 'e82be7d358', time: '2018-11-14T08:17:03'\nSystem info: host: 'ADMIN', ip: '192.168.31.72', os.name: 'Windows 10', os.arch: 'amd64', os.version: '10.0', java.version: '11.0.17'\nDriver info: org.openqa.selenium.chrome.ChromeDriver\nCapabilities {acceptInsecureCerts: false, browserName: chrome, browserVersion: 109.0.5414.122, chrome: {chromedriverVersion: 109.0.5414.74 (e7c5703604da..., userDataDir: C:\\Users\\Admin\\AppData\\Loca...}, goog:chromeOptions: {debuggerAddress: localhost:52971}, javascriptEnabled: true, networkConnectionEnabled: false, pageLoadStrategy: normal, platform: WINDOWS, platformName: WINDOWS, proxy: Proxy(), setWindowRect: true, strictFileInteractability: false, timeouts: {implicit: 0, pageLoad: 300000, script: 30000}, unhandledPromptBehavior: dismiss and notify, webauthn:extension:credBlob: true, webauthn:extension:largeBlob: true, webauthn:virtualAuthenticators: true}\nSession ID: b6ffc00e708075d3c4ea8e5c2383727f","time":{"start":1676342316845,"stop":1676342330631,"duration":13786}},{"uid":"c5823319f6f60380","status":"broken","statusDetails":"element not interactable\n  (Session info: chrome=109.0.5414.122)\nBuild info: version: '3.141.59', revision: 'e82be7d358', time: '2018-11-14T08:17:03'\nSystem info: host: 'ADMIN', ip: '192.168.31.72', os.name: 'Windows 10', os.arch: 'amd64', os.version: '10.0', java.version: '11.0.17'\nDriver info: org.openqa.selenium.chrome.ChromeDriver\nCapabilities {acceptInsecureCerts: false, browserName: chrome, browserVersion: 109.0.5414.122, chrome: {chromedriverVersion: 109.0.5414.74 (e7c5703604da..., userDataDir: C:\\Users\\Admin\\AppData\\Loca...}, goog:chromeOptions: {debuggerAddress: localhost:52619}, javascriptEnabled: true, networkConnectionEnabled: false, pageLoadStrategy: normal, platform: WINDOWS, platformName: WINDOWS, proxy: Proxy(), setWindowRect: true, strictFileInteractability: false, timeouts: {implicit: 0, pageLoad: 300000, script: 30000}, unhandledPromptBehavior: dismiss and notify, webauthn:extension:credBlob: true, webauthn:extension:largeBlob: true, webauthn:virtualAuthenticators: true}\nSession ID: 79a7c88f45ef9c035b98266e127c9624","time":{"start":1676342162911,"stop":1676342192827,"duration":29916}},{"uid":"76385a6108979407","status":"broken","statusDetails":"no such element: Unable to locate element: {\"method\":\"xpath\",\"selector\":\"//div[@id='mobile_number-error']\"}\n  (Session info: chrome=109.0.5414.122)\nFor documentation on this error, please visit: https://www.seleniumhq.org/exceptions/no_such_element.html\nBuild info: version: '3.141.59', revision: 'e82be7d358', time: '2018-11-14T08:17:03'\nSystem info: host: 'ADMIN', ip: '192.168.31.72', os.name: 'Windows 10', os.arch: 'amd64', os.version: '10.0', java.version: '11.0.17'\nDriver info: org.openqa.selenium.chrome.ChromeDriver\nCapabilities {acceptInsecureCerts: false, browserName: chrome, browserVersion: 109.0.5414.122, chrome: {chromedriverVersion: 109.0.5414.74 (e7c5703604da..., userDataDir: C:\\Users\\Admin\\AppData\\Loca...}, goog:chromeOptions: {debuggerAddress: localhost:51826}, javascriptEnabled: true, networkConnectionEnabled: false, pageLoadStrategy: normal, platform: WINDOWS, platformName: WINDOWS, proxy: Proxy(), setWindowRect: true, strictFileInteractability: false, timeouts: {implicit: 0, pageLoad: 300000, script: 30000}, unhandledPromptBehavior: dismiss and notify, webauthn:extension:credBlob: true, webauthn:extension:largeBlob: true, webauthn:virtualAuthenticators: true}\nSession ID: 884451cd68ff47641128980ad5e9cd5e\n*** Element info: {Using=xpath, value=//div[@id='mobile_number-error']}","time":{"start":1676341684940,"stop":1676341766819,"duration":81879}},{"uid":"710fcd54fafa2c71","status":"broken","statusDetails":"element click intercepted: Element is not clickable at point (1771, -25)\n  (Session info: chrome=109.0.5414.122)\nBuild info: version: '3.141.59', revision: 'e82be7d358', time: '2018-11-14T08:17:03'\nSystem info: host: 'ADMIN', ip: '192.168.31.72', os.name: 'Windows 10', os.arch: 'amd64', os.version: '10.0', java.version: '11.0.17'\nDriver info: org.openqa.selenium.chrome.ChromeDriver\nCapabilities {acceptInsecureCerts: false, browserName: chrome, browserVersion: 109.0.5414.122, chrome: {chromedriverVersion: 109.0.5414.74 (e7c5703604da..., userDataDir: C:\\Users\\Admin\\AppData\\Loca...}, goog:chromeOptions: {debuggerAddress: localhost:50895}, javascriptEnabled: true, networkConnectionEnabled: false, pageLoadStrategy: normal, platform: WINDOWS, platformName: WINDOWS, proxy: Proxy(), setWindowRect: true, strictFileInteractability: false, timeouts: {implicit: 0, pageLoad: 300000, script: 30000}, unhandledPromptBehavior: dismiss and notify, webauthn:extension:credBlob: true, webauthn:extension:largeBlob: true, webauthn:virtualAuthenticators: true}\nSession ID: c7b6cca51e79a92dda404f0592e50181","time":{"start":1676340408302,"stop":1676340426222,"duration":17920}},{"uid":"256f18a47252823d","status":"broken","statusDetails":"no such element: Unable to locate element: {\"method\":\"xpath\",\"selector\":\"//div[@id='mobile_number-error']\"}\n  (Session info: chrome=109.0.5414.122)\nFor documentation on this error, please visit: https://www.seleniumhq.org/exceptions/no_such_element.html\nBuild info: version: '3.141.59', revision: 'e82be7d358', time: '2018-11-14T08:17:03'\nSystem info: host: 'ADMIN', ip: '192.168.31.72', os.name: 'Windows 10', os.arch: 'amd64', os.version: '10.0', java.version: '11.0.17'\nDriver info: org.openqa.selenium.chrome.ChromeDriver\nCapabilities {acceptInsecureCerts: false, browserName: chrome, browserVersion: 109.0.5414.122, chrome: {chromedriverVersion: 109.0.5414.74 (e7c5703604da..., userDataDir: C:\\Users\\Admin\\AppData\\Loca...}, goog:chromeOptions: {debuggerAddress: localhost:50176}, javascriptEnabled: true, networkConnectionEnabled: false, pageLoadStrategy: normal, platform: WINDOWS, platformName: WINDOWS, proxy: Proxy(), setWindowRect: true, strictFileInteractability: false, timeouts: {implicit: 0, pageLoad: 300000, script: 30000}, unhandledPromptBehavior: dismiss and notify, webauthn:extension:credBlob: true, webauthn:extension:largeBlob: true, webauthn:virtualAuthenticators: true}\nSession ID: e42eddc289d93b91f27753199d77bb80\n*** Element info: {Using=xpath, value=//div[@id='mobile_number-error']}","time":{"start":1676339878167,"stop":1676339962694,"duration":84527}},{"uid":"b5eb487c41d6dd68","status":"passed","time":{"start":1676286434303,"stop":1676286495673,"duration":61370}},{"uid":"dfeef3501ae89cb3","status":"passed","time":{"start":1676284966236,"stop":1676285007970,"duration":41734}},{"uid":"f94cbd77014fee1b","status":"passed","time":{"start":1676284339607,"stop":1676284390648,"duration":51041}},{"uid":"f322935fee043178","status":"passed","time":{"start":1676283885578,"stop":1676283930668,"duration":45090}},{"uid":"b66a87b2556b9124","status":"broken","statusDetails":"element click intercepted: Element <a href=\"https://dev3.glamira.com/glcn/customer/account/create/\" class=\"action secondary\">...</a> is not clickable at point (1658, 735). Other element would receive the click: <div class=\"geoip-detect-right\">...</div>\n  (Session info: chrome=109.0.5414.121)\nBuild info: version: '3.141.59', revision: 'e82be7d358', time: '2018-11-14T08:17:03'\nSystem info: host: 'ADMIN', ip: '192.168.31.72', os.name: 'Windows 10', os.arch: 'amd64', os.version: '10.0', java.version: '11.0.17'\nDriver info: org.openqa.selenium.chrome.ChromeDriver\nCapabilities {acceptInsecureCerts: false, browserName: chrome, browserVersion: 109.0.5414.121, chrome: {chromedriverVersion: 109.0.5414.74 (e7c5703604da..., userDataDir: C:\\Users\\Admin\\AppData\\Loca...}, goog:chromeOptions: {debuggerAddress: localhost:60799}, javascriptEnabled: true, networkConnectionEnabled: false, pageLoadStrategy: normal, platform: WINDOWS, platformName: WINDOWS, proxy: Proxy(), setWindowRect: true, strictFileInteractability: false, timeouts: {implicit: 0, pageLoad: 300000, script: 30000}, unhandledPromptBehavior: dismiss and notify, webauthn:extension:credBlob: true, webauthn:extension:largeBlob: true, webauthn:virtualAuthenticators: true}\nSession ID: c1cbb72737013e7f689d458aaf89f09f","time":{"start":1676283352869,"stop":1676283374868,"duration":21999}},{"uid":"688d571c06368763","status":"passed","time":{"start":1672899917759,"stop":1672900008996,"duration":91237}},{"uid":"ab33d475a3a7fd2d","status":"passed","time":{"start":1672894679095,"stop":1672894706840,"duration":27745}},{"uid":"d911481261c442b6","status":"passed","time":{"start":1672894460784,"stop":1672894505338,"duration":44554}},{"uid":"db5e368d72289946","status":"passed","time":{"start":1672894259648,"stop":1672894309430,"duration":49782}},{"uid":"c762f81067ced155","status":"passed","time":{"start":1672887435937,"stop":1672887490403,"duration":54466}},{"uid":"f6c694fd5e9284ee","status":"passed","time":{"start":1672886113116,"stop":1672886139130,"duration":26014}},{"uid":"b2eecc165ee11c9f","status":"passed","time":{"start":1672885011671,"stop":1672885034904,"duration":23233}},{"uid":"128be18b04f4496a","status":"passed","time":{"start":1672884887895,"stop":1672884911993,"duration":24098}},{"uid":"f78434e5d06b4e34","status":"passed","time":{"start":1672884600151,"stop":1672884634086,"duration":33935}},{"uid":"69efc7533fc4aed8","status":"passed","time":{"start":1672884232503,"stop":1672884302463,"duration":69960}},{"uid":"1ca7f0c6b2349cd8","status":"skipped","statusDetails":"unknown error: Chrome failed to start: exited normally.\n  (unknown error: DevToolsActivePort file doesn't exist)\n  (The process started from chrome location C:\\Program Files (x86)\\Google\\Chrome\\Application\\chrome.exe is no longer running, so ChromeDriver is assuming that Chrome has crashed.)\nBuild info: version: '3.141.59', revision: 'e82be7d358', time: '2018-11-14T08:17:03'\nSystem info: host: 'ADMIN', ip: '192.168.31.64', os.name: 'Windows 10', os.arch: 'amd64', os.version: '10.0', java.version: '11.0.17'\nDriver info: driver.version: ChromeDriver\nremote stacktrace: Backtrace:\n\t(No symbol) [0x011FF243]\n\t(No symbol) [0x01187FD1]\n\t(No symbol) [0x0107D04D]\n\t(No symbol) [0x0109C24E]\n\t(No symbol) [0x010982E9]\n\t(No symbol) [0x010CF056]\n\t(No symbol) [0x010CEB2A]\n\t(No symbol) [0x010C8386]\n\t(No symbol) [0x010A163C]\n\t(No symbol) [0x010A269D]\n\tGetHandleVerifier [0x01499A22+2655074]\n\tGetHandleVerifier [0x0148CA24+2601828]\n\tGetHandleVerifier [0x012A8C0A+619850]\n\tGetHandleVerifier [0x012A7830+614768]\n\t(No symbol) [0x011905FC]\n\t(No symbol) [0x01195968]\n\t(No symbol) [0x01195A55]\n\t(No symbol) [0x011A051B]\n\tBaseThreadInitThunk [0x752800F9+25]\n\tRtlGetAppContainerNamedObjectPath [0x771B7BBE+286]\n\tRtlGetAppContainerNamedObjectPath [0x771B7B8E+238]\n","time":{"start":1672829208623,"stop":1672829208627,"duration":4}},{"uid":"bf69c71c1c92ddc9","status":"skipped","statusDetails":"unknown error: DevToolsActivePort file doesn't exist\nBuild info: version: '3.141.59', revision: 'e82be7d358', time: '2018-11-14T08:17:03'\nSystem info: host: 'ADMIN', ip: '192.168.31.64', os.name: 'Windows 10', os.arch: 'amd64', os.version: '10.0', java.version: '11.0.17'\nDriver info: driver.version: ChromeDriver\nremote stacktrace: Backtrace:\n\t(No symbol) [0x011FF243]\n\t(No symbol) [0x01187FD1]\n\t(No symbol) [0x0107D04D]\n\t(No symbol) [0x0109EAD4]\n\t(No symbol) [0x0109A7AE]\n\t(No symbol) [0x010982E9]\n\t(No symbol) [0x010CF056]\n\t(No symbol) [0x010CEB2A]\n\t(No symbol) [0x010C8386]\n\t(No symbol) [0x010A163C]\n\t(No symbol) [0x010A269D]\n\tGetHandleVerifier [0x01499A22+2655074]\n\tGetHandleVerifier [0x0148CA24+2601828]\n\tGetHandleVerifier [0x012A8C0A+619850]\n\tGetHandleVerifier [0x012A7830+614768]\n\t(No symbol) [0x011905FC]\n\t(No symbol) [0x01195968]\n\t(No symbol) [0x01195A55]\n\t(No symbol) [0x011A051B]\n\tBaseThreadInitThunk [0x752800F9+25]\n\tRtlGetAppContainerNamedObjectPath [0x771B7BBE+286]\n\tRtlGetAppContainerNamedObjectPath [0x771B7B8E+238]\n","time":{"start":1672829144358,"stop":1672829144362,"duration":4}},{"uid":"e12916f5233636e6","status":"broken","statusDetails":"no such element: Unable to locate element: {\"method\":\"xpath\",\"selector\":\"//div[@id='firstname-error']\"}\n  (Session info: chrome=108.0.5359.125)\nFor documentation on this error, please visit: https://www.seleniumhq.org/exceptions/no_such_element.html\nBuild info: version: '3.141.59', revision: 'e82be7d358', time: '2018-11-14T08:17:03'\nSystem info: host: 'ADMIN', ip: '192.168.31.64', os.name: 'Windows 10', os.arch: 'amd64', os.version: '10.0', java.version: '11.0.17'\nDriver info: org.openqa.selenium.chrome.ChromeDriver\nCapabilities {acceptInsecureCerts: false, browserName: chrome, browserVersion: 108.0.5359.125, chrome: {chromedriverVersion: 108.0.5359.71 (1e0e3868ee06..., userDataDir: C:\\Users\\Admin\\AppData\\Loca...}, goog:chromeOptions: {debuggerAddress: localhost:59924}, javascriptEnabled: true, networkConnectionEnabled: false, pageLoadStrategy: normal, platform: WINDOWS, platformName: WINDOWS, proxy: Proxy(), setWindowRect: true, strictFileInteractability: false, timeouts: {implicit: 0, pageLoad: 300000, script: 30000}, unhandledPromptBehavior: dismiss and notify, webauthn:extension:credBlob: true, webauthn:extension:largeBlob: true, webauthn:virtualAuthenticators: true}\nSession ID: aac26664205fc712069138627f1a21f4\n*** Element info: {Using=xpath, value=//div[@id='firstname-error']}","time":{"start":1672829013122,"stop":1672829035673,"duration":22551}},{"uid":"460d7790e81e667a","status":"broken","statusDetails":"no such element: Unable to locate element: {\"method\":\"xpath\",\"selector\":\"//div[@id='firstname-error']\"}\n  (Session info: chrome=108.0.5359.125)\nFor documentation on this error, please visit: https://www.seleniumhq.org/exceptions/no_such_element.html\nBuild info: version: '3.141.59', revision: 'e82be7d358', time: '2018-11-14T08:17:03'\nSystem info: host: 'ADMIN', ip: '192.168.31.64', os.name: 'Windows 10', os.arch: 'amd64', os.version: '10.0', java.version: '11.0.17'\nDriver info: org.openqa.selenium.chrome.ChromeDriver\nCapabilities {acceptInsecureCerts: false, browserName: chrome, browserVersion: 108.0.5359.125, chrome: {chromedriverVersion: 108.0.5359.71 (1e0e3868ee06..., userDataDir: C:\\Users\\Admin\\AppData\\Loca...}, goog:chromeOptions: {debuggerAddress: localhost:59525}, javascriptEnabled: true, networkConnectionEnabled: false, pageLoadStrategy: normal, platform: WINDOWS, platformName: WINDOWS, proxy: Proxy(), setWindowRect: true, strictFileInteractability: false, timeouts: {implicit: 0, pageLoad: 300000, script: 30000}, unhandledPromptBehavior: dismiss and notify, webauthn:extension:credBlob: true, webauthn:extension:largeBlob: true, webauthn:virtualAuthenticators: true}\nSession ID: c52af2dbf00a7f006ec08326a3ccff20\n*** Element info: {Using=xpath, value=//div[@id='firstname-error']}","time":{"start":1672828805293,"stop":1672828828717,"duration":23424}},{"uid":"791ee0401e9d6d9c","status":"skipped","statusDetails":"unknown error: DevToolsActivePort file doesn't exist\nBuild info: version: '3.141.59', revision: 'e82be7d358', time: '2018-11-14T08:17:03'\nSystem info: host: 'ADMIN', ip: '192.168.31.64', os.name: 'Windows 10', os.arch: 'amd64', os.version: '10.0', java.version: '11.0.17'\nDriver info: driver.version: ChromeDriver\nremote stacktrace: Backtrace:\n\t(No symbol) [0x011FF243]\n\t(No symbol) [0x01187FD1]\n\t(No symbol) [0x0107D04D]\n\t(No symbol) [0x0109EAD4]\n\t(No symbol) [0x0109A7AE]\n\t(No symbol) [0x010982E9]\n\t(No symbol) [0x010CF056]\n\t(No symbol) [0x010CEB2A]\n\t(No symbol) [0x010C8386]\n\t(No symbol) [0x010A163C]\n\t(No symbol) [0x010A269D]\n\tGetHandleVerifier [0x01499A22+2655074]\n\tGetHandleVerifier [0x0148CA24+2601828]\n\tGetHandleVerifier [0x012A8C0A+619850]\n\tGetHandleVerifier [0x012A7830+614768]\n\t(No symbol) [0x011905FC]\n\t(No symbol) [0x01195968]\n\t(No symbol) [0x01195A55]\n\t(No symbol) [0x011A051B]\n\tBaseThreadInitThunk [0x752800F9+25]\n\tRtlGetAppContainerNamedObjectPath [0x771B7BBE+286]\n\tRtlGetAppContainerNamedObjectPath [0x771B7B8E+238]\n","time":{"start":1672828656913,"stop":1672828656918,"duration":5}},{"uid":"cac8776fa48d90dc","status":"broken","statusDetails":"no such element: Unable to locate element: {\"method\":\"xpath\",\"selector\":\"//div[@id='firstname-error']\"}\n  (Session info: chrome=108.0.5359.125)\nFor documentation on this error, please visit: https://www.seleniumhq.org/exceptions/no_such_element.html\nBuild info: version: '3.141.59', revision: 'e82be7d358', time: '2018-11-14T08:17:03'\nSystem info: host: 'ADMIN', ip: '192.168.31.64', os.name: 'Windows 10', os.arch: 'amd64', os.version: '10.0', java.version: '11.0.17'\nDriver info: org.openqa.selenium.chrome.ChromeDriver\nCapabilities {acceptInsecureCerts: false, browserName: chrome, browserVersion: 108.0.5359.125, chrome: {chromedriverVersion: 108.0.5359.71 (1e0e3868ee06..., userDataDir: C:\\Users\\Admin\\AppData\\Loca...}, goog:chromeOptions: {debuggerAddress: localhost:58960}, javascriptEnabled: true, networkConnectionEnabled: false, pageLoadStrategy: normal, platform: WINDOWS, platformName: WINDOWS, proxy: Proxy(), setWindowRect: true, strictFileInteractability: false, timeouts: {implicit: 0, pageLoad: 300000, script: 30000}, unhandledPromptBehavior: dismiss and notify, webauthn:extension:credBlob: true, webauthn:extension:largeBlob: true, webauthn:virtualAuthenticators: true}\nSession ID: 2b30a198049f1e4f4e271fbb548cff62\n*** Element info: {Using=xpath, value=//div[@id='firstname-error']}","time":{"start":1672828390567,"stop":1672828433882,"duration":43315}},{"uid":"392757db7d117413","status":"broken","statusDetails":"no such element: Unable to locate element: {\"method\":\"xpath\",\"selector\":\"//div[@id='firstname-error']\"}\n  (Session info: chrome=108.0.5359.125)\nFor documentation on this error, please visit: https://www.seleniumhq.org/exceptions/no_such_element.html\nBuild info: version: '3.141.59', revision: 'e82be7d358', time: '2018-11-14T08:17:03'\nSystem info: host: 'ADMIN', ip: '192.168.31.64', os.name: 'Windows 10', os.arch: 'amd64', os.version: '10.0', java.version: '11.0.17'\nDriver info: org.openqa.selenium.chrome.ChromeDriver\nCapabilities {acceptInsecureCerts: false, browserName: chrome, browserVersion: 108.0.5359.125, chrome: {chromedriverVersion: 108.0.5359.71 (1e0e3868ee06..., userDataDir: C:\\Users\\Admin\\AppData\\Loca...}, goog:chromeOptions: {debuggerAddress: localhost:58495}, javascriptEnabled: true, networkConnectionEnabled: false, pageLoadStrategy: normal, platform: WINDOWS, platformName: WINDOWS, proxy: Proxy(), setWindowRect: true, strictFileInteractability: false, timeouts: {implicit: 0, pageLoad: 300000, script: 30000}, unhandledPromptBehavior: dismiss and notify, webauthn:extension:credBlob: true, webauthn:extension:largeBlob: true, webauthn:virtualAuthenticators: true}\nSession ID: 4e9f52d7291bd047f8849a1c82e3a281\n*** Element info: {Using=xpath, value=//div[@id='firstname-error']}","time":{"start":1672828243677,"stop":1672828277093,"duration":33416}},{"uid":"1a579f09d7f4e8da","status":"skipped","statusDetails":"unknown error: failed to write prefs file\nBuild info: version: '3.141.59', revision: 'e82be7d358', time: '2018-11-14T08:17:03'\nSystem info: host: 'ADMIN', ip: '192.168.31.64', os.name: 'Windows 10', os.arch: 'amd64', os.version: '10.0', java.version: '11.0.17'\nDriver info: driver.version: ChromeDriver\nremote stacktrace: Backtrace:\n\t(No symbol) [0x011FF243]\n\t(No symbol) [0x01187FD1]\n\t(No symbol) [0x0107D04D]\n\t(No symbol) [0x0109E447]\n\t(No symbol) [0x0109E5CA]\n\t(No symbol) [0x0109BA02]\n\t(No symbol) [0x010982E9]\n\t(No symbol) [0x010CF056]\n\t(No symbol) [0x010CEB2A]\n\t(No symbol) [0x010C8386]\n\t(No symbol) [0x010A163C]\n\t(No symbol) [0x010A269D]\n\tGetHandleVerifier [0x01499A22+2655074]\n\tGetHandleVerifier [0x0148CA24+2601828]\n\tGetHandleVerifier [0x012A8C0A+619850]\n\tGetHandleVerifier [0x012A7830+614768]\n\t(No symbol) [0x011905FC]\n\t(No symbol) [0x01195968]\n\t(No symbol) [0x01195A55]\n\t(No symbol) [0x011A051B]\n\tBaseThreadInitThunk [0x752800F9+25]\n\tRtlGetAppContainerNamedObjectPath [0x771B7BBE+286]\n\tRtlGetAppContainerNamedObjectPath [0x771B7B8E+238]\n","time":{"start":1672828102096,"stop":1672828102102,"duration":6}},{"uid":"da8085577333b576","status":"broken","statusDetails":"no such element: Unable to locate element: {\"method\":\"xpath\",\"selector\":\"//div[@id='firstname-error']\"}\n  (Session info: chrome=108.0.5359.125)\nFor documentation on this error, please visit: https://www.seleniumhq.org/exceptions/no_such_element.html\nBuild info: version: '3.141.59', revision: 'e82be7d358', time: '2018-11-14T08:17:03'\nSystem info: host: 'ADMIN', ip: '192.168.31.64', os.name: 'Windows 10', os.arch: 'amd64', os.version: '10.0', java.version: '11.0.17'\nDriver info: org.openqa.selenium.chrome.ChromeDriver\nCapabilities {acceptInsecureCerts: false, browserName: chrome, browserVersion: 108.0.5359.125, chrome: {chromedriverVersion: 108.0.5359.71 (1e0e3868ee06..., userDataDir: C:\\Users\\Admin\\AppData\\Loca...}, goog:chromeOptions: {debuggerAddress: localhost:57665}, javascriptEnabled: true, networkConnectionEnabled: false, pageLoadStrategy: normal, platform: WINDOWS, platformName: WINDOWS, proxy: Proxy(), setWindowRect: true, strictFileInteractability: false, timeouts: {implicit: 0, pageLoad: 300000, script: 30000}, unhandledPromptBehavior: dismiss and notify, webauthn:extension:credBlob: true, webauthn:extension:largeBlob: true, webauthn:virtualAuthenticators: true}\nSession ID: 7163282344d2e41add69ca666e046088\n*** Element info: {Using=xpath, value=//div[@id='firstname-error']}","time":{"start":1672827822806,"stop":1672827845724,"duration":22918}},{"uid":"5f5ad79a6d4b94b4","status":"broken","statusDetails":"no such element: Unable to locate element: {\"method\":\"xpath\",\"selector\":\"//div[@id='firstname-error']\"}\n  (Session info: chrome=108.0.5359.125)\nFor documentation on this error, please visit: https://www.seleniumhq.org/exceptions/no_such_element.html\nBuild info: version: '3.141.59', revision: 'e82be7d358', time: '2018-11-14T08:17:03'\nSystem info: host: 'ADMIN', ip: '192.168.31.64', os.name: 'Windows 10', os.arch: 'amd64', os.version: '10.0', java.version: '11.0.17'\nDriver info: org.openqa.selenium.chrome.ChromeDriver\nCapabilities {acceptInsecureCerts: false, browserName: chrome, browserVersion: 108.0.5359.125, chrome: {chromedriverVersion: 108.0.5359.71 (1e0e3868ee06..., userDataDir: C:\\Users\\Admin\\AppData\\Loca...}, goog:chromeOptions: {debuggerAddress: localhost:57352}, javascriptEnabled: true, networkConnectionEnabled: false, pageLoadStrategy: normal, platform: WINDOWS, platformName: WINDOWS, proxy: Proxy(), setWindowRect: true, strictFileInteractability: false, timeouts: {implicit: 0, pageLoad: 300000, script: 30000}, unhandledPromptBehavior: dismiss and notify, webauthn:extension:credBlob: true, webauthn:extension:largeBlob: true, webauthn:virtualAuthenticators: true}\nSession ID: 6642d51c5779acd20677b24efbfc789b\n*** Element info: {Using=xpath, value=//div[@id='firstname-error']}","time":{"start":1672827728982,"stop":1672827750631,"duration":21649}},{"uid":"e6bd7efbfd7dc3fa","status":"skipped","statusDetails":"unknown error: DevToolsActivePort file doesn't exist\nBuild info: version: '3.141.59', revision: 'e82be7d358', time: '2018-11-14T08:17:03'\nSystem info: host: 'ADMIN', ip: '192.168.31.64', os.name: 'Windows 10', os.arch: 'amd64', os.version: '10.0', java.version: '11.0.17'\nDriver info: driver.version: ChromeDriver\nremote stacktrace: Backtrace:\n\t(No symbol) [0x011FF243]\n\t(No symbol) [0x01187FD1]\n\t(No symbol) [0x0107D04D]\n\t(No symbol) [0x0109EAD4]\n\t(No symbol) [0x0109A7AE]\n\t(No symbol) [0x010982E9]\n\t(No symbol) [0x010CF056]\n\t(No symbol) [0x010CEB2A]\n\t(No symbol) [0x010C8386]\n\t(No symbol) [0x010A163C]\n\t(No symbol) [0x010A269D]\n\tGetHandleVerifier [0x01499A22+2655074]\n\tGetHandleVerifier [0x0148CA24+2601828]\n\tGetHandleVerifier [0x012A8C0A+619850]\n\tGetHandleVerifier [0x012A7830+614768]\n\t(No symbol) [0x011905FC]\n\t(No symbol) [0x01195968]\n\t(No symbol) [0x01195A55]\n\t(No symbol) [0x011A051B]\n\tBaseThreadInitThunk [0x752800F9+25]\n\tRtlGetAppContainerNamedObjectPath [0x771B7BBE+286]\n\tRtlGetAppContainerNamedObjectPath [0x771B7B8E+238]\n","time":{"start":1672827690827,"stop":1672827690829,"duration":2}},{"uid":"4bd2741aad6544e4","status":"broken","statusDetails":"no such element: Unable to locate element: {\"method\":\"xpath\",\"selector\":\"//div[@id='firstname-error']\"}\n  (Session info: chrome=108.0.5359.125)\nFor documentation on this error, please visit: https://www.seleniumhq.org/exceptions/no_such_element.html\nBuild info: version: '3.141.59', revision: 'e82be7d358', time: '2018-11-14T08:17:03'\nSystem info: host: 'ADMIN', ip: '192.168.31.64', os.name: 'Windows 10', os.arch: 'amd64', os.version: '10.0', java.version: '11.0.17'\nDriver info: org.openqa.selenium.chrome.ChromeDriver\nCapabilities {acceptInsecureCerts: false, browserName: chrome, browserVersion: 108.0.5359.125, chrome: {chromedriverVersion: 108.0.5359.71 (1e0e3868ee06..., userDataDir: C:\\Users\\Admin\\AppData\\Loca...}, goog:chromeOptions: {debuggerAddress: localhost:56824}, javascriptEnabled: true, networkConnectionEnabled: false, pageLoadStrategy: normal, platform: WINDOWS, platformName: WINDOWS, proxy: Proxy(), setWindowRect: true, strictFileInteractability: false, timeouts: {implicit: 0, pageLoad: 300000, script: 30000}, unhandledPromptBehavior: dismiss and notify, webauthn:extension:credBlob: true, webauthn:extension:largeBlob: true, webauthn:virtualAuthenticators: true}\nSession ID: a7aca9bebd6fe5afeb08797e9fa502f8\n*** Element info: {Using=xpath, value=//div[@id='firstname-error']}","time":{"start":1672827449764,"stop":1672827469374,"duration":19610}},{"uid":"76193483235bb1b","status":"broken","statusDetails":"no such element: Unable to locate element: {\"method\":\"xpath\",\"selector\":\"//div[@id='firstname-error']\"}\n  (Session info: chrome=108.0.5359.125)\nFor documentation on this error, please visit: https://www.seleniumhq.org/exceptions/no_such_element.html\nBuild info: version: '3.141.59', revision: 'e82be7d358', time: '2018-11-14T08:17:03'\nSystem info: host: 'ADMIN', ip: '192.168.31.64', os.name: 'Windows 10', os.arch: 'amd64', os.version: '10.0', java.version: '11.0.17'\nDriver info: org.openqa.selenium.chrome.ChromeDriver\nCapabilities {acceptInsecureCerts: false, browserName: chrome, browserVersion: 108.0.5359.125, chrome: {chromedriverVersion: 108.0.5359.71 (1e0e3868ee06..., userDataDir: C:\\Users\\Admin\\AppData\\Loca...}, goog:chromeOptions: {debuggerAddress: localhost:56222}, javascriptEnabled: true, networkConnectionEnabled: false, pageLoadStrategy: normal, platform: WINDOWS, platformName: WINDOWS, proxy: Proxy(), setWindowRect: true, strictFileInteractability: false, timeouts: {implicit: 0, pageLoad: 300000, script: 30000}, unhandledPromptBehavior: dismiss and notify, webauthn:extension:credBlob: true, webauthn:extension:largeBlob: true, webauthn:virtualAuthenticators: true}\nSession ID: abd902128e7519e2c6fcfdd6a057f770\n*** Element info: {Using=xpath, value=//div[@id='firstname-error']}","time":{"start":1672827026294,"stop":1672827072503,"duration":46209}},{"uid":"3ff017711f6bd3f0","status":"passed","time":{"start":1672826630455,"stop":1672826673074,"duration":42619}},{"uid":"a2c83e24b8eec05e","status":"skipped","statusDetails":"unknown error: DevToolsActivePort file doesn't exist\nBuild info: version: '3.141.59', revision: 'e82be7d358', time: '2018-11-14T08:17:03'\nSystem info: host: 'ADMIN', ip: '192.168.31.64', os.name: 'Windows 10', os.arch: 'amd64', os.version: '10.0', java.version: '11.0.17'\nDriver info: driver.version: ChromeDriver\nremote stacktrace: Backtrace:\n\t(No symbol) [0x011FF243]\n\t(No symbol) [0x01187FD1]\n\t(No symbol) [0x0107D04D]\n\t(No symbol) [0x0109EAD4]\n\t(No symbol) [0x0109A7AE]\n\t(No symbol) [0x010982E9]\n\t(No symbol) [0x010CF056]\n\t(No symbol) [0x010CEB2A]\n\t(No symbol) [0x010C8386]\n\t(No symbol) [0x010A163C]\n\t(No symbol) [0x010A269D]\n\tGetHandleVerifier [0x01499A22+2655074]\n\tGetHandleVerifier [0x0148CA24+2601828]\n\tGetHandleVerifier [0x012A8C0A+619850]\n\tGetHandleVerifier [0x012A7830+614768]\n\t(No symbol) [0x011905FC]\n\t(No symbol) [0x01195968]\n\t(No symbol) [0x01195A55]\n\t(No symbol) [0x011A051B]\n\tBaseThreadInitThunk [0x752800F9+25]\n\tRtlGetAppContainerNamedObjectPath [0x771B7BBE+286]\n\tRtlGetAppContainerNamedObjectPath [0x771B7B8E+238]\n","time":{"start":1672826581981,"stop":1672826581993,"duration":12}},{"uid":"ee8442156dcb848d","status":"broken","statusDetails":"no such element: Unable to locate element: {\"method\":\"xpath\",\"selector\":\"//div[@id='firstname-error']\"}\n  (Session info: chrome=108.0.5359.125)\nFor documentation on this error, please visit: https://www.seleniumhq.org/exceptions/no_such_element.html\nBuild info: version: '3.141.59', revision: 'e82be7d358', time: '2018-11-14T08:17:03'\nSystem info: host: 'ADMIN', ip: '192.168.31.64', os.name: 'Windows 10', os.arch: 'amd64', os.version: '10.0', java.version: '11.0.17'\nDriver info: org.openqa.selenium.chrome.ChromeDriver\nCapabilities {acceptInsecureCerts: false, browserName: chrome, browserVersion: 108.0.5359.125, chrome: {chromedriverVersion: 108.0.5359.71 (1e0e3868ee06..., userDataDir: C:\\Users\\Admin\\AppData\\Loca...}, goog:chromeOptions: {debuggerAddress: localhost:55232}, javascriptEnabled: true, networkConnectionEnabled: false, pageLoadStrategy: normal, platform: WINDOWS, platformName: WINDOWS, proxy: Proxy(), setWindowRect: true, strictFileInteractability: false, timeouts: {implicit: 0, pageLoad: 300000, script: 30000}, unhandledPromptBehavior: dismiss and notify, webauthn:extension:credBlob: true, webauthn:extension:largeBlob: true, webauthn:virtualAuthenticators: true}\nSession ID: 70b417872e317cd416fcd9a64438ad93\n*** Element info: {Using=xpath, value=//div[@id='firstname-error']}","time":{"start":1672826290158,"stop":1672826310832,"duration":20674}},{"uid":"c135f0fe3ae25b25","status":"broken","statusDetails":"no such element: Unable to locate element: {\"method\":\"xpath\",\"selector\":\"//div[@id='firstname-error']\"}\n  (Session info: chrome=108.0.5359.125)\nFor documentation on this error, please visit: https://www.seleniumhq.org/exceptions/no_such_element.html\nBuild info: version: '3.141.59', revision: 'e82be7d358', time: '2018-11-14T08:17:03'\nSystem info: host: 'ADMIN', ip: '192.168.31.64', os.name: 'Windows 10', os.arch: 'amd64', os.version: '10.0', java.version: '11.0.17'\nDriver info: org.openqa.selenium.chrome.ChromeDriver\nCapabilities {acceptInsecureCerts: false, browserName: chrome, browserVersion: 108.0.5359.125, chrome: {chromedriverVersion: 108.0.5359.71 (1e0e3868ee06..., userDataDir: C:\\Users\\Admin\\AppData\\Loca...}, goog:chromeOptions: {debuggerAddress: localhost:54758}, javascriptEnabled: true, networkConnectionEnabled: false, pageLoadStrategy: normal, platform: WINDOWS, platformName: WINDOWS, proxy: Proxy(), setWindowRect: true, strictFileInteractability: false, timeouts: {implicit: 0, pageLoad: 300000, script: 30000}, unhandledPromptBehavior: dismiss and notify, webauthn:extension:credBlob: true, webauthn:extension:largeBlob: true, webauthn:virtualAuthenticators: true}\nSession ID: f72f347fd1daa8a7014ef9171b615149\n*** Element info: {Using=xpath, value=//div[@id='firstname-error']}","time":{"start":1672826108361,"stop":1672826133724,"duration":25363}},{"uid":"4265fa260ec775a5","status":"broken","statusDetails":"no such element: Unable to locate element: {\"method\":\"xpath\",\"selector\":\"//div[@id='firstname-error']\"}\n  (Session info: chrome=108.0.5359.125)\nFor documentation on this error, please visit: https://www.seleniumhq.org/exceptions/no_such_element.html\nBuild info: version: '3.141.59', revision: 'e82be7d358', time: '2018-11-14T08:17:03'\nSystem info: host: 'ADMIN', ip: '192.168.31.64', os.name: 'Windows 10', os.arch: 'amd64', os.version: '10.0', java.version: '11.0.17'\nDriver info: org.openqa.selenium.chrome.ChromeDriver\nCapabilities {acceptInsecureCerts: false, browserName: chrome, browserVersion: 108.0.5359.125, chrome: {chromedriverVersion: 108.0.5359.71 (1e0e3868ee06..., userDataDir: C:\\Users\\Admin\\AppData\\Loca...}, goog:chromeOptions: {debuggerAddress: localhost:54430}, javascriptEnabled: true, networkConnectionEnabled: false, pageLoadStrategy: normal, platform: WINDOWS, platformName: WINDOWS, proxy: Proxy(), setWindowRect: true, strictFileInteractability: false, timeouts: {implicit: 0, pageLoad: 300000, script: 30000}, unhandledPromptBehavior: dismiss and notify, webauthn:extension:credBlob: true, webauthn:extension:largeBlob: true, webauthn:virtualAuthenticators: true}\nSession ID: 9e41b5308ca6693eb4ab1e09bbb1e861\n*** Element info: {Using=xpath, value=//div[@id='firstname-error']}","time":{"start":1672825922945,"stop":1672825958900,"duration":35955}},{"uid":"5402f2cb2d97c06c","status":"broken","statusDetails":"no such element: Unable to locate element: {\"method\":\"xpath\",\"selector\":\"//div[@id='firstname-error']\"}\n  (Session info: chrome=108.0.5359.125)\nFor documentation on this error, please visit: https://www.seleniumhq.org/exceptions/no_such_element.html\nBuild info: version: '3.141.59', revision: 'e82be7d358', time: '2018-11-14T08:17:03'\nSystem info: host: 'ADMIN', ip: '192.168.31.64', os.name: 'Windows 10', os.arch: 'amd64', os.version: '10.0', java.version: '11.0.17'\nDriver info: org.openqa.selenium.chrome.ChromeDriver\nCapabilities {acceptInsecureCerts: false, browserName: chrome, browserVersion: 108.0.5359.125, chrome: {chromedriverVersion: 108.0.5359.71 (1e0e3868ee06..., userDataDir: C:\\Users\\Admin\\AppData\\Loca...}, goog:chromeOptions: {debuggerAddress: localhost:54266}, javascriptEnabled: true, networkConnectionEnabled: false, pageLoadStrategy: normal, platform: WINDOWS, platformName: WINDOWS, proxy: Proxy(), setWindowRect: true, strictFileInteractability: false, timeouts: {implicit: 0, pageLoad: 300000, script: 30000}, unhandledPromptBehavior: dismiss and notify, webauthn:extension:credBlob: true, webauthn:extension:largeBlob: true, webauthn:virtualAuthenticators: true}\nSession ID: 45effe6bea796defcd5b25169d9edc36\n*** Element info: {Using=xpath, value=//div[@id='firstname-error']}","time":{"start":1672825858665,"stop":1672825879648,"duration":20983}},{"uid":"20e0b682bed3da54","status":"passed","time":{"start":1672825718796,"stop":1672825742487,"duration":23691}},{"uid":"ff2ad7fc472b1b0c","status":"passed","time":{"start":1672825541648,"stop":1672825564489,"duration":22841}},{"uid":"dbdd394352e8c8c7","status":"broken","statusDetails":"no such element: Unable to locate element: {\"method\":\"xpath\",\"selector\":\"//div[@id='firstname-error']\"}\n  (Session info: chrome=108.0.5359.125)\nFor documentation on this error, please visit: https://www.seleniumhq.org/exceptions/no_such_element.html\nBuild info: version: '3.141.59', revision: 'e82be7d358', time: '2018-11-14T08:17:03'\nSystem info: host: 'ADMIN', ip: '192.168.31.64', os.name: 'Windows 10', os.arch: 'amd64', os.version: '10.0', java.version: '11.0.17'\nDriver info: org.openqa.selenium.chrome.ChromeDriver\nCapabilities {acceptInsecureCerts: false, browserName: chrome, browserVersion: 108.0.5359.125, chrome: {chromedriverVersion: 108.0.5359.71 (1e0e3868ee06..., userDataDir: C:\\Users\\Admin\\AppData\\Loca...}, goog:chromeOptions: {debuggerAddress: localhost:53245}, javascriptEnabled: true, networkConnectionEnabled: false, pageLoadStrategy: normal, platform: WINDOWS, platformName: WINDOWS, proxy: Proxy(), setWindowRect: true, strictFileInteractability: false, timeouts: {implicit: 0, pageLoad: 300000, script: 30000}, unhandledPromptBehavior: dismiss and notify, webauthn:extension:credBlob: true, webauthn:extension:largeBlob: true, webauthn:virtualAuthenticators: true}\nSession ID: 97aa0e2c1a03c4834a297e1430ac0e9d\n*** Element info: {Using=xpath, value=//div[@id='firstname-error']}","time":{"start":1672825450716,"stop":1672825476524,"duration":25808}},{"uid":"a1c2b250586aab57","status":"passed","time":{"start":1672825135870,"stop":1672825163035,"duration":27165}},{"uid":"1f74c17580ec772a","status":"broken","statusDetails":"no such element: Unable to locate element: {\"method\":\"xpath\",\"selector\":\"//div[@id='firstname-error']\"}\n  (Session info: chrome=108.0.5359.125)\nFor documentation on this error, please visit: https://www.seleniumhq.org/exceptions/no_such_element.html\nBuild info: version: '3.141.59', revision: 'e82be7d358', time: '2018-11-14T08:17:03'\nSystem info: host: 'ADMIN', ip: '192.168.31.64', os.name: 'Windows 10', os.arch: 'amd64', os.version: '10.0', java.version: '11.0.17'\nDriver info: org.openqa.selenium.chrome.ChromeDriver\nCapabilities {acceptInsecureCerts: false, browserName: chrome, browserVersion: 108.0.5359.125, chrome: {chromedriverVersion: 108.0.5359.71 (1e0e3868ee06..., userDataDir: C:\\Users\\Admin\\AppData\\Loca...}, goog:chromeOptions: {debuggerAddress: localhost:52340}, javascriptEnabled: true, networkConnectionEnabled: false, pageLoadStrategy: normal, platform: WINDOWS, platformName: WINDOWS, proxy: Proxy(), setWindowRect: true, strictFileInteractability: false, timeouts: {implicit: 0, pageLoad: 300000, script: 30000}, unhandledPromptBehavior: dismiss and notify, webauthn:extension:credBlob: true, webauthn:extension:largeBlob: true, webauthn:virtualAuthenticators: true}\nSession ID: c19169c7e4a0d73c569c5cc6ada24343\n*** Element info: {Using=xpath, value=//div[@id='firstname-error']}","time":{"start":1672824990841,"stop":1672825014432,"duration":23591}},{"uid":"136da02bebd0a3e4","status":"broken","statusDetails":"no such element: Unable to locate element: {\"method\":\"xpath\",\"selector\":\"//div[@id='firstname-error']\"}\n  (Session info: chrome=108.0.5359.125)\nFor documentation on this error, please visit: https://www.seleniumhq.org/exceptions/no_such_element.html\nBuild info: version: '3.141.59', revision: 'e82be7d358', time: '2018-11-14T08:17:03'\nSystem info: host: 'ADMIN', ip: '192.168.31.64', os.name: 'Windows 10', os.arch: 'amd64', os.version: '10.0', java.version: '11.0.17'\nDriver info: org.openqa.selenium.chrome.ChromeDriver\nCapabilities {acceptInsecureCerts: false, browserName: chrome, browserVersion: 108.0.5359.125, chrome: {chromedriverVersion: 108.0.5359.71 (1e0e3868ee06..., userDataDir: C:\\Users\\Admin\\AppData\\Loca...}, goog:chromeOptions: {debuggerAddress: localhost:51950}, javascriptEnabled: true, networkConnectionEnabled: false, pageLoadStrategy: normal, platform: WINDOWS, platformName: WINDOWS, proxy: Proxy(), setWindowRect: true, strictFileInteractability: false, timeouts: {implicit: 0, pageLoad: 300000, script: 30000}, unhandledPromptBehavior: dismiss and notify, webauthn:extension:credBlob: true, webauthn:extension:largeBlob: true, webauthn:virtualAuthenticators: true}\nSession ID: e59f2f113b1b04642992cf6103698084\n*** Element info: {Using=xpath, value=//div[@id='firstname-error']}","time":{"start":1672824796423,"stop":1672824821938,"duration":25515}},{"uid":"c996c8c6f438d3bd","status":"broken","statusDetails":"no such element: Unable to locate element: {\"method\":\"xpath\",\"selector\":\"//div[@id='firstname-error']\"}\n  (Session info: chrome=108.0.5359.125)\nFor documentation on this error, please visit: https://www.seleniumhq.org/exceptions/no_such_element.html\nBuild info: version: '3.141.59', revision: 'e82be7d358', time: '2018-11-14T08:17:03'\nSystem info: host: 'ADMIN', ip: '192.168.31.64', os.name: 'Windows 10', os.arch: 'amd64', os.version: '10.0', java.version: '11.0.17'\nDriver info: org.openqa.selenium.chrome.ChromeDriver\nCapabilities {acceptInsecureCerts: false, browserName: chrome, browserVersion: 108.0.5359.125, chrome: {chromedriverVersion: 108.0.5359.71 (1e0e3868ee06..., userDataDir: C:\\Users\\Admin\\AppData\\Loca...}, goog:chromeOptions: {debuggerAddress: localhost:51358}, javascriptEnabled: true, networkConnectionEnabled: false, pageLoadStrategy: normal, platform: WINDOWS, platformName: WINDOWS, proxy: Proxy(), setWindowRect: true, strictFileInteractability: false, timeouts: {implicit: 0, pageLoad: 300000, script: 30000}, unhandledPromptBehavior: dismiss and notify, webauthn:extension:credBlob: true, webauthn:extension:largeBlob: true, webauthn:virtualAuthenticators: true}\nSession ID: 239884b6046d3cac47ea5419d2773a3c\n*** Element info: {Using=xpath, value=//div[@id='firstname-error']}","time":{"start":1672824520638,"stop":1672824580654,"duration":60016}},{"uid":"9f43424ca9848eba","status":"broken","statusDetails":"stale element reference: element is not attached to the page document\n  (Session info: chrome=108.0.5359.125)\nFor documentation on this error, please visit: https://www.seleniumhq.org/exceptions/stale_element_reference.html\nBuild info: version: '3.141.59', revision: 'e82be7d358', time: '2018-11-14T08:17:03'\nSystem info: host: 'ADMIN', ip: '192.168.31.64', os.name: 'Windows 10', os.arch: 'amd64', os.version: '10.0', java.version: '11.0.17'\nDriver info: org.openqa.selenium.chrome.ChromeDriver\nCapabilities {acceptInsecureCerts: false, browserName: chrome, browserVersion: 108.0.5359.125, chrome: {chromedriverVersion: 108.0.5359.71 (1e0e3868ee06..., userDataDir: C:\\Users\\Admin\\AppData\\Loca...}, goog:chromeOptions: {debuggerAddress: localhost:51153}, javascriptEnabled: true, networkConnectionEnabled: false, pageLoadStrategy: normal, platform: WINDOWS, platformName: WINDOWS, proxy: Proxy(), setWindowRect: true, strictFileInteractability: false, timeouts: {implicit: 0, pageLoad: 300000, script: 30000}, unhandledPromptBehavior: dismiss and notify, webauthn:extension:credBlob: true, webauthn:extension:largeBlob: true, webauthn:virtualAuthenticators: true}\nSession ID: c22a6a572874f74a1819db51ef99bb5e","time":{"start":1672824412841,"stop":1672824430107,"duration":17266}},{"uid":"1c5485c3bce66a85","status":"broken","statusDetails":"no such element: Unable to locate element: {\"method\":\"xpath\",\"selector\":\"//div[@id='firstname-error']\"}\n  (Session info: chrome=108.0.5359.125)\nFor documentation on this error, please visit: https://www.seleniumhq.org/exceptions/no_such_element.html\nBuild info: version: '3.141.59', revision: 'e82be7d358', time: '2018-11-14T08:17:03'\nSystem info: host: 'ADMIN', ip: '192.168.31.64', os.name: 'Windows 10', os.arch: 'amd64', os.version: '10.0', java.version: '11.0.17'\nDriver info: org.openqa.selenium.chrome.ChromeDriver\nCapabilities {acceptInsecureCerts: false, browserName: chrome, browserVersion: 108.0.5359.125, chrome: {chromedriverVersion: 108.0.5359.71 (1e0e3868ee06..., userDataDir: C:\\Users\\Admin\\AppData\\Loca...}, goog:chromeOptions: {debuggerAddress: localhost:50490}, javascriptEnabled: true, networkConnectionEnabled: false, pageLoadStrategy: normal, platform: WINDOWS, platformName: WINDOWS, proxy: Proxy(), setWindowRect: true, strictFileInteractability: false, timeouts: {implicit: 0, pageLoad: 300000, script: 30000}, unhandledPromptBehavior: dismiss and notify, webauthn:extension:credBlob: true, webauthn:extension:largeBlob: true, webauthn:virtualAuthenticators: true}\nSession ID: bc99f03c12b2ee2358bb8edbb7176a55\n*** Element info: {Using=xpath, value=//div[@id='firstname-error']}","time":{"start":1672824101220,"stop":1672824132556,"duration":31336}},{"uid":"3a2107bef250a4bf","status":"broken","statusDetails":"no such element: Unable to locate element: {\"method\":\"xpath\",\"selector\":\"//div[@id='firstname-error']\"}\n  (Session info: chrome=108.0.5359.125)\nFor documentation on this error, please visit: https://www.seleniumhq.org/exceptions/no_such_element.html\nBuild info: version: '3.141.59', revision: 'e82be7d358', time: '2018-11-14T08:17:03'\nSystem info: host: 'ADMIN', ip: '192.168.31.64', os.name: 'Windows 10', os.arch: 'amd64', os.version: '10.0', java.version: '11.0.17'\nDriver info: org.openqa.selenium.chrome.ChromeDriver\nCapabilities {acceptInsecureCerts: false, browserName: chrome, browserVersion: 108.0.5359.125, chrome: {chromedriverVersion: 108.0.5359.71 (1e0e3868ee06..., userDataDir: C:\\Users\\Admin\\AppData\\Loca...}, goog:chromeOptions: {debuggerAddress: localhost:50013}, javascriptEnabled: true, networkConnectionEnabled: false, pageLoadStrategy: normal, platform: WINDOWS, platformName: WINDOWS, proxy: Proxy(), setWindowRect: true, strictFileInteractability: false, timeouts: {implicit: 0, pageLoad: 300000, script: 30000}, unhandledPromptBehavior: dismiss and notify, webauthn:extension:credBlob: true, webauthn:extension:largeBlob: true, webauthn:virtualAuthenticators: true}\nSession ID: 73204d6a3eec8b80ff387a2aa41e384c\n*** Element info: {Using=xpath, value=//div[@id='firstname-error']}","time":{"start":1672823703696,"stop":1672823734583,"duration":30887}},{"uid":"35c8aeba4d7c0947","status":"passed","time":{"start":1672823551058,"stop":1672823575280,"duration":24222}},{"uid":"69f3344e15fb1e69","status":"broken","statusDetails":"no such element: Unable to locate element: {\"method\":\"xpath\",\"selector\":\"//div[@id='firstname-error']\"}\n  (Session info: chrome=108.0.5359.125)\nFor documentation on this error, please visit: https://www.seleniumhq.org/exceptions/no_such_element.html\nBuild info: version: '3.141.59', revision: 'e82be7d358', time: '2018-11-14T08:17:03'\nSystem info: host: 'ADMIN', ip: '192.168.31.64', os.name: 'Windows 10', os.arch: 'amd64', os.version: '10.0', java.version: '11.0.17'\nDriver info: org.openqa.selenium.chrome.ChromeDriver\nCapabilities {acceptInsecureCerts: false, browserName: chrome, browserVersion: 108.0.5359.125, chrome: {chromedriverVersion: 108.0.5359.71 (1e0e3868ee06..., userDataDir: C:\\Users\\Admin\\AppData\\Loca...}, goog:chromeOptions: {debuggerAddress: localhost:49323}, javascriptEnabled: true, networkConnectionEnabled: false, pageLoadStrategy: normal, platform: WINDOWS, platformName: WINDOWS, proxy: Proxy(), setWindowRect: true, strictFileInteractability: false, timeouts: {implicit: 0, pageLoad: 300000, script: 30000}, unhandledPromptBehavior: dismiss and notify, webauthn:extension:credBlob: true, webauthn:extension:largeBlob: true, webauthn:virtualAuthenticators: true}\nSession ID: 0ead34a331b0cdac6a823ba293012c27\n*** Element info: {Using=xpath, value=//div[@id='firstname-error']}","time":{"start":1672823451328,"stop":1672823494570,"duration":43242}},{"uid":"b74fdf63fee968b2","status":"passed","time":{"start":1672823209216,"stop":1672823240717,"duration":31501}},{"uid":"7c024bbdf3892a53","status":"passed","time":{"start":1672822996830,"stop":1672823034840,"duration":38010}},{"uid":"ecd39e0370fdb47","status":"broken","statusDetails":"no such element: Unable to locate element: {\"method\":\"xpath\",\"selector\":\"//div[@id='firstname-error']\"}\n  (Session info: chrome=108.0.5359.125)\nFor documentation on this error, please visit: https://www.seleniumhq.org/exceptions/no_such_element.html\nBuild info: version: '3.141.59', revision: 'e82be7d358', time: '2018-11-14T08:17:03'\nSystem info: host: 'ADMIN', ip: '192.168.31.64', os.name: 'Windows 10', os.arch: 'amd64', os.version: '10.0', java.version: '11.0.17'\nDriver info: org.openqa.selenium.chrome.ChromeDriver\nCapabilities {acceptInsecureCerts: false, browserName: chrome, browserVersion: 108.0.5359.125, chrome: {chromedriverVersion: 108.0.5359.71 (1e0e3868ee06..., userDataDir: C:\\Users\\Admin\\AppData\\Loca...}, goog:chromeOptions: {debuggerAddress: localhost:64410}, javascriptEnabled: true, networkConnectionEnabled: false, pageLoadStrategy: normal, platform: WINDOWS, platformName: WINDOWS, proxy: Proxy(), setWindowRect: true, strictFileInteractability: false, timeouts: {implicit: 0, pageLoad: 300000, script: 30000}, unhandledPromptBehavior: dismiss and notify, webauthn:extension:credBlob: true, webauthn:extension:largeBlob: true, webauthn:virtualAuthenticators: true}\nSession ID: 749c4734d1446afb17b8b67c6fb8460f\n*** Element info: {Using=xpath, value=//div[@id='firstname-error']}","time":{"start":1672822895738,"stop":1672822915925,"duration":20187}},{"uid":"31904556c0006062","status":"broken","statusDetails":"no such element: Unable to locate element: {\"method\":\"xpath\",\"selector\":\"//div[@id='firstname-error']\"}\n  (Session info: chrome=108.0.5359.125)\nFor documentation on this error, please visit: https://www.seleniumhq.org/exceptions/no_such_element.html\nBuild info: version: '3.141.59', revision: 'e82be7d358', time: '2018-11-14T08:17:03'\nSystem info: host: 'ADMIN', ip: '192.168.31.64', os.name: 'Windows 10', os.arch: 'amd64', os.version: '10.0', java.version: '11.0.17'\nDriver info: org.openqa.selenium.chrome.ChromeDriver\nCapabilities {acceptInsecureCerts: false, browserName: chrome, browserVersion: 108.0.5359.125, chrome: {chromedriverVersion: 108.0.5359.71 (1e0e3868ee06..., userDataDir: C:\\Users\\Admin\\AppData\\Loca...}, goog:chromeOptions: {debuggerAddress: localhost:64204}, javascriptEnabled: true, networkConnectionEnabled: false, pageLoadStrategy: normal, platform: WINDOWS, platformName: WINDOWS, proxy: Proxy(), setWindowRect: true, strictFileInteractability: false, timeouts: {implicit: 0, pageLoad: 300000, script: 30000}, unhandledPromptBehavior: dismiss and notify, webauthn:extension:credBlob: true, webauthn:extension:largeBlob: true, webauthn:virtualAuthenticators: true}\nSession ID: 2e7cc42a3d1c016f5178400ec072df17\n*** Element info: {Using=xpath, value=//div[@id='firstname-error']}","time":{"start":1672822818227,"stop":1672822839913,"duration":21686}},{"uid":"6e7ebdbbadd48348","status":"passed","time":{"start":1672822463884,"stop":1672822489945,"duration":26061}},{"uid":"e6f84da96707abe4","status":"passed","time":{"start":1672822227547,"stop":1672822249365,"duration":21818}},{"uid":"7b831a6135ee4b4","status":"passed","time":{"start":1672822017320,"stop":1672822038982,"duration":21662}},{"uid":"2484c7281e351f67","status":"broken","statusDetails":"no such element: Unable to locate element: {\"method\":\"xpath\",\"selector\":\"//div[@id='firstname-error']\"}\n  (Session info: chrome=108.0.5359.125)\nFor documentation on this error, please visit: https://www.seleniumhq.org/exceptions/no_such_element.html\nBuild info: version: '3.141.59', revision: 'e82be7d358', time: '2018-11-14T08:17:03'\nSystem info: host: 'ADMIN', ip: '192.168.31.64', os.name: 'Windows 10', os.arch: 'amd64', os.version: '10.0', java.version: '11.0.17'\nDriver info: org.openqa.selenium.chrome.ChromeDriver\nCapabilities {acceptInsecureCerts: false, browserName: chrome, browserVersion: 108.0.5359.125, chrome: {chromedriverVersion: 108.0.5359.71 (1e0e3868ee06..., userDataDir: C:\\Users\\Admin\\AppData\\Loca...}, goog:chromeOptions: {debuggerAddress: localhost:62495}, javascriptEnabled: true, networkConnectionEnabled: false, pageLoadStrategy: normal, platform: WINDOWS, platformName: WINDOWS, proxy: Proxy(), setWindowRect: true, strictFileInteractability: false, timeouts: {implicit: 0, pageLoad: 300000, script: 30000}, unhandledPromptBehavior: dismiss and notify, webauthn:extension:credBlob: true, webauthn:extension:largeBlob: true, webauthn:virtualAuthenticators: true}\nSession ID: f832e84355493f26086c35872aa4e28b\n*** Element info: {Using=xpath, value=//div[@id='firstname-error']}","time":{"start":1672821933936,"stop":1672821953733,"duration":19797}},{"uid":"975aa2eae0aa3b71","status":"passed","time":{"start":1672821678366,"stop":1672821711223,"duration":32857}},{"uid":"4af70b57204525cb","status":"broken","statusDetails":"no such element: Unable to locate element: {\"method\":\"xpath\",\"selector\":\"//div[@id='firstname-error']\"}\n  (Session info: chrome=108.0.5359.125)\nFor documentation on this error, please visit: https://www.seleniumhq.org/exceptions/no_such_element.html\nBuild info: version: '3.141.59', revision: 'e82be7d358', time: '2018-11-14T08:17:03'\nSystem info: host: 'ADMIN', ip: '192.168.31.64', os.name: 'Windows 10', os.arch: 'amd64', os.version: '10.0', java.version: '11.0.17'\nDriver info: org.openqa.selenium.chrome.ChromeDriver\nCapabilities {acceptInsecureCerts: false, browserName: chrome, browserVersion: 108.0.5359.125, chrome: {chromedriverVersion: 108.0.5359.71 (1e0e3868ee06..., userDataDir: C:\\Users\\Admin\\AppData\\Loca...}, goog:chromeOptions: {debuggerAddress: localhost:61545}, javascriptEnabled: true, networkConnectionEnabled: false, pageLoadStrategy: normal, platform: WINDOWS, platformName: WINDOWS, proxy: Proxy(), setWindowRect: true, strictFileInteractability: false, timeouts: {implicit: 0, pageLoad: 300000, script: 30000}, unhandledPromptBehavior: dismiss and notify, webauthn:extension:credBlob: true, webauthn:extension:largeBlob: true, webauthn:virtualAuthenticators: true}\nSession ID: 643cf11771cc6867071876e20bc54ddb\n*** Element info: {Using=xpath, value=//div[@id='firstname-error']}","time":{"start":1672821388372,"stop":1672821412718,"duration":24346}},{"uid":"5bf32a916be121c2","status":"passed","time":{"start":1672821207760,"stop":1672821235386,"duration":27626}},{"uid":"6efe18222d3278cc","status":"broken","statusDetails":"no such element: Unable to locate element: {\"method\":\"xpath\",\"selector\":\"//div[@id='firstname-error']\"}\n  (Session info: chrome=108.0.5359.125)\nFor documentation on this error, please visit: https://www.seleniumhq.org/exceptions/no_such_element.html\nBuild info: version: '3.141.59', revision: 'e82be7d358', time: '2018-11-14T08:17:03'\nSystem info: host: 'ADMIN', ip: '192.168.31.64', os.name: 'Windows 10', os.arch: 'amd64', os.version: '10.0', java.version: '11.0.17'\nDriver info: org.openqa.selenium.chrome.ChromeDriver\nCapabilities {acceptInsecureCerts: false, browserName: chrome, browserVersion: 108.0.5359.125, chrome: {chromedriverVersion: 108.0.5359.71 (1e0e3868ee06..., userDataDir: C:\\Users\\Admin\\AppData\\Loca...}, goog:chromeOptions: {debuggerAddress: localhost:60398}, javascriptEnabled: true, networkConnectionEnabled: false, pageLoadStrategy: normal, platform: WINDOWS, platformName: WINDOWS, proxy: Proxy(), setWindowRect: true, strictFileInteractability: false, timeouts: {implicit: 0, pageLoad: 300000, script: 30000}, unhandledPromptBehavior: dismiss and notify, webauthn:extension:credBlob: true, webauthn:extension:largeBlob: true, webauthn:virtualAuthenticators: true}\nSession ID: 368e264fd1e4a41c61850ccfcd868a6c\n*** Element info: {Using=xpath, value=//div[@id='firstname-error']}","time":{"start":1672820979599,"stop":1672821000557,"duration":20958}},{"uid":"4eb05c1441ff0b71","status":"passed","time":{"start":1672819351041,"stop":1672819383836,"duration":32795}},{"uid":"1cf6d3fd786c4c2b","status":"broken","statusDetails":"no such element: Unable to locate element: {\"method\":\"xpath\",\"selector\":\"//div[@id='firstname-error']\"}\n  (Session info: chrome=108.0.5359.125)\nFor documentation on this error, please visit: https://www.seleniumhq.org/exceptions/no_such_element.html\nBuild info: version: '3.141.59', revision: 'e82be7d358', time: '2018-11-14T08:17:03'\nSystem info: host: 'ADMIN', ip: '192.168.31.64', os.name: 'Windows 10', os.arch: 'amd64', os.version: '10.0', java.version: '11.0.17'\nDriver info: org.openqa.selenium.chrome.ChromeDriver\nCapabilities {acceptInsecureCerts: false, browserName: chrome, browserVersion: 108.0.5359.125, chrome: {chromedriverVersion: 108.0.5359.71 (1e0e3868ee06..., userDataDir: C:\\Users\\Admin\\AppData\\Loca...}, goog:chromeOptions: {debuggerAddress: localhost:56707}, javascriptEnabled: true, networkConnectionEnabled: false, pageLoadStrategy: normal, platform: WINDOWS, platformName: WINDOWS, proxy: Proxy(), setWindowRect: true, strictFileInteractability: false, timeouts: {implicit: 0, pageLoad: 300000, script: 30000}, unhandledPromptBehavior: dismiss and notify, webauthn:extension:credBlob: true, webauthn:extension:largeBlob: true, webauthn:virtualAuthenticators: true}\nSession ID: 0ffdba70528327998d9f1462d45a4d2c\n*** Element info: {Using=xpath, value=//div[@id='firstname-error']}","time":{"start":1672818307298,"stop":1672818364069,"duration":56771}},{"uid":"9d7c8e3d68f0a6bd","status":"broken","statusDetails":"no such element: Unable to locate element: {\"method\":\"xpath\",\"selector\":\"//div[@id='firstname-error']\"}\n  (Session info: chrome=108.0.5359.125)\nFor documentation on this error, please visit: https://www.seleniumhq.org/exceptions/no_such_element.html\nBuild info: version: '3.141.59', revision: 'e82be7d358', time: '2018-11-14T08:17:03'\nSystem info: host: 'ADMIN', ip: '192.168.31.64', os.name: 'Windows 10', os.arch: 'amd64', os.version: '10.0', java.version: '11.0.17'\nDriver info: org.openqa.selenium.chrome.ChromeDriver\nCapabilities {acceptInsecureCerts: false, browserName: chrome, browserVersion: 108.0.5359.125, chrome: {chromedriverVersion: 108.0.5359.71 (1e0e3868ee06..., userDataDir: C:\\Users\\Admin\\AppData\\Loca...}, goog:chromeOptions: {debuggerAddress: localhost:56286}, javascriptEnabled: true, networkConnectionEnabled: false, pageLoadStrategy: normal, platform: WINDOWS, platformName: WINDOWS, proxy: Proxy(), setWindowRect: true, strictFileInteractability: false, timeouts: {implicit: 0, pageLoad: 300000, script: 30000}, unhandledPromptBehavior: dismiss and notify, webauthn:extension:credBlob: true, webauthn:extension:largeBlob: true, webauthn:virtualAuthenticators: true}\nSession ID: 66941faeafe27e48ef54e303445e2c1c\n*** Element info: {Using=xpath, value=//div[@id='firstname-error']}","time":{"start":1672817927836,"stop":1672817950063,"duration":22227}},{"uid":"37b0dff28beb045d","status":"broken","statusDetails":"no such element: Unable to locate element: {\"method\":\"xpath\",\"selector\":\"//div[@id='firstname-error']\"}\n  (Session info: chrome=108.0.5359.125)\nFor documentation on this error, please visit: https://www.seleniumhq.org/exceptions/no_such_element.html\nBuild info: version: '3.141.59', revision: 'e82be7d358', time: '2018-11-14T08:17:03'\nSystem info: host: 'ADMIN', ip: '192.168.31.64', os.name: 'Windows 10', os.arch: 'amd64', os.version: '10.0', java.version: '11.0.17'\nDriver info: org.openqa.selenium.chrome.ChromeDriver\nCapabilities {acceptInsecureCerts: false, browserName: chrome, browserVersion: 108.0.5359.125, chrome: {chromedriverVersion: 108.0.5359.71 (1e0e3868ee06..., userDataDir: C:\\Users\\Admin\\AppData\\Loca...}, goog:chromeOptions: {debuggerAddress: localhost:55732}, javascriptEnabled: true, networkConnectionEnabled: false, pageLoadStrategy: normal, platform: WINDOWS, platformName: WINDOWS, proxy: Proxy(), setWindowRect: true, strictFileInteractability: false, timeouts: {implicit: 0, pageLoad: 300000, script: 30000}, unhandledPromptBehavior: dismiss and notify, webauthn:extension:credBlob: true, webauthn:extension:largeBlob: true, webauthn:virtualAuthenticators: true}\nSession ID: 2f2a952fd1325620c78f84b8acf08336\n*** Element info: {Using=xpath, value=//div[@id='firstname-error']}","time":{"start":1672817741548,"stop":1672817770032,"duration":28484}},{"uid":"14fdec884b0ba1f4","status":"broken","statusDetails":"no such element: Unable to locate element: {\"method\":\"xpath\",\"selector\":\"//div[@id='firstname-error']\"}\n  (Session info: chrome=108.0.5359.125)\nFor documentation on this error, please visit: https://www.seleniumhq.org/exceptions/no_such_element.html\nBuild info: version: '3.141.59', revision: 'e82be7d358', time: '2018-11-14T08:17:03'\nSystem info: host: 'ADMIN', ip: '192.168.31.64', os.name: 'Windows 10', os.arch: 'amd64', os.version: '10.0', java.version: '11.0.17'\nDriver info: org.openqa.selenium.chrome.ChromeDriver\nCapabilities {acceptInsecureCerts: false, browserName: chrome, browserVersion: 108.0.5359.125, chrome: {chromedriverVersion: 108.0.5359.71 (1e0e3868ee06..., userDataDir: C:\\Users\\Admin\\AppData\\Loca...}, goog:chromeOptions: {debuggerAddress: localhost:55220}, javascriptEnabled: true, networkConnectionEnabled: false, pageLoadStrategy: normal, platform: WINDOWS, platformName: WINDOWS, proxy: Proxy(), setWindowRect: true, strictFileInteractability: false, timeouts: {implicit: 0, pageLoad: 300000, script: 30000}, unhandledPromptBehavior: dismiss and notify, webauthn:extension:credBlob: true, webauthn:extension:largeBlob: true, webauthn:virtualAuthenticators: true}\nSession ID: 50a6b6a1b492aa085f570b99d5f3dddb\n*** Element info: {Using=xpath, value=//div[@id='firstname-error']}","time":{"start":1672817601134,"stop":1672817636190,"duration":35056}},{"uid":"1217c89e47d9ce2e","status":"passed","time":{"start":1672815543673,"stop":1672815571276,"duration":27603}},{"uid":"a0516d3abb3cf88","status":"broken","statusDetails":"no such element: Unable to locate element: {\"method\":\"xpath\",\"selector\":\"//div[@id='firstname-error']\"}\n  (Session info: chrome=108.0.5359.125)\nFor documentation on this error, please visit: https://www.seleniumhq.org/exceptions/no_such_element.html\nBuild info: version: '3.141.59', revision: 'e82be7d358', time: '2018-11-14T08:17:03'\nSystem info: host: 'ADMIN', ip: '192.168.31.64', os.name: 'Windows 10', os.arch: 'amd64', os.version: '10.0', java.version: '11.0.17'\nDriver info: org.openqa.selenium.chrome.ChromeDriver\nCapabilities {acceptInsecureCerts: false, browserName: chrome, browserVersion: 108.0.5359.125, chrome: {chromedriverVersion: 108.0.5359.71 (1e0e3868ee06..., userDataDir: C:\\Users\\Admin\\AppData\\Loca...}, goog:chromeOptions: {debuggerAddress: localhost:53220}, javascriptEnabled: true, networkConnectionEnabled: false, pageLoadStrategy: normal, platform: WINDOWS, platformName: WINDOWS, proxy: Proxy(), setWindowRect: true, strictFileInteractability: false, timeouts: {implicit: 0, pageLoad: 300000, script: 30000}, unhandledPromptBehavior: dismiss and notify, webauthn:extension:credBlob: true, webauthn:extension:largeBlob: true, webauthn:virtualAuthenticators: true}\nSession ID: 7e94aa603d0f8102c981706fe33a23ae\n*** Element info: {Using=xpath, value=//div[@id='firstname-error']}","time":{"start":1672814500304,"stop":1672814553537,"duration":53233}},{"uid":"d61e1eb582bf5f0a","status":"passed","time":{"start":1672814120594,"stop":1672814148619,"duration":28025}},{"uid":"8dd900971797f626","status":"passed","time":{"start":1672807824430,"stop":1672807844316,"duration":19886}},{"uid":"d9e886d90891b2ca","status":"passed","time":{"start":1672807670887,"stop":1672807697438,"duration":26551}},{"uid":"922b579a3ab42baf","status":"passed","time":{"start":1672807480891,"stop":1672807506506,"duration":25615}},{"uid":"1d52bab591c94acf","status":"passed","time":{"start":1672807113147,"stop":1672807138161,"duration":25014}},{"uid":"31af057b8f3f4c8d","status":"broken","statusDetails":"stale element reference: element is not attached to the page document\n  (Session info: chrome=108.0.5359.125)\nFor documentation on this error, please visit: https://www.seleniumhq.org/exceptions/stale_element_reference.html\nBuild info: version: '3.141.59', revision: 'e82be7d358', time: '2018-11-14T08:17:03'\nSystem info: host: 'ADMIN', ip: '192.168.31.64', os.name: 'Windows 10', os.arch: 'amd64', os.version: '10.0', java.version: '11.0.17'\nDriver info: org.openqa.selenium.chrome.ChromeDriver\nCapabilities {acceptInsecureCerts: false, browserName: chrome, browserVersion: 108.0.5359.125, chrome: {chromedriverVersion: 108.0.5359.71 (1e0e3868ee06..., userDataDir: C:\\Users\\Admin\\AppData\\Loca...}, goog:chromeOptions: {debuggerAddress: localhost:50121}, javascriptEnabled: true, networkConnectionEnabled: false, pageLoadStrategy: normal, platform: WINDOWS, platformName: WINDOWS, proxy: Proxy(), setWindowRect: true, strictFileInteractability: false, timeouts: {implicit: 0, pageLoad: 300000, script: 30000}, unhandledPromptBehavior: dismiss and notify, webauthn:extension:credBlob: true, webauthn:extension:largeBlob: true, webauthn:virtualAuthenticators: true}\nSession ID: b5bd3d16a6d5940bd2f15f33c0a0a1ad","time":{"start":1672807020665,"stop":1672807030951,"duration":10286}},{"uid":"b7fbf5c940e648ef","status":"broken","statusDetails":"no such element: Unable to locate element: {\"method\":\"xpath\",\"selector\":\"//div[@id='firstname-error']\"}\n  (Session info: chrome=108.0.5359.125)\nFor documentation on this error, please visit: https://www.seleniumhq.org/exceptions/no_such_element.html\nBuild info: version: '3.141.59', revision: 'e82be7d358', time: '2018-11-14T08:17:03'\nSystem info: host: 'ADMIN', ip: '192.168.31.64', os.name: 'Windows 10', os.arch: 'amd64', os.version: '10.0', java.version: '11.0.17'\nDriver info: org.openqa.selenium.chrome.ChromeDriver\nCapabilities {acceptInsecureCerts: false, browserName: chrome, browserVersion: 108.0.5359.125, chrome: {chromedriverVersion: 108.0.5359.71 (1e0e3868ee06..., userDataDir: C:\\Users\\Admin\\AppData\\Loca...}, goog:chromeOptions: {debuggerAddress: localhost:58609}, javascriptEnabled: true, networkConnectionEnabled: false, pageLoadStrategy: normal, platform: WINDOWS, platformName: WINDOWS, proxy: Proxy(), setWindowRect: true, strictFileInteractability: false, timeouts: {implicit: 0, pageLoad: 300000, script: 30000}, unhandledPromptBehavior: dismiss and notify, webauthn:extension:credBlob: true, webauthn:extension:largeBlob: true, webauthn:virtualAuthenticators: true}\nSession ID: 86cbfc880614baddf4d3c39abadad4aa\n*** Element info: {Using=xpath, value=//div[@id='firstname-error']}","time":{"start":1672805377002,"stop":1672805406884,"duration":29882}},{"uid":"b34f77562a1a996c","status":"skipped","statusDetails":"unknown error: failed to write prefs file\nBuild info: version: '3.141.59', revision: 'e82be7d358', time: '2018-11-14T08:17:03'\nSystem info: host: 'ADMIN', ip: '192.168.31.64', os.name: 'Windows 10', os.arch: 'amd64', os.version: '10.0', java.version: '11.0.17'\nDriver info: driver.version: ChromeDriver\nremote stacktrace: Backtrace:\n\t(No symbol) [0x0023F243]\n\t(No symbol) [0x001C7FD1]\n\t(No symbol) [0x000BD04D]\n\t(No symbol) [0x000DE447]\n\t(No symbol) [0x000DE5CA]\n\t(No symbol) [0x000DBA02]\n\t(No symbol) [0x000D82E9]\n\t(No symbol) [0x0010F056]\n\t(No symbol) [0x0010EB2A]\n\t(No symbol) [0x00108386]\n\t(No symbol) [0x000E163C]\n\t(No symbol) [0x000E269D]\n\tGetHandleVerifier [0x004D9A22+2655074]\n\tGetHandleVerifier [0x004CCA24+2601828]\n\tGetHandleVerifier [0x002E8C0A+619850]\n\tGetHandleVerifier [0x002E7830+614768]\n\t(No symbol) [0x001D05FC]\n\t(No symbol) [0x001D5968]\n\t(No symbol) [0x001D5A55]\n\t(No symbol) [0x001E051B]\n\tBaseThreadInitThunk [0x76FC00F9+25]\n\tRtlGetAppContainerNamedObjectPath [0x778D7BBE+286]\n\tRtlGetAppContainerNamedObjectPath [0x778D7B8E+238]\n\t(No symbol) [0x00000000]\n","time":{"start":1672805299018,"stop":1672805299020,"duration":2}},{"uid":"c0b76b4f92014ce3","status":"broken","statusDetails":"no such element: Unable to locate element: {\"method\":\"xpath\",\"selector\":\"//div[@id='firstname-error']\"}\n  (Session info: chrome=108.0.5359.125)\nFor documentation on this error, please visit: https://www.seleniumhq.org/exceptions/no_such_element.html\nBuild info: version: '3.141.59', revision: 'e82be7d358', time: '2018-11-14T08:17:03'\nSystem info: host: 'ADMIN', ip: '192.168.31.64', os.name: 'Windows 10', os.arch: 'amd64', os.version: '10.0', java.version: '11.0.17'\nDriver info: org.openqa.selenium.chrome.ChromeDriver\nCapabilities {acceptInsecureCerts: false, browserName: chrome, browserVersion: 108.0.5359.125, chrome: {chromedriverVersion: 108.0.5359.71 (1e0e3868ee06..., userDataDir: C:\\Users\\Admin\\AppData\\Loca...}, goog:chromeOptions: {debuggerAddress: localhost:58175}, javascriptEnabled: true, networkConnectionEnabled: false, pageLoadStrategy: normal, platform: WINDOWS, platformName: WINDOWS, proxy: Proxy(), setWindowRect: true, strictFileInteractability: false, timeouts: {implicit: 0, pageLoad: 300000, script: 30000}, unhandledPromptBehavior: dismiss and notify, webauthn:extension:credBlob: true, webauthn:extension:largeBlob: true, webauthn:virtualAuthenticators: true}\nSession ID: 95d92e0fa1ce857be303a3ca533ee8f7\n*** Element info: {Using=xpath, value=//div[@id='firstname-error']}","time":{"start":1672805176547,"stop":1672805201519,"duration":24972}},{"uid":"9ea1b30c2f5ef6bc","status":"skipped","statusDetails":"unknown error: DevToolsActivePort file doesn't exist\nBuild info: version: '3.141.59', revision: 'e82be7d358', time: '2018-11-14T08:17:03'\nSystem info: host: 'ADMIN', ip: '192.168.31.64', os.name: 'Windows 10', os.arch: 'amd64', os.version: '10.0', java.version: '11.0.17'\nDriver info: driver.version: ChromeDriver\nremote stacktrace: Backtrace:\n\t(No symbol) [0x0023F243]\n\t(No symbol) [0x001C7FD1]\n\t(No symbol) [0x000BD04D]\n\t(No symbol) [0x000DEAD4]\n\t(No symbol) [0x000DA7AE]\n\t(No symbol) [0x000D82E9]\n\t(No symbol) [0x0010F056]\n\t(No symbol) [0x0010EB2A]\n\t(No symbol) [0x00108386]\n\t(No symbol) [0x000E163C]\n\t(No symbol) [0x000E269D]\n\tGetHandleVerifier [0x004D9A22+2655074]\n\tGetHandleVerifier [0x004CCA24+2601828]\n\tGetHandleVerifier [0x002E8C0A+619850]\n\tGetHandleVerifier [0x002E7830+614768]\n\t(No symbol) [0x001D05FC]\n\t(No symbol) [0x001D5968]\n\t(No symbol) [0x001D5A55]\n\t(No symbol) [0x001E051B]\n\tBaseThreadInitThunk [0x76FC00F9+25]\n\tRtlGetAppContainerNamedObjectPath [0x778D7BBE+286]\n\tRtlGetAppContainerNamedObjectPath [0x778D7B8E+238]\n\t(No symbol) [0x00000000]\n","time":{"start":1672805124532,"stop":1672805124536,"duration":4}},{"uid":"d68c1c12a94d3494","status":"broken","statusDetails":"stale element reference: element is not attached to the page document\n  (Session info: chrome=108.0.5359.125)\nFor documentation on this error, please visit: https://www.seleniumhq.org/exceptions/stale_element_reference.html\nBuild info: version: '3.141.59', revision: 'e82be7d358', time: '2018-11-14T08:17:03'\nSystem info: host: 'ADMIN', ip: '192.168.31.64', os.name: 'Windows 10', os.arch: 'amd64', os.version: '10.0', java.version: '11.0.17'\nDriver info: org.openqa.selenium.chrome.ChromeDriver\nCapabilities {acceptInsecureCerts: false, browserName: chrome, browserVersion: 108.0.5359.125, chrome: {chromedriverVersion: 108.0.5359.71 (1e0e3868ee06..., userDataDir: C:\\Users\\Admin\\AppData\\Loca...}, goog:chromeOptions: {debuggerAddress: localhost:57863}, javascriptEnabled: true, networkConnectionEnabled: false, pageLoadStrategy: normal, platform: WINDOWS, platformName: WINDOWS, proxy: Proxy(), setWindowRect: true, strictFileInteractability: false, timeouts: {implicit: 0, pageLoad: 300000, script: 30000}, unhandledPromptBehavior: dismiss and notify, webauthn:extension:credBlob: true, webauthn:extension:largeBlob: true, webauthn:virtualAuthenticators: true}\nSession ID: 2ccb4f083fc8df93359b304ea0d5d17b","time":{"start":1672804662103,"stop":1672804675002,"duration":12899}},{"uid":"4384e5e4a532ff71","status":"passed","time":{"start":1672804331718,"stop":1672804376014,"duration":44296}},{"uid":"f20a82076241118a","status":"broken","statusDetails":"stale element reference: element is not attached to the page document\n  (Session info: chrome=108.0.5359.125)\nFor documentation on this error, please visit: https://www.seleniumhq.org/exceptions/stale_element_reference.html\nBuild info: version: '3.141.59', revision: 'e82be7d358', time: '2018-11-14T08:17:03'\nSystem info: host: 'ADMIN', ip: '192.168.31.64', os.name: 'Windows 10', os.arch: 'amd64', os.version: '10.0', java.version: '11.0.17'\nDriver info: org.openqa.selenium.chrome.ChromeDriver\nCapabilities {acceptInsecureCerts: false, browserName: chrome, browserVersion: 108.0.5359.125, chrome: {chromedriverVersion: 108.0.5359.71 (1e0e3868ee06..., userDataDir: C:\\Users\\Admin\\AppData\\Loca...}, goog:chromeOptions: {debuggerAddress: localhost:57304}, javascriptEnabled: true, networkConnectionEnabled: false, pageLoadStrategy: normal, platform: WINDOWS, platformName: WINDOWS, proxy: Proxy(), setWindowRect: true, strictFileInteractability: false, timeouts: {implicit: 0, pageLoad: 300000, script: 30000}, unhandledPromptBehavior: dismiss and notify, webauthn:extension:credBlob: true, webauthn:extension:largeBlob: true, webauthn:virtualAuthenticators: true}\nSession ID: 868bc3646215e712a4b927a452241ce9","time":{"start":1672804232870,"stop":1672804247479,"duration":14609}},{"uid":"45b33ec3f62a860c","status":"broken","statusDetails":"no such element: Unable to locate element: {\"method\":\"xpath\",\"selector\":\"//div[@id='firstname-error']\"}\n  (Session info: chrome=108.0.5359.125)\nFor documentation on this error, please visit: https://www.seleniumhq.org/exceptions/no_such_element.html\nBuild info: version: '3.141.59', revision: 'e82be7d358', time: '2018-11-14T08:17:03'\nSystem info: host: 'ADMIN', ip: '192.168.31.64', os.name: 'Windows 10', os.arch: 'amd64', os.version: '10.0', java.version: '11.0.17'\nDriver info: org.openqa.selenium.chrome.ChromeDriver\nCapabilities {acceptInsecureCerts: false, browserName: chrome, browserVersion: 108.0.5359.125, chrome: {chromedriverVersion: 108.0.5359.71 (1e0e3868ee06..., userDataDir: C:\\Users\\Admin\\AppData\\Loca...}, goog:chromeOptions: {debuggerAddress: localhost:56921}, javascriptEnabled: true, networkConnectionEnabled: false, pageLoadStrategy: normal, platform: WINDOWS, platformName: WINDOWS, proxy: Proxy(), setWindowRect: true, strictFileInteractability: false, timeouts: {implicit: 0, pageLoad: 300000, script: 30000}, unhandledPromptBehavior: dismiss and notify, webauthn:extension:credBlob: true, webauthn:extension:largeBlob: true, webauthn:virtualAuthenticators: true}\nSession ID: 38f6beb0b0031bf688d093115d208413\n*** Element info: {Using=xpath, value=//div[@id='firstname-error']}","time":{"start":1672803766188,"stop":1672803789516,"duration":23328}},{"uid":"679f87a7eeb12b71","status":"broken","statusDetails":"stale element reference: element is not attached to the page document\n  (Session info: chrome=108.0.5359.125)\nFor documentation on this error, please visit: https://www.seleniumhq.org/exceptions/stale_element_reference.html\nBuild info: version: '3.141.59', revision: 'e82be7d358', time: '2018-11-14T08:17:03'\nSystem info: host: 'ADMIN', ip: '192.168.31.64', os.name: 'Windows 10', os.arch: 'amd64', os.version: '10.0', java.version: '11.0.17'\nDriver info: org.openqa.selenium.chrome.ChromeDriver\nCapabilities {acceptInsecureCerts: false, browserName: chrome, browserVersion: 108.0.5359.125, chrome: {chromedriverVersion: 108.0.5359.71 (1e0e3868ee06..., userDataDir: C:\\Users\\Admin\\AppData\\Loca...}, goog:chromeOptions: {debuggerAddress: localhost:56709}, javascriptEnabled: true, networkConnectionEnabled: false, pageLoadStrategy: normal, platform: WINDOWS, platformName: WINDOWS, proxy: Proxy(), setWindowRect: true, strictFileInteractability: false, timeouts: {implicit: 0, pageLoad: 300000, script: 30000}, unhandledPromptBehavior: dismiss and notify, webauthn:extension:credBlob: true, webauthn:extension:largeBlob: true, webauthn:virtualAuthenticators: true}\nSession ID: d63ace7150f8a21e1010f0be73b5c0a5","time":{"start":1672803647040,"stop":1672803657680,"duration":10640}},{"uid":"6c572fe2674e2fa9","status":"passed","time":{"start":1672803482580,"stop":1672803539392,"duration":56812}},{"uid":"40ba062c067b918a","status":"passed","time":{"start":1672801280824,"stop":1672801308905,"duration":28081}},{"uid":"43b88b632345e0d6","status":"passed","time":{"start":1672800912302,"stop":1672800938396,"duration":26094}},{"uid":"ef19033a8efb71b6","status":"passed","time":{"start":1672800696801,"stop":1672800719781,"duration":22980}},{"uid":"936fed754388d9d5","status":"broken","statusDetails":"stale element reference: element is not attached to the page document\n  (Session info: chrome=108.0.5359.125)\nFor documentation on this error, please visit: https://www.seleniumhq.org/exceptions/stale_element_reference.html\nBuild info: version: '3.141.59', revision: 'e82be7d358', time: '2018-11-14T08:17:03'\nSystem info: host: 'ADMIN', ip: '192.168.31.66', os.name: 'Windows 10', os.arch: 'amd64', os.version: '10.0', java.version: '11.0.17'\nDriver info: org.openqa.selenium.chrome.ChromeDriver\nCapabilities {acceptInsecureCerts: false, browserName: chrome, browserVersion: 108.0.5359.125, chrome: {chromedriverVersion: 108.0.5359.71 (1e0e3868ee06..., userDataDir: C:\\Users\\Admin\\AppData\\Loca...}, goog:chromeOptions: {debuggerAddress: localhost:64509}, javascriptEnabled: true, networkConnectionEnabled: false, pageLoadStrategy: normal, platform: WINDOWS, platformName: WINDOWS, proxy: Proxy(), setWindowRect: true, strictFileInteractability: false, timeouts: {implicit: 0, pageLoad: 300000, script: 30000}, unhandledPromptBehavior: dismiss and notify, webauthn:extension:credBlob: true, webauthn:extension:largeBlob: true, webauthn:virtualAuthenticators: true}\nSession ID: 4f13f4cf26deaa42c8b8dbe9c7234677","time":{"start":1672800640147,"stop":1672800647157,"duration":7010}},{"uid":"a2bb1608ee69eaac","status":"broken","statusDetails":"stale element reference: element is not attached to the page document\n  (Session info: chrome=108.0.5359.125)\nFor documentation on this error, please visit: https://www.seleniumhq.org/exceptions/stale_element_reference.html\nBuild info: version: '3.141.59', revision: 'e82be7d358', time: '2018-11-14T08:17:03'\nSystem info: host: 'ADMIN', ip: '192.168.31.66', os.name: 'Windows 10', os.arch: 'amd64', os.version: '10.0', java.version: '11.0.17'\nDriver info: org.openqa.selenium.chrome.ChromeDriver\nCapabilities {acceptInsecureCerts: false, browserName: chrome, browserVersion: 108.0.5359.125, chrome: {chromedriverVersion: 108.0.5359.71 (1e0e3868ee06..., userDataDir: C:\\Users\\Admin\\AppData\\Loca...}, goog:chromeOptions: {debuggerAddress: localhost:64388}, javascriptEnabled: true, networkConnectionEnabled: false, pageLoadStrategy: normal, platform: WINDOWS, platformName: WINDOWS, proxy: Proxy(), setWindowRect: true, strictFileInteractability: false, timeouts: {implicit: 0, pageLoad: 300000, script: 30000}, unhandledPromptBehavior: dismiss and notify, webauthn:extension:credBlob: true, webauthn:extension:largeBlob: true, webauthn:virtualAuthenticators: true}\nSession ID: 5524bf3f12119078ab40d41e7a2402b7","time":{"start":1672800595079,"stop":1672800602342,"duration":7263}},{"uid":"9a51322b24fd865c","status":"passed","time":{"start":1672800258995,"stop":1672800285423,"duration":26428}},{"uid":"3df84bdb7ca5767","status":"passed","time":{"start":1672799690961,"stop":1672799722017,"duration":31056}},{"uid":"9f06aee01c837e9","status":"broken","statusDetails":"no such element: Unable to locate element: {\"method\":\"xpath\",\"selector\":\"//div[@id='firstname-error']\"}\n  (Session info: chrome=108.0.5359.125)\nFor documentation on this error, please visit: https://www.seleniumhq.org/exceptions/no_such_element.html\nBuild info: version: '3.141.59', revision: 'e82be7d358', time: '2018-11-14T08:17:03'\nSystem info: host: 'ADMIN', ip: '192.168.31.66', os.name: 'Windows 10', os.arch: 'amd64', os.version: '10.0', java.version: '11.0.17'\nDriver info: org.openqa.selenium.chrome.ChromeDriver\nCapabilities {acceptInsecureCerts: false, browserName: chrome, browserVersion: 108.0.5359.125, chrome: {chromedriverVersion: 108.0.5359.71 (1e0e3868ee06..., userDataDir: C:\\Users\\Admin\\AppData\\Loca...}, goog:chromeOptions: {debuggerAddress: localhost:62932}, javascriptEnabled: true, networkConnectionEnabled: false, pageLoadStrategy: normal, platform: WINDOWS, platformName: WINDOWS, proxy: Proxy(), setWindowRect: true, strictFileInteractability: false, timeouts: {implicit: 0, pageLoad: 300000, script: 30000}, unhandledPromptBehavior: dismiss and notify, webauthn:extension:credBlob: true, webauthn:extension:largeBlob: true, webauthn:virtualAuthenticators: true}\nSession ID: 11b491c0d1f2468be30a0390a975eb17\n*** Element info: {Using=xpath, value=//div[@id='firstname-error']}","time":{"start":1672799533725,"stop":1672799566357,"duration":32632}},{"uid":"18cc8b5d8a51f2d4","status":"passed","time":{"start":1672799183333,"stop":1672799210663,"duration":27330}},{"uid":"f6f3e36b554bd05f","status":"passed","time":{"start":1672798838298,"stop":1672798864201,"duration":25903}},{"uid":"57abb7007aa2bc16","status":"passed","time":{"start":1672798433928,"stop":1672798480094,"duration":46166}},{"uid":"5374fd513f1b90fb","status":"broken","statusDetails":"no such element: Unable to locate element: {\"method\":\"xpath\",\"selector\":\"//div[@id='firstname-error']\"}\n  (Session info: chrome=108.0.5359.125)\nFor documentation on this error, please visit: https://www.seleniumhq.org/exceptions/no_such_element.html\nBuild info: version: '3.141.59', revision: 'e82be7d358', time: '2018-11-14T08:17:03'\nSystem info: host: 'ADMIN', ip: '192.168.31.66', os.name: 'Windows 10', os.arch: 'amd64', os.version: '10.0', java.version: '11.0.17'\nDriver info: org.openqa.selenium.chrome.ChromeDriver\nCapabilities {acceptInsecureCerts: false, browserName: chrome, browserVersion: 108.0.5359.125, chrome: {chromedriverVersion: 108.0.5359.71 (1e0e3868ee06..., userDataDir: C:\\Users\\Admin\\AppData\\Loca...}, goog:chromeOptions: {debuggerAddress: localhost:63256}, javascriptEnabled: true, networkConnectionEnabled: false, pageLoadStrategy: normal, platform: WINDOWS, platformName: WINDOWS, proxy: Proxy(), setWindowRect: true, strictFileInteractability: false, timeouts: {implicit: 0, pageLoad: 300000, script: 30000}, unhandledPromptBehavior: dismiss and notify, webauthn:extension:credBlob: true, webauthn:extension:largeBlob: true, webauthn:virtualAuthenticators: true}\nSession ID: 5dcc131cd94c8f3a994b505b65ba395e\n*** Element info: {Using=xpath, value=//div[@id='firstname-error']}","time":{"start":1672743626635,"stop":1672743650495,"duration":23860}},{"uid":"bce54191a91822a8","status":"skipped","statusDetails":"unknown error: DevToolsActivePort file doesn't exist\nBuild info: version: '3.141.59', revision: 'e82be7d358', time: '2018-11-14T08:17:03'\nSystem info: host: 'ADMIN', ip: '192.168.31.66', os.name: 'Windows 10', os.arch: 'amd64', os.version: '10.0', java.version: '11.0.17'\nDriver info: driver.version: ChromeDriver\nremote stacktrace: Backtrace:\n\t(No symbol) [0x00A5F243]\n\t(No symbol) [0x009E7FD1]\n\t(No symbol) [0x008DD04D]\n\t(No symbol) [0x008FEAD4]\n\t(No symbol) [0x008FA7AE]\n\t(No symbol) [0x008F82E9]\n\t(No symbol) [0x0092F056]\n\t(No symbol) [0x0092EB2A]\n\t(No symbol) [0x00928386]\n\t(No symbol) [0x0090163C]\n\t(No symbol) [0x0090269D]\n\tGetHandleVerifier [0x00CF9A22+2655074]\n\tGetHandleVerifier [0x00CECA24+2601828]\n\tGetHandleVerifier [0x00B08C0A+619850]\n\tGetHandleVerifier [0x00B07830+614768]\n\t(No symbol) [0x009F05FC]\n\t(No symbol) [0x009F5968]\n\t(No symbol) [0x009F5A55]\n\t(No symbol) [0x00A0051B]\n\tBaseThreadInitThunk [0x76FC00F9+25]\n\tRtlGetAppContainerNamedObjectPath [0x778D7BBE+286]\n\tRtlGetAppContainerNamedObjectPath [0x778D7B8E+238]\n","time":{"start":1672743554092,"stop":1672743554093,"duration":1}},{"uid":"8490ce318e1946fb","status":"broken","statusDetails":"stale element reference: element is not attached to the page document\n  (Session info: chrome=108.0.5359.125)\nFor documentation on this error, please visit: https://www.seleniumhq.org/exceptions/stale_element_reference.html\nBuild info: version: '3.141.59', revision: 'e82be7d358', time: '2018-11-14T08:17:03'\nSystem info: host: 'ADMIN', ip: '192.168.31.66', os.name: 'Windows 10', os.arch: 'amd64', os.version: '10.0', java.version: '11.0.17'\nDriver info: org.openqa.selenium.chrome.ChromeDriver\nCapabilities {acceptInsecureCerts: false, browserName: chrome, browserVersion: 108.0.5359.125, chrome: {chromedriverVersion: 108.0.5359.71 (1e0e3868ee06..., userDataDir: C:\\Users\\Admin\\AppData\\Loca...}, goog:chromeOptions: {debuggerAddress: localhost:62724}, javascriptEnabled: true, networkConnectionEnabled: false, pageLoadStrategy: normal, platform: WINDOWS, platformName: WINDOWS, proxy: Proxy(), setWindowRect: true, strictFileInteractability: false, timeouts: {implicit: 0, pageLoad: 300000, script: 30000}, unhandledPromptBehavior: dismiss and notify, webauthn:extension:credBlob: true, webauthn:extension:largeBlob: true, webauthn:virtualAuthenticators: true}\nSession ID: c52d080622b9707259c9931f2e13df74","time":{"start":1672743264393,"stop":1672743271114,"duration":6721}},{"uid":"3b909306ff059df9","status":"passed","time":{"start":1672742221857,"stop":1672742249090,"duration":27233}},{"uid":"9f19c0cbf33467a3","status":"passed","time":{"start":1672740767229,"stop":1672740794754,"duration":27525}},{"uid":"50920754161fa7d5","status":"passed","time":{"start":1672738982453,"stop":1672739016113,"duration":33660}},{"uid":"1c0276ff8bd8870f","status":"passed","time":{"start":1672738647780,"stop":1672738689976,"duration":42196}},{"uid":"2430bbc8d4e26a91","status":"broken","statusDetails":"stale element reference: element is not attached to the page document\n  (Session info: chrome=108.0.5359.125)\nFor documentation on this error, please visit: https://www.seleniumhq.org/exceptions/stale_element_reference.html\nBuild info: version: '3.141.59', revision: 'e82be7d358', time: '2018-11-14T08:17:03'\nSystem info: host: 'ADMIN', ip: '192.168.31.66', os.name: 'Windows 10', os.arch: 'amd64', os.version: '10.0', java.version: '11.0.17'\nDriver info: org.openqa.selenium.chrome.ChromeDriver\nCapabilities {acceptInsecureCerts: false, browserName: chrome, browserVersion: 108.0.5359.125, chrome: {chromedriverVersion: 108.0.5359.71 (1e0e3868ee06..., userDataDir: C:\\Users\\Admin\\AppData\\Loca...}, goog:chromeOptions: {debuggerAddress: localhost:56656}, javascriptEnabled: true, networkConnectionEnabled: false, pageLoadStrategy: normal, platform: WINDOWS, platformName: WINDOWS, proxy: Proxy(), setWindowRect: true, strictFileInteractability: false, timeouts: {implicit: 0, pageLoad: 300000, script: 30000}, unhandledPromptBehavior: dismiss and notify, webauthn:extension:credBlob: true, webauthn:extension:largeBlob: true, webauthn:virtualAuthenticators: true}\nSession ID: 0ce7fc17ea9cfa9f1574c446e2be82b9","time":{"start":1672738569780,"stop":1672738581196,"duration":11416}},{"uid":"ad3bfb493cd135d1","status":"passed","time":{"start":1672738238909,"stop":1672738301960,"duration":63051}},{"uid":"5dffca2d7f4a097a","status":"passed","time":{"start":1672737927933,"stop":1672737957083,"duration":29150}},{"uid":"4364d8149468d9fb","status":"passed","time":{"start":1672737694816,"stop":1672737753577,"duration":58761}},{"uid":"466657521e6b39e2","status":"passed","time":{"start":1672736641556,"stop":1672736662353,"duration":20797}},{"uid":"840088e3b10e0113","status":"passed","time":{"start":1672736527725,"stop":1672736553636,"duration":25911}},{"uid":"c1dc752e1e010dfd","status":"passed","time":{"start":1672736325713,"stop":1672736359471,"duration":33758}},{"uid":"cb72dbadd88da3ba","status":"passed","time":{"start":1672736046877,"stop":1672736071699,"duration":24822}},{"uid":"b07c6a5bbefe8c12","status":"broken","statusDetails":"no such element: Unable to locate element: {\"method\":\"xpath\",\"selector\":\"//div[@id='firstname-error']\"}\n  (Session info: chrome=108.0.5359.125)\nFor documentation on this error, please visit: https://www.seleniumhq.org/exceptions/no_such_element.html\nBuild info: version: '3.141.59', revision: 'e82be7d358', time: '2018-11-14T08:17:03'\nSystem info: host: 'ADMIN', ip: '192.168.31.66', os.name: 'Windows 10', os.arch: 'amd64', os.version: '10.0', java.version: '11.0.17'\nDriver info: org.openqa.selenium.chrome.ChromeDriver\nCapabilities {acceptInsecureCerts: false, browserName: chrome, browserVersion: 108.0.5359.125, chrome: {chromedriverVersion: 108.0.5359.71 (1e0e3868ee06..., userDataDir: C:\\Users\\Admin\\AppData\\Loca...}, goog:chromeOptions: {debuggerAddress: localhost:52578}, javascriptEnabled: true, networkConnectionEnabled: false, pageLoadStrategy: normal, platform: WINDOWS, platformName: WINDOWS, proxy: Proxy(), setWindowRect: true, strictFileInteractability: false, timeouts: {implicit: 0, pageLoad: 300000, script: 30000}, unhandledPromptBehavior: dismiss and notify, webauthn:extension:credBlob: true, webauthn:extension:largeBlob: true, webauthn:virtualAuthenticators: true}\nSession ID: 395c8cf29fbe62330abe1094c985e074\n*** Element info: {Using=xpath, value=//div[@id='firstname-error']}","time":{"start":1672735954127,"stop":1672735991932,"duration":37805}},{"uid":"78fb96ee1ec083c","status":"passed","time":{"start":1672735573163,"stop":1672735596782,"duration":23619}},{"uid":"a8bb978871ce5592","status":"passed","time":{"start":1672735394903,"stop":1672735431813,"duration":36910}},{"uid":"98157a4c171e8136","status":"passed","time":{"start":1672735182871,"stop":1672735211399,"duration":28528}},{"uid":"efc15d12ed532f5","status":"passed","time":{"start":1672732257113,"stop":1672732305455,"duration":48342}},{"uid":"42c11ddccadc50e4","status":"passed","time":{"start":1672731145394,"stop":1672731173468,"duration":28074}},{"uid":"422f5045a708a3bf","status":"broken","statusDetails":"no such element: Unable to locate element: {\"method\":\"xpath\",\"selector\":\"//div[@id='firstname-error']\"}\n  (Session info: chrome=108.0.5359.125)\nFor documentation on this error, please visit: https://www.seleniumhq.org/exceptions/no_such_element.html\nBuild info: version: '3.141.59', revision: 'e82be7d358', time: '2018-11-14T08:17:03'\nSystem info: host: 'ADMIN', ip: '192.168.31.66', os.name: 'Windows 10', os.arch: 'amd64', os.version: '10.0', java.version: '11.0.17'\nDriver info: org.openqa.selenium.chrome.ChromeDriver\nCapabilities {acceptInsecureCerts: false, browserName: chrome, browserVersion: 108.0.5359.125, chrome: {chromedriverVersion: 108.0.5359.71 (1e0e3868ee06..., userDataDir: C:\\Users\\Admin\\AppData\\Loca...}, goog:chromeOptions: {debuggerAddress: localhost:62312}, javascriptEnabled: true, networkConnectionEnabled: false, pageLoadStrategy: normal, platform: WINDOWS, platformName: WINDOWS, proxy: Proxy(), setWindowRect: true, strictFileInteractability: false, timeouts: {implicit: 0, pageLoad: 300000, script: 30000}, unhandledPromptBehavior: dismiss and notify, webauthn:extension:credBlob: true, webauthn:extension:largeBlob: true, webauthn:virtualAuthenticators: true}\nSession ID: f9e12b63b441a0a371f18d3324623545\n*** Element info: {Using=xpath, value=//div[@id='firstname-error']}","time":{"start":1672731022863,"stop":1672731055298,"duration":32435}},{"uid":"c02b2a130557aec9","status":"broken","statusDetails":"no such element: Unable to locate element: {\"method\":\"xpath\",\"selector\":\"//div[@id='firstname-error']\"}\n  (Session info: chrome=108.0.5359.125)\nFor documentation on this error, please visit: https://www.seleniumhq.org/exceptions/no_such_element.html\nBuild info: version: '3.141.59', revision: 'e82be7d358', time: '2018-11-14T08:17:03'\nSystem info: host: 'ADMIN', ip: '192.168.31.66', os.name: 'Windows 10', os.arch: 'amd64', os.version: '10.0', java.version: '11.0.17'\nDriver info: org.openqa.selenium.chrome.ChromeDriver\nCapabilities {acceptInsecureCerts: false, browserName: chrome, browserVersion: 108.0.5359.125, chrome: {chromedriverVersion: 108.0.5359.71 (1e0e3868ee06..., userDataDir: C:\\Users\\Admin\\AppData\\Loca...}, goog:chromeOptions: {debuggerAddress: localhost:62133}, javascriptEnabled: true, networkConnectionEnabled: false, pageLoadStrategy: normal, platform: WINDOWS, platformName: WINDOWS, proxy: Proxy(), setWindowRect: true, strictFileInteractability: false, timeouts: {implicit: 0, pageLoad: 300000, script: 30000}, unhandledPromptBehavior: dismiss and notify, webauthn:extension:credBlob: true, webauthn:extension:largeBlob: true, webauthn:virtualAuthenticators: true}\nSession ID: e73f5f5c2add578dbe588753ad0d7306\n*** Element info: {Using=xpath, value=//div[@id='firstname-error']}","time":{"start":1672730951486,"stop":1672730976302,"duration":24816}},{"uid":"b7151691b7efd83e","status":"passed","time":{"start":1672730613827,"stop":1672730640886,"duration":27059}},{"uid":"2e36ed2026d22892","status":"skipped","statusDetails":"unknown error: DevToolsActivePort file doesn't exist\nBuild info: version: '3.141.59', revision: 'e82be7d358', time: '2018-11-14T08:17:03'\nSystem info: host: 'ADMIN', ip: '192.168.31.66', os.name: 'Windows 10', os.arch: 'amd64', os.version: '10.0', java.version: '11.0.17'\nDriver info: driver.version: ChromeDriver\nremote stacktrace: Backtrace:\n\t(No symbol) [0x00D5F243]\n\t(No symbol) [0x00CE7FD1]\n\t(No symbol) [0x00BDD04D]\n\t(No symbol) [0x00BFEAD4]\n\t(No symbol) [0x00BFA7AE]\n\t(No symbol) [0x00BF82E9]\n\t(No symbol) [0x00C2F056]\n\t(No symbol) [0x00C2EB2A]\n\t(No symbol) [0x00C28386]\n\t(No symbol) [0x00C0163C]\n\t(No symbol) [0x00C0269D]\n\tGetHandleVerifier [0x00FF9A22+2655074]\n\tGetHandleVerifier [0x00FECA24+2601828]\n\tGetHandleVerifier [0x00E08C0A+619850]\n\tGetHandleVerifier [0x00E07830+614768]\n\t(No symbol) [0x00CF05FC]\n\t(No symbol) [0x00CF5968]\n\t(No symbol) [0x00CF5A55]\n\t(No symbol) [0x00D0051B]\n\tBaseThreadInitThunk [0x754700F9+25]\n\tRtlGetAppContainerNamedObjectPath [0x773F7BBE+286]\n\tRtlGetAppContainerNamedObjectPath [0x773F7B8E+238]\n","time":{"start":1672730474153,"stop":1672730474165,"duration":12}},{"uid":"70cd3dbfe5dce9a2","status":"broken","statusDetails":"stale element reference: element is not attached to the page document\n  (Session info: chrome=108.0.5359.125)\nFor documentation on this error, please visit: https://www.seleniumhq.org/exceptions/stale_element_reference.html\nBuild info: version: '3.141.59', revision: 'e82be7d358', time: '2018-11-14T08:17:03'\nSystem info: host: 'ADMIN', ip: '192.168.31.66', os.name: 'Windows 10', os.arch: 'amd64', os.version: '10.0', java.version: '11.0.17'\nDriver info: org.openqa.selenium.chrome.ChromeDriver\nCapabilities {acceptInsecureCerts: false, browserName: chrome, browserVersion: 108.0.5359.125, chrome: {chromedriverVersion: 108.0.5359.71 (1e0e3868ee06..., userDataDir: C:\\Users\\Admin\\AppData\\Loca...}, goog:chromeOptions: {debuggerAddress: localhost:61443}, javascriptEnabled: true, networkConnectionEnabled: false, pageLoadStrategy: normal, platform: WINDOWS, platformName: WINDOWS, proxy: Proxy(), setWindowRect: true, strictFileInteractability: false, timeouts: {implicit: 0, pageLoad: 300000, script: 30000}, unhandledPromptBehavior: dismiss and notify, webauthn:extension:credBlob: true, webauthn:extension:largeBlob: true, webauthn:virtualAuthenticators: true}\nSession ID: 82f87a8b3af728d4a5e1497c8119c6d8","time":{"start":1672730366929,"stop":1672730373503,"duration":6574}},{"uid":"21955feb81525811","status":"broken","statusDetails":"no such element: Unable to locate element: {\"method\":\"xpath\",\"selector\":\"//div[@id='firstname-error']\"}\n  (Session info: chrome=108.0.5359.125)\nFor documentation on this error, please visit: https://www.seleniumhq.org/exceptions/no_such_element.html\nBuild info: version: '3.141.59', revision: 'e82be7d358', time: '2018-11-14T08:17:03'\nSystem info: host: 'ADMIN', ip: '192.168.31.66', os.name: 'Windows 10', os.arch: 'amd64', os.version: '10.0', java.version: '11.0.17'\nDriver info: org.openqa.selenium.chrome.ChromeDriver\nCapabilities {acceptInsecureCerts: false, browserName: chrome, browserVersion: 108.0.5359.125, chrome: {chromedriverVersion: 108.0.5359.71 (1e0e3868ee06..., userDataDir: C:\\Users\\Admin\\AppData\\Loca...}, goog:chromeOptions: {debuggerAddress: localhost:61092}, javascriptEnabled: true, networkConnectionEnabled: false, pageLoadStrategy: normal, platform: WINDOWS, platformName: WINDOWS, proxy: Proxy(), setWindowRect: true, strictFileInteractability: false, timeouts: {implicit: 0, pageLoad: 300000, script: 30000}, unhandledPromptBehavior: dismiss and notify, webauthn:extension:credBlob: true, webauthn:extension:largeBlob: true, webauthn:virtualAuthenticators: true}\nSession ID: 457c25d4faa83ef54bf78a032f5dd213\n*** Element info: {Using=xpath, value=//div[@id='firstname-error']}","time":{"start":1672730250253,"stop":1672730315920,"duration":65667}},{"uid":"56bc0588c9067743","status":"broken","statusDetails":"java.net.ConnectException: Failed to connect to localhost/0:0:0:0:0:0:0:1:21208\nBuild info: version: '3.141.59', revision: 'e82be7d358', time: '2018-11-14T08:17:03'\nSystem info: host: 'ADMIN', ip: '192.168.31.66', os.name: 'Windows 10', os.arch: 'amd64', os.version: '10.0', java.version: '11.0.17'\nDriver info: driver.version: RemoteWebDriver","time":{"start":1672730176236,"stop":1672730198940,"duration":22704}},{"uid":"4c93e119bcfe81d8","status":"passed","time":{"start":1672729907874,"stop":1672729937903,"duration":30029}},{"uid":"cca578a2aee13459","status":"passed","time":{"start":1672728926279,"stop":1672728975237,"duration":48958}},{"uid":"2264a01717e5c8a9","status":"passed","time":{"start":1672727652522,"stop":1672727698643,"duration":46121}},{"uid":"b11b3aad80b6ead8","status":"passed","time":{"start":1672727078130,"stop":1672727105786,"duration":27656}},{"uid":"31f070edcd98568","status":"passed","time":{"start":1672726942630,"stop":1672726983516,"duration":40886}},{"uid":"59320d00740628c1","status":"passed","time":{"start":1672726702597,"stop":1672726780508,"duration":77911}},{"uid":"52e355da5464b611","status":"passed","time":{"start":1672726461191,"stop":1672726486951,"duration":25760}},{"uid":"34aecf0f8fd49455","status":"broken","statusDetails":"no such element: Unable to locate element: {\"method\":\"xpath\",\"selector\":\"//div[@id='firstname-error']\"}\n  (Session info: chrome=108.0.5359.125)\nFor documentation on this error, please visit: https://www.seleniumhq.org/exceptions/no_such_element.html\nBuild info: version: '3.141.59', revision: 'e82be7d358', time: '2018-11-14T08:17:03'\nSystem info: host: 'ADMIN', ip: '192.168.31.66', os.name: 'Windows 10', os.arch: 'amd64', os.version: '10.0', java.version: '11.0.17'\nDriver info: org.openqa.selenium.chrome.ChromeDriver\nCapabilities {acceptInsecureCerts: false, browserName: chrome, browserVersion: 108.0.5359.125, chrome: {chromedriverVersion: 108.0.5359.71 (1e0e3868ee06..., userDataDir: C:\\Users\\Admin\\AppData\\Loca...}, goog:chromeOptions: {debuggerAddress: localhost:54063}, javascriptEnabled: true, networkConnectionEnabled: false, pageLoadStrategy: normal, platform: WINDOWS, platformName: WINDOWS, proxy: Proxy(), setWindowRect: true, strictFileInteractability: false, timeouts: {implicit: 0, pageLoad: 300000, script: 30000}, unhandledPromptBehavior: dismiss and notify, webauthn:extension:credBlob: true, webauthn:extension:largeBlob: true, webauthn:virtualAuthenticators: true}\nSession ID: 4dbfd0fce8c40c3722ec30fb779d9bb9\n*** Element info: {Using=xpath, value=//div[@id='firstname-error']}","time":{"start":1672726314565,"stop":1672726357689,"duration":43124}},{"uid":"4857001fe9236417","status":"skipped","statusDetails":"unknown error: failed to write prefs file\nBuild info: version: '3.141.59', revision: 'e82be7d358', time: '2018-11-14T08:17:03'\nSystem info: host: 'ADMIN', ip: '192.168.31.61', os.name: 'Windows 10', os.arch: 'amd64', os.version: '10.0', java.version: '11.0.17'\nDriver info: driver.version: ChromeDriver\nremote stacktrace: Backtrace:\n\t(No symbol) [0x00F5F243]\n\t(No symbol) [0x00EE7FD1]\n\t(No symbol) [0x00DDD04D]\n\t(No symbol) [0x00DFE447]\n\t(No symbol) [0x00DFE5CA]\n\t(No symbol) [0x00DFBA02]\n\t(No symbol) [0x00DF82E9]\n\t(No symbol) [0x00E2F056]\n\t(No symbol) [0x00E2EB2A]\n\t(No symbol) [0x00E28386]\n\t(No symbol) [0x00E0163C]\n\t(No symbol) [0x00E0269D]\n\tGetHandleVerifier [0x011F9A22+2655074]\n\tGetHandleVerifier [0x011ECA24+2601828]\n\tGetHandleVerifier [0x01008C0A+619850]\n\tGetHandleVerifier [0x01007830+614768]\n\t(No symbol) [0x00EF05FC]\n\t(No symbol) [0x00EF5968]\n\t(No symbol) [0x00EF5A55]\n\t(No symbol) [0x00F0051B]\n\tBaseThreadInitThunk [0x768A00F9+25]\n\tRtlGetAppContainerNamedObjectPath [0x77377BBE+286]\n\tRtlGetAppContainerNamedObjectPath [0x77377B8E+238]\n","time":{"start":1672396545355,"stop":1672396545359,"duration":4}},{"uid":"cf8a983df35fffb4","status":"skipped","statusDetails":"unknown error: failed to write prefs file\nBuild info: version: '3.141.59', revision: 'e82be7d358', time: '2018-11-14T08:17:03'\nSystem info: host: 'ADMIN', ip: '192.168.31.61', os.name: 'Windows 10', os.arch: 'amd64', os.version: '10.0', java.version: '11.0.17'\nDriver info: driver.version: ChromeDriver\nremote stacktrace: Backtrace:\n\t(No symbol) [0x00F5F243]\n\t(No symbol) [0x00EE7FD1]\n\t(No symbol) [0x00DDD04D]\n\t(No symbol) [0x00DFE447]\n\t(No symbol) [0x00DFE5CA]\n\t(No symbol) [0x00DFBA02]\n\t(No symbol) [0x00DF82E9]\n\t(No symbol) [0x00E2F056]\n\t(No symbol) [0x00E2EB2A]\n\t(No symbol) [0x00E28386]\n\t(No symbol) [0x00E0163C]\n\t(No symbol) [0x00E0269D]\n\tGetHandleVerifier [0x011F9A22+2655074]\n\tGetHandleVerifier [0x011ECA24+2601828]\n\tGetHandleVerifier [0x01008C0A+619850]\n\tGetHandleVerifier [0x01007830+614768]\n\t(No symbol) [0x00EF05FC]\n\t(No symbol) [0x00EF5968]\n\t(No symbol) [0x00EF5A55]\n\t(No symbol) [0x00F0051B]\n\tBaseThreadInitThunk [0x768A00F9+25]\n\tRtlGetAppContainerNamedObjectPath [0x77377BBE+286]\n\tRtlGetAppContainerNamedObjectPath [0x77377B8E+238]\n","time":{"start":1672396390083,"stop":1672396390085,"duration":2}},{"uid":"e4729a7513507774","status":"passed","time":{"start":1672395372002,"stop":1672395416453,"duration":44451}},{"uid":"2faac022afef7533","status":"skipped","statusDetails":"unknown error: Chrome failed to start: exited normally.\n  (unknown error: DevToolsActivePort file doesn't exist)\n  (The process started from chrome location C:\\Program Files (x86)\\Google\\Chrome\\Application\\chrome.exe is no longer running, so ChromeDriver is assuming that Chrome has crashed.)\nBuild info: version: '3.141.59', revision: 'e82be7d358', time: '2018-11-14T08:17:03'\nSystem info: host: 'ADMIN', ip: '192.168.31.61', os.name: 'Windows 10', os.arch: 'amd64', os.version: '10.0', java.version: '11.0.17'\nDriver info: driver.version: ChromeDriver\nremote stacktrace: Backtrace:\n\t(No symbol) [0x00F5F243]\n\t(No symbol) [0x00EE7FD1]\n\t(No symbol) [0x00DDD04D]\n\t(No symbol) [0x00DFC24E]\n\t(No symbol) [0x00DF82E9]\n\t(No symbol) [0x00E2F056]\n\t(No symbol) [0x00E2EB2A]\n\t(No symbol) [0x00E28386]\n\t(No symbol) [0x00E0163C]\n\t(No symbol) [0x00E0269D]\n\tGetHandleVerifier [0x011F9A22+2655074]\n\tGetHandleVerifier [0x011ECA24+2601828]\n\tGetHandleVerifier [0x01008C0A+619850]\n\tGetHandleVerifier [0x01007830+614768]\n\t(No symbol) [0x00EF05FC]\n\t(No symbol) [0x00EF5968]\n\t(No symbol) [0x00EF5A55]\n\t(No symbol) [0x00F0051B]\n\tBaseThreadInitThunk [0x768A00F9+25]\n\tRtlGetAppContainerNamedObjectPath [0x77377BBE+286]\n\tRtlGetAppContainerNamedObjectPath [0x77377B8E+238]\n","time":{"start":1672395256203,"stop":1672395256205,"duration":2}},{"uid":"dfa307da20daf9b6","status":"broken","statusDetails":"no such element: Unable to locate element: {\"method\":\"xpath\",\"selector\":\"//div[@id='firstname-error']\"}\n  (Session info: chrome=108.0.5359.125)\nFor documentation on this error, please visit: https://www.seleniumhq.org/exceptions/no_such_element.html\nBuild info: version: '3.141.59', revision: 'e82be7d358', time: '2018-11-14T08:17:03'\nSystem info: host: 'ADMIN', ip: '192.168.31.61', os.name: 'Windows 10', os.arch: 'amd64', os.version: '10.0', java.version: '11.0.17'\nDriver info: org.openqa.selenium.chrome.ChromeDriver\nCapabilities {acceptInsecureCerts: false, browserName: chrome, browserVersion: 108.0.5359.125, chrome: {chromedriverVersion: 108.0.5359.71 (1e0e3868ee06..., userDataDir: C:\\Users\\Admin\\AppData\\Loca...}, goog:chromeOptions: {debuggerAddress: localhost:56824}, javascriptEnabled: true, networkConnectionEnabled: false, pageLoadStrategy: normal, platform: WINDOWS, platformName: WINDOWS, proxy: Proxy(), setWindowRect: true, strictFileInteractability: false, timeouts: {implicit: 0, pageLoad: 300000, script: 30000}, unhandledPromptBehavior: dismiss and notify, webauthn:extension:credBlob: true, webauthn:extension:largeBlob: true, webauthn:virtualAuthenticators: true}\nSession ID: 90e504acd77e561f0a54beb6e4948b5e\n*** Element info: {Using=xpath, value=//div[@id='firstname-error']}","time":{"start":1672395150111,"stop":1672395190582,"duration":40471}},{"uid":"af09ef1ca8978876","status":"passed","time":{"start":1672394368954,"stop":1672394396530,"duration":27576}},{"uid":"99fe18e1bf029142","status":"passed","time":{"start":1672394222896,"stop":1672394275942,"duration":53046}},{"uid":"ad23a9eb639d3a5f","status":"passed","time":{"start":1672393458416,"stop":1672393488335,"duration":29919}},{"uid":"735f49ce1cd1b85","status":"passed","time":{"start":1672393269131,"stop":1672393296283,"duration":27152}},{"uid":"d9f234978127bb82","status":"broken","statusDetails":"no such element: Unable to locate element: {\"method\":\"xpath\",\"selector\":\"//div[@id='firstname-error']\"}\n  (Session info: chrome=108.0.5359.125)\nFor documentation on this error, please visit: https://www.seleniumhq.org/exceptions/no_such_element.html\nBuild info: version: '3.141.59', revision: 'e82be7d358', time: '2018-11-14T08:17:03'\nSystem info: host: 'ADMIN', ip: '192.168.31.61', os.name: 'Windows 10', os.arch: 'amd64', os.version: '10.0', java.version: '11.0.17'\nDriver info: org.openqa.selenium.chrome.ChromeDriver\nCapabilities {acceptInsecureCerts: false, browserName: chrome, browserVersion: 108.0.5359.125, chrome: {chromedriverVersion: 108.0.5359.71 (1e0e3868ee06..., userDataDir: C:\\Users\\Admin\\AppData\\Loca...}, goog:chromeOptions: {debuggerAddress: localhost:53698}, javascriptEnabled: true, networkConnectionEnabled: false, pageLoadStrategy: normal, platform: WINDOWS, platformName: WINDOWS, proxy: Proxy(), setWindowRect: true, strictFileInteractability: false, timeouts: {implicit: 0, pageLoad: 300000, script: 30000}, unhandledPromptBehavior: dismiss and notify, webauthn:extension:credBlob: true, webauthn:extension:largeBlob: true, webauthn:virtualAuthenticators: true}\nSession ID: 71b0681064bd2263420fe5097d8b646b\n*** Element info: {Using=xpath, value=//div[@id='firstname-error']}","time":{"start":1672392810268,"stop":1672392852653,"duration":42385}},{"uid":"3f7b00f47810c6f4","status":"passed","time":{"start":1672392373904,"stop":1672392403352,"duration":29448}},{"uid":"5f1e36628fa0d972","status":"passed","time":{"start":1672392199073,"stop":1672392240518,"duration":41445}},{"uid":"522d7561f2a9c137","status":"passed","time":{"start":1672390767360,"stop":1672390852111,"duration":84751}},{"uid":"f182f787fe5efc7e","status":"broken","statusDetails":"no such element: Unable to locate element: {\"method\":\"xpath\",\"selector\":\"//button[@title='Next']\"}\n  (Session info: chrome=108.0.5359.125)\nFor documentation on this error, please visit: https://www.seleniumhq.org/exceptions/no_such_element.html\nBuild info: version: '3.141.59', revision: 'e82be7d358', time: '2018-11-14T08:17:03'\nSystem info: host: 'ADMIN', ip: '192.168.31.61', os.name: 'Windows 10', os.arch: 'amd64', os.version: '10.0', java.version: '11.0.17'\nDriver info: org.openqa.selenium.chrome.ChromeDriver\nCapabilities {acceptInsecureCerts: false, browserName: chrome, browserVersion: 108.0.5359.125, chrome: {chromedriverVersion: 108.0.5359.71 (1e0e3868ee06..., userDataDir: C:\\Users\\Admin\\AppData\\Loca...}, goog:chromeOptions: {debuggerAddress: localhost:49712}, javascriptEnabled: true, networkConnectionEnabled: false, pageLoadStrategy: normal, platform: WINDOWS, platformName: WINDOWS, proxy: Proxy(), setWindowRect: true, strictFileInteractability: false, timeouts: {implicit: 0, pageLoad: 300000, script: 30000}, unhandledPromptBehavior: dismiss and notify, webauthn:extension:credBlob: true, webauthn:extension:largeBlob: true, webauthn:virtualAuthenticators: true}\nSession ID: aae26438667ea55b29d762fffa78ba2e\n*** Element info: {Using=xpath, value=//button[@title='Next']}","time":{"start":1672390037848,"stop":1672390074302,"duration":36454}},{"uid":"43b893c25356529b","status":"broken","statusDetails":"no such element: Unable to locate element: {\"method\":\"xpath\",\"selector\":\"//div[@id='mobile_number-error']\"}\n  (Session info: chrome=107.0.5304.121)\nFor documentation on this error, please visit: https://www.seleniumhq.org/exceptions/no_such_element.html\nBuild info: version: '3.141.59', revision: 'e82be7d358', time: '2018-11-14T08:17:03'\nSystem info: host: 'ADMIN', ip: '192.168.31.81', os.name: 'Windows 10', os.arch: 'amd64', os.version: '10.0', java.version: '11.0.17'\nDriver info: org.openqa.selenium.chrome.ChromeDriver\nCapabilities {acceptInsecureCerts: false, browserName: chrome, browserVersion: 107.0.5304.121, chrome: {chromedriverVersion: 107.0.5304.62 (1eec40d3a576..., userDataDir: C:\\Users\\Admin\\AppData\\Loca...}, goog:chromeOptions: {debuggerAddress: localhost:59271}, javascriptEnabled: true, networkConnectionEnabled: false, pageLoadStrategy: normal, platform: WINDOWS, platformName: WINDOWS, proxy: Proxy(), setWindowRect: true, strictFileInteractability: false, timeouts: {implicit: 0, pageLoad: 300000, script: 30000}, unhandledPromptBehavior: dismiss and notify, webauthn:extension:credBlob: true, webauthn:extension:largeBlob: true, webauthn:virtualAuthenticators: true}\nSession ID: 9a57b5149509f75af94f2f16f7dd3174\n*** Element info: {Using=xpath, value=//div[@id='mobile_number-error']}","time":{"start":1669779701993,"stop":1669779713393,"duration":11400}},{"uid":"373d25919e0862e7","status":"broken","statusDetails":"no such element: Unable to locate element: {\"method\":\"xpath\",\"selector\":\"//div[@id='mobile_number-error']\"}\n  (Session info: chrome=107.0.5304.121)\nFor documentation on this error, please visit: https://www.seleniumhq.org/exceptions/no_such_element.html\nBuild info: version: '3.141.59', revision: 'e82be7d358', time: '2018-11-14T08:17:03'\nSystem info: host: 'ADMIN', ip: '192.168.31.81', os.name: 'Windows 10', os.arch: 'amd64', os.version: '10.0', java.version: '11.0.17'\nDriver info: org.openqa.selenium.chrome.ChromeDriver\nCapabilities {acceptInsecureCerts: false, browserName: chrome, browserVersion: 107.0.5304.121, chrome: {chromedriverVersion: 107.0.5304.62 (1eec40d3a576..., userDataDir: C:\\Users\\Admin\\AppData\\Loca...}, goog:chromeOptions: {debuggerAddress: localhost:55255}, javascriptEnabled: true, networkConnectionEnabled: false, pageLoadStrategy: normal, platform: WINDOWS, platformName: WINDOWS, proxy: Proxy(), setWindowRect: true, strictFileInteractability: false, timeouts: {implicit: 0, pageLoad: 300000, script: 30000}, unhandledPromptBehavior: dismiss and notify, webauthn:extension:credBlob: true, webauthn:extension:largeBlob: true, webauthn:virtualAuthenticators: true}\nSession ID: e49761cf8bca0423ecc8cdf1f224cad8\n*** Element info: {Using=xpath, value=//div[@id='mobile_number-error']}","time":{"start":1669775395677,"stop":1669775407364,"duration":11687}},{"uid":"10de94859f9b82f8","status":"broken","statusDetails":"element not interactable\n  (Session info: chrome=107.0.5304.121)\nBuild info: version: '3.141.59', revision: 'e82be7d358', time: '2018-11-14T08:17:03'\nSystem info: host: 'ADMIN', ip: '192.168.31.81', os.name: 'Windows 10', os.arch: 'amd64', os.version: '10.0', java.version: '11.0.17'\nDriver info: org.openqa.selenium.chrome.ChromeDriver\nCapabilities {acceptInsecureCerts: false, browserName: chrome, browserVersion: 107.0.5304.121, chrome: {chromedriverVersion: 107.0.5304.62 (1eec40d3a576..., userDataDir: C:\\Users\\Admin\\AppData\\Loca...}, goog:chromeOptions: {debuggerAddress: localhost:51967}, javascriptEnabled: true, networkConnectionEnabled: false, pageLoadStrategy: normal, platform: WINDOWS, platformName: WINDOWS, proxy: Proxy(), setWindowRect: true, strictFileInteractability: false, timeouts: {implicit: 0, pageLoad: 300000, script: 30000}, unhandledPromptBehavior: dismiss and notify, webauthn:extension:credBlob: true, webauthn:extension:largeBlob: true, webauthn:virtualAuthenticators: true}\nSession ID: 5ee125aeff177c4399221f2ff06b3c41","time":{"start":1669772698740,"stop":1669772708853,"duration":10113}},{"uid":"3e33f1c26f52d525","status":"passed","time":{"start":1669712829318,"stop":1669712909766,"duration":80448}},{"uid":"b09e65c69903d585","status":"broken","statusDetails":"invalid selector: Unable to locate an element with the xpath expression ///div[@class='admin__data-grid-filters-wrap _show']//input[@name='recipient'] because of the following error:\nSyntaxError: Failed to execute 'evaluate' on 'Document': The string '///div[@class='admin__data-grid-filters-wrap _show']//input[@name='recipient']' is not a valid XPath expression.\n  (Session info: chrome=107.0.5304.121)\nFor documentation on this error, please visit: https://www.seleniumhq.org/exceptions/invalid_selector_exception.html\nBuild info: version: '3.141.59', revision: 'e82be7d358', time: '2018-11-14T08:17:03'\nSystem info: host: 'ADMIN', ip: '192.168.31.82', os.name: 'Windows 10', os.arch: 'amd64', os.version: '10.0', java.version: '11.0.17'\nDriver info: org.openqa.selenium.chrome.ChromeDriver\nCapabilities {acceptInsecureCerts: false, browserName: chrome, browserVersion: 107.0.5304.121, chrome: {chromedriverVersion: 107.0.5304.62 (1eec40d3a576..., userDataDir: C:\\Users\\Admin\\AppData\\Loca...}, goog:chromeOptions: {debuggerAddress: localhost:57890}, javascriptEnabled: true, networkConnectionEnabled: false, pageLoadStrategy: normal, platform: WINDOWS, platformName: WINDOWS, proxy: Proxy(), setWindowRect: true, strictFileInteractability: false, timeouts: {implicit: 0, pageLoad: 300000, script: 30000}, unhandledPromptBehavior: dismiss and notify, webauthn:extension:credBlob: true, webauthn:extension:largeBlob: true, webauthn:virtualAuthenticators: true}\nSession ID: fdc11c8539673ba4a6f49a671f736b29\n*** Element info: {Using=xpath, value=///div[@class='admin__data-grid-filters-wrap _show']//input[@name='recipient']}","time":{"start":1669712469386,"stop":1669712536399,"duration":67013}},{"uid":"a49559702e0a46a6","status":"broken","statusDetails":"no such element: Unable to locate element: {\"method\":\"xpath\",\"selector\":\"//tr[@data-repeat-index='0']//td[3]//div\"}\n  (Session info: chrome=107.0.5304.121)\nFor documentation on this error, please visit: https://www.seleniumhq.org/exceptions/no_such_element.html\nBuild info: version: '3.141.59', revision: 'e82be7d358', time: '2018-11-14T08:17:03'\nSystem info: host: 'ADMIN', ip: '192.168.31.82', os.name: 'Windows 10', os.arch: 'amd64', os.version: '10.0', java.version: '11.0.17'\nDriver info: org.openqa.selenium.chrome.ChromeDriver\nCapabilities {acceptInsecureCerts: false, browserName: chrome, browserVersion: 107.0.5304.121, chrome: {chromedriverVersion: 107.0.5304.62 (1eec40d3a576..., userDataDir: C:\\Users\\Admin\\AppData\\Loca...}, goog:chromeOptions: {debuggerAddress: localhost:57406}, javascriptEnabled: true, networkConnectionEnabled: false, pageLoadStrategy: normal, platform: WINDOWS, platformName: WINDOWS, proxy: Proxy(), setWindowRect: true, strictFileInteractability: false, timeouts: {implicit: 0, pageLoad: 300000, script: 30000}, unhandledPromptBehavior: dismiss and notify, webauthn:extension:credBlob: true, webauthn:extension:largeBlob: true, webauthn:virtualAuthenticators: true}\nSession ID: 3dce93ed3017d7202b0eacbd3c3544af\n*** Element info: {Using=xpath, value=//tr[@data-repeat-index='0']//td[3]//div}","time":{"start":1669712065767,"stop":1669712122525,"duration":56758}},{"uid":"d3b32f8191677782","status":"broken","statusDetails":"invalid selector: Unable to locate an element with the xpath expression ///div[@class='admin__data-grid-filters-wrap _show']//input[@name='recipient'] because of the following error:\nSyntaxError: Failed to execute 'evaluate' on 'Document': The string '///div[@class='admin__data-grid-filters-wrap _show']//input[@name='recipient']' is not a valid XPath expression.\n  (Session info: chrome=107.0.5304.121)\nFor documentation on this error, please visit: https://www.seleniumhq.org/exceptions/invalid_selector_exception.html\nBuild info: version: '3.141.59', revision: 'e82be7d358', time: '2018-11-14T08:17:03'\nSystem info: host: 'ADMIN', ip: '192.168.31.82', os.name: 'Windows 10', os.arch: 'amd64', os.version: '10.0', java.version: '11.0.17'\nDriver info: org.openqa.selenium.chrome.ChromeDriver\nCapabilities {acceptInsecureCerts: false, browserName: chrome, browserVersion: 107.0.5304.121, chrome: {chromedriverVersion: 107.0.5304.62 (1eec40d3a576..., userDataDir: C:\\Users\\Admin\\AppData\\Loca...}, goog:chromeOptions: {debuggerAddress: localhost:57007}, javascriptEnabled: true, networkConnectionEnabled: false, pageLoadStrategy: normal, platform: WINDOWS, platformName: WINDOWS, proxy: Proxy(), setWindowRect: true, strictFileInteractability: false, timeouts: {implicit: 0, pageLoad: 300000, script: 30000}, unhandledPromptBehavior: dismiss and notify, webauthn:extension:credBlob: true, webauthn:extension:largeBlob: true, webauthn:virtualAuthenticators: true}\nSession ID: 242b2619ca9e2bebbcc535817d6bd4a7\n*** Element info: {Using=xpath, value=///div[@class='admin__data-grid-filters-wrap _show']//input[@name='recipient']}","time":{"start":1669711556059,"stop":1669711649634,"duration":93575}},{"uid":"3b2dcd55cf396983","status":"broken","statusDetails":"element not interactable\n  (Session info: chrome=107.0.5304.121)\nBuild info: version: '3.141.59', revision: 'e82be7d358', time: '2018-11-14T08:17:03'\nSystem info: host: 'ADMIN', ip: '192.168.31.82', os.name: 'Windows 10', os.arch: 'amd64', os.version: '10.0', java.version: '11.0.17'\nDriver info: org.openqa.selenium.chrome.ChromeDriver\nCapabilities {acceptInsecureCerts: false, browserName: chrome, browserVersion: 107.0.5304.121, chrome: {chromedriverVersion: 107.0.5304.62 (1eec40d3a576..., userDataDir: C:\\Users\\Admin\\AppData\\Loca...}, goog:chromeOptions: {debuggerAddress: localhost:56752}, javascriptEnabled: true, networkConnectionEnabled: false, pageLoadStrategy: normal, platform: WINDOWS, platformName: WINDOWS, proxy: Proxy(), setWindowRect: true, strictFileInteractability: false, timeouts: {implicit: 0, pageLoad: 300000, script: 30000}, unhandledPromptBehavior: dismiss and notify, webauthn:extension:credBlob: true, webauthn:extension:largeBlob: true, webauthn:virtualAuthenticators: true}\nSession ID: 2409bed52df96747ec8d433670b6b7f0","time":{"start":1669711364110,"stop":1669711408456,"duration":44346}},{"uid":"12fcb3f043f27559","status":"passed","time":{"start":1669710681499,"stop":1669710751691,"duration":70192}},{"uid":"889964e0e86713de","status":"passed","time":{"start":1669710343233,"stop":1669710412126,"duration":68893}},{"uid":"9d5eec873cd82f64","status":"broken","statusDetails":"no such element: Unable to locate element: {\"method\":\"xpath\",\"selector\":\"//div[@class='message-error error message']\"}\n  (Session info: chrome=107.0.5304.121)\nFor documentation on this error, please visit: https://www.seleniumhq.org/exceptions/no_such_element.html\nBuild info: version: '3.141.59', revision: 'e82be7d358', time: '2018-11-14T08:17:03'\nSystem info: host: 'ADMIN', ip: '192.168.31.82', os.name: 'Windows 10', os.arch: 'amd64', os.version: '10.0', java.version: '11.0.17'\nDriver info: org.openqa.selenium.chrome.ChromeDriver\nCapabilities {acceptInsecureCerts: false, browserName: chrome, browserVersion: 107.0.5304.121, chrome: {chromedriverVersion: 107.0.5304.62 (1eec40d3a576..., userDataDir: C:\\Users\\Admin\\AppData\\Loca...}, goog:chromeOptions: {debuggerAddress: localhost:55773}, javascriptEnabled: true, networkConnectionEnabled: false, pageLoadStrategy: normal, platform: WINDOWS, platformName: WINDOWS, proxy: Proxy(), setWindowRect: true, strictFileInteractability: false, timeouts: {implicit: 0, pageLoad: 300000, script: 30000}, unhandledPromptBehavior: dismiss and notify, webauthn:extension:credBlob: true, webauthn:extension:largeBlob: true, webauthn:virtualAuthenticators: true}\nSession ID: 272189afd1242cc93f85c749ae6ad802\n*** Element info: {Using=xpath, value=//div[@class='message-error error message']}","time":{"start":1669710089477,"stop":1669710111859,"duration":22382}},{"uid":"9f0814b103c79bd8","status":"passed","time":{"start":1669709715334,"stop":1669709809994,"duration":94660}},{"uid":"2c41c77bbcd98b33","status":"broken","statusDetails":"no such element: Unable to locate element: {\"method\":\"xpath\",\"selector\":\"//tr[@data-repeat-index='0']//td[3]//div\"}\n  (Session info: chrome=107.0.5304.121)\nFor documentation on this error, please visit: https://www.seleniumhq.org/exceptions/no_such_element.html\nBuild info: version: '3.141.59', revision: 'e82be7d358', time: '2018-11-14T08:17:03'\nSystem info: host: 'ADMIN', ip: '192.168.31.82', os.name: 'Windows 10', os.arch: 'amd64', os.version: '10.0', java.version: '11.0.17'\nDriver info: org.openqa.selenium.chrome.ChromeDriver\nCapabilities {acceptInsecureCerts: false, browserName: chrome, browserVersion: 107.0.5304.121, chrome: {chromedriverVersion: 107.0.5304.62 (1eec40d3a576..., userDataDir: C:\\Users\\Admin\\AppData\\Loca...}, goog:chromeOptions: {debuggerAddress: localhost:55184}, javascriptEnabled: true, networkConnectionEnabled: false, pageLoadStrategy: normal, platform: WINDOWS, platformName: WINDOWS, proxy: Proxy(), setWindowRect: true, strictFileInteractability: false, timeouts: {implicit: 0, pageLoad: 300000, script: 30000}, unhandledPromptBehavior: dismiss and notify, webauthn:extension:credBlob: true, webauthn:extension:largeBlob: true, webauthn:virtualAuthenticators: true}\nSession ID: 42c563d43b3f4df5ef00e1a224e0fa7c\n*** Element info: {Using=xpath, value=//tr[@data-repeat-index='0']//td[3]//div}","time":{"start":1669709179473,"stop":1669709285421,"duration":105948}},{"uid":"def5b1f36c9feb82","status":"passed","time":{"start":1669708443260,"stop":1669708528804,"duration":85544}},{"uid":"fe79493f0c27ff27","status":"broken","statusDetails":"no such element: Unable to locate element: {\"method\":\"xpath\",\"selector\":\"//div[@class='message-error error message']\"}\n  (Session info: chrome=107.0.5304.121)\nFor documentation on this error, please visit: https://www.seleniumhq.org/exceptions/no_such_element.html\nBuild info: version: '3.141.59', revision: 'e82be7d358', time: '2018-11-14T08:17:03'\nSystem info: host: 'ADMIN', ip: '192.168.31.82', os.name: 'Windows 10', os.arch: 'amd64', os.version: '10.0', java.version: '11.0.17'\nDriver info: org.openqa.selenium.chrome.ChromeDriver\nCapabilities {acceptInsecureCerts: false, browserName: chrome, browserVersion: 107.0.5304.121, chrome: {chromedriverVersion: 107.0.5304.62 (1eec40d3a576..., userDataDir: C:\\Users\\Admin\\AppData\\Loca...}, goog:chromeOptions: {debuggerAddress: localhost:54630}, javascriptEnabled: true, networkConnectionEnabled: false, pageLoadStrategy: normal, platform: WINDOWS, platformName: WINDOWS, proxy: Proxy(), setWindowRect: true, strictFileInteractability: false, timeouts: {implicit: 0, pageLoad: 300000, script: 30000}, unhandledPromptBehavior: dismiss and notify, webauthn:extension:credBlob: true, webauthn:extension:largeBlob: true, webauthn:virtualAuthenticators: true}\nSession ID: 07f3b4c1041a29d28c98827ee962e9b5\n*** Element info: {Using=xpath, value=//div[@class='message-error error message']}","time":{"start":1669708138414,"stop":1669708163052,"duration":24638}},{"uid":"cb187a054f250d0b","status":"broken","statusDetails":"no such element: Unable to locate element: {\"method\":\"xpath\",\"selector\":\"//tr[@data-repeat-index='0']//td[3]//div\"}\n  (Session info: chrome=107.0.5304.121)\nFor documentation on this error, please visit: https://www.seleniumhq.org/exceptions/no_such_element.html\nBuild info: version: '3.141.59', revision: 'e82be7d358', time: '2018-11-14T08:17:03'\nSystem info: host: 'ADMIN', ip: '192.168.31.82', os.name: 'Windows 10', os.arch: 'amd64', os.version: '10.0', java.version: '11.0.17'\nDriver info: org.openqa.selenium.chrome.ChromeDriver\nCapabilities {acceptInsecureCerts: false, browserName: chrome, browserVersion: 107.0.5304.121, chrome: {chromedriverVersion: 107.0.5304.62 (1eec40d3a576..., userDataDir: C:\\Users\\Admin\\AppData\\Loca...}, goog:chromeOptions: {debuggerAddress: localhost:54314}, javascriptEnabled: true, networkConnectionEnabled: false, pageLoadStrategy: normal, platform: WINDOWS, platformName: WINDOWS, proxy: Proxy(), setWindowRect: true, strictFileInteractability: false, timeouts: {implicit: 0, pageLoad: 300000, script: 30000}, unhandledPromptBehavior: dismiss and notify, webauthn:extension:credBlob: true, webauthn:extension:largeBlob: true, webauthn:virtualAuthenticators: true}\nSession ID: 938aaa74fcfc26de59be521e037349bb\n*** Element info: {Using=xpath, value=//tr[@data-repeat-index='0']//td[3]//div}","time":{"start":1669707605815,"stop":1669707682225,"duration":76410}},{"uid":"d22d7167c3829e0","status":"broken","statusDetails":"no such element: Unable to locate element: {\"method\":\"xpath\",\"selector\":\"//div[@class='message-error error message']\"}\n  (Session info: chrome=107.0.5304.121)\nFor documentation on this error, please visit: https://www.seleniumhq.org/exceptions/no_such_element.html\nBuild info: version: '3.141.59', revision: 'e82be7d358', time: '2018-11-14T08:17:03'\nSystem info: host: 'ADMIN', ip: '192.168.31.82', os.name: 'Windows 10', os.arch: 'amd64', os.version: '10.0', java.version: '11.0.17'\nDriver info: org.openqa.selenium.chrome.ChromeDriver\nCapabilities {acceptInsecureCerts: false, browserName: chrome, browserVersion: 107.0.5304.121, chrome: {chromedriverVersion: 107.0.5304.62 (1eec40d3a576..., userDataDir: C:\\Users\\Admin\\AppData\\Loca...}, goog:chromeOptions: {debuggerAddress: localhost:54069}, javascriptEnabled: true, networkConnectionEnabled: false, pageLoadStrategy: normal, platform: WINDOWS, platformName: WINDOWS, proxy: Proxy(), setWindowRect: true, strictFileInteractability: false, timeouts: {implicit: 0, pageLoad: 300000, script: 30000}, unhandledPromptBehavior: dismiss and notify, webauthn:extension:credBlob: true, webauthn:extension:largeBlob: true, webauthn:virtualAuthenticators: true}\nSession ID: a06285472ee48207aca6998b4f308a0e\n*** Element info: {Using=xpath, value=//div[@class='message-error error message']}","time":{"start":1669707121080,"stop":1669707159030,"duration":37950}},{"uid":"98e5c111c4229ec","status":"broken","statusDetails":"no such element: Unable to locate element: {\"method\":\"xpath\",\"selector\":\"//input[@id='sms_code']\"}\n  (Session info: chrome=107.0.5304.121)\nFor documentation on this error, please visit: https://www.seleniumhq.org/exceptions/no_such_element.html\nBuild info: version: '3.141.59', revision: 'e82be7d358', time: '2018-11-14T08:17:03'\nSystem info: host: 'ADMIN', ip: '192.168.31.82', os.name: 'Windows 10', os.arch: 'amd64', os.version: '10.0', java.version: '11.0.17'\nDriver info: org.openqa.selenium.chrome.ChromeDriver\nCapabilities {acceptInsecureCerts: false, browserName: chrome, browserVersion: 107.0.5304.121, chrome: {chromedriverVersion: 107.0.5304.62 (1eec40d3a576..., userDataDir: C:\\Users\\Admin\\AppData\\Loca...}, goog:chromeOptions: {debuggerAddress: localhost:53647}, javascriptEnabled: true, networkConnectionEnabled: false, pageLoadStrategy: normal, platform: WINDOWS, platformName: WINDOWS, proxy: Proxy(), setWindowRect: true, strictFileInteractability: false, timeouts: {implicit: 0, pageLoad: 300000, script: 30000}, unhandledPromptBehavior: dismiss and notify, webauthn:extension:credBlob: true, webauthn:extension:largeBlob: true, webauthn:virtualAuthenticators: true}\nSession ID: da7c2240a65209f5ecc9841664841394\n*** Element info: {Using=xpath, value=//input[@id='sms_code']}","time":{"start":1669706724365,"stop":1669706795909,"duration":71544}},{"uid":"fd309504232fcad2","status":"broken","statusDetails":"java.lang.NullPointerException","time":{"start":1669705067155,"stop":1669705091187,"duration":24032}},{"uid":"819a752094c74a99","status":"broken","statusDetails":"no such element: Unable to locate element: {\"method\":\"xpath\",\"selector\":\"//div[@class='message-error error message']\"}\n  (Session info: chrome=107.0.5304.121)\nFor documentation on this error, please visit: https://www.seleniumhq.org/exceptions/no_such_element.html\nBuild info: version: '3.141.59', revision: 'e82be7d358', time: '2018-11-14T08:17:03'\nSystem info: host: 'ADMIN', ip: '192.168.31.82', os.name: 'Windows 10', os.arch: 'amd64', os.version: '10.0', java.version: '11.0.17'\nDriver info: org.openqa.selenium.chrome.ChromeDriver\nCapabilities {acceptInsecureCerts: false, browserName: chrome, browserVersion: 107.0.5304.121, chrome: {chromedriverVersion: 107.0.5304.62 (1eec40d3a576..., userDataDir: C:\\Users\\Admin\\AppData\\Loca...}, goog:chromeOptions: {debuggerAddress: localhost:52100}, javascriptEnabled: true, networkConnectionEnabled: false, pageLoadStrategy: normal, platform: WINDOWS, platformName: WINDOWS, proxy: Proxy(), setWindowRect: true, strictFileInteractability: false, timeouts: {implicit: 0, pageLoad: 300000, script: 30000}, unhandledPromptBehavior: dismiss and notify, webauthn:extension:credBlob: true, webauthn:extension:largeBlob: true, webauthn:virtualAuthenticators: true}\nSession ID: d92f4cb889bb5acc3eeb8160a5b2aed7\n*** Element info: {Using=xpath, value=//div[@class='message-error error message']}","time":{"start":1669704951060,"stop":1669704970606,"duration":19546}},{"uid":"7e3260906e259979","status":"broken","statusDetails":"java.lang.NullPointerException","time":{"start":1669704528367,"stop":1669704553552,"duration":25185}},{"uid":"1e3bc7419459f4c4","status":"broken","statusDetails":"java.lang.NullPointerException","time":{"start":1669703998450,"stop":1669704044218,"duration":45768}},{"uid":"9bcfeb4062547bbe","status":"broken","statusDetails":"no such element: Unable to locate element: {\"method\":\"xpath\",\"selector\":\"//div[@class='message-error error message']\"}\n  (Session info: chrome=107.0.5304.121)\nFor documentation on this error, please visit: https://www.seleniumhq.org/exceptions/no_such_element.html\nBuild info: version: '3.141.59', revision: 'e82be7d358', time: '2018-11-14T08:17:03'\nSystem info: host: 'ADMIN', ip: '192.168.31.82', os.name: 'Windows 10', os.arch: 'amd64', os.version: '10.0', java.version: '11.0.17'\nDriver info: org.openqa.selenium.chrome.ChromeDriver\nCapabilities {acceptInsecureCerts: false, browserName: chrome, browserVersion: 107.0.5304.121, chrome: {chromedriverVersion: 107.0.5304.62 (1eec40d3a576..., userDataDir: C:\\Users\\Admin\\AppData\\Loca...}, goog:chromeOptions: {debuggerAddress: localhost:50283}, javascriptEnabled: true, networkConnectionEnabled: false, pageLoadStrategy: normal, platform: WINDOWS, platformName: WINDOWS, proxy: Proxy(), setWindowRect: true, strictFileInteractability: false, timeouts: {implicit: 0, pageLoad: 300000, script: 30000}, unhandledPromptBehavior: dismiss and notify, webauthn:extension:credBlob: true, webauthn:extension:largeBlob: true, webauthn:virtualAuthenticators: true}\nSession ID: f4e42be485e4066b78ace60449c3af6c\n*** Element info: {Using=xpath, value=//div[@class='message-error error message']}","time":{"start":1669703380647,"stop":1669703410278,"duration":29631}},{"uid":"f1c742cee5e9fa67","status":"broken","statusDetails":"java.lang.NullPointerException","time":{"start":1669703018901,"stop":1669703042890,"duration":23989}},{"uid":"73b055882055a45","status":"broken","statusDetails":"no such element: Unable to locate element: {\"method\":\"xpath\",\"selector\":\"//input[@id='mobile_number']\"}\n  (Session info: chrome=107.0.5304.121)\nFor documentation on this error, please visit: https://www.seleniumhq.org/exceptions/no_such_element.html\nBuild info: version: '3.141.59', revision: 'e82be7d358', time: '2018-11-14T08:17:03'\nSystem info: host: 'ADMIN', ip: '192.168.31.82', os.name: 'Windows 10', os.arch: 'amd64', os.version: '10.0', java.version: '11.0.17'\nDriver info: org.openqa.selenium.chrome.ChromeDriver\nCapabilities {acceptInsecureCerts: false, browserName: chrome, browserVersion: 107.0.5304.121, chrome: {chromedriverVersion: 107.0.5304.62 (1eec40d3a576..., userDataDir: C:\\Users\\Admin\\AppData\\Loca...}, goog:chromeOptions: {debuggerAddress: localhost:49747}, javascriptEnabled: true, networkConnectionEnabled: false, pageLoadStrategy: normal, platform: WINDOWS, platformName: WINDOWS, proxy: Proxy(), setWindowRect: true, strictFileInteractability: false, timeouts: {implicit: 0, pageLoad: 300000, script: 30000}, unhandledPromptBehavior: dismiss and notify, webauthn:extension:credBlob: true, webauthn:extension:largeBlob: true, webauthn:virtualAuthenticators: true}\nSession ID: 72fbc0621c3a0d9d640cef31a88e09eb\n*** Element info: {Using=xpath, value=//input[@id='mobile_number']}","time":{"start":1669702929384,"stop":1669702929580,"duration":196}},{"uid":"b8b1773fd751d490","status":"broken","statusDetails":"target frame detached\n  (failed to check if window was closed: disconnected: Unable to receive message from renderer)\n  (Session info: chrome=107.0.5304.121)\nBuild info: version: '3.141.59', revision: 'e82be7d358', time: '2018-11-14T08:17:03'\nSystem info: host: 'ADMIN', ip: '192.168.31.82', os.name: 'Windows 10', os.arch: 'amd64', os.version: '10.0', java.version: '11.0.17'\nDriver info: org.openqa.selenium.chrome.ChromeDriver\nCapabilities {acceptInsecureCerts: false, browserName: chrome, browserVersion: 107.0.5304.121, chrome: {chromedriverVersion: 107.0.5304.62 (1eec40d3a576..., userDataDir: C:\\Users\\Admin\\AppData\\Loca...}, goog:chromeOptions: {debuggerAddress: localhost:49458}, javascriptEnabled: true, networkConnectionEnabled: false, pageLoadStrategy: normal, platform: WINDOWS, platformName: WINDOWS, proxy: Proxy(), setWindowRect: true, strictFileInteractability: false, timeouts: {implicit: 0, pageLoad: 300000, script: 30000}, unhandledPromptBehavior: dismiss and notify, webauthn:extension:credBlob: true, webauthn:extension:largeBlob: true, webauthn:virtualAuthenticators: true}\nSession ID: ee0f5d7d26e7e3b051f4e4a6e97d78a1","time":{"start":1669702814089,"stop":1669702846880,"duration":32791}},{"uid":"d311bf819ffeb6aa","status":"broken","statusDetails":"java.net.ConnectException: Failed to connect to localhost/0:0:0:0:0:0:0:1:17007\nBuild info: version: '3.141.59', revision: 'e82be7d358', time: '2018-11-14T08:17:03'\nSystem info: host: 'ADMIN', ip: '192.168.31.82', os.name: 'Windows 10', os.arch: 'amd64', os.version: '10.0', java.version: '11.0.17'\nDriver info: driver.version: RemoteWebDriver","time":{"start":1669702674389,"stop":1669702674399,"duration":10}},{"uid":"a95c49076f22196","status":"passed","time":{"start":1669702523716,"stop":1669702545839,"duration":22123}},{"uid":"d75865a62d538a3c","status":"broken","statusDetails":"java.lang.NullPointerException","time":{"start":1669702273844,"stop":1669702298493,"duration":24649}},{"uid":"ba957d0e9ea3b16e","status":"broken","statusDetails":"java.lang.NullPointerException","time":{"start":1669701878190,"stop":1669701899499,"duration":21309}},{"uid":"cde1269d0c9dd4c8","status":"broken","statusDetails":"no such window: target window already closed\nfrom unknown error: web view not found\n  (Session info: chrome=107.0.5304.121)\nBuild info: version: '3.141.59', revision: 'e82be7d358', time: '2018-11-14T08:17:03'\nSystem info: host: 'ADMIN', ip: '192.168.31.82', os.name: 'Windows 10', os.arch: 'amd64', os.version: '10.0', java.version: '11.0.17'\nDriver info: org.openqa.selenium.chrome.ChromeDriver\nCapabilities {acceptInsecureCerts: false, browserName: chrome, browserVersion: 107.0.5304.121, chrome: {chromedriverVersion: 107.0.5304.62 (1eec40d3a576..., userDataDir: C:\\Users\\Admin\\AppData\\Loca...}, goog:chromeOptions: {debuggerAddress: localhost:64414}, javascriptEnabled: true, networkConnectionEnabled: false, pageLoadStrategy: normal, platform: WINDOWS, platformName: WINDOWS, proxy: Proxy(), setWindowRect: true, strictFileInteractability: false, timeouts: {implicit: 0, pageLoad: 300000, script: 30000}, unhandledPromptBehavior: dismiss and notify, webauthn:extension:credBlob: true, webauthn:extension:largeBlob: true, webauthn:virtualAuthenticators: true}\nSession ID: 84b1a22692944e34bc2e958f0d97d734\n*** Element info: {Using=xpath, value=//div[@class='message-error error message']}","time":{"start":1669701788936,"stop":1669701793087,"duration":4151}},{"uid":"245b12f098bacb77","status":"broken","statusDetails":"java.lang.NullPointerException","time":{"start":1669701207335,"stop":1669701233967,"duration":26632}},{"uid":"edf24a12247cfce2","status":"passed","time":{"start":1669700861198,"stop":1669700883189,"duration":21991}},{"uid":"ceef5007bc29dd3d","status":"broken","statusDetails":"no such window: target window already closed\nfrom unknown error: web view not found\n  (Session info: chrome=107.0.5304.121)\nBuild info: version: '3.141.59', revision: 'e82be7d358', time: '2018-11-14T08:17:03'\nSystem info: host: 'ADMIN', ip: '192.168.31.82', os.name: 'Windows 10', os.arch: 'amd64', os.version: '10.0', java.version: '11.0.17'\nDriver info: org.openqa.selenium.chrome.ChromeDriver\nCapabilities {acceptInsecureCerts: false, browserName: chrome, browserVersion: 107.0.5304.121, chrome: {chromedriverVersion: 107.0.5304.62 (1eec40d3a576..., userDataDir: C:\\Users\\Admin\\AppData\\Loca...}, goog:chromeOptions: {debuggerAddress: localhost:63264}, javascriptEnabled: true, networkConnectionEnabled: false, pageLoadStrategy: normal, platform: WINDOWS, platformName: WINDOWS, proxy: Proxy(), setWindowRect: true, strictFileInteractability: false, timeouts: {implicit: 0, pageLoad: 300000, script: 30000}, unhandledPromptBehavior: dismiss and notify, webauthn:extension:credBlob: true, webauthn:extension:largeBlob: true, webauthn:virtualAuthenticators: true}\nSession ID: 23d3c2ee22deef185415d8d78ca387aa\n*** Element info: {Using=xpath, value=//input[@id='mobile_number']}","time":{"start":1669700772868,"stop":1669700772919,"duration":51}},{"uid":"64298a6ebcaa901","status":"broken","statusDetails":"no such element: Unable to locate element: {\"method\":\"xpath\",\"selector\":\"//div[@class='message-error error message']\"}\n  (Session info: chrome=107.0.5304.121)\nFor documentation on this error, please visit: https://www.seleniumhq.org/exceptions/no_such_element.html\nBuild info: version: '3.141.59', revision: 'e82be7d358', time: '2018-11-14T08:17:03'\nSystem info: host: 'ADMIN', ip: '192.168.31.82', os.name: 'Windows 10', os.arch: 'amd64', os.version: '10.0', java.version: '11.0.17'\nDriver info: org.openqa.selenium.chrome.ChromeDriver\nCapabilities {acceptInsecureCerts: false, browserName: chrome, browserVersion: 107.0.5304.121, chrome: {chromedriverVersion: 107.0.5304.62 (1eec40d3a576..., userDataDir: C:\\Users\\Admin\\AppData\\Loca...}, goog:chromeOptions: {debuggerAddress: localhost:61786}, javascriptEnabled: true, networkConnectionEnabled: false, pageLoadStrategy: normal, platform: WINDOWS, platformName: WINDOWS, proxy: Proxy(), setWindowRect: true, strictFileInteractability: false, timeouts: {implicit: 0, pageLoad: 300000, script: 30000}, unhandledPromptBehavior: dismiss and notify, webauthn:extension:credBlob: true, webauthn:extension:largeBlob: true, webauthn:virtualAuthenticators: true}\nSession ID: 046e694241b522c54e3d02f0898bc420\n*** Element info: {Using=xpath, value=//div[@class='message-error error message']}","time":{"start":1669699453811,"stop":1669699471605,"duration":17794}},{"uid":"a166e0e8205ea3bb","status":"passed","time":{"start":1669699020820,"stop":1669699032477,"duration":11657}},{"uid":"9c5a1e56786d8d1f","status":"passed","time":{"start":1669698594339,"stop":1669698605494,"duration":11155}},{"uid":"859a982cce4423af","status":"passed","time":{"start":1669694054116,"stop":1669694054117,"duration":1}},{"uid":"d7554229356329b2","status":"passed","time":{"start":1669693834969,"stop":1669693836002,"duration":1033}},{"uid":"5d43ab1a39bc88d2","status":"failed","statusDetails":"expected [Please enter a valid number in this field.] but found [Please enter a valid mobile number.]","time":{"start":1669693011143,"stop":1669693011952,"duration":809}},{"uid":"dd932606a4f9460f","status":"broken","statusDetails":"element not interactable\n  (Session info: chrome=107.0.5304.121)\nBuild info: version: '3.141.59', revision: 'e82be7d358', time: '2018-11-14T08:17:03'\nSystem info: host: 'ADMIN', ip: '192.168.31.82', os.name: 'Windows 10', os.arch: 'amd64', os.version: '10.0', java.version: '11.0.17'\nDriver info: org.openqa.selenium.chrome.ChromeDriver\nCapabilities {acceptInsecureCerts: false, browserName: chrome, browserVersion: 107.0.5304.121, chrome: {chromedriverVersion: 107.0.5304.62 (1eec40d3a576..., userDataDir: C:\\Users\\Admin\\AppData\\Loca...}, goog:chromeOptions: {debuggerAddress: localhost:56942}, javascriptEnabled: true, networkConnectionEnabled: false, pageLoadStrategy: normal, platform: WINDOWS, platformName: WINDOWS, proxy: Proxy(), setWindowRect: true, strictFileInteractability: false, timeouts: {implicit: 0, pageLoad: 300000, script: 30000}, unhandledPromptBehavior: dismiss and notify, webauthn:extension:credBlob: true, webauthn:extension:largeBlob: true, webauthn:virtualAuthenticators: true}\nSession ID: a5693ca4c6edc12c734789bac810b9df","time":{"start":1669692877387,"stop":1669692877460,"duration":73}},{"uid":"37d6bb5651e1c94f","status":"broken","statusDetails":"element not interactable\n  (Session info: chrome=107.0.5304.121)\nBuild info: version: '3.141.59', revision: 'e82be7d358', time: '2018-11-14T08:17:03'\nSystem info: host: 'ADMIN', ip: '192.168.31.82', os.name: 'Windows 10', os.arch: 'amd64', os.version: '10.0', java.version: '11.0.17'\nDriver info: org.openqa.selenium.chrome.ChromeDriver\nCapabilities {acceptInsecureCerts: false, browserName: chrome, browserVersion: 107.0.5304.121, chrome: {chromedriverVersion: 107.0.5304.62 (1eec40d3a576..., userDataDir: C:\\Users\\Admin\\AppData\\Loca...}, goog:chromeOptions: {debuggerAddress: localhost:56773}, javascriptEnabled: true, networkConnectionEnabled: false, pageLoadStrategy: normal, platform: WINDOWS, platformName: WINDOWS, proxy: Proxy(), setWindowRect: true, strictFileInteractability: false, timeouts: {implicit: 0, pageLoad: 300000, script: 30000}, unhandledPromptBehavior: dismiss and notify, webauthn:extension:credBlob: true, webauthn:extension:largeBlob: true, webauthn:virtualAuthenticators: true}\nSession ID: 94824b766b9942376e2657509e4aaffa","time":{"start":1669692777348,"stop":1669692777559,"duration":211}},{"uid":"addbb0b06e137f09","status":"passed","time":{"start":1669692301768,"stop":1669692302597,"duration":829}},{"uid":"c514f8d4cb638b91","status":"broken","statusDetails":"no such element: Unable to locate element: {\"method\":\"xpath\",\"selector\":\"//input[@id='firstname']\"}\n  (Session info: chrome=107.0.5304.121)\nFor documentation on this error, please visit: https://www.seleniumhq.org/exceptions/no_such_element.html\nBuild info: version: '3.141.59', revision: 'e82be7d358', time: '2018-11-14T08:17:03'\nSystem info: host: 'ADMIN', ip: '192.168.31.82', os.name: 'Windows 10', os.arch: 'amd64', os.version: '10.0', java.version: '11.0.17'\nDriver info: org.openqa.selenium.chrome.ChromeDriver\nCapabilities {acceptInsecureCerts: false, browserName: chrome, browserVersion: 107.0.5304.121, chrome: {chromedriverVersion: 107.0.5304.62 (1eec40d3a576..., userDataDir: C:\\Users\\Admin\\AppData\\Loca...}, goog:chromeOptions: {debuggerAddress: localhost:56350}, javascriptEnabled: true, networkConnectionEnabled: false, pageLoadStrategy: normal, platform: WINDOWS, platformName: WINDOWS, proxy: Proxy(), setWindowRect: true, strictFileInteractability: false, timeouts: {implicit: 0, pageLoad: 300000, script: 30000}, unhandledPromptBehavior: dismiss and notify, webauthn:extension:credBlob: true, webauthn:extension:largeBlob: true, webauthn:virtualAuthenticators: true}\nSession ID: e49280ff79de0380df9c156f8612e222\n*** Element info: {Using=xpath, value=//input[@id='firstname']}","time":{"start":1669692198910,"stop":1669692198935,"duration":25}},{"uid":"f724cb59aa3a51bd","status":"passed","time":{"start":1669691917409,"stop":1669691918783,"duration":1374}},{"uid":"62fc40006ca868b0","status":"passed","time":{"start":1669691588877,"stop":1669691589786,"duration":909}}],"categories":[],"tags":[]},"source":"2fdcaed174f1b812.json","parameterValues":[]}