{"uid":"3d4fec08306030c2","name":"Register an account with the phone number already in the system","fullName":"test.signinSignup.SignUpTest.testCase_SU017","historyId":"5638b600e7bd9971c5a92f0284b0a5c7","time":{"start":1677942744443,"stop":1677942744444,"duration":1},"status":"skipped","statusMessage":"timeout: Timed out receiving message from renderer: 298.397\n  (Session info: chrome=110.0.5481.178)\nBuild info: version: '3.141.59', revision: 'e82be7d358', time: '2018-11-14T08:17:03'\nSystem info: host: 'ADMIN', ip: '192.168.0.110', os.name: 'Windows 10', os.arch: 'amd64', os.version: '10.0', java.version: '11.0.17'\nDriver info: org.openqa.selenium.chrome.ChromeDriver\nCapabilities {acceptInsecureCerts: false, browserName: chrome, browserVersion: 110.0.5481.178, chrome: {chromedriverVersion: 110.0.5481.77 (65ed616c6e8e..., userDataDir: C:\\Users\\Admin\\AppData\\Loca...}, goog:chromeOptions: {debuggerAddress: localhost:51960}, javascriptEnabled: true, networkConnectionEnabled: false, pageLoadStrategy: normal, platform: WINDOWS, platformName: WINDOWS, proxy: Proxy(), setWindowRect: true, strictFileInteractability: false, timeouts: {implicit: 0, pageLoad: 300000, script: 30000}, unhandledPromptBehavior: dismiss and notify, webauthn:extension:credBlob: true, webauthn:extension:largeBlob: true, webauthn:virtualAuthenticators: true}\nSession ID: 264a738d56ba91a4f835000901fc9d4c","statusTrace":"org.openqa.selenium.TimeoutException: timeout: Timed out receiving message from renderer: 298.397\n  (Session info: chrome=110.0.5481.178)\nBuild info: version: '3.141.59', revision: 'e82be7d358', time: '2018-11-14T08:17:03'\nSystem info: host: 'ADMIN', ip: '192.168.0.110', os.name: 'Windows 10', os.arch: 'amd64', os.version: '10.0', java.version: '11.0.17'\nDriver info: org.openqa.selenium.chrome.ChromeDriver\nCapabilities {acceptInsecureCerts: false, browserName: chrome, browserVersion: 110.0.5481.178, chrome: {chromedriverVersion: 110.0.5481.77 (65ed616c6e8e..., userDataDir: C:\\Users\\Admin\\AppData\\Loca...}, goog:chromeOptions: {debuggerAddress: localhost:51960}, javascriptEnabled: true, networkConnectionEnabled: false, pageLoadStrategy: normal, platform: WINDOWS, platformName: WINDOWS, proxy: Proxy(), setWindowRect: true, strictFileInteractability: false, timeouts: {implicit: 0, pageLoad: 300000, script: 30000}, unhandledPromptBehavior: dismiss and notify, webauthn:extension:credBlob: true, webauthn:extension:largeBlob: true, webauthn:virtualAuthenticators: true}\nSession ID: 264a738d56ba91a4f835000901fc9d4c\r\n\tat java.base/jdk.internal.reflect.NativeConstructorAccessorImpl.newInstance0(Native Method)\r\n\tat java.base/jdk.internal.reflect.NativeConstructorAccessorImpl.newInstance(NativeConstructorAccessorImpl.java:62)\r\n\tat java.base/jdk.internal.reflect.DelegatingConstructorAccessorImpl.newInstance(DelegatingConstructorAccessorImpl.java:45)\r\n\tat java.base/java.lang.reflect.Constructor.newInstance(Constructor.java:490)\r\n\tat org.openqa.selenium.remote.http.W3CHttpResponseCodec.createException(W3CHttpResponseCodec.java:187)\r\n\tat org.openqa.selenium.remote.http.W3CHttpResponseCodec.decode(W3CHttpResponseCodec.java:122)\r\n\tat org.openqa.selenium.remote.http.W3CHttpResponseCodec.decode(W3CHttpResponseCodec.java:49)\r\n\tat org.openqa.selenium.remote.HttpCommandExecutor.execute(HttpCommandExecutor.java:158)\r\n\tat org.openqa.selenium.remote.service.DriverCommandExecutor.execute(DriverCommandExecutor.java:83)\r\n\tat org.openqa.selenium.remote.RemoteWebDriver.execute(RemoteWebDriver.java:552)\r\n\tat org.openqa.selenium.remote.RemoteWebDriver.get(RemoteWebDriver.java:277)\r\n\tat core.KeywordWeb.openBrowser(KeywordWeb.java:69)\r\n\tat core.BaseTest.beforeTest(BaseTest.java:37)\r\n\tat java.base/jdk.internal.reflect.NativeMethodAccessorImpl.invoke0(Native Method)\r\n\tat java.base/jdk.internal.reflect.NativeMethodAccessorImpl.invoke(NativeMethodAccessorImpl.java:62)\r\n\tat java.base/jdk.internal.reflect.DelegatingMethodAccessorImpl.invoke(DelegatingMethodAccessorImpl.java:43)\r\n\tat java.base/java.lang.reflect.Method.invoke(Method.java:566)\r\n\tat org.testng.internal.MethodInvocationHelper.invokeMethod(MethodInvocationHelper.java:133)\r\n\tat org.testng.internal.MethodInvocationHelper.invokeMethodConsideringTimeout(MethodInvocationHelper.java:62)\r\n\tat org.testng.internal.ConfigInvoker.invokeConfigurationMethod(ConfigInvoker.java:385)\r\n\tat org.testng.internal.ConfigInvoker.invokeConfigurations(ConfigInvoker.java:321)\r\n\tat org.testng.TestRunner.invokeTestConfigurations(TestRunner.java:637)\r\n\tat org.testng.TestRunner.beforeRun(TestRunner.java:627)\r\n\tat org.testng.TestRunner.run(TestRunner.java:589)\r\n\tat org.testng.SuiteRunner.runTest(SuiteRunner.java:377)\r\n\tat org.testng.SuiteRunner.access$000(SuiteRunner.java:28)\r\n\tat org.testng.SuiteRunner$SuiteWorker.run(SuiteRunner.java:418)\r\n\tat org.testng.internal.thread.ThreadUtil.lambda$execute$0(ThreadUtil.java:64)\r\n\tat java.base/java.util.concurrent.FutureTask.run(FutureTask.java:264)\r\n\tat java.base/java.util.concurrent.ThreadPoolExecutor.runWorker(ThreadPoolExecutor.java:1128)\r\n\tat java.base/java.util.concurrent.ThreadPoolExecutor$Worker.run(ThreadPoolExecutor.java:628)\r\n\tat java.base/java.lang.Thread.run(Thread.java:829)\r\n","flaky":false,"newFailed":false,"newBroken":false,"newPassed":false,"retriesCount":5,"retriesStatusChange":true,"beforeStages":[{"name":"beforeSuite","time":{"start":1677942431140,"stop":1677942431239,"duration":99},"description":"","status":"passed","steps":[],"attachments":[],"parameters":[],"stepsCount":0,"hasContent":false,"attachmentsCount":0,"shouldDisplayMessage":false},{"name":"beforeTest","time":{"start":1677942431343,"stop":1677942743693,"duration":312350},"description":"","status":"broken","statusMessage":"timeout: Timed out receiving message from renderer: 298.397\n  (Session info: chrome=110.0.5481.178)\nBuild info: version: '3.141.59', revision: 'e82be7d358', time: '2018-11-14T08:17:03'\nSystem info: host: 'ADMIN', ip: '192.168.0.110', os.name: 'Windows 10', os.arch: 'amd64', os.version: '10.0', java.version: '11.0.17'\nDriver info: org.openqa.selenium.chrome.ChromeDriver\nCapabilities {acceptInsecureCerts: false, browserName: chrome, browserVersion: 110.0.5481.178, chrome: {chromedriverVersion: 110.0.5481.77 (65ed616c6e8e..., userDataDir: C:\\Users\\Admin\\AppData\\Loca...}, goog:chromeOptions: {debuggerAddress: localhost:51960}, javascriptEnabled: true, networkConnectionEnabled: false, pageLoadStrategy: normal, platform: WINDOWS, platformName: WINDOWS, proxy: Proxy(), setWindowRect: true, strictFileInteractability: false, timeouts: {implicit: 0, pageLoad: 300000, script: 30000}, unhandledPromptBehavior: dismiss and notify, webauthn:extension:credBlob: true, webauthn:extension:largeBlob: true, webauthn:virtualAuthenticators: true}\nSession ID: 264a738d56ba91a4f835000901fc9d4c","statusTrace":"org.openqa.selenium.TimeoutException: timeout: Timed out receiving message from renderer: 298.397\n  (Session info: chrome=110.0.5481.178)\nBuild info: version: '3.141.59', revision: 'e82be7d358', time: '2018-11-14T08:17:03'\nSystem info: host: 'ADMIN', ip: '192.168.0.110', os.name: 'Windows 10', os.arch: 'amd64', os.version: '10.0', java.version: '11.0.17'\nDriver info: org.openqa.selenium.chrome.ChromeDriver\nCapabilities {acceptInsecureCerts: false, browserName: chrome, browserVersion: 110.0.5481.178, chrome: {chromedriverVersion: 110.0.5481.77 (65ed616c6e8e..., userDataDir: C:\\Users\\Admin\\AppData\\Loca...}, goog:chromeOptions: {debuggerAddress: localhost:51960}, javascriptEnabled: true, networkConnectionEnabled: false, pageLoadStrategy: normal, platform: WINDOWS, platformName: WINDOWS, proxy: Proxy(), setWindowRect: true, strictFileInteractability: false, timeouts: {implicit: 0, pageLoad: 300000, script: 30000}, unhandledPromptBehavior: dismiss and notify, webauthn:extension:credBlob: true, webauthn:extension:largeBlob: true, webauthn:virtualAuthenticators: true}\nSession ID: 264a738d56ba91a4f835000901fc9d4c\r\n\tat java.base/jdk.internal.reflect.NativeConstructorAccessorImpl.newInstance0(Native Method)\r\n\tat java.base/jdk.internal.reflect.NativeConstructorAccessorImpl.newInstance(NativeConstructorAccessorImpl.java:62)\r\n\tat java.base/jdk.internal.reflect.DelegatingConstructorAccessorImpl.newInstance(DelegatingConstructorAccessorImpl.java:45)\r\n\tat java.base/java.lang.reflect.Constructor.newInstance(Constructor.java:490)\r\n\tat org.openqa.selenium.remote.http.W3CHttpResponseCodec.createException(W3CHttpResponseCodec.java:187)\r\n\tat org.openqa.selenium.remote.http.W3CHttpResponseCodec.decode(W3CHttpResponseCodec.java:122)\r\n\tat org.openqa.selenium.remote.http.W3CHttpResponseCodec.decode(W3CHttpResponseCodec.java:49)\r\n\tat org.openqa.selenium.remote.HttpCommandExecutor.execute(HttpCommandExecutor.java:158)\r\n\tat org.openqa.selenium.remote.service.DriverCommandExecutor.execute(DriverCommandExecutor.java:83)\r\n\tat org.openqa.selenium.remote.RemoteWebDriver.execute(RemoteWebDriver.java:552)\r\n\tat org.openqa.selenium.remote.RemoteWebDriver.get(RemoteWebDriver.java:277)\r\n\tat core.KeywordWeb.openBrowser(KeywordWeb.java:69)\r\n\tat core.BaseTest.beforeTest(BaseTest.java:37)\r\n\tat java.base/jdk.internal.reflect.NativeMethodAccessorImpl.invoke0(Native Method)\r\n\tat java.base/jdk.internal.reflect.NativeMethodAccessorImpl.invoke(NativeMethodAccessorImpl.java:62)\r\n\tat java.base/jdk.internal.reflect.DelegatingMethodAccessorImpl.invoke(DelegatingMethodAccessorImpl.java:43)\r\n\tat java.base/java.lang.reflect.Method.invoke(Method.java:566)\r\n\tat org.testng.internal.MethodInvocationHelper.invokeMethod(MethodInvocationHelper.java:133)\r\n\tat org.testng.internal.MethodInvocationHelper.invokeMethodConsideringTimeout(MethodInvocationHelper.java:62)\r\n\tat org.testng.internal.ConfigInvoker.invokeConfigurationMethod(ConfigInvoker.java:385)\r\n\tat org.testng.internal.ConfigInvoker.invokeConfigurations(ConfigInvoker.java:321)\r\n\tat org.testng.TestRunner.invokeTestConfigurations(TestRunner.java:637)\r\n\tat org.testng.TestRunner.beforeRun(TestRunner.java:627)\r\n\tat org.testng.TestRunner.run(TestRunner.java:589)\r\n\tat org.testng.SuiteRunner.runTest(SuiteRunner.java:377)\r\n\tat org.testng.SuiteRunner.access$000(SuiteRunner.java:28)\r\n\tat org.testng.SuiteRunner$SuiteWorker.run(SuiteRunner.java:418)\r\n\tat org.testng.internal.thread.ThreadUtil.lambda$execute$0(ThreadUtil.java:64)\r\n\tat java.base/java.util.concurrent.FutureTask.run(FutureTask.java:264)\r\n\tat java.base/java.util.concurrent.ThreadPoolExecutor.runWorker(ThreadPoolExecutor.java:1128)\r\n\tat java.base/java.util.concurrent.ThreadPoolExecutor$Worker.run(ThreadPoolExecutor.java:628)\r\n\tat java.base/java.lang.Thread.run(Thread.java:829)\r\n","steps":[],"attachments":[],"parameters":[],"stepsCount":0,"hasContent":true,"attachmentsCount":0,"shouldDisplayMessage":true}],"afterStages":[{"name":"afterTest","time":{"start":1677942744545,"stop":1677942744547,"duration":2},"description":"","status":"broken","steps":[],"attachments":[],"parameters":[],"stepsCount":0,"hasContent":false,"attachmentsCount":0,"shouldDisplayMessage":false}],"labels":[{"name":"package","value":"test.signinSignup.SignUpTest"},{"name":"testClass","value":"test.signinSignup.SignUpTest"},{"name":"testMethod","value":"testCase_SU017"},{"name":"parentSuite","value":"Test Mobile"},{"name":"suite","value":"IPhone 12 Pro"},{"name":"subSuite","value":"test.signinSignup.SignUpTest"},{"name":"host","value":"Admin"},{"name":"thread","value":"19068@Admin.TestNG-tests-1(17)"},{"name":"framework","value":"testng"},{"name":"language","value":"java"},{"name":"resultFormat","value":"allure2"}],"parameters":[{"name":"devices","value":"eb"}],"links":[],"hidden":false,"retry":false,"extra":{"severity":"normal","retries":[{"uid":"12bcfb32f138294c","status":"broken","statusDetails":"no such element: Unable to locate element: {\"method\":\"xpath\",\"selector\":\"//input[@id='mobile_number']\"}\n  (Session info: chrome=110.0.5481.178)\nFor documentation on this error, please visit: https://www.seleniumhq.org/exceptions/no_such_element.html\nBuild info: version: '3.141.59', revision: 'e82be7d358', time: '2018-11-14T08:17:03'\nSystem info: host: 'ADMIN', ip: '192.168.0.110', os.name: 'Windows 10', os.arch: 'amd64', os.version: '10.0', java.version: '11.0.17'\nDriver info: org.openqa.selenium.chrome.ChromeDriver\nCapabilities {acceptInsecureCerts: false, browserName: chrome, browserVersion: 110.0.5481.178, chrome: {chromedriverVersion: 110.0.5481.77 (65ed616c6e8e..., userDataDir: C:\\Users\\Admin\\AppData\\Loca...}, goog:chromeOptions: {debuggerAddress: localhost:50579}, javascriptEnabled: true, networkConnectionEnabled: false, pageLoadStrategy: normal, platform: WINDOWS, platformName: WINDOWS, proxy: Proxy(), setWindowRect: true, strictFileInteractability: false, timeouts: {implicit: 0, pageLoad: 300000, script: 30000}, unhandledPromptBehavior: dismiss and notify, webauthn:extension:credBlob: true, webauthn:extension:largeBlob: true, webauthn:virtualAuthenticators: true}\nSession ID: 7c8449f83a7dca42ca4befd8209d1b3b\n*** Element info: {Using=xpath, value=//input[@id='mobile_number']}","time":{"start":1677942341900,"stop":1677942391945,"duration":50045}},{"uid":"f47265e153d5593c","status":"broken","statusDetails":"java.lang.NullPointerException","time":{"start":1677941465528,"stop":1677941465531,"duration":3}},{"uid":"72d7332103695d83","status":"broken","statusDetails":"no such element: Unable to locate element: {\"method\":\"xpath\",\"selector\":\"//input[@id='mobile_number']\"}\n  (Session info: chrome=110.0.5481.178)\nFor documentation on this error, please visit: https://www.seleniumhq.org/exceptions/no_such_element.html\nBuild info: version: '3.141.59', revision: 'e82be7d358', time: '2018-11-14T08:17:03'\nSystem info: host: 'ADMIN', ip: '192.168.31.88', os.name: 'Windows 10', os.arch: 'amd64', os.version: '10.0', java.version: '11.0.17'\nDriver info: org.openqa.selenium.chrome.ChromeDriver\nCapabilities {acceptInsecureCerts: false, browserName: chrome, browserVersion: 110.0.5481.178, chrome: {chromedriverVersion: 110.0.5481.77 (65ed616c6e8e..., userDataDir: C:\\Users\\Admin\\AppData\\Loca...}, goog:chromeOptions: {debuggerAddress: localhost:60875}, javascriptEnabled: true, networkConnectionEnabled: false, pageLoadStrategy: normal, platform: WINDOWS, platformName: WINDOWS, proxy: Proxy(), setWindowRect: true, strictFileInteractability: false, timeouts: {implicit: 0, pageLoad: 300000, script: 30000}, unhandledPromptBehavior: dismiss and notify, webauthn:extension:credBlob: true, webauthn:extension:largeBlob: true, webauthn:virtualAuthenticators: true}\nSession ID: 1527977ba062ae4ba5754501dd166e2e\n*** Element info: {Using=xpath, value=//input[@id='mobile_number']}","time":{"start":1677831799339,"stop":1677831849389,"duration":50050}},{"uid":"ae770910f01aa26d","status":"broken","statusDetails":"no such element: Unable to locate element: {\"method\":\"xpath\",\"selector\":\"//input[@id='mobile_number']\"}\n  (Session info: chrome=110.0.5481.178)\nFor documentation on this error, please visit: https://www.seleniumhq.org/exceptions/no_such_element.html\nBuild info: version: '3.141.59', revision: 'e82be7d358', time: '2018-11-14T08:17:03'\nSystem info: host: 'ADMIN', ip: '192.168.31.88', os.name: 'Windows 10', os.arch: 'amd64', os.version: '10.0', java.version: '11.0.17'\nDriver info: org.openqa.selenium.chrome.ChromeDriver\nCapabilities {acceptInsecureCerts: false, browserName: chrome, browserVersion: 110.0.5481.178, chrome: {chromedriverVersion: 110.0.5481.77 (65ed616c6e8e..., userDataDir: C:\\Users\\Admin\\AppData\\Loca...}, goog:chromeOptions: {debuggerAddress: localhost:59300}, javascriptEnabled: true, networkConnectionEnabled: false, pageLoadStrategy: normal, platform: WINDOWS, platformName: WINDOWS, proxy: Proxy(), setWindowRect: true, strictFileInteractability: false, timeouts: {implicit: 0, pageLoad: 300000, script: 30000}, unhandledPromptBehavior: dismiss and notify, webauthn:extension:credBlob: true, webauthn:extension:largeBlob: true, webauthn:virtualAuthenticators: true}\nSession ID: 35df4d9a7c415c28ccc49f3a3faf6759\n*** Element info: {Using=xpath, value=//input[@id='mobile_number']}","time":{"start":1677830850182,"stop":1677830900272,"duration":50090}},{"uid":"a54f54e4d738d16","status":"broken","statusDetails":"no such element: Unable to locate element: {\"method\":\"xpath\",\"selector\":\"//input[@id='mobile_number']\"}\n  (Session info: chrome=110.0.5481.178)\nFor documentation on this error, please visit: https://www.seleniumhq.org/exceptions/no_such_element.html\nBuild info: version: '3.141.59', revision: 'e82be7d358', time: '2018-11-14T08:17:03'\nSystem info: host: 'ADMIN', ip: '192.168.31.88', os.name: 'Windows 10', os.arch: 'amd64', os.version: '10.0', java.version: '11.0.17'\nDriver info: org.openqa.selenium.chrome.ChromeDriver\nCapabilities {acceptInsecureCerts: false, browserName: chrome, browserVersion: 110.0.5481.178, chrome: {chromedriverVersion: 110.0.5481.77 (65ed616c6e8e..., userDataDir: C:\\Users\\Admin\\AppData\\Loca...}, goog:chromeOptions: {debuggerAddress: localhost:58436}, javascriptEnabled: true, networkConnectionEnabled: false, pageLoadStrategy: normal, platform: WINDOWS, platformName: WINDOWS, proxy: Proxy(), setWindowRect: true, strictFileInteractability: false, timeouts: {implicit: 0, pageLoad: 300000, script: 30000}, unhandledPromptBehavior: dismiss and notify, webauthn:extension:credBlob: true, webauthn:extension:largeBlob: true, webauthn:virtualAuthenticators: true}\nSession ID: c9ab5ad4da322d24300a9626c61c4006\n*** Element info: {Using=xpath, value=//input[@id='mobile_number']}","time":{"start":1677830322501,"stop":1677830352528,"duration":30027}}],"categories":[],"tags":[]},"source":"3d4fec08306030c2.json","parameterValues":["eb"]}