{"uid":"58733d1754f8233f","name":"setupTestClass","fullName":"tests.BaseTest.setupTestClass","historyId":"a0a743a1bc7dbc6e05d12963396a9f35","time":{"start":1675754680521,"stop":1675754680537,"duration":16},"status":"broken","statusMessage":"timeout: Timed out receiving message from renderer: -0.014\n  (Session info: chrome=109.0.5414.120)\nBuild info: version: '3.141.59', revision: 'e82be7d358', time: '2018-11-14T08:17:03'\nSystem info: host: 'ADMIN', ip: '192.168.31.70', os.name: 'Windows 10', os.arch: 'amd64', os.version: '10.0', java.version: '11.0.17'\nDriver info: org.openqa.selenium.chrome.ChromeDriver\nCapabilities {acceptInsecureCerts: false, browserName: chrome, browserVersion: 109.0.5414.120, chrome: {chromedriverVersion: 109.0.5414.74 (e7c5703604da..., userDataDir: C:\\Users\\Admin\\AppData\\Loca...}, goog:chromeOptions: {debuggerAddress: localhost:56142}, javascriptEnabled: true, networkConnectionEnabled: false, pageLoadStrategy: normal, platform: WINDOWS, platformName: WINDOWS, proxy: Proxy(), setWindowRect: true, strictFileInteractability: false, timeouts: {implicit: 0, pageLoad: 300000, script: 30000}, unhandledPromptBehavior: dismiss and notify, webauthn:extension:credBlob: true, webauthn:extension:largeBlob: true, webauthn:virtualAuthenticators: true}\nSession ID: 271fa0770f06012ea789f8ae556192c8","statusTrace":"org.openqa.selenium.TimeoutException: timeout: Timed out receiving message from renderer: -0.014\n  (Session info: chrome=109.0.5414.120)\nBuild info: version: '3.141.59', revision: 'e82be7d358', time: '2018-11-14T08:17:03'\nSystem info: host: 'ADMIN', ip: '192.168.31.70', os.name: 'Windows 10', os.arch: 'amd64', os.version: '10.0', java.version: '11.0.17'\nDriver info: org.openqa.selenium.chrome.ChromeDriver\nCapabilities {acceptInsecureCerts: false, browserName: chrome, browserVersion: 109.0.5414.120, chrome: {chromedriverVersion: 109.0.5414.74 (e7c5703604da..., userDataDir: C:\\Users\\Admin\\AppData\\Loca...}, goog:chromeOptions: {debuggerAddress: localhost:56142}, javascriptEnabled: true, networkConnectionEnabled: false, pageLoadStrategy: normal, platform: WINDOWS, platformName: WINDOWS, proxy: Proxy(), setWindowRect: true, strictFileInteractability: false, timeouts: {implicit: 0, pageLoad: 300000, script: 30000}, unhandledPromptBehavior: dismiss and notify, webauthn:extension:credBlob: true, webauthn:extension:largeBlob: true, webauthn:virtualAuthenticators: true}\nSession ID: 271fa0770f06012ea789f8ae556192c8\r\n\tat java.base/jdk.internal.reflect.NativeConstructorAccessorImpl.newInstance0(Native Method)\r\n\tat java.base/jdk.internal.reflect.NativeConstructorAccessorImpl.newInstance(NativeConstructorAccessorImpl.java:62)\r\n\tat java.base/jdk.internal.reflect.DelegatingConstructorAccessorImpl.newInstance(DelegatingConstructorAccessorImpl.java:45)\r\n\tat java.base/java.lang.reflect.Constructor.newInstance(Constructor.java:490)\r\n\tat org.openqa.selenium.remote.http.W3CHttpResponseCodec.createException(W3CHttpResponseCodec.java:187)\r\n\tat org.openqa.selenium.remote.http.W3CHttpResponseCodec.decode(W3CHttpResponseCodec.java:122)\r\n\tat org.openqa.selenium.remote.http.W3CHttpResponseCodec.decode(W3CHttpResponseCodec.java:49)\r\n\tat org.openqa.selenium.remote.HttpCommandExecutor.execute(HttpCommandExecutor.java:158)\r\n\tat org.openqa.selenium.remote.service.DriverCommandExecutor.execute(DriverCommandExecutor.java:83)\r\n\tat org.openqa.selenium.remote.RemoteWebDriver.execute(RemoteWebDriver.java:552)\r\n\tat org.openqa.selenium.remote.RemoteWebDriver.get(RemoteWebDriver.java:277)\r\n\tat org.openqa.selenium.remote.RemoteWebDriver$RemoteNavigation.to(RemoteWebDriver.java:857)\r\n\tat steps.Steps.preTestSetup(Steps.java:46)\r\n\tat tests.BaseTest.setupTestClass(BaseTest.java:39)\r\n\tat java.base/jdk.internal.reflect.NativeMethodAccessorImpl.invoke0(Native Method)\r\n\tat java.base/jdk.internal.reflect.NativeMethodAccessorImpl.invoke(NativeMethodAccessorImpl.java:62)\r\n\tat java.base/jdk.internal.reflect.DelegatingMethodAccessorImpl.invoke(DelegatingMethodAccessorImpl.java:43)\r\n\tat java.base/java.lang.reflect.Method.invoke(Method.java:566)\r\n\tat org.testng.internal.MethodInvocationHelper.invokeMethod(MethodInvocationHelper.java:133)\r\n\tat org.testng.internal.MethodInvocationHelper.invokeMethodConsideringTimeout(MethodInvocationHelper.java:62)\r\n\tat org.testng.internal.ConfigInvoker.invokeConfigurationMethod(ConfigInvoker.java:385)\r\n\tat org.testng.internal.ConfigInvoker.invokeConfigurations(ConfigInvoker.java:321)\r\n\tat org.testng.internal.TestMethodWorker.invokeBeforeClassMethods(TestMethodWorker.java:176)\r\n\tat org.testng.internal.TestMethodWorker.run(TestMethodWorker.java:122)\r\n\tat java.base/java.util.ArrayList.forEach(ArrayList.java:1541)\r\n\tat org.testng.TestRunner.privateRun(TestRunner.java:794)\r\n\tat org.testng.TestRunner.run(TestRunner.java:596)\r\n\tat org.testng.SuiteRunner.runTest(SuiteRunner.java:377)\r\n\tat org.testng.SuiteRunner.runSequentially(SuiteRunner.java:371)\r\n\tat org.testng.SuiteRunner.privateRun(SuiteRunner.java:332)\r\n\tat org.testng.SuiteRunner.run(SuiteRunner.java:276)\r\n\tat org.testng.SuiteRunnerWorker.runSuite(SuiteRunnerWorker.java:53)\r\n\tat org.testng.SuiteRunnerWorker.run(SuiteRunnerWorker.java:96)\r\n\tat org.testng.TestNG.runSuitesSequentially(TestNG.java:1212)\r\n\tat org.testng.TestNG.runSuitesLocally(TestNG.java:1134)\r\n\tat org.testng.TestNG.runSuites(TestNG.java:1063)\r\n\tat org.testng.TestNG.run(TestNG.java:1031)\r\n\tat com.intellij.rt.testng.IDEARemoteTestNG.run(IDEARemoteTestNG.java:66)\r\n\tat com.intellij.rt.testng.RemoteTestNGStarter.main(RemoteTestNGStarter.java:109)\r\n","flaky":false,"newFailed":false,"newBroken":false,"newPassed":false,"retriesCount":17,"retriesStatusChange":false,"beforeStages":[{"name":"beforeSuite","time":{"start":1675754134617,"stop":1675754134668,"duration":51},"description":"","status":"passed","steps":[],"attachments":[],"parameters":[],"stepsCount":0,"hasContent":false,"attachmentsCount":0,"shouldDisplayMessage":false},{"name":"beforeSuite","time":{"start":1675754134617,"stop":1675754134668,"duration":51},"description":"","status":"passed","steps":[],"attachments":[],"parameters":[],"stepsCount":0,"hasContent":false,"attachmentsCount":0,"shouldDisplayMessage":false},{"name":"beforeTest","time":{"start":1675754134680,"stop":1675754378030,"duration":243350},"description":"","status":"passed","steps":[],"attachments":[],"parameters":[],"stepsCount":0,"hasContent":false,"attachmentsCount":0,"shouldDisplayMessage":false},{"name":"setupTestClass","time":{"start":1675754378085,"stop":1675754680263,"duration":302178},"description":"","status":"broken","statusMessage":"timeout: Timed out receiving message from renderer: -0.014\n  (Session info: chrome=109.0.5414.120)\nBuild info: version: '3.141.59', revision: 'e82be7d358', time: '2018-11-14T08:17:03'\nSystem info: host: 'ADMIN', ip: '192.168.31.70', os.name: 'Windows 10', os.arch: 'amd64', os.version: '10.0', java.version: '11.0.17'\nDriver info: org.openqa.selenium.chrome.ChromeDriver\nCapabilities {acceptInsecureCerts: false, browserName: chrome, browserVersion: 109.0.5414.120, chrome: {chromedriverVersion: 109.0.5414.74 (e7c5703604da..., userDataDir: C:\\Users\\Admin\\AppData\\Loca...}, goog:chromeOptions: {debuggerAddress: localhost:56142}, javascriptEnabled: true, networkConnectionEnabled: false, pageLoadStrategy: normal, platform: WINDOWS, platformName: WINDOWS, proxy: Proxy(), setWindowRect: true, strictFileInteractability: false, timeouts: {implicit: 0, pageLoad: 300000, script: 30000}, unhandledPromptBehavior: dismiss and notify, webauthn:extension:credBlob: true, webauthn:extension:largeBlob: true, webauthn:virtualAuthenticators: true}\nSession ID: 271fa0770f06012ea789f8ae556192c8","statusTrace":"org.openqa.selenium.TimeoutException: timeout: Timed out receiving message from renderer: -0.014\n  (Session info: chrome=109.0.5414.120)\nBuild info: version: '3.141.59', revision: 'e82be7d358', time: '2018-11-14T08:17:03'\nSystem info: host: 'ADMIN', ip: '192.168.31.70', os.name: 'Windows 10', os.arch: 'amd64', os.version: '10.0', java.version: '11.0.17'\nDriver info: org.openqa.selenium.chrome.ChromeDriver\nCapabilities {acceptInsecureCerts: false, browserName: chrome, browserVersion: 109.0.5414.120, chrome: {chromedriverVersion: 109.0.5414.74 (e7c5703604da..., userDataDir: C:\\Users\\Admin\\AppData\\Loca...}, goog:chromeOptions: {debuggerAddress: localhost:56142}, javascriptEnabled: true, networkConnectionEnabled: false, pageLoadStrategy: normal, platform: WINDOWS, platformName: WINDOWS, proxy: Proxy(), setWindowRect: true, strictFileInteractability: false, timeouts: {implicit: 0, pageLoad: 300000, script: 30000}, unhandledPromptBehavior: dismiss and notify, webauthn:extension:credBlob: true, webauthn:extension:largeBlob: true, webauthn:virtualAuthenticators: true}\nSession ID: 271fa0770f06012ea789f8ae556192c8\r\n\tat java.base/jdk.internal.reflect.NativeConstructorAccessorImpl.newInstance0(Native Method)\r\n\tat java.base/jdk.internal.reflect.NativeConstructorAccessorImpl.newInstance(NativeConstructorAccessorImpl.java:62)\r\n\tat java.base/jdk.internal.reflect.DelegatingConstructorAccessorImpl.newInstance(DelegatingConstructorAccessorImpl.java:45)\r\n\tat java.base/java.lang.reflect.Constructor.newInstance(Constructor.java:490)\r\n\tat org.openqa.selenium.remote.http.W3CHttpResponseCodec.createException(W3CHttpResponseCodec.java:187)\r\n\tat org.openqa.selenium.remote.http.W3CHttpResponseCodec.decode(W3CHttpResponseCodec.java:122)\r\n\tat org.openqa.selenium.remote.http.W3CHttpResponseCodec.decode(W3CHttpResponseCodec.java:49)\r\n\tat org.openqa.selenium.remote.HttpCommandExecutor.execute(HttpCommandExecutor.java:158)\r\n\tat org.openqa.selenium.remote.service.DriverCommandExecutor.execute(DriverCommandExecutor.java:83)\r\n\tat org.openqa.selenium.remote.RemoteWebDriver.execute(RemoteWebDriver.java:552)\r\n\tat org.openqa.selenium.remote.RemoteWebDriver.get(RemoteWebDriver.java:277)\r\n\tat org.openqa.selenium.remote.RemoteWebDriver$RemoteNavigation.to(RemoteWebDriver.java:857)\r\n\tat steps.Steps.preTestSetup(Steps.java:46)\r\n\tat tests.BaseTest.setupTestClass(BaseTest.java:39)\r\n\tat java.base/jdk.internal.reflect.NativeMethodAccessorImpl.invoke0(Native Method)\r\n\tat java.base/jdk.internal.reflect.NativeMethodAccessorImpl.invoke(NativeMethodAccessorImpl.java:62)\r\n\tat java.base/jdk.internal.reflect.DelegatingMethodAccessorImpl.invoke(DelegatingMethodAccessorImpl.java:43)\r\n\tat java.base/java.lang.reflect.Method.invoke(Method.java:566)\r\n\tat org.testng.internal.MethodInvocationHelper.invokeMethod(MethodInvocationHelper.java:133)\r\n\tat org.testng.internal.MethodInvocationHelper.invokeMethodConsideringTimeout(MethodInvocationHelper.java:62)\r\n\tat org.testng.internal.ConfigInvoker.invokeConfigurationMethod(ConfigInvoker.java:385)\r\n\tat org.testng.internal.ConfigInvoker.invokeConfigurations(ConfigInvoker.java:321)\r\n\tat org.testng.internal.TestMethodWorker.invokeBeforeClassMethods(TestMethodWorker.java:176)\r\n\tat org.testng.internal.TestMethodWorker.run(TestMethodWorker.java:122)\r\n\tat java.base/java.util.ArrayList.forEach(ArrayList.java:1541)\r\n\tat org.testng.TestRunner.privateRun(TestRunner.java:794)\r\n\tat org.testng.TestRunner.run(TestRunner.java:596)\r\n\tat org.testng.SuiteRunner.runTest(SuiteRunner.java:377)\r\n\tat org.testng.SuiteRunner.runSequentially(SuiteRunner.java:371)\r\n\tat org.testng.SuiteRunner.privateRun(SuiteRunner.java:332)\r\n\tat org.testng.SuiteRunner.run(SuiteRunner.java:276)\r\n\tat org.testng.SuiteRunnerWorker.runSuite(SuiteRunnerWorker.java:53)\r\n\tat org.testng.SuiteRunnerWorker.run(SuiteRunnerWorker.java:96)\r\n\tat org.testng.TestNG.runSuitesSequentially(TestNG.java:1212)\r\n\tat org.testng.TestNG.runSuitesLocally(TestNG.java:1134)\r\n\tat org.testng.TestNG.runSuites(TestNG.java:1063)\r\n\tat org.testng.TestNG.run(TestNG.java:1031)\r\n\tat com.intellij.rt.testng.IDEARemoteTestNG.run(IDEARemoteTestNG.java:66)\r\n\tat com.intellij.rt.testng.RemoteTestNGStarter.main(RemoteTestNGStarter.java:109)\r\n","steps":[],"attachments":[],"parameters":[],"stepsCount":0,"hasContent":true,"attachmentsCount":0,"shouldDisplayMessage":true}],"afterStages":[],"labels":[{"name":"package","value":"tests.VisualTest"},{"name":"testClass","value":"tests.VisualTest"},{"name":"testMethod","value":"setupTestClass"},{"name":"parentSuite","value":"Default Suite"},{"name":"suite","value":"Glamira_AutoTest"},{"name":"subSuite","value":"tests.VisualTest"},{"name":"host","value":"Admin"},{"name":"thread","value":"1488@Admin.main(1)"},{"name":"framework","value":"testng"},{"name":"language","value":"java"},{"name":"AS_ID","value":"-1"},{"name":"resultFormat","value":"allure2"}],"parameters":[],"links":[],"hidden":false,"retry":false,"extra":{"severity":"normal","retries":[{"uid":"e86ad11f8987e98c","status":"broken","statusDetails":"Expected condition failed: waiting for utils.JSUtil$$Lambda$424/0x00000001003cf440@56da7487 (tried for 10 second(s) with 500 milliseconds interval)\nBuild info: version: '3.141.59', revision: 'e82be7d358', time: '2018-11-14T08:17:03'\nSystem info: host: 'ADMIN', ip: '192.168.31.63', os.name: 'Windows 10', os.arch: 'amd64', os.version: '10.0', java.version: '11.0.17'\nDriver info: org.openqa.selenium.chrome.ChromeDriver\nCapabilities {acceptInsecureCerts: false, browserName: chrome, browserVersion: 109.0.5414.74, chrome: {chromedriverVersion: 109.0.5414.74 (e7c5703604da..., userDataDir: C:\\Users\\Admin\\AppData\\Loca...}, goog:chromeOptions: {debuggerAddress: localhost:53410}, javascriptEnabled: true, networkConnectionEnabled: false, pageLoadStrategy: normal, platform: WINDOWS, platformName: WINDOWS, proxy: Proxy(), setWindowRect: true, strictFileInteractability: false, timeouts: {implicit: 0, pageLoad: 300000, script: 30000}, unhandledPromptBehavior: dismiss and notify, webauthn:extension:credBlob: true, webauthn:extension:largeBlob: true, webauthn:virtualAuthenticators: true}\nSession ID: 4755c37182cbf491bc1fc17c515ba0d1","time":{"start":1673852662002,"stop":1673852662008,"duration":6}},{"uid":"154cc6cf92e7212e","status":"broken","statusDetails":"Expected condition failed: waiting for utils.JSUtil$$Lambda$424/0x00000001003cf440@76332405 (tried for 30 second(s) with 500 milliseconds interval)\nBuild info: version: '3.141.59', revision: 'e82be7d358', time: '2018-11-14T08:17:03'\nSystem info: host: 'ADMIN', ip: '192.168.31.63', os.name: 'Windows 10', os.arch: 'amd64', os.version: '10.0', java.version: '11.0.17'\nDriver info: org.openqa.selenium.chrome.ChromeDriver\nCapabilities {acceptInsecureCerts: false, browserName: chrome, browserVersion: 109.0.5414.74, chrome: {chromedriverVersion: 109.0.5414.74 (e7c5703604da..., userDataDir: C:\\Users\\Admin\\AppData\\Loca...}, goog:chromeOptions: {debuggerAddress: localhost:59625}, javascriptEnabled: true, networkConnectionEnabled: false, pageLoadStrategy: normal, platform: WINDOWS, platformName: WINDOWS, proxy: Proxy(), setWindowRect: true, strictFileInteractability: false, timeouts: {implicit: 0, pageLoad: 300000, script: 30000}, unhandledPromptBehavior: dismiss and notify, webauthn:extension:credBlob: true, webauthn:extension:largeBlob: true, webauthn:virtualAuthenticators: true}\nSession ID: 8a92e0e7c75cf7fcf2072de38ed1a613","time":{"start":1673597995271,"stop":1673597995307,"duration":36}},{"uid":"567b5ce74f42db37","status":"broken","statusDetails":"timeout: Timed out receiving message from renderer: -0.000\n  (Session info: chrome=109.0.5414.74)\nBuild info: version: '3.141.59', revision: 'e82be7d358', time: '2018-11-14T08:17:03'\nSystem info: host: 'ADMIN', ip: '192.168.31.63', os.name: 'Windows 10', os.arch: 'amd64', os.version: '10.0', java.version: '11.0.17'\nDriver info: org.openqa.selenium.chrome.ChromeDriver\nCapabilities {acceptInsecureCerts: false, browserName: chrome, browserVersion: 109.0.5414.74, chrome: {chromedriverVersion: 109.0.5414.74 (e7c5703604da..., userDataDir: C:\\Users\\Admin\\AppData\\Loca...}, goog:chromeOptions: {debuggerAddress: localhost:64221}, javascriptEnabled: true, networkConnectionEnabled: false, pageLoadStrategy: normal, platform: WINDOWS, platformName: WINDOWS, proxy: Proxy(), setWindowRect: true, strictFileInteractability: false, timeouts: {implicit: 0, pageLoad: 300000, script: 30000}, unhandledPromptBehavior: dismiss and notify, webauthn:extension:credBlob: true, webauthn:extension:largeBlob: true, webauthn:virtualAuthenticators: true}\nSession ID: a7d1b2e01490fa2bc5c057fab7c6e04a","time":{"start":1673593592166,"stop":1673593592172,"duration":6}},{"uid":"699593d57e91c13","status":"broken","statusDetails":"unknown error: failed to write prefs file\nBuild info: version: '3.141.59', revision: 'e82be7d358', time: '2018-11-14T08:17:03'\nSystem info: host: 'ADMIN', ip: '192.168.31.63', os.name: 'Windows 10', os.arch: 'amd64', os.version: '10.0', java.version: '11.0.17'\nDriver info: driver.version: ChromeDriver\nremote stacktrace: Backtrace:\n\t(No symbol) [0x002DF243]\n\t(No symbol) [0x00267FD1]\n\t(No symbol) [0x0015D04D]\n\t(No symbol) [0x0017E447]\n\t(No symbol) [0x0017E5CA]\n\t(No symbol) [0x0017BA02]\n\t(No symbol) [0x001782E9]\n\t(No symbol) [0x001AF056]\n\t(No symbol) [0x001AEB2A]\n\t(No symbol) [0x001A8386]\n\t(No symbol) [0x0018163C]\n\t(No symbol) [0x0018269D]\n\tGetHandleVerifier [0x00579A22+2655074]\n\tGetHandleVerifier [0x0056CA24+2601828]\n\tGetHandleVerifier [0x00388C0A+619850]\n\tGetHandleVerifier [0x00387830+614768]\n\t(No symbol) [0x002705FC]\n\t(No symbol) [0x00275968]\n\t(No symbol) [0x00275A55]\n\t(No symbol) [0x0028051B]\n\tBaseThreadInitThunk [0x769800F9+25]\n\tRtlGetAppContainerNamedObjectPath [0x77647BBE+286]\n\tRtlGetAppContainerNamedObjectPath [0x77647B8E+238]\n\t(No symbol) [0x00000000]\n","time":{"start":1673254950715,"stop":1673254950723,"duration":8}},{"uid":"9d18eaf86e833368","status":"broken","statusDetails":"unknown error: failed to write prefs file\nBuild info: version: '3.141.59', revision: 'e82be7d358', time: '2018-11-14T08:17:03'\nSystem info: host: 'ADMIN', ip: '192.168.31.63', os.name: 'Windows 10', os.arch: 'amd64', os.version: '10.0', java.version: '11.0.17'\nDriver info: driver.version: ChromeDriver\nremote stacktrace: Backtrace:\n\t(No symbol) [0x002DF243]\n\t(No symbol) [0x00267FD1]\n\t(No symbol) [0x0015D04D]\n\t(No symbol) [0x0017E447]\n\t(No symbol) [0x0017E5CA]\n\t(No symbol) [0x0017BA02]\n\t(No symbol) [0x001782E9]\n\t(No symbol) [0x001AF056]\n\t(No symbol) [0x001AEB2A]\n\t(No symbol) [0x001A8386]\n\t(No symbol) [0x0018163C]\n\t(No symbol) [0x0018269D]\n\tGetHandleVerifier [0x00579A22+2655074]\n\tGetHandleVerifier [0x0056CA24+2601828]\n\tGetHandleVerifier [0x00388C0A+619850]\n\tGetHandleVerifier [0x00387830+614768]\n\t(No symbol) [0x002705FC]\n\t(No symbol) [0x00275968]\n\t(No symbol) [0x00275A55]\n\t(No symbol) [0x0028051B]\n\tBaseThreadInitThunk [0x769800F9+25]\n\tRtlGetAppContainerNamedObjectPath [0x77647BBE+286]\n\tRtlGetAppContainerNamedObjectPath [0x77647B8E+238]\n\t(No symbol) [0x00000000]\n","time":{"start":1673253891419,"stop":1673253891454,"duration":35}},{"uid":"a0b7fbf2520a57fc","status":"broken","statusDetails":"unknown error: failed to write prefs file\nBuild info: version: '3.141.59', revision: 'e82be7d358', time: '2018-11-14T08:17:03'\nSystem info: host: 'ADMIN', ip: '192.168.31.117', os.name: 'Windows 10', os.arch: 'amd64', os.version: '10.0', java.version: '11.0.17'\nDriver info: driver.version: ChromeDriver\nremote stacktrace: Backtrace:\n\t(No symbol) [0x0027F243]\n\t(No symbol) [0x00207FD1]\n\t(No symbol) [0x000FD04D]\n\t(No symbol) [0x0011E447]\n\t(No symbol) [0x0011E5CA]\n\t(No symbol) [0x0011BA02]\n\t(No symbol) [0x001182E9]\n\t(No symbol) [0x0014F056]\n\t(No symbol) [0x0014EB2A]\n\t(No symbol) [0x00148386]\n\t(No symbol) [0x0012163C]\n\t(No symbol) [0x0012269D]\n\tGetHandleVerifier [0x00519A22+2655074]\n\tGetHandleVerifier [0x0050CA24+2601828]\n\tGetHandleVerifier [0x00328C0A+619850]\n\tGetHandleVerifier [0x00327830+614768]\n\t(No symbol) [0x002105FC]\n\t(No symbol) [0x00215968]\n\t(No symbol) [0x00215A55]\n\t(No symbol) [0x0022051B]\n\tBaseThreadInitThunk [0x76B500F9+25]\n\tRtlGetAppContainerNamedObjectPath [0x77BD7BBE+286]\n\tRtlGetAppContainerNamedObjectPath [0x77BD7B8E+238]\n\t(No symbol) [0x00000000]\n","time":{"start":1673246711870,"stop":1673246711876,"duration":6}},{"uid":"723cfbd5941d03","status":"broken","statusDetails":"unknown error: Chrome failed to start: exited normally.\n  (unknown error: DevToolsActivePort file doesn't exist)\n  (The process started from chrome location C:\\Program Files (x86)\\Google\\Chrome\\Application\\chrome.exe is no longer running, so ChromeDriver is assuming that Chrome has crashed.)\nBuild info: version: '3.141.59', revision: 'e82be7d358', time: '2018-11-14T08:17:03'\nSystem info: host: 'ADMIN', ip: '192.168.31.117', os.name: 'Windows 10', os.arch: 'amd64', os.version: '10.0', java.version: '11.0.17'\nDriver info: driver.version: ChromeDriver\nremote stacktrace: Backtrace:\n\t(No symbol) [0x0027F243]\n\t(No symbol) [0x00207FD1]\n\t(No symbol) [0x000FD04D]\n\t(No symbol) [0x0011C24E]\n\t(No symbol) [0x001182E9]\n\t(No symbol) [0x0014F056]\n\t(No symbol) [0x0014EB2A]\n\t(No symbol) [0x00148386]\n\t(No symbol) [0x0012163C]\n\t(No symbol) [0x0012269D]\n\tGetHandleVerifier [0x00519A22+2655074]\n\tGetHandleVerifier [0x0050CA24+2601828]\n\tGetHandleVerifier [0x00328C0A+619850]\n\tGetHandleVerifier [0x00327830+614768]\n\t(No symbol) [0x002105FC]\n\t(No symbol) [0x00215968]\n\t(No symbol) [0x00215A55]\n\t(No symbol) [0x0022051B]\n\tBaseThreadInitThunk [0x76B500F9+25]\n\tRtlGetAppContainerNamedObjectPath [0x77BD7BBE+286]\n\tRtlGetAppContainerNamedObjectPath [0x77BD7B8E+238]\n\t(No symbol) [0x00000000]\n","time":{"start":1673246680342,"stop":1673246680347,"duration":5}},{"uid":"459ac58dbad43b62","status":"broken","statusDetails":"unknown error: failed to write prefs file\nBuild info: version: '3.141.59', revision: 'e82be7d358', time: '2018-11-14T08:17:03'\nSystem info: host: 'ADMIN', ip: '192.168.31.117', os.name: 'Windows 10', os.arch: 'amd64', os.version: '10.0', java.version: '11.0.17'\nDriver info: driver.version: ChromeDriver\nremote stacktrace: Backtrace:\n\t(No symbol) [0x0027F243]\n\t(No symbol) [0x00207FD1]\n\t(No symbol) [0x000FD04D]\n\t(No symbol) [0x0011E447]\n\t(No symbol) [0x0011E5CA]\n\t(No symbol) [0x0011BA02]\n\t(No symbol) [0x001182E9]\n\t(No symbol) [0x0014F056]\n\t(No symbol) [0x0014EB2A]\n\t(No symbol) [0x00148386]\n\t(No symbol) [0x0012163C]\n\t(No symbol) [0x0012269D]\n\tGetHandleVerifier [0x00519A22+2655074]\n\tGetHandleVerifier [0x0050CA24+2601828]\n\tGetHandleVerifier [0x00328C0A+619850]\n\tGetHandleVerifier [0x00327830+614768]\n\t(No symbol) [0x002105FC]\n\t(No symbol) [0x00215968]\n\t(No symbol) [0x00215A55]\n\t(No symbol) [0x0022051B]\n\tBaseThreadInitThunk [0x76B500F9+25]\n\tRtlGetAppContainerNamedObjectPath [0x77BD7BBE+286]\n\tRtlGetAppContainerNamedObjectPath [0x77BD7B8E+238]\n\t(No symbol) [0x00000000]\n","time":{"start":1673239202791,"stop":1673239202826,"duration":35}},{"uid":"cda6c6d9430cf4c3","status":"broken","statusDetails":"unknown error: failed to write prefs file\nBuild info: version: '3.141.59', revision: 'e82be7d358', time: '2018-11-14T08:17:03'\nSystem info: host: 'ADMIN', ip: '192.168.31.63', os.name: 'Windows 10', os.arch: 'amd64', os.version: '10.0', java.version: '11.0.17'\nDriver info: driver.version: ChromeDriver\nremote stacktrace: Backtrace:\n\t(No symbol) [0x0027F243]\n\t(No symbol) [0x00207FD1]\n\t(No symbol) [0x000FD04D]\n\t(No symbol) [0x0011E447]\n\t(No symbol) [0x0011E5CA]\n\t(No symbol) [0x0011BA02]\n\t(No symbol) [0x001182E9]\n\t(No symbol) [0x0014F056]\n\t(No symbol) [0x0014EB2A]\n\t(No symbol) [0x00148386]\n\t(No symbol) [0x0012163C]\n\t(No symbol) [0x0012269D]\n\tGetHandleVerifier [0x00519A22+2655074]\n\tGetHandleVerifier [0x0050CA24+2601828]\n\tGetHandleVerifier [0x00328C0A+619850]\n\tGetHandleVerifier [0x00327830+614768]\n\t(No symbol) [0x002105FC]\n\t(No symbol) [0x00215968]\n\t(No symbol) [0x00215A55]\n\t(No symbol) [0x0022051B]\n\tBaseThreadInitThunk [0x76B500F9+25]\n\tRtlGetAppContainerNamedObjectPath [0x77BD7BBE+286]\n\tRtlGetAppContainerNamedObjectPath [0x77BD7B8E+238]\n\t(No symbol) [0x00000000]\n","time":{"start":1673238297983,"stop":1673238297994,"duration":11}},{"uid":"2091d220f778c37c","status":"broken","statusDetails":"unknown error: failed to write prefs file\nBuild info: version: '3.141.59', revision: 'e82be7d358', time: '2018-11-14T08:17:03'\nSystem info: host: 'ADMIN', ip: '192.168.31.63', os.name: 'Windows 10', os.arch: 'amd64', os.version: '10.0', java.version: '11.0.17'\nDriver info: driver.version: ChromeDriver\nremote stacktrace: Backtrace:\n\t(No symbol) [0x0027F243]\n\t(No symbol) [0x00207FD1]\n\t(No symbol) [0x000FD04D]\n\t(No symbol) [0x0011E447]\n\t(No symbol) [0x0011E5CA]\n\t(No symbol) [0x0011BA02]\n\t(No symbol) [0x001182E9]\n\t(No symbol) [0x0014F056]\n\t(No symbol) [0x0014EB2A]\n\t(No symbol) [0x00148386]\n\t(No symbol) [0x0012163C]\n\t(No symbol) [0x0012269D]\n\tGetHandleVerifier [0x00519A22+2655074]\n\tGetHandleVerifier [0x0050CA24+2601828]\n\tGetHandleVerifier [0x00328C0A+619850]\n\tGetHandleVerifier [0x00327830+614768]\n\t(No symbol) [0x002105FC]\n\t(No symbol) [0x00215968]\n\t(No symbol) [0x00215A55]\n\t(No symbol) [0x0022051B]\n\tBaseThreadInitThunk [0x76B500F9+25]\n\tRtlGetAppContainerNamedObjectPath [0x77BD7BBE+286]\n\tRtlGetAppContainerNamedObjectPath [0x77BD7B8E+238]\n\t(No symbol) [0x00000000]\n","time":{"start":1673238082256,"stop":1673238082263,"duration":7}},{"uid":"2e861cc06d58129f","status":"broken","statusDetails":"unknown error: failed to write prefs file\nBuild info: version: '3.141.59', revision: 'e82be7d358', time: '2018-11-14T08:17:03'\nSystem info: host: 'ADMIN', ip: '192.168.31.64', os.name: 'Windows 10', os.arch: 'amd64', os.version: '10.0', java.version: '11.0.17'\nDriver info: driver.version: ChromeDriver\nremote stacktrace: Backtrace:\n\t(No symbol) [0x0081F243]\n\t(No symbol) [0x007A7FD1]\n\t(No symbol) [0x0069D04D]\n\t(No symbol) [0x006BE447]\n\t(No symbol) [0x006BE5CA]\n\t(No symbol) [0x006BBA02]\n\t(No symbol) [0x006B82E9]\n\t(No symbol) [0x006EF056]\n\t(No symbol) [0x006EEB2A]\n\t(No symbol) [0x006E8386]\n\t(No symbol) [0x006C163C]\n\t(No symbol) [0x006C269D]\n\tGetHandleVerifier [0x00AB9A22+2655074]\n\tGetHandleVerifier [0x00AACA24+2601828]\n\tGetHandleVerifier [0x008C8C0A+619850]\n\tGetHandleVerifier [0x008C7830+614768]\n\t(No symbol) [0x007B05FC]\n\t(No symbol) [0x007B5968]\n\t(No symbol) [0x007B5A55]\n\t(No symbol) [0x007C051B]\n\tBaseThreadInitThunk [0x76B500F9+25]\n\tRtlGetAppContainerNamedObjectPath [0x77BD7BBE+286]\n\tRtlGetAppContainerNamedObjectPath [0x77BD7B8E+238]\n","time":{"start":1672993537006,"stop":1672993537013,"duration":7}},{"uid":"b569c413cc9b6b9c","status":"broken","statusDetails":"unknown error: failed to write prefs file\nBuild info: version: '3.141.59', revision: 'e82be7d358', time: '2018-11-14T08:17:03'\nSystem info: host: 'ADMIN', ip: '192.168.31.62', os.name: 'Windows 10', os.arch: 'amd64', os.version: '10.0', java.version: '11.0.17'\nDriver info: driver.version: ChromeDriver\nremote stacktrace: Backtrace:\n\t(No symbol) [0x00CDF243]\n\t(No symbol) [0x00C67FD1]\n\t(No symbol) [0x00B5D04D]\n\t(No symbol) [0x00B7E447]\n\t(No symbol) [0x00B7E5CA]\n\t(No symbol) [0x00B7BA02]\n\t(No symbol) [0x00B782E9]\n\t(No symbol) [0x00BAF056]\n\t(No symbol) [0x00BAEB2A]\n\t(No symbol) [0x00BA8386]\n\t(No symbol) [0x00B8163C]\n\t(No symbol) [0x00B8269D]\n\tGetHandleVerifier [0x00F79A22+2655074]\n\tGetHandleVerifier [0x00F6CA24+2601828]\n\tGetHandleVerifier [0x00D88C0A+619850]\n\tGetHandleVerifier [0x00D87830+614768]\n\t(No symbol) [0x00C705FC]\n\t(No symbol) [0x00C75968]\n\t(No symbol) [0x00C75A55]\n\t(No symbol) [0x00C8051B]\n\tBaseThreadInitThunk [0x752800F9+25]\n\tRtlGetAppContainerNamedObjectPath [0x771B7BBE+286]\n\tRtlGetAppContainerNamedObjectPath [0x771B7B8E+238]\n","time":{"start":1672913390056,"stop":1672913390063,"duration":7}},{"uid":"86eb3e684410dec4","status":"broken","statusDetails":"unknown error: failed to write prefs file\nBuild info: version: '3.141.59', revision: 'e82be7d358', time: '2018-11-14T08:17:03'\nSystem info: host: 'ADMIN', ip: '192.168.31.62', os.name: 'Windows 10', os.arch: 'amd64', os.version: '10.0', java.version: '11.0.17'\nDriver info: driver.version: ChromeDriver\nremote stacktrace: Backtrace:\n\t(No symbol) [0x00CDF243]\n\t(No symbol) [0x00C67FD1]\n\t(No symbol) [0x00B5D04D]\n\t(No symbol) [0x00B7E447]\n\t(No symbol) [0x00B7E5CA]\n\t(No symbol) [0x00B7BA02]\n\t(No symbol) [0x00B782E9]\n\t(No symbol) [0x00BAF056]\n\t(No symbol) [0x00BAEB2A]\n\t(No symbol) [0x00BA8386]\n\t(No symbol) [0x00B8163C]\n\t(No symbol) [0x00B8269D]\n\tGetHandleVerifier [0x00F79A22+2655074]\n\tGetHandleVerifier [0x00F6CA24+2601828]\n\tGetHandleVerifier [0x00D88C0A+619850]\n\tGetHandleVerifier [0x00D87830+614768]\n\t(No symbol) [0x00C705FC]\n\t(No symbol) [0x00C75968]\n\t(No symbol) [0x00C75A55]\n\t(No symbol) [0x00C8051B]\n\tBaseThreadInitThunk [0x752800F9+25]\n\tRtlGetAppContainerNamedObjectPath [0x771B7BBE+286]\n\tRtlGetAppContainerNamedObjectPath [0x771B7B8E+238]\n","time":{"start":1672913300494,"stop":1672913300505,"duration":11}},{"uid":"1d34f057c717cfbe","status":"broken","statusDetails":"unknown error: failed to write prefs file\nBuild info: version: '3.141.59', revision: 'e82be7d358', time: '2018-11-14T08:17:03'\nSystem info: host: 'ADMIN', ip: '192.168.31.62', os.name: 'Windows 10', os.arch: 'amd64', os.version: '10.0', java.version: '11.0.17'\nDriver info: driver.version: ChromeDriver\nremote stacktrace: Backtrace:\n\t(No symbol) [0x00CDF243]\n\t(No symbol) [0x00C67FD1]\n\t(No symbol) [0x00B5D04D]\n\t(No symbol) [0x00B7E447]\n\t(No symbol) [0x00B7E5CA]\n\t(No symbol) [0x00B7BA02]\n\t(No symbol) [0x00B782E9]\n\t(No symbol) [0x00BAF056]\n\t(No symbol) [0x00BAEB2A]\n\t(No symbol) [0x00BA8386]\n\t(No symbol) [0x00B8163C]\n\t(No symbol) [0x00B8269D]\n\tGetHandleVerifier [0x00F79A22+2655074]\n\tGetHandleVerifier [0x00F6CA24+2601828]\n\tGetHandleVerifier [0x00D88C0A+619850]\n\tGetHandleVerifier [0x00D87830+614768]\n\t(No symbol) [0x00C705FC]\n\t(No symbol) [0x00C75968]\n\t(No symbol) [0x00C75A55]\n\t(No symbol) [0x00C8051B]\n\tBaseThreadInitThunk [0x752800F9+25]\n\tRtlGetAppContainerNamedObjectPath [0x771B7BBE+286]\n\tRtlGetAppContainerNamedObjectPath [0x771B7B8E+238]\n","time":{"start":1672913259979,"stop":1672913259986,"duration":7}},{"uid":"9683a1696533e63e","status":"broken","statusDetails":"unknown error: failed to write prefs file\nBuild info: version: '3.141.59', revision: 'e82be7d358', time: '2018-11-14T08:17:03'\nSystem info: host: 'ADMIN', ip: '192.168.31.62', os.name: 'Windows 10', os.arch: 'amd64', os.version: '10.0', java.version: '11.0.17'\nDriver info: driver.version: ChromeDriver\nremote stacktrace: Backtrace:\n\t(No symbol) [0x00CDF243]\n\t(No symbol) [0x00C67FD1]\n\t(No symbol) [0x00B5D04D]\n\t(No symbol) [0x00B7E447]\n\t(No symbol) [0x00B7E5CA]\n\t(No symbol) [0x00B7BA02]\n\t(No symbol) [0x00B782E9]\n\t(No symbol) [0x00BAF056]\n\t(No symbol) [0x00BAEB2A]\n\t(No symbol) [0x00BA8386]\n\t(No symbol) [0x00B8163C]\n\t(No symbol) [0x00B8269D]\n\tGetHandleVerifier [0x00F79A22+2655074]\n\tGetHandleVerifier [0x00F6CA24+2601828]\n\tGetHandleVerifier [0x00D88C0A+619850]\n\tGetHandleVerifier [0x00D87830+614768]\n\t(No symbol) [0x00C705FC]\n\t(No symbol) [0x00C75968]\n\t(No symbol) [0x00C75A55]\n\t(No symbol) [0x00C8051B]\n\tBaseThreadInitThunk [0x752800F9+25]\n\tRtlGetAppContainerNamedObjectPath [0x771B7BBE+286]\n\tRtlGetAppContainerNamedObjectPath [0x771B7B8E+238]\n","time":{"start":1672913215956,"stop":1672913215968,"duration":12}},{"uid":"162ae6b7a289d624","status":"broken","statusDetails":"javascript error: Failed to set the 'src' property on 'HTMLScriptElement': This document requires 'TrustedScriptURL' assignment.\n  (Session info: chrome=108.0.5359.125)\nBuild info: version: '3.141.59', revision: 'e82be7d358', time: '2018-11-14T08:17:03'\nSystem info: host: 'ADMIN', ip: '192.168.31.62', os.name: 'Windows 10', os.arch: 'amd64', os.version: '10.0', java.version: '11.0.17'\nDriver info: org.openqa.selenium.chrome.ChromeDriver\nCapabilities {acceptInsecureCerts: false, browserName: chrome, browserVersion: 108.0.5359.125, chrome: {chromedriverVersion: 108.0.5359.71 (1e0e3868ee06..., userDataDir: C:\\Users\\Admin\\AppData\\Loca...}, goog:chromeOptions: {debuggerAddress: localhost:57861}, javascriptEnabled: true, networkConnectionEnabled: false, pageLoadStrategy: normal, platform: WINDOWS, platformName: WINDOWS, proxy: Proxy(), setWindowRect: true, strictFileInteractability: false, timeouts: {implicit: 0, pageLoad: 300000, script: 30000}, unhandledPromptBehavior: dismiss and notify, webauthn:extension:credBlob: true, webauthn:extension:largeBlob: true, webauthn:virtualAuthenticators: true}\nSession ID: 87c71b3a9073d9b8d535c5e8750db698","time":{"start":1672909448918,"stop":1672909448933,"duration":15}},{"uid":"2adb16c7094c33ee","status":"broken","statusDetails":"no such window: target window already closed\nfrom unknown error: web view not found\n  (Session info: chrome=108.0.5359.125)\nBuild info: version: '3.141.59', revision: 'e82be7d358', time: '2018-11-14T08:17:03'\nSystem info: host: 'ADMIN', ip: '192.168.31.62', os.name: 'Windows 10', os.arch: 'amd64', os.version: '10.0', java.version: '11.0.17'\nDriver info: org.openqa.selenium.chrome.ChromeDriver\nCapabilities {acceptInsecureCerts: false, browserName: chrome, browserVersion: 108.0.5359.125, chrome: {chromedriverVersion: 108.0.5359.71 (1e0e3868ee06..., userDataDir: C:\\Users\\Admin\\AppData\\Loca...}, goog:chromeOptions: {debuggerAddress: localhost:58188}, javascriptEnabled: true, networkConnectionEnabled: false, pageLoadStrategy: normal, platform: WINDOWS, platformName: WINDOWS, proxy: Proxy(), setWindowRect: true, strictFileInteractability: false, timeouts: {implicit: 0, pageLoad: 300000, script: 30000}, unhandledPromptBehavior: dismiss and notify, webauthn:extension:credBlob: true, webauthn:extension:largeBlob: true, webauthn:virtualAuthenticators: true}\nSession ID: 95c079177bdd8b7b4abd4c6da13d9a9b","time":{"start":1672905387662,"stop":1672905387668,"duration":6}}],"categories":[{"name":"Test defects","matchedStatuses":[],"flaky":false}],"tags":[]},"source":"58733d1754f8233f.json","parameterValues":[]}