{"uid":"7a604c477a74f3ed","name":"Enter the wrong code sent to the email","fullName":"test.signinSignup.SignUpTest.testCase_SU012","historyId":"1eb06d99be03f17d59ba280fc05abbea","time":{"start":1676436348172,"stop":1676436348180,"duration":8},"status":"skipped","statusMessage":"\nParameter 'devices' is required by BeforeTest on method beforeTest but has not been marked @Optional or defined\nin C:\\Users\\Admin\\AppData\\Local\\JetBrains\\IdeaIC2022.2\\temp-testng-customsuite.xml","statusTrace":"org.testng.TestNGException: \nParameter 'devices' is required by BeforeTest on method beforeTest but has not been marked @Optional or defined\nin C:\\Users\\Admin\\AppData\\Local\\JetBrains\\IdeaIC2022.2\\temp-testng-customsuite.xml\r\n\tat org.testng.internal.Parameters.createParams(Parameters.java:270)\r\n\tat org.testng.internal.Parameters.createParametersForMethod(Parameters.java:358)\r\n\tat org.testng.internal.Parameters.createParameters(Parameters.java:700)\r\n\tat org.testng.internal.Parameters.createConfigurationParameters(Parameters.java:168)\r\n\tat org.testng.internal.ConfigInvoker.invokeConfigurations(ConfigInvoker.java:302)\r\n\tat org.testng.TestRunner.invokeTestConfigurations(TestRunner.java:637)\r\n\tat org.testng.TestRunner.beforeRun(TestRunner.java:627)\r\n\tat org.testng.TestRunner.run(TestRunner.java:589)\r\n\tat org.testng.SuiteRunner.runTest(SuiteRunner.java:377)\r\n\tat org.testng.SuiteRunner.runSequentially(SuiteRunner.java:371)\r\n\tat org.testng.SuiteRunner.privateRun(SuiteRunner.java:332)\r\n\tat org.testng.SuiteRunner.run(SuiteRunner.java:276)\r\n\tat org.testng.SuiteRunnerWorker.runSuite(SuiteRunnerWorker.java:53)\r\n\tat org.testng.SuiteRunnerWorker.run(SuiteRunnerWorker.java:96)\r\n\tat org.testng.TestNG.runSuitesSequentially(TestNG.java:1212)\r\n\tat org.testng.TestNG.runSuitesLocally(TestNG.java:1134)\r\n\tat org.testng.TestNG.runSuites(TestNG.java:1063)\r\n\tat org.testng.TestNG.run(TestNG.java:1031)\r\n\tat com.intellij.rt.testng.IDEARemoteTestNG.run(IDEARemoteTestNG.java:66)\r\n\tat com.intellij.rt.testng.RemoteTestNGStarter.main(RemoteTestNGStarter.java:109)\r\n","flaky":false,"newFailed":false,"newBroken":false,"newPassed":false,"retriesCount":166,"retriesStatusChange":true,"beforeStages":[{"name":"beforeSuite","time":{"start":1676436347430,"stop":1676436347461,"duration":31},"description":"","status":"passed","steps":[],"attachments":[],"parameters":[],"stepsCount":0,"hasContent":false,"attachmentsCount":0,"shouldDisplayMessage":false}],"afterStages":[{"name":"afterTest","time":{"start":1676436348222,"stop":1676436348223,"duration":1},"description":"","status":"broken","steps":[],"attachments":[],"parameters":[],"stepsCount":0,"hasContent":false,"attachmentsCount":0,"shouldDisplayMessage":false}],"labels":[{"name":"package","value":"test.signinSignup.SignUpTest"},{"name":"testClass","value":"test.signinSignup.SignUpTest"},{"name":"testMethod","value":"testCase_SU012"},{"name":"parentSuite","value":"Default Suite"},{"name":"suite","value":"Glamira_AutoTest"},{"name":"subSuite","value":"test.signinSignup.SignUpTest"},{"name":"host","value":"Admin"},{"name":"thread","value":"21660@Admin.main(1)"},{"name":"framework","value":"testng"},{"name":"language","value":"java"},{"name":"resultFormat","value":"allure2"}],"parameters":[],"links":[],"hidden":false,"retry":false,"extra":{"severity":"normal","retries":[{"uid":"473e0b927e68d1a6","status":"skipped","statusDetails":"\nParameter 'devices' is required by BeforeTest on method beforeTest but has not been marked @Optional or defined\nin C:\\Users\\Admin\\AppData\\Local\\JetBrains\\IdeaIC2022.2\\temp-testng-customsuite.xml","time":{"start":1676432940525,"stop":1676432940535,"duration":10}},{"uid":"b8492f9f506161c6","status":"skipped","statusDetails":"\nParameter 'devices' is required by BeforeTest on method beforeTest but has not been marked @Optional or defined\nin C:\\Users\\Admin\\AppData\\Local\\JetBrains\\IdeaIC2022.2\\temp-testng-customsuite.xml","time":{"start":1676432742152,"stop":1676432742154,"duration":2}},{"uid":"16add6d238ae96e","status":"skipped","statusDetails":"\nParameter 'devices' is required by BeforeTest on method beforeTest but has not been marked @Optional or defined\nin C:\\Users\\Admin\\AppData\\Local\\JetBrains\\IdeaIC2022.2\\temp-testng-customsuite.xml","time":{"start":1676431725994,"stop":1676431725996,"duration":2}},{"uid":"562d29d251be821f","status":"passed","time":{"start":1676341465298,"stop":1676341494399,"duration":29101}},{"uid":"3a0376d8d8265736","status":"passed","time":{"start":1676340238102,"stop":1676340257078,"duration":18976}},{"uid":"6ac1a0647859edd0","status":"passed","time":{"start":1676339660312,"stop":1676339685251,"duration":24939}},{"uid":"7a8e13a9fef632f5","status":"passed","time":{"start":1676286257011,"stop":1676286279977,"duration":22966}},{"uid":"b20941c3f45b74a0","status":"passed","time":{"start":1676285682211,"stop":1676285705123,"duration":22912}},{"uid":"fedc865e86c40431","status":"passed","time":{"start":1676285225887,"stop":1676285243976,"duration":18089}},{"uid":"186c7e2814286e70","status":"passed","time":{"start":1676284745639,"stop":1676284766049,"duration":20410}},{"uid":"73884b2001dc5604","status":"passed","time":{"start":1676284168648,"stop":1676284192362,"duration":23714}},{"uid":"645aee28ed32cb52","status":"passed","time":{"start":1676283715355,"stop":1676283732576,"duration":17221}},{"uid":"265a00b7b96bdd71","status":"passed","time":{"start":1676283178418,"stop":1676283207254,"duration":28836}},{"uid":"40c558c1ddf36b24","status":"passed","time":{"start":1676282611775,"stop":1676282629710,"duration":17935}},{"uid":"904a27ff32919738","status":"passed","time":{"start":1676282036414,"stop":1676282059752,"duration":23338}},{"uid":"fbffef470362b935","status":"passed","time":{"start":1676281534788,"stop":1676281552334,"duration":17546}},{"uid":"b64248bd3414827f","status":"passed","time":{"start":1676281149097,"stop":1676281166860,"duration":17763}},{"uid":"bd7ec1c3d3e0467","status":"passed","time":{"start":1676280739766,"stop":1676280759251,"duration":19485}},{"uid":"3687f9f37e879a35","status":"passed","time":{"start":1676279966805,"stop":1676279995215,"duration":28410}},{"uid":"f4f4881b98ab65a7","status":"passed","time":{"start":1676279470797,"stop":1676279495992,"duration":25195}},{"uid":"a5d7c7dedd08b315","status":"passed","time":{"start":1676278853364,"stop":1676278872972,"duration":19608}},{"uid":"d87b9893a6154c03","status":"passed","time":{"start":1676277774447,"stop":1676277793214,"duration":18767}},{"uid":"4839d19c7ca11c71","status":"passed","time":{"start":1676277297927,"stop":1676277361578,"duration":63651}},{"uid":"6f101bcea82e1c2","status":"passed","time":{"start":1676277001401,"stop":1676277027240,"duration":25839}},{"uid":"9fa2ff4d1a46e01e","status":"passed","time":{"start":1676276105224,"stop":1676276122603,"duration":17379}},{"uid":"e5175068c5e410f2","status":"passed","time":{"start":1676275674445,"stop":1676275698205,"duration":23760}},{"uid":"aa8fc6401df6ea9e","status":"passed","time":{"start":1676262452293,"stop":1676262469733,"duration":17440}},{"uid":"7c940f4a0f2a5219","status":"broken","statusDetails":"no such element: Unable to locate element: {\"method\":\"xpath\",\"selector\":\"//input[@id='password']\"}\n  (Session info: chrome=109.0.5414.121)\nFor documentation on this error, please visit: https://www.seleniumhq.org/exceptions/no_such_element.html\nBuild info: version: '3.141.59', revision: 'e82be7d358', time: '2018-11-14T08:17:03'\nSystem info: host: 'ADMIN', ip: '192.168.31.72', os.name: 'Windows 10', os.arch: 'amd64', os.version: '10.0', java.version: '11.0.17'\nDriver info: org.openqa.selenium.chrome.ChromeDriver\nCapabilities {acceptInsecureCerts: false, browserName: chrome, browserVersion: 109.0.5414.121, chrome: {chromedriverVersion: 109.0.5414.74 (e7c5703604da..., userDataDir: C:\\Users\\Admin\\AppData\\Loca...}, goog:chromeOptions: {debuggerAddress: localhost:61889}, javascriptEnabled: true, networkConnectionEnabled: false, pageLoadStrategy: normal, platform: WINDOWS, platformName: WINDOWS, proxy: Proxy(), setWindowRect: true, strictFileInteractability: false, timeouts: {implicit: 0, pageLoad: 300000, script: 30000}, unhandledPromptBehavior: dismiss and notify, webauthn:extension:credBlob: true, webauthn:extension:largeBlob: true, webauthn:virtualAuthenticators: true}\nSession ID: a914fe2b933dbceb33d0721f46feeedd\n*** Element info: {Using=xpath, value=//input[@id='password']}","time":{"start":1676255397352,"stop":1676255428486,"duration":31134}},{"uid":"130d72fde69fec5a","status":"broken","statusDetails":"no such element: Unable to locate element: {\"method\":\"xpath\",\"selector\":\"//input[@id='password']\"}\n  (Session info: chrome=109.0.5414.121)\nFor documentation on this error, please visit: https://www.seleniumhq.org/exceptions/no_such_element.html\nBuild info: version: '3.141.59', revision: 'e82be7d358', time: '2018-11-14T08:17:03'\nSystem info: host: 'ADMIN', ip: '192.168.31.72', os.name: 'Windows 10', os.arch: 'amd64', os.version: '10.0', java.version: '11.0.17'\nDriver info: org.openqa.selenium.chrome.ChromeDriver\nCapabilities {acceptInsecureCerts: false, browserName: chrome, browserVersion: 109.0.5414.121, chrome: {chromedriverVersion: 109.0.5414.74 (e7c5703604da..., userDataDir: C:\\Users\\Admin\\AppData\\Loca...}, goog:chromeOptions: {debuggerAddress: localhost:61401}, javascriptEnabled: true, networkConnectionEnabled: false, pageLoadStrategy: normal, platform: WINDOWS, platformName: WINDOWS, proxy: Proxy(), setWindowRect: true, strictFileInteractability: false, timeouts: {implicit: 0, pageLoad: 300000, script: 30000}, unhandledPromptBehavior: dismiss and notify, webauthn:extension:credBlob: true, webauthn:extension:largeBlob: true, webauthn:virtualAuthenticators: true}\nSession ID: ffe5c1c7bab81b6d107941fa20f7bb34\n*** Element info: {Using=xpath, value=//input[@id='password']}","time":{"start":1676255163531,"stop":1676255194685,"duration":31154}},{"uid":"b2bfe02151057ec7","status":"passed","time":{"start":1672388364749,"stop":1672388383344,"duration":18595}},{"uid":"a337bf97540befd6","status":"passed","time":{"start":1672387944515,"stop":1672387962326,"duration":17811}},{"uid":"aa09e8413d656905","status":"passed","time":{"start":1672387569541,"stop":1672387633206,"duration":63665}},{"uid":"7f974d2a1a69b74c","status":"passed","time":{"start":1672387129049,"stop":1672387152757,"duration":23708}},{"uid":"3bafc14415dbca80","status":"broken","statusDetails":"no such window: target window already closed\nfrom unknown error: web view not found\n  (Session info: chrome=108.0.5359.125)\nBuild info: version: '3.141.59', revision: 'e82be7d358', time: '2018-11-14T08:17:03'\nSystem info: host: 'ADMIN', ip: '192.168.31.61', os.name: 'Windows 10', os.arch: 'amd64', os.version: '10.0', java.version: '11.0.17'\nDriver info: org.openqa.selenium.chrome.ChromeDriver\nCapabilities {acceptInsecureCerts: false, browserName: chrome, browserVersion: 108.0.5359.125, chrome: {chromedriverVersion: 108.0.5359.71 (1e0e3868ee06..., userDataDir: C:\\Users\\Admin\\AppData\\Loca...}, goog:chromeOptions: {debuggerAddress: localhost:62818}, javascriptEnabled: true, networkConnectionEnabled: false, pageLoadStrategy: normal, platform: WINDOWS, platformName: WINDOWS, proxy: Proxy(), setWindowRect: true, strictFileInteractability: false, timeouts: {implicit: 0, pageLoad: 300000, script: 30000}, unhandledPromptBehavior: dismiss and notify, webauthn:extension:credBlob: true, webauthn:extension:largeBlob: true, webauthn:virtualAuthenticators: true}\nSession ID: 0ec25043f9b879c48b05892b54db19ad\n*** Element info: {Using=xpath, value=//input[@id='password']}","time":{"start":1672386754171,"stop":1672386775316,"duration":21145}},{"uid":"6d6b1134d23a8cb0","status":"passed","time":{"start":1672386432626,"stop":1672386458826,"duration":26200}},{"uid":"6bd309fadbffda51","status":"passed","time":{"start":1672386013324,"stop":1672386086922,"duration":73598}},{"uid":"554f03ffa778b8c5","status":"broken","statusDetails":"no such element: Unable to locate element: {\"method\":\"xpath\",\"selector\":\"//div[@class='message-error error message']\"}\n  (Session info: chrome=108.0.5359.125)\nFor documentation on this error, please visit: https://www.seleniumhq.org/exceptions/no_such_element.html\nBuild info: version: '3.141.59', revision: 'e82be7d358', time: '2018-11-14T08:17:03'\nSystem info: host: 'ADMIN', ip: '192.168.31.61', os.name: 'Windows 10', os.arch: 'amd64', os.version: '10.0', java.version: '11.0.17'\nDriver info: org.openqa.selenium.chrome.ChromeDriver\nCapabilities {acceptInsecureCerts: false, browserName: chrome, browserVersion: 108.0.5359.125, chrome: {chromedriverVersion: 108.0.5359.71 (1e0e3868ee06..., userDataDir: C:\\Users\\Admin\\AppData\\Loca...}, goog:chromeOptions: {debuggerAddress: localhost:60724}, javascriptEnabled: true, networkConnectionEnabled: false, pageLoadStrategy: normal, platform: WINDOWS, platformName: WINDOWS, proxy: Proxy(), setWindowRect: true, strictFileInteractability: false, timeouts: {implicit: 0, pageLoad: 300000, script: 30000}, unhandledPromptBehavior: dismiss and notify, webauthn:extension:credBlob: true, webauthn:extension:largeBlob: true, webauthn:virtualAuthenticators: true}\nSession ID: 500d26700b6f470bf99963d2bbeecefb\n*** Element info: {Using=xpath, value=//div[@class='message-error error message']}","time":{"start":1672385712909,"stop":1672385800972,"duration":88063}},{"uid":"4073e060d410981b","status":"broken","statusDetails":"element not interactable\n  (Session info: chrome=108.0.5359.125)\nBuild info: version: '3.141.59', revision: 'e82be7d358', time: '2018-11-14T08:17:03'\nSystem info: host: 'ADMIN', ip: '192.168.31.61', os.name: 'Windows 10', os.arch: 'amd64', os.version: '10.0', java.version: '11.0.17'\nDriver info: org.openqa.selenium.chrome.ChromeDriver\nCapabilities {acceptInsecureCerts: false, browserName: chrome, browserVersion: 108.0.5359.125, chrome: {chromedriverVersion: 108.0.5359.71 (1e0e3868ee06..., userDataDir: C:\\Users\\Admin\\AppData\\Loca...}, goog:chromeOptions: {debuggerAddress: localhost:59914}, javascriptEnabled: true, networkConnectionEnabled: false, pageLoadStrategy: normal, platform: WINDOWS, platformName: WINDOWS, proxy: Proxy(), setWindowRect: true, strictFileInteractability: false, timeouts: {implicit: 0, pageLoad: 300000, script: 30000}, unhandledPromptBehavior: dismiss and notify, webauthn:extension:credBlob: true, webauthn:extension:largeBlob: true, webauthn:virtualAuthenticators: true}\nSession ID: cb05c214d19ef7339f54981b3c00961f","time":{"start":1672385533601,"stop":1672385565341,"duration":31740}},{"uid":"bc94750844df5d1","status":"passed","time":{"start":1672384966080,"stop":1672384987319,"duration":21239}},{"uid":"4411748bd3c9526c","status":"passed","time":{"start":1672383268581,"stop":1672383296552,"duration":27971}},{"uid":"3c8f1a6dd71734df","status":"passed","time":{"start":1672381971586,"stop":1672381990043,"duration":18457}},{"uid":"2f792115a6dccba4","status":"passed","time":{"start":1672381324651,"stop":1672381343468,"duration":18817}},{"uid":"29907c8fb8d609d3","status":"broken","statusDetails":"no such element: Unable to locate element: {\"method\":\"xpath\",\"selector\":\"//div[@class='message-error error message']\"}\n  (Session info: chrome=108.0.5359.125)\nFor documentation on this error, please visit: https://www.seleniumhq.org/exceptions/no_such_element.html\nBuild info: version: '3.141.59', revision: 'e82be7d358', time: '2018-11-14T08:17:03'\nSystem info: host: 'ADMIN', ip: '192.168.31.61', os.name: 'Windows 10', os.arch: 'amd64', os.version: '10.0', java.version: '11.0.17'\nDriver info: org.openqa.selenium.chrome.ChromeDriver\nCapabilities {acceptInsecureCerts: false, browserName: chrome, browserVersion: 108.0.5359.125, chrome: {chromedriverVersion: 108.0.5359.71 (1e0e3868ee06..., userDataDir: C:\\Users\\Admin\\AppData\\Loca...}, goog:chromeOptions: {debuggerAddress: localhost:52545}, javascriptEnabled: true, networkConnectionEnabled: false, pageLoadStrategy: normal, platform: WINDOWS, platformName: WINDOWS, proxy: Proxy(), setWindowRect: true, strictFileInteractability: false, timeouts: {implicit: 0, pageLoad: 300000, script: 30000}, unhandledPromptBehavior: dismiss and notify, webauthn:extension:credBlob: true, webauthn:extension:largeBlob: true, webauthn:virtualAuthenticators: true}\nSession ID: a0718a4852787aa0676574a92003f250\n*** Element info: {Using=xpath, value=//div[@class='message-error error message']}","time":{"start":1672380826791,"stop":1672380893926,"duration":67135}},{"uid":"cac08237eff10da8","status":"passed","time":{"start":1672380590004,"stop":1672380607754,"duration":17750}},{"uid":"6d1edafd86c57601","status":"passed","time":{"start":1672376844452,"stop":1672376882683,"duration":38231}},{"uid":"a1e7166ee992b1ce","status":"broken","statusDetails":"no such element: Unable to locate element: {\"method\":\"xpath\",\"selector\":\"//div[@class='message-error error message']\"}\n  (Session info: chrome=108.0.5359.125)\nFor documentation on this error, please visit: https://www.seleniumhq.org/exceptions/no_such_element.html\nBuild info: version: '3.141.59', revision: 'e82be7d358', time: '2018-11-14T08:17:03'\nSystem info: host: 'ADMIN', ip: '192.168.31.61', os.name: 'Windows 10', os.arch: 'amd64', os.version: '10.0', java.version: '11.0.17'\nDriver info: org.openqa.selenium.chrome.ChromeDriver\nCapabilities {acceptInsecureCerts: false, browserName: chrome, browserVersion: 108.0.5359.125, chrome: {chromedriverVersion: 108.0.5359.71 (1e0e3868ee06..., userDataDir: C:\\Users\\Admin\\AppData\\Loca...}, goog:chromeOptions: {debuggerAddress: localhost:61811}, javascriptEnabled: true, networkConnectionEnabled: false, pageLoadStrategy: normal, platform: WINDOWS, platformName: WINDOWS, proxy: Proxy(), setWindowRect: true, strictFileInteractability: false, timeouts: {implicit: 0, pageLoad: 300000, script: 30000}, unhandledPromptBehavior: dismiss and notify, webauthn:extension:credBlob: true, webauthn:extension:largeBlob: true, webauthn:virtualAuthenticators: true}\nSession ID: a2bf806b919ab71809c9ff684ca5b3cb\n*** Element info: {Using=xpath, value=//div[@class='message-error error message']}","time":{"start":1672372661813,"stop":1672372727380,"duration":65567}},{"uid":"9dfb4d9f365c3550","status":"skipped","statusDetails":"unknown error: Chrome failed to start: exited normally.\n  (unknown error: DevToolsActivePort file doesn't exist)\n  (The process started from chrome location C:\\Program Files (x86)\\Google\\Chrome\\Application\\chrome.exe is no longer running, so ChromeDriver is assuming that Chrome has crashed.)\nBuild info: version: '3.141.59', revision: 'e82be7d358', time: '2018-11-14T08:17:03'\nSystem info: host: 'ADMIN', ip: '192.168.31.61', os.name: 'Windows 10', os.arch: 'amd64', os.version: '10.0', java.version: '11.0.17'\nDriver info: driver.version: ChromeDriver\nremote stacktrace: Backtrace:\n\t(No symbol) [0x004BF243]\n\t(No symbol) [0x00447FD1]\n\t(No symbol) [0x0033D04D]\n\t(No symbol) [0x0035C24E]\n\t(No symbol) [0x003582E9]\n\t(No symbol) [0x0038F056]\n\t(No symbol) [0x0038EB2A]\n\t(No symbol) [0x00388386]\n\t(No symbol) [0x0036163C]\n\t(No symbol) [0x0036269D]\n\tGetHandleVerifier [0x00759A22+2655074]\n\tGetHandleVerifier [0x0074CA24+2601828]\n\tGetHandleVerifier [0x00568C0A+619850]\n\tGetHandleVerifier [0x00567830+614768]\n\t(No symbol) [0x004505FC]\n\t(No symbol) [0x00455968]\n\t(No symbol) [0x00455A55]\n\t(No symbol) [0x0046051B]\n\tBaseThreadInitThunk [0x756D00F9+25]\n\tRtlGetAppContainerNamedObjectPath [0x77287BBE+286]\n\tRtlGetAppContainerNamedObjectPath [0x77287B8E+238]\n","time":{"start":1672372502473,"stop":1672372502476,"duration":3}},{"uid":"beffd4f2315a7a3a","status":"passed","time":{"start":1672371657765,"stop":1672371677297,"duration":19532}},{"uid":"ec8353fd4ee8d89b","status":"passed","time":{"start":1672370984347,"stop":1672371002851,"duration":18504}},{"uid":"9e1b6d9591b99e7d","status":"passed","time":{"start":1672370677685,"stop":1672370696191,"duration":18506}},{"uid":"8d3da0ebb7d8490d","status":"broken","statusDetails":"no such element: Unable to locate element: {\"method\":\"xpath\",\"selector\":\"//div[@class='message-error error message']\"}\n  (Session info: chrome=108.0.5359.125)\nFor documentation on this error, please visit: https://www.seleniumhq.org/exceptions/no_such_element.html\nBuild info: version: '3.141.59', revision: 'e82be7d358', time: '2018-11-14T08:17:03'\nSystem info: host: 'ADMIN', ip: '192.168.31.61', os.name: 'Windows 10', os.arch: 'amd64', os.version: '10.0', java.version: '11.0.17'\nDriver info: org.openqa.selenium.chrome.ChromeDriver\nCapabilities {acceptInsecureCerts: false, browserName: chrome, browserVersion: 108.0.5359.125, chrome: {chromedriverVersion: 108.0.5359.71 (1e0e3868ee06..., userDataDir: C:\\Users\\Admin\\AppData\\Loca...}, goog:chromeOptions: {debuggerAddress: localhost:57402}, javascriptEnabled: true, networkConnectionEnabled: false, pageLoadStrategy: normal, platform: WINDOWS, platformName: WINDOWS, proxy: Proxy(), setWindowRect: true, strictFileInteractability: false, timeouts: {implicit: 0, pageLoad: 300000, script: 30000}, unhandledPromptBehavior: dismiss and notify, webauthn:extension:credBlob: true, webauthn:extension:largeBlob: true, webauthn:virtualAuthenticators: true}\nSession ID: ada8cd96a9f3fc59d5dc5e4071fce628\n*** Element info: {Using=xpath, value=//div[@class='message-error error message']}","time":{"start":1672370264523,"stop":1672370333176,"duration":68653}},{"uid":"3f8e6a8c75c5bcfe","status":"broken","statusDetails":"no such element: Unable to locate element: {\"method\":\"xpath\",\"selector\":\"//div[@class='message-error error message']\"}\n  (Session info: chrome=108.0.5359.125)\nFor documentation on this error, please visit: https://www.seleniumhq.org/exceptions/no_such_element.html\nBuild info: version: '3.141.59', revision: 'e82be7d358', time: '2018-11-14T08:17:03'\nSystem info: host: 'ADMIN', ip: '192.168.31.61', os.name: 'Windows 10', os.arch: 'amd64', os.version: '10.0', java.version: '11.0.17'\nDriver info: org.openqa.selenium.chrome.ChromeDriver\nCapabilities {acceptInsecureCerts: false, browserName: chrome, browserVersion: 108.0.5359.125, chrome: {chromedriverVersion: 108.0.5359.71 (1e0e3868ee06..., userDataDir: C:\\Users\\Admin\\AppData\\Loca...}, goog:chromeOptions: {debuggerAddress: localhost:54777}, javascriptEnabled: true, networkConnectionEnabled: false, pageLoadStrategy: normal, platform: WINDOWS, platformName: WINDOWS, proxy: Proxy(), setWindowRect: true, strictFileInteractability: false, timeouts: {implicit: 0, pageLoad: 300000, script: 30000}, unhandledPromptBehavior: dismiss and notify, webauthn:extension:credBlob: true, webauthn:extension:largeBlob: true, webauthn:virtualAuthenticators: true}\nSession ID: c7c4a6065bae42860d41c03f3800fd90\n*** Element info: {Using=xpath, value=//div[@class='message-error error message']}","time":{"start":1672369046381,"stop":1672369093987,"duration":47606}},{"uid":"bb2dadce854a497","status":"passed","time":{"start":1672368135788,"stop":1672368161986,"duration":26198}},{"uid":"a2d3e9d7ef19942a","status":"passed","time":{"start":1672365135509,"stop":1672365154577,"duration":19068}},{"uid":"63ae3acde68ad08","status":"passed","time":{"start":1672312307374,"stop":1672312327079,"duration":19705}},{"uid":"3b2454c46b1b8422","status":"passed","time":{"start":1672312096618,"stop":1672312127185,"duration":30567}},{"uid":"c301962682dbfc00","status":"broken","statusDetails":"no such element: Unable to locate element: {\"method\":\"xpath\",\"selector\":\"//div[@class='message-error error message']\"}\n  (Session info: chrome=108.0.5359.125)\nFor documentation on this error, please visit: https://www.seleniumhq.org/exceptions/no_such_element.html\nBuild info: version: '3.141.59', revision: 'e82be7d358', time: '2018-11-14T08:17:03'\nSystem info: host: 'ADMIN', ip: '192.168.31.61', os.name: 'Windows 10', os.arch: 'amd64', os.version: '10.0', java.version: '11.0.17'\nDriver info: org.openqa.selenium.chrome.ChromeDriver\nCapabilities {acceptInsecureCerts: false, browserName: chrome, browserVersion: 108.0.5359.125, chrome: {chromedriverVersion: 108.0.5359.71 (1e0e3868ee06..., userDataDir: C:\\Users\\Admin\\AppData\\Loca...}, goog:chromeOptions: {debuggerAddress: localhost:62331}, javascriptEnabled: true, networkConnectionEnabled: false, pageLoadStrategy: normal, platform: WINDOWS, platformName: WINDOWS, proxy: Proxy(), setWindowRect: true, strictFileInteractability: false, timeouts: {implicit: 0, pageLoad: 300000, script: 30000}, unhandledPromptBehavior: dismiss and notify, webauthn:extension:credBlob: true, webauthn:extension:largeBlob: true, webauthn:virtualAuthenticators: true}\nSession ID: 6a6182ceddb5b9c25216d64cf4dad025\n*** Element info: {Using=xpath, value=//div[@class='message-error error message']}","time":{"start":1672311803924,"stop":1672311855029,"duration":51105}},{"uid":"9cef99fb2a8df377","status":"broken","statusDetails":"no such element: Unable to locate element: {\"method\":\"xpath\",\"selector\":\"//div[@class='message-error error message']\"}\n  (Session info: chrome=108.0.5359.125)\nFor documentation on this error, please visit: https://www.seleniumhq.org/exceptions/no_such_element.html\nBuild info: version: '3.141.59', revision: 'e82be7d358', time: '2018-11-14T08:17:03'\nSystem info: host: 'ADMIN', ip: '192.168.31.61', os.name: 'Windows 10', os.arch: 'amd64', os.version: '10.0', java.version: '11.0.17'\nDriver info: org.openqa.selenium.chrome.ChromeDriver\nCapabilities {acceptInsecureCerts: false, browserName: chrome, browserVersion: 108.0.5359.125, chrome: {chromedriverVersion: 108.0.5359.71 (1e0e3868ee06..., userDataDir: C:\\Users\\Admin\\AppData\\Loca...}, goog:chromeOptions: {debuggerAddress: localhost:61382}, javascriptEnabled: true, networkConnectionEnabled: false, pageLoadStrategy: normal, platform: WINDOWS, platformName: WINDOWS, proxy: Proxy(), setWindowRect: true, strictFileInteractability: false, timeouts: {implicit: 0, pageLoad: 300000, script: 30000}, unhandledPromptBehavior: dismiss and notify, webauthn:extension:credBlob: true, webauthn:extension:largeBlob: true, webauthn:virtualAuthenticators: true}\nSession ID: 133f37f67a08886c61ce96a3f372b332\n*** Element info: {Using=xpath, value=//div[@class='message-error error message']}","time":{"start":1672311446115,"stop":1672311495340,"duration":49225}},{"uid":"2f2059d1aef38f39","status":"passed","time":{"start":1672310753118,"stop":1672310788480,"duration":35362}},{"uid":"b73c9ffa1bfa41d1","status":"passed","time":{"start":1672310503971,"stop":1672310540699,"duration":36728}},{"uid":"44c1788f8e9238e0","status":"broken","statusDetails":"no such element: Unable to locate element: {\"method\":\"xpath\",\"selector\":\"//div[@class='message-error error message']\"}\n  (Session info: chrome=108.0.5359.125)\nFor documentation on this error, please visit: https://www.seleniumhq.org/exceptions/no_such_element.html\nBuild info: version: '3.141.59', revision: 'e82be7d358', time: '2018-11-14T08:17:03'\nSystem info: host: 'ADMIN', ip: '192.168.31.61', os.name: 'Windows 10', os.arch: 'amd64', os.version: '10.0', java.version: '11.0.17'\nDriver info: org.openqa.selenium.chrome.ChromeDriver\nCapabilities {acceptInsecureCerts: false, browserName: chrome, browserVersion: 108.0.5359.125, chrome: {chromedriverVersion: 108.0.5359.71 (1e0e3868ee06..., userDataDir: C:\\Users\\Admin\\AppData\\Loca...}, goog:chromeOptions: {debuggerAddress: localhost:63609}, javascriptEnabled: true, networkConnectionEnabled: false, pageLoadStrategy: normal, platform: WINDOWS, platformName: WINDOWS, proxy: Proxy(), setWindowRect: true, strictFileInteractability: false, timeouts: {implicit: 0, pageLoad: 300000, script: 30000}, unhandledPromptBehavior: dismiss and notify, webauthn:extension:credBlob: true, webauthn:extension:largeBlob: true, webauthn:virtualAuthenticators: true}\nSession ID: 3943924c3d0d973032aebb15d7f39423\n*** Element info: {Using=xpath, value=//div[@class='message-error error message']}","time":{"start":1672309537642,"stop":1672309581501,"duration":43859}},{"uid":"744ce3cdc87fcc63","status":"broken","statusDetails":"no such element: Unable to locate element: {\"method\":\"xpath\",\"selector\":\"//div[@class='message-error error message']\"}\n  (Session info: chrome=108.0.5359.125)\nFor documentation on this error, please visit: https://www.seleniumhq.org/exceptions/no_such_element.html\nBuild info: version: '3.141.59', revision: 'e82be7d358', time: '2018-11-14T08:17:03'\nSystem info: host: 'ADMIN', ip: '192.168.31.61', os.name: 'Windows 10', os.arch: 'amd64', os.version: '10.0', java.version: '11.0.17'\nDriver info: org.openqa.selenium.chrome.ChromeDriver\nCapabilities {acceptInsecureCerts: false, browserName: chrome, browserVersion: 108.0.5359.125, chrome: {chromedriverVersion: 108.0.5359.71 (1e0e3868ee06..., userDataDir: C:\\Users\\Admin\\AppData\\Loca...}, goog:chromeOptions: {debuggerAddress: localhost:61700}, javascriptEnabled: true, networkConnectionEnabled: false, pageLoadStrategy: normal, platform: WINDOWS, platformName: WINDOWS, proxy: Proxy(), setWindowRect: true, strictFileInteractability: false, timeouts: {implicit: 0, pageLoad: 300000, script: 30000}, unhandledPromptBehavior: dismiss and notify, webauthn:extension:credBlob: true, webauthn:extension:largeBlob: true, webauthn:virtualAuthenticators: true}\nSession ID: 7c36cd5d0d1e262b0edee299651f8281\n*** Element info: {Using=xpath, value=//div[@class='message-error error message']}","time":{"start":1672308499928,"stop":1672308546443,"duration":46515}},{"uid":"7d1be3a919dd6fd2","status":"skipped","statusDetails":"unknown error: net::ERR_NAME_NOT_RESOLVED\n  (Session info: chrome=108.0.5359.125)\nBuild info: version: '3.141.59', revision: 'e82be7d358', time: '2018-11-14T08:17:03'\nSystem info: host: 'ADMIN', ip: '192.168.31.61', os.name: 'Windows 10', os.arch: 'amd64', os.version: '10.0', java.version: '11.0.17'\nDriver info: org.openqa.selenium.chrome.ChromeDriver\nCapabilities {acceptInsecureCerts: false, browserName: chrome, browserVersion: 108.0.5359.125, chrome: {chromedriverVersion: 108.0.5359.71 (1e0e3868ee06..., userDataDir: C:\\Users\\Admin\\AppData\\Loca...}, goog:chromeOptions: {debuggerAddress: localhost:61203}, javascriptEnabled: true, networkConnectionEnabled: false, pageLoadStrategy: normal, platform: WINDOWS, platformName: WINDOWS, proxy: Proxy(), setWindowRect: true, strictFileInteractability: false, timeouts: {implicit: 0, pageLoad: 300000, script: 30000}, unhandledPromptBehavior: dismiss and notify, webauthn:extension:credBlob: true, webauthn:extension:largeBlob: true, webauthn:virtualAuthenticators: true}\nSession ID: 7b3c09d27dbcf37b31e5cbde388af6ca","time":{"start":1672308037071,"stop":1672308037072,"duration":1}},{"uid":"be25b93710586446","status":"skipped","statusDetails":"unknown error: net::ERR_NAME_NOT_RESOLVED\n  (Session info: chrome=108.0.5359.125)\nBuild info: version: '3.141.59', revision: 'e82be7d358', time: '2018-11-14T08:17:03'\nSystem info: host: 'ADMIN', ip: '192.168.31.61', os.name: 'Windows 10', os.arch: 'amd64', os.version: '10.0', java.version: '11.0.17'\nDriver info: org.openqa.selenium.chrome.ChromeDriver\nCapabilities {acceptInsecureCerts: false, browserName: chrome, browserVersion: 108.0.5359.125, chrome: {chromedriverVersion: 108.0.5359.71 (1e0e3868ee06..., userDataDir: C:\\Users\\Admin\\AppData\\Loca...}, goog:chromeOptions: {debuggerAddress: localhost:61094}, javascriptEnabled: true, networkConnectionEnabled: false, pageLoadStrategy: normal, platform: WINDOWS, platformName: WINDOWS, proxy: Proxy(), setWindowRect: true, strictFileInteractability: false, timeouts: {implicit: 0, pageLoad: 300000, script: 30000}, unhandledPromptBehavior: dismiss and notify, webauthn:extension:credBlob: true, webauthn:extension:largeBlob: true, webauthn:virtualAuthenticators: true}\nSession ID: 97ea63dc3c8cd21ac47fe508b312deb9","time":{"start":1672308015909,"stop":1672308015910,"duration":1}},{"uid":"c94fc26d90980395","status":"passed","time":{"start":1672303936061,"stop":1672303962979,"duration":26918}},{"uid":"87dd9b850fb5ed08","status":"broken","statusDetails":"no such element: Unable to locate element: {\"method\":\"xpath\",\"selector\":\"//input[@id='password']\"}\n  (Session info: chrome=108.0.5359.125)\nFor documentation on this error, please visit: https://www.seleniumhq.org/exceptions/no_such_element.html\nBuild info: version: '3.141.59', revision: 'e82be7d358', time: '2018-11-14T08:17:03'\nSystem info: host: 'ADMIN', ip: '192.168.31.61', os.name: 'Windows 10', os.arch: 'amd64', os.version: '10.0', java.version: '11.0.17'\nDriver info: org.openqa.selenium.chrome.ChromeDriver\nCapabilities {acceptInsecureCerts: false, browserName: chrome, browserVersion: 108.0.5359.125, chrome: {chromedriverVersion: 108.0.5359.71 (1e0e3868ee06..., userDataDir: C:\\Users\\Admin\\AppData\\Loca...}, goog:chromeOptions: {debuggerAddress: localhost:54776}, javascriptEnabled: true, networkConnectionEnabled: false, pageLoadStrategy: normal, platform: WINDOWS, platformName: WINDOWS, proxy: Proxy(), setWindowRect: true, strictFileInteractability: false, timeouts: {implicit: 0, pageLoad: 300000, script: 30000}, unhandledPromptBehavior: dismiss and notify, webauthn:extension:credBlob: true, webauthn:extension:largeBlob: true, webauthn:virtualAuthenticators: true}\nSession ID: b7517f95fd4352d15efe18ccfc81229a\n*** Element info: {Using=xpath, value=//input[@id='password']}","time":{"start":1672303079035,"stop":1672303110181,"duration":31146}},{"uid":"fa7c276d6db0e4de","status":"passed","time":{"start":1672301695825,"stop":1672301723854,"duration":28029}},{"uid":"be4c877463cedaa7","status":"passed","time":{"start":1672301123279,"stop":1672301141329,"duration":18050}},{"uid":"3baaa130e76a4842","status":"passed","time":{"start":1672300836867,"stop":1672300853118,"duration":16251}},{"uid":"3824166bceb48b3b","status":"broken","statusDetails":"no such element: Unable to locate element: {\"method\":\"xpath\",\"selector\":\"//div[@class='message-error error message']\"}\n  (Session info: chrome=108.0.5359.125)\nFor documentation on this error, please visit: https://www.seleniumhq.org/exceptions/no_such_element.html\nBuild info: version: '3.141.59', revision: 'e82be7d358', time: '2018-11-14T08:17:03'\nSystem info: host: 'ADMIN', ip: '192.168.31.61', os.name: 'Windows 10', os.arch: 'amd64', os.version: '10.0', java.version: '11.0.17'\nDriver info: org.openqa.selenium.chrome.ChromeDriver\nCapabilities {acceptInsecureCerts: false, browserName: chrome, browserVersion: 108.0.5359.125, chrome: {chromedriverVersion: 108.0.5359.71 (1e0e3868ee06..., userDataDir: C:\\Users\\Admin\\AppData\\Loca...}, goog:chromeOptions: {debuggerAddress: localhost:50145}, javascriptEnabled: true, networkConnectionEnabled: false, pageLoadStrategy: normal, platform: WINDOWS, platformName: WINDOWS, proxy: Proxy(), setWindowRect: true, strictFileInteractability: false, timeouts: {implicit: 0, pageLoad: 300000, script: 30000}, unhandledPromptBehavior: dismiss and notify, webauthn:extension:credBlob: true, webauthn:extension:largeBlob: true, webauthn:virtualAuthenticators: true}\nSession ID: 108f553063621eac6ce31b0166708126\n*** Element info: {Using=xpath, value=//div[@class='message-error error message']}","time":{"start":1672300123383,"stop":1672300176854,"duration":53471}},{"uid":"757f1a1e6bafce29","status":"skipped","statusDetails":"unknown error: Chrome failed to start: exited normally.\n  (unknown error: DevToolsActivePort file doesn't exist)\n  (The process started from chrome location C:\\Program Files (x86)\\Google\\Chrome\\Application\\chrome.exe is no longer running, so ChromeDriver is assuming that Chrome has crashed.)\nBuild info: version: '3.141.59', revision: 'e82be7d358', time: '2018-11-14T08:17:03'\nSystem info: host: 'ADMIN', ip: '192.168.31.61', os.name: 'Windows 10', os.arch: 'amd64', os.version: '10.0', java.version: '11.0.17'\nDriver info: driver.version: ChromeDriver\nremote stacktrace: Backtrace:\n\t(No symbol) [0x0059F243]\n\t(No symbol) [0x00527FD1]\n\t(No symbol) [0x0041D04D]\n\t(No symbol) [0x0043C24E]\n\t(No symbol) [0x004382E9]\n\t(No symbol) [0x0046F056]\n\t(No symbol) [0x0046EB2A]\n\t(No symbol) [0x00468386]\n\t(No symbol) [0x0044163C]\n\t(No symbol) [0x0044269D]\n\tGetHandleVerifier [0x00839A22+2655074]\n\tGetHandleVerifier [0x0082CA24+2601828]\n\tGetHandleVerifier [0x00648C0A+619850]\n\tGetHandleVerifier [0x00647830+614768]\n\t(No symbol) [0x005305FC]\n\t(No symbol) [0x00535968]\n\t(No symbol) [0x00535A55]\n\t(No symbol) [0x0054051B]\n\tBaseThreadInitThunk [0x75B200F9+25]\n\tRtlGetAppContainerNamedObjectPath [0x77367BBE+286]\n\tRtlGetAppContainerNamedObjectPath [0x77367B8E+238]\n","time":{"start":1672299407492,"stop":1672299407524,"duration":32}},{"uid":"93587705b834a4b3","status":"skipped","statusDetails":"unknown error: Chrome failed to start: exited normally.\n  (unknown error: DevToolsActivePort file doesn't exist)\n  (The process started from chrome location C:\\Program Files (x86)\\Google\\Chrome\\Application\\chrome.exe is no longer running, so ChromeDriver is assuming that Chrome has crashed.)\nBuild info: version: '3.141.59', revision: 'e82be7d358', time: '2018-11-14T08:17:03'\nSystem info: host: 'ADMIN', ip: '192.168.31.61', os.name: 'Windows 10', os.arch: 'amd64', os.version: '10.0', java.version: '11.0.17'\nDriver info: driver.version: ChromeDriver\nremote stacktrace: Backtrace:\n\t(No symbol) [0x0059F243]\n\t(No symbol) [0x00527FD1]\n\t(No symbol) [0x0041D04D]\n\t(No symbol) [0x0043C24E]\n\t(No symbol) [0x004382E9]\n\t(No symbol) [0x0046F056]\n\t(No symbol) [0x0046EB2A]\n\t(No symbol) [0x00468386]\n\t(No symbol) [0x0044163C]\n\t(No symbol) [0x0044269D]\n\tGetHandleVerifier [0x00839A22+2655074]\n\tGetHandleVerifier [0x0082CA24+2601828]\n\tGetHandleVerifier [0x00648C0A+619850]\n\tGetHandleVerifier [0x00647830+614768]\n\t(No symbol) [0x005305FC]\n\t(No symbol) [0x00535968]\n\t(No symbol) [0x00535A55]\n\t(No symbol) [0x0054051B]\n\tBaseThreadInitThunk [0x75B200F9+25]\n\tRtlGetAppContainerNamedObjectPath [0x77367BBE+286]\n\tRtlGetAppContainerNamedObjectPath [0x77367B8E+238]\n","time":{"start":1672299323328,"stop":1672299323329,"duration":1}},{"uid":"156f5c5a94d53818","status":"skipped","statusDetails":"unknown error: DevToolsActivePort file doesn't exist\nBuild info: version: '3.141.59', revision: 'e82be7d358', time: '2018-11-14T08:17:03'\nSystem info: host: 'ADMIN', ip: '192.168.31.61', os.name: 'Windows 10', os.arch: 'amd64', os.version: '10.0', java.version: '11.0.17'\nDriver info: driver.version: ChromeDriver\nremote stacktrace: Backtrace:\n\t(No symbol) [0x0059F243]\n\t(No symbol) [0x00527FD1]\n\t(No symbol) [0x0041D04D]\n\t(No symbol) [0x0043EAD4]\n\t(No symbol) [0x0043A7AE]\n\t(No symbol) [0x004382E9]\n\t(No symbol) [0x0046F056]\n\t(No symbol) [0x0046EB2A]\n\t(No symbol) [0x00468386]\n\t(No symbol) [0x0044163C]\n\t(No symbol) [0x0044269D]\n\tGetHandleVerifier [0x00839A22+2655074]\n\tGetHandleVerifier [0x0082CA24+2601828]\n\tGetHandleVerifier [0x00648C0A+619850]\n\tGetHandleVerifier [0x00647830+614768]\n\t(No symbol) [0x005305FC]\n\t(No symbol) [0x00535968]\n\t(No symbol) [0x00535A55]\n\t(No symbol) [0x0054051B]\n\tBaseThreadInitThunk [0x75B200F9+25]\n\tRtlGetAppContainerNamedObjectPath [0x77367BBE+286]\n\tRtlGetAppContainerNamedObjectPath [0x77367B8E+238]\n","time":{"start":1672299273311,"stop":1672299273321,"duration":10}},{"uid":"edbcb890173cd496","status":"broken","statusDetails":"no such element: Unable to locate element: {\"method\":\"xpath\",\"selector\":\"//input[@id='password']\"}\n  (Session info: chrome=108.0.5359.125)\nFor documentation on this error, please visit: https://www.seleniumhq.org/exceptions/no_such_element.html\nBuild info: version: '3.141.59', revision: 'e82be7d358', time: '2018-11-14T08:17:03'\nSystem info: host: 'ADMIN', ip: '192.168.31.61', os.name: 'Windows 10', os.arch: 'amd64', os.version: '10.0', java.version: '11.0.17'\nDriver info: org.openqa.selenium.chrome.ChromeDriver\nCapabilities {acceptInsecureCerts: false, browserName: chrome, browserVersion: 108.0.5359.125, chrome: {chromedriverVersion: 108.0.5359.71 (1e0e3868ee06..., userDataDir: C:\\Users\\Admin\\AppData\\Loca...}, goog:chromeOptions: {debuggerAddress: localhost:56325}, javascriptEnabled: true, networkConnectionEnabled: false, pageLoadStrategy: normal, platform: WINDOWS, platformName: WINDOWS, proxy: Proxy(), setWindowRect: true, strictFileInteractability: false, timeouts: {implicit: 0, pageLoad: 300000, script: 30000}, unhandledPromptBehavior: dismiss and notify, webauthn:extension:credBlob: true, webauthn:extension:largeBlob: true, webauthn:virtualAuthenticators: true}\nSession ID: 37a34f67a02b6b8a486d45cee7ab83d1\n*** Element info: {Using=xpath, value=//input[@id='password']}","time":{"start":1672297509482,"stop":1672297540637,"duration":31155}},{"uid":"376b85dc2f9ceac7","status":"broken","statusDetails":"Expected condition failed: waiting for presence of element located by: By.xpath: //input[@id='verify-code'] (tried for 20 second(s) with 500 milliseconds interval)","time":{"start":1672296955291,"stop":1672296997230,"duration":41939}},{"uid":"1401140e8be24fb0","status":"broken","statusDetails":"Expected condition failed: waiting for presence of element located by: By.xpath: //input[@id='verify-code'] (tried for 20 second(s) with 500 milliseconds interval)","time":{"start":1672296751320,"stop":1672296791900,"duration":40580}},{"uid":"543f8fb9ad6515c9","status":"broken","statusDetails":"Cannot locate an element using xpath=//input[@id='password']\nFor documentation on this error, please visit: https://www.seleniumhq.org/exceptions/no_such_element.html\nBuild info: version: '3.141.59', revision: 'e82be7d358', time: '2018-11-14T08:17:03'\nSystem info: host: 'ADMIN', ip: '192.168.31.61', os.name: 'Windows 10', os.arch: 'amd64', os.version: '10.0', java.version: '11.0.17'\nDriver info: driver.version: RemoteWebDriver","time":{"start":1672295578335,"stop":1672295590393,"duration":12058}},{"uid":"5be2c77c0b0aec85","status":"broken","statusDetails":"element not interactable\n  (Session info: chrome=108.0.5359.125)\nBuild info: version: '3.141.59', revision: 'e82be7d358', time: '2018-11-14T08:17:03'\nSystem info: host: 'ADMIN', ip: '192.168.31.61', os.name: 'Windows 10', os.arch: 'amd64', os.version: '10.0', java.version: '11.0.17'\nDriver info: org.openqa.selenium.chrome.ChromeDriver\nCapabilities {acceptInsecureCerts: false, browserName: chrome, browserVersion: 108.0.5359.125, chrome: {chromedriverVersion: 108.0.5359.71 (1e0e3868ee06..., userDataDir: C:\\Users\\Admin\\AppData\\Loca...}, goog:chromeOptions: {debuggerAddress: localhost:51797}, javascriptEnabled: true, networkConnectionEnabled: false, pageLoadStrategy: normal, platform: WINDOWS, platformName: WINDOWS, proxy: Proxy(), setWindowRect: true, strictFileInteractability: false, timeouts: {implicit: 0, pageLoad: 300000, script: 30000}, unhandledPromptBehavior: dismiss and notify, webauthn:extension:credBlob: true, webauthn:extension:largeBlob: true, webauthn:virtualAuthenticators: true}\nSession ID: 221d9ec7dbc384541f937b319c9c5edb","time":{"start":1672294849056,"stop":1672294880147,"duration":31091}},{"uid":"555dba354e6da6a9","status":"broken","statusDetails":"no such window: target window already closed\nfrom unknown error: web view not found\n  (Session info: chrome=108.0.5359.125)\nBuild info: version: '3.141.59', revision: 'e82be7d358', time: '2018-11-14T08:17:03'\nSystem info: host: 'ADMIN', ip: '192.168.31.61', os.name: 'Windows 10', os.arch: 'amd64', os.version: '10.0', java.version: '11.0.17'\nDriver info: org.openqa.selenium.chrome.ChromeDriver\nCapabilities {acceptInsecureCerts: false, browserName: chrome, browserVersion: 108.0.5359.125, chrome: {chromedriverVersion: 108.0.5359.71 (1e0e3868ee06..., userDataDir: C:\\Users\\Admin\\AppData\\Loca...}, goog:chromeOptions: {debuggerAddress: localhost:60430}, javascriptEnabled: true, networkConnectionEnabled: false, pageLoadStrategy: normal, platform: WINDOWS, platformName: WINDOWS, proxy: Proxy(), setWindowRect: true, strictFileInteractability: false, timeouts: {implicit: 0, pageLoad: 300000, script: 30000}, unhandledPromptBehavior: dismiss and notify, webauthn:extension:credBlob: true, webauthn:extension:largeBlob: true, webauthn:virtualAuthenticators: true}\nSession ID: d3af9d2505e4d8493b9b825f3cca9d67\n*** Element info: {Using=xpath, value=//input[@id='password']}","time":{"start":1672291645950,"stop":1672291667427,"duration":21477}},{"uid":"87ab6a96c5b6e8d0","status":"skipped","statusDetails":"unknown error: DevToolsActivePort file doesn't exist\nBuild info: version: '3.141.59', revision: 'e82be7d358', time: '2018-11-14T08:17:03'\nSystem info: host: 'ADMIN', ip: '192.168.31.61', os.name: 'Windows 10', os.arch: 'amd64', os.version: '10.0', java.version: '11.0.17'\nDriver info: driver.version: ChromeDriver\nremote stacktrace: Backtrace:\n\t(No symbol) [0x0059F243]\n\t(No symbol) [0x00527FD1]\n\t(No symbol) [0x0041D04D]\n\t(No symbol) [0x0043EAD4]\n\t(No symbol) [0x0043A7AE]\n\t(No symbol) [0x004382E9]\n\t(No symbol) [0x0046F056]\n\t(No symbol) [0x0046EB2A]\n\t(No symbol) [0x00468386]\n\t(No symbol) [0x0044163C]\n\t(No symbol) [0x0044269D]\n\tGetHandleVerifier [0x00839A22+2655074]\n\tGetHandleVerifier [0x0082CA24+2601828]\n\tGetHandleVerifier [0x00648C0A+619850]\n\tGetHandleVerifier [0x00647830+614768]\n\t(No symbol) [0x005305FC]\n\t(No symbol) [0x00535968]\n\t(No symbol) [0x00535A55]\n\t(No symbol) [0x0054051B]\n\tBaseThreadInitThunk [0x75B200F9+25]\n\tRtlGetAppContainerNamedObjectPath [0x77367BBE+286]\n\tRtlGetAppContainerNamedObjectPath [0x77367B8E+238]\n","time":{"start":1672291008348,"stop":1672291008349,"duration":1}},{"uid":"b679dc4e9274eccf","status":"broken","statusDetails":"no such window: target window already closed\nfrom unknown error: web view not found\n  (Session info: chrome=108.0.5359.125)\nBuild info: version: '3.141.59', revision: 'e82be7d358', time: '2018-11-14T08:17:03'\nSystem info: host: 'ADMIN', ip: '192.168.31.61', os.name: 'Windows 10', os.arch: 'amd64', os.version: '10.0', java.version: '11.0.17'\nDriver info: org.openqa.selenium.chrome.ChromeDriver\nCapabilities {acceptInsecureCerts: false, browserName: chrome, browserVersion: 108.0.5359.125, chrome: {chromedriverVersion: 108.0.5359.71 (1e0e3868ee06..., userDataDir: C:\\Users\\Admin\\AppData\\Loca...}, goog:chromeOptions: {debuggerAddress: localhost:58615}, javascriptEnabled: true, networkConnectionEnabled: false, pageLoadStrategy: normal, platform: WINDOWS, platformName: WINDOWS, proxy: Proxy(), setWindowRect: true, strictFileInteractability: false, timeouts: {implicit: 0, pageLoad: 300000, script: 30000}, unhandledPromptBehavior: dismiss and notify, webauthn:extension:credBlob: true, webauthn:extension:largeBlob: true, webauthn:virtualAuthenticators: true}\nSession ID: 7f8a67a520b5942ef88ac78f663494ff\n*** Element info: {Using=xpath, value=//input[@id='password']}","time":{"start":1672290782746,"stop":1672290782760,"duration":14}},{"uid":"f31423d7a97b9d72","status":"skipped","statusDetails":"unknown error: Chrome failed to start: exited normally.\n  (unknown error: DevToolsActivePort file doesn't exist)\n  (The process started from chrome location C:\\Program Files (x86)\\Google\\Chrome\\Application\\chrome.exe is no longer running, so ChromeDriver is assuming that Chrome has crashed.)\nBuild info: version: '3.141.59', revision: 'e82be7d358', time: '2018-11-14T08:17:03'\nSystem info: host: 'ADMIN', ip: '192.168.31.61', os.name: 'Windows 10', os.arch: 'amd64', os.version: '10.0', java.version: '11.0.17'\nDriver info: driver.version: ChromeDriver\nremote stacktrace: Backtrace:\n\t(No symbol) [0x0097F243]\n\t(No symbol) [0x00907FD1]\n\t(No symbol) [0x007FD04D]\n\t(No symbol) [0x0081C24E]\n\t(No symbol) [0x008182E9]\n\t(No symbol) [0x0084F056]\n\t(No symbol) [0x0084EB2A]\n\t(No symbol) [0x00848386]\n\t(No symbol) [0x0082163C]\n\t(No symbol) [0x0082269D]\n\tGetHandleVerifier [0x00C19A22+2655074]\n\tGetHandleVerifier [0x00C0CA24+2601828]\n\tGetHandleVerifier [0x00A28C0A+619850]\n\tGetHandleVerifier [0x00A27830+614768]\n\t(No symbol) [0x009105FC]\n\t(No symbol) [0x00915968]\n\t(No symbol) [0x00915A55]\n\t(No symbol) [0x0092051B]\n\tBaseThreadInitThunk [0x75B200F9+25]\n\tRtlGetAppContainerNamedObjectPath [0x77367BBE+286]\n\tRtlGetAppContainerNamedObjectPath [0x77367B8E+238]\n","time":{"start":1672221831022,"stop":1672221831022,"duration":0}},{"uid":"39654c7ea5ebccf5","status":"broken","statusDetails":"no such window: target window already closed\nfrom unknown error: web view not found\n  (Session info: chrome=108.0.5359.125)\nBuild info: version: '3.141.59', revision: 'e82be7d358', time: '2018-11-14T08:17:03'\nSystem info: host: 'ADMIN', ip: '192.168.31.61', os.name: 'Windows 10', os.arch: 'amd64', os.version: '10.0', java.version: '11.0.17'\nDriver info: org.openqa.selenium.chrome.ChromeDriver\nCapabilities {acceptInsecureCerts: false, browserName: chrome, browserVersion: 108.0.5359.125, chrome: {chromedriverVersion: 108.0.5359.71 (1e0e3868ee06..., userDataDir: C:\\Users\\Admin\\AppData\\Loca...}, goog:chromeOptions: {debuggerAddress: localhost:55607}, javascriptEnabled: true, networkConnectionEnabled: false, pageLoadStrategy: normal, platform: WINDOWS, platformName: WINDOWS, proxy: Proxy(), setWindowRect: true, strictFileInteractability: false, timeouts: {implicit: 0, pageLoad: 300000, script: 30000}, unhandledPromptBehavior: dismiss and notify, webauthn:extension:credBlob: true, webauthn:extension:largeBlob: true, webauthn:virtualAuthenticators: true}\nSession ID: 372835779e9a9b466c5d80f4a9e7f2a3\n*** Element info: {Using=xpath, value=//input[@id='password']}","time":{"start":1672219689951,"stop":1672219690097,"duration":146}},{"uid":"6285e544c099a5a0","status":"broken","statusDetails":"no such window: target window already closed\nfrom unknown error: web view not found\n  (Session info: chrome=108.0.5359.125)\nBuild info: version: '3.141.59', revision: 'e82be7d358', time: '2018-11-14T08:17:03'\nSystem info: host: 'ADMIN', ip: '192.168.31.62', os.name: 'Windows 10', os.arch: 'amd64', os.version: '10.0', java.version: '11.0.17'\nDriver info: org.openqa.selenium.chrome.ChromeDriver\nCapabilities {acceptInsecureCerts: false, browserName: chrome, browserVersion: 108.0.5359.125, chrome: {chromedriverVersion: 108.0.5359.71 (1e0e3868ee06..., userDataDir: C:\\Users\\Admin\\AppData\\Loca...}, goog:chromeOptions: {debuggerAddress: localhost:52328}, javascriptEnabled: true, networkConnectionEnabled: false, pageLoadStrategy: normal, platform: WINDOWS, platformName: WINDOWS, proxy: Proxy(), setWindowRect: true, strictFileInteractability: false, timeouts: {implicit: 0, pageLoad: 300000, script: 30000}, unhandledPromptBehavior: dismiss and notify, webauthn:extension:credBlob: true, webauthn:extension:largeBlob: true, webauthn:virtualAuthenticators: true}\nSession ID: 80a3e9323ad9d05f418c9272ddddeb7e\n*** Element info: {Using=xpath, value=//input[@id='password']}","time":{"start":1672136187823,"stop":1672136187844,"duration":21}},{"uid":"dba671d62b90ce0a","status":"broken","statusDetails":"element not interactable\n  (Session info: chrome=108.0.5359.125)\nBuild info: version: '3.141.59', revision: 'e82be7d358', time: '2018-11-14T08:17:03'\nSystem info: host: 'ADMIN', ip: '192.168.31.62', os.name: 'Windows 10', os.arch: 'amd64', os.version: '10.0', java.version: '11.0.17'\nDriver info: org.openqa.selenium.chrome.ChromeDriver\nCapabilities {acceptInsecureCerts: false, browserName: chrome, browserVersion: 108.0.5359.125, chrome: {chromedriverVersion: 108.0.5359.71 (1e0e3868ee06..., userDataDir: C:\\Users\\Admin\\AppData\\Loca...}, goog:chromeOptions: {debuggerAddress: localhost:52075}, javascriptEnabled: true, networkConnectionEnabled: false, pageLoadStrategy: normal, platform: WINDOWS, platformName: WINDOWS, proxy: Proxy(), setWindowRect: true, strictFileInteractability: false, timeouts: {implicit: 0, pageLoad: 300000, script: 30000}, unhandledPromptBehavior: dismiss and notify, webauthn:extension:credBlob: true, webauthn:extension:largeBlob: true, webauthn:virtualAuthenticators: true}\nSession ID: e5cd7ea9bb1f78b1bb5b66ec6a291430","time":{"start":1672136114772,"stop":1672136124838,"duration":10066}},{"uid":"c6eeb5847687f06b","status":"broken","statusDetails":"no such window: target window already closed\nfrom unknown error: web view not found\n  (Session info: chrome=108.0.5359.125)\nBuild info: version: '3.141.59', revision: 'e82be7d358', time: '2018-11-14T08:17:03'\nSystem info: host: 'ADMIN', ip: '192.168.31.63', os.name: 'Windows 10', os.arch: 'amd64', os.version: '10.0', java.version: '11.0.17'\nDriver info: org.openqa.selenium.chrome.ChromeDriver\nCapabilities {acceptInsecureCerts: false, browserName: chrome, browserVersion: 108.0.5359.125, chrome: {chromedriverVersion: 108.0.5359.71 (1e0e3868ee06..., userDataDir: C:\\Users\\Admin\\AppData\\Loca...}, goog:chromeOptions: {debuggerAddress: localhost:51596}, javascriptEnabled: true, networkConnectionEnabled: false, pageLoadStrategy: normal, platform: WINDOWS, platformName: WINDOWS, proxy: Proxy(), setWindowRect: true, strictFileInteractability: false, timeouts: {implicit: 0, pageLoad: 300000, script: 30000}, unhandledPromptBehavior: dismiss and notify, webauthn:extension:credBlob: true, webauthn:extension:largeBlob: true, webauthn:virtualAuthenticators: true}\nSession ID: 7de7a04515adc18e1647824c3b011bfa\n*** Element info: {Using=xpath, value=//input[@id='password']}","time":{"start":1671764476817,"stop":1671764476846,"duration":29}},{"uid":"f6d440e4e58f7be0","status":"broken","statusDetails":"element not interactable\n  (Session info: chrome=108.0.5359.125)\nBuild info: version: '3.141.59', revision: 'e82be7d358', time: '2018-11-14T08:17:03'\nSystem info: host: 'ADMIN', ip: '192.168.31.63', os.name: 'Windows 10', os.arch: 'amd64', os.version: '10.0', java.version: '11.0.17'\nDriver info: org.openqa.selenium.chrome.ChromeDriver\nCapabilities {acceptInsecureCerts: false, browserName: chrome, browserVersion: 108.0.5359.125, chrome: {chromedriverVersion: 108.0.5359.71 (1e0e3868ee06..., userDataDir: C:\\Users\\Admin\\AppData\\Loca...}, goog:chromeOptions: {debuggerAddress: localhost:59588}, javascriptEnabled: true, networkConnectionEnabled: false, pageLoadStrategy: normal, platform: WINDOWS, platformName: WINDOWS, proxy: Proxy(), setWindowRect: true, strictFileInteractability: false, timeouts: {implicit: 0, pageLoad: 300000, script: 30000}, unhandledPromptBehavior: dismiss and notify, webauthn:extension:credBlob: true, webauthn:extension:largeBlob: true, webauthn:virtualAuthenticators: true}\nSession ID: 9e79c8c56e48b350892cf9f05979bcce","time":{"start":1671760671466,"stop":1671760681562,"duration":10096}},{"uid":"f0203be4f9375492","status":"passed","time":{"start":1670038586317,"stop":1670038612801,"duration":26484}},{"uid":"7e81215f620e805b","status":"broken","statusDetails":"no such element: Unable to locate element: {\"method\":\"xpath\",\"selector\":\"//div[@class='message-error error message']\"}\n  (Session info: chrome=107.0.5304.123)\nFor documentation on this error, please visit: https://www.seleniumhq.org/exceptions/no_such_element.html\nBuild info: version: '3.141.59', revision: 'e82be7d358', time: '2018-11-14T08:17:03'\nSystem info: host: 'ADMIN', ip: '192.168.31.64', os.name: 'Windows 10', os.arch: 'amd64', os.version: '10.0', java.version: '11.0.17'\nDriver info: org.openqa.selenium.chrome.ChromeDriver\nCapabilities {acceptInsecureCerts: false, browserName: chrome, browserVersion: 107.0.5304.123, chrome: {chromedriverVersion: 107.0.5304.62 (1eec40d3a576..., userDataDir: C:\\Users\\Admin\\AppData\\Loca...}, goog:chromeOptions: {debuggerAddress: localhost:60882}, javascriptEnabled: true, networkConnectionEnabled: false, pageLoadStrategy: normal, platform: WINDOWS, platformName: WINDOWS, proxy: Proxy(), setWindowRect: true, strictFileInteractability: false, timeouts: {implicit: 0, pageLoad: 300000, script: 30000}, unhandledPromptBehavior: dismiss and notify, webauthn:extension:credBlob: true, webauthn:extension:largeBlob: true, webauthn:virtualAuthenticators: true}\nSession ID: 3460a4e16d804459c4b0ce7c48e071a0\n*** Element info: {Using=xpath, value=//div[@class='message-error error message']}","time":{"start":1670034621567,"stop":1670034662842,"duration":41275}},{"uid":"c9930a979f90c903","status":"passed","time":{"start":1669977804419,"stop":1669977853532,"duration":49113}},{"uid":"d0cbbd9d85d7bde5","status":"broken","statusDetails":"Expected condition failed: waiting for presence of element located by: By.xpath: //input[@id='verify-code'] (tried for 20 second(s) with 500 milliseconds interval)","time":{"start":1669977540759,"stop":1669977576091,"duration":35332}},{"uid":"52235d2997adf30d","status":"broken","statusDetails":"Expected condition failed: waiting for presence of element located by: By.xpath: //input[@id='verify-code'] (tried for 20 second(s) with 500 milliseconds interval)","time":{"start":1669880143511,"stop":1669880181153,"duration":37642}},{"uid":"85f242261e32f309","status":"passed","time":{"start":1669799876540,"stop":1669799899665,"duration":23125}},{"uid":"6ab2bdc7cd4ce5d8","status":"passed","time":{"start":1669799454077,"stop":1669799474644,"duration":20567}},{"uid":"740106c32e0b0047","status":"passed","time":{"start":1669799068444,"stop":1669799105539,"duration":37095}},{"uid":"5e0421088797cbf7","status":"passed","time":{"start":1669798156880,"stop":1669798183641,"duration":26761}},{"uid":"e47b4b260a64cb85","status":"passed","time":{"start":1669797123867,"stop":1669797145112,"duration":21245}},{"uid":"867fe55c161f3113","status":"passed","time":{"start":1669794762548,"stop":1669794794079,"duration":31531}},{"uid":"d392b411a1057f9c","status":"passed","time":{"start":1669792980379,"stop":1669793003150,"duration":22771}},{"uid":"defaa2af04ae2dc9","status":"passed","time":{"start":1669792463389,"stop":1669792481042,"duration":17653}},{"uid":"b698d0aebd7c7c60","status":"passed","time":{"start":1669791096741,"stop":1669791111187,"duration":14446}},{"uid":"5f7c39f271da6495","status":"broken","statusDetails":"no such window: target window already closed\nfrom unknown error: web view not found\n  (Session info: chrome=107.0.5304.121)\nBuild info: version: '3.141.59', revision: 'e82be7d358', time: '2018-11-14T08:17:03'\nSystem info: host: 'ADMIN', ip: '192.168.31.81', os.name: 'Windows 10', os.arch: 'amd64', os.version: '10.0', java.version: '11.0.17'\nDriver info: org.openqa.selenium.chrome.ChromeDriver\nCapabilities {acceptInsecureCerts: false, browserName: chrome, browserVersion: 107.0.5304.121, chrome: {chromedriverVersion: 107.0.5304.62 (1eec40d3a576..., userDataDir: C:\\Users\\Admin\\AppData\\Loca...}, goog:chromeOptions: {debuggerAddress: localhost:51105}, javascriptEnabled: true, networkConnectionEnabled: false, pageLoadStrategy: normal, platform: WINDOWS, platformName: WINDOWS, proxy: Proxy(), setWindowRect: true, strictFileInteractability: false, timeouts: {implicit: 0, pageLoad: 300000, script: 30000}, unhandledPromptBehavior: dismiss and notify, webauthn:extension:credBlob: true, webauthn:extension:largeBlob: true, webauthn:virtualAuthenticators: true}\nSession ID: 018dd64d19ef2038ef960912dfed0fdf\n*** Element info: {Using=xpath, value=//input[@id='password']}","time":{"start":1669790946879,"stop":1669790946894,"duration":15}},{"uid":"76ca6e23979b1a14","status":"passed","time":{"start":1669790584222,"stop":1669790615953,"duration":31731}},{"uid":"36d10026ea1382f2","status":"broken","statusDetails":"Expected condition failed: waiting for presence of element located by: By.xpath: //input[@id='verify-code'] (tried for 20 second(s) with 500 milliseconds interval)","time":{"start":1669779621578,"stop":1669779655137,"duration":33559}},{"uid":"efbb096c74ea5d41","status":"broken","statusDetails":"Expected condition failed: waiting for presence of element located by: By.xpath: //input[@id='verify-code'] (tried for 20 second(s) with 500 milliseconds interval)","time":{"start":1669775321189,"stop":1669775349400,"duration":28211}},{"uid":"69065235863f5ece","status":"broken","statusDetails":"Expected condition failed: waiting for presence of element located by: By.xpath: //input[@id='verify-code'] (tried for 20 second(s) with 500 milliseconds interval)","time":{"start":1669774335286,"stop":1669774363734,"duration":28448}},{"uid":"8ecd33c34cb0881e","status":"broken","statusDetails":"Expected condition failed: waiting for presence of element located by: By.xpath: //input[@id='verify-code'] (tried for 20 second(s) with 500 milliseconds interval)","time":{"start":1669772628630,"stop":1669772658307,"duration":29677}},{"uid":"ee482e42f77311c","status":"passed","time":{"start":1669715833325,"stop":1669715835937,"duration":2612}},{"uid":"d289019dfbcd24a4","status":"passed","time":{"start":1669715693612,"stop":1669715696159,"duration":2547}},{"uid":"3849fcec428e0491","status":"passed","time":{"start":1669715152065,"stop":1669715154485,"duration":2420}},{"uid":"8c460af5584ccbff","status":"passed","time":{"start":1669714460690,"stop":1669714463092,"duration":2402}},{"uid":"2052fba8290c5dbc","status":"passed","time":{"start":1669714163503,"stop":1669714166150,"duration":2647}},{"uid":"b216e4a393d73044","status":"passed","time":{"start":1669714001342,"stop":1669714003870,"duration":2528}},{"uid":"23e3997894094ccc","status":"passed","time":{"start":1669713760631,"stop":1669713764005,"duration":3374}},{"uid":"d67870ea2fa1f8ae","status":"passed","time":{"start":1669712806879,"stop":1669712809411,"duration":2532}},{"uid":"abdac8bf55073fc6","status":"passed","time":{"start":1669712452984,"stop":1669712455619,"duration":2635}},{"uid":"f8a08bcab30415dc","status":"passed","time":{"start":1669712048455,"stop":1669712051348,"duration":2893}},{"uid":"cf86a41dd74acddb","status":"passed","time":{"start":1669711541078,"stop":1669711543430,"duration":2352}},{"uid":"7768b4779bf502c8","status":"passed","time":{"start":1669711345089,"stop":1669711347503,"duration":2414}},{"uid":"aacc7d1461265328","status":"passed","time":{"start":1669710667081,"stop":1669710669428,"duration":2347}},{"uid":"2961167cd1780ef4","status":"passed","time":{"start":1669710300446,"stop":1669710302924,"duration":2478}},{"uid":"7eb8fa658a19020","status":"passed","time":{"start":1669710065643,"stop":1669710068250,"duration":2607}},{"uid":"a7d4d2f6ad122a9","status":"passed","time":{"start":1669709695778,"stop":1669709698161,"duration":2383}},{"uid":"5fea5c320c0ed8c8","status":"passed","time":{"start":1669709163267,"stop":1669709165671,"duration":2404}},{"uid":"50ef69617533bddf","status":"passed","time":{"start":1669708404071,"stop":1669708406504,"duration":2433}},{"uid":"2ab2e571d3f8eae3","status":"passed","time":{"start":1669708119267,"stop":1669708122065,"duration":2798}},{"uid":"80291b1bb2d6859f","status":"passed","time":{"start":1669707586000,"stop":1669707590475,"duration":4475}},{"uid":"4b808b7ebd4c9bf8","status":"passed","time":{"start":1669707102092,"stop":1669707106191,"duration":4099}},{"uid":"8a0344972b0c1cdd","status":"passed","time":{"start":1669706700416,"stop":1669706704330,"duration":3914}},{"uid":"b481b25ef5fa3937","status":"passed","time":{"start":1669705465127,"stop":1669705468060,"duration":2933}},{"uid":"83310f7f7403bd1b","status":"passed","time":{"start":1669705053400,"stop":1669705055797,"duration":2397}},{"uid":"2fcb462a772aa731","status":"passed","time":{"start":1669704929320,"stop":1669704932561,"duration":3241}},{"uid":"9d94674f26635e21","status":"passed","time":{"start":1669704512956,"stop":1669704515495,"duration":2539}},{"uid":"a5a40f13d0d2150c","status":"passed","time":{"start":1669703983668,"stop":1669703987055,"duration":3387}},{"uid":"de33ea7e2c833f8e","status":"passed","time":{"start":1669703363419,"stop":1669703366065,"duration":2646}},{"uid":"1fb73e237e2ca6fa","status":"passed","time":{"start":1669703005640,"stop":1669703008211,"duration":2571}},{"uid":"de591342a42eeb95","status":"broken","statusDetails":"no such element: Unable to locate element: {\"method\":\"xpath\",\"selector\":\"//button[@title='Next']\"}\n  (Session info: chrome=107.0.5304.121)\nFor documentation on this error, please visit: https://www.seleniumhq.org/exceptions/no_such_element.html\nBuild info: version: '3.141.59', revision: 'e82be7d358', time: '2018-11-14T08:17:03'\nSystem info: host: 'ADMIN', ip: '192.168.31.82', os.name: 'Windows 10', os.arch: 'amd64', os.version: '10.0', java.version: '11.0.17'\nDriver info: org.openqa.selenium.chrome.ChromeDriver\nCapabilities {acceptInsecureCerts: false, browserName: chrome, browserVersion: 107.0.5304.121, chrome: {chromedriverVersion: 107.0.5304.62 (1eec40d3a576..., userDataDir: C:\\Users\\Admin\\AppData\\Loca...}, goog:chromeOptions: {debuggerAddress: localhost:49747}, javascriptEnabled: true, networkConnectionEnabled: false, pageLoadStrategy: normal, platform: WINDOWS, platformName: WINDOWS, proxy: Proxy(), setWindowRect: true, strictFileInteractability: false, timeouts: {implicit: 0, pageLoad: 300000, script: 30000}, unhandledPromptBehavior: dismiss and notify, webauthn:extension:credBlob: true, webauthn:extension:largeBlob: true, webauthn:virtualAuthenticators: true}\nSession ID: 72fbc0621c3a0d9d640cef31a88e09eb\n*** Element info: {Using=xpath, value=//button[@title='Next']}","time":{"start":1669702928724,"stop":1669702929254,"duration":530}},{"uid":"f505380d5d94fab6","status":"passed","time":{"start":1669702778917,"stop":1669702781266,"duration":2349}},{"uid":"66853a2d0ce7fa79","status":"broken","statusDetails":"java.net.ConnectException: Failed to connect to localhost/0:0:0:0:0:0:0:1:17007\nBuild info: version: '3.141.59', revision: 'e82be7d358', time: '2018-11-14T08:17:03'\nSystem info: host: 'ADMIN', ip: '192.168.31.82', os.name: 'Windows 10', os.arch: 'amd64', os.version: '10.0', java.version: '11.0.17'\nDriver info: driver.version: RemoteWebDriver","time":{"start":1669702674276,"stop":1669702674301,"duration":25}},{"uid":"eb22a8b786316ecc","status":"passed","time":{"start":1669702494885,"stop":1669702497379,"duration":2494}},{"uid":"1cadbb535dd483d9","status":"passed","time":{"start":1669702259741,"stop":1669702262550,"duration":2809}},{"uid":"546038ef3c3934a3","status":"passed","time":{"start":1669701865218,"stop":1669701867811,"duration":2593}},{"uid":"a73f5720cba67b0","status":"passed","time":{"start":1669701711812,"stop":1669701714418,"duration":2606}},{"uid":"7e355ef610df25c7","status":"passed","time":{"start":1669701190666,"stop":1669701193279,"duration":2613}},{"uid":"da6c548a4d2c07f7","status":"passed","time":{"start":1669700846317,"stop":1669700848863,"duration":2546}},{"uid":"7b9bfc68629763a6","status":"broken","statusDetails":"no such window: target window already closed\nfrom unknown error: web view not found\n  (Session info: chrome=107.0.5304.121)\nBuild info: version: '3.141.59', revision: 'e82be7d358', time: '2018-11-14T08:17:03'\nSystem info: host: 'ADMIN', ip: '192.168.31.82', os.name: 'Windows 10', os.arch: 'amd64', os.version: '10.0', java.version: '11.0.17'\nDriver info: org.openqa.selenium.chrome.ChromeDriver\nCapabilities {acceptInsecureCerts: false, browserName: chrome, browserVersion: 107.0.5304.121, chrome: {chromedriverVersion: 107.0.5304.62 (1eec40d3a576..., userDataDir: C:\\Users\\Admin\\AppData\\Loca...}, goog:chromeOptions: {debuggerAddress: localhost:63264}, javascriptEnabled: true, networkConnectionEnabled: false, pageLoadStrategy: normal, platform: WINDOWS, platformName: WINDOWS, proxy: Proxy(), setWindowRect: true, strictFileInteractability: false, timeouts: {implicit: 0, pageLoad: 300000, script: 30000}, unhandledPromptBehavior: dismiss and notify, webauthn:extension:credBlob: true, webauthn:extension:largeBlob: true, webauthn:virtualAuthenticators: true}\nSession ID: 23d3c2ee22deef185415d8d78ca387aa\n*** Element info: {Using=xpath, value=//button[@title='Next']}","time":{"start":1669700772462,"stop":1669700772613,"duration":151}},{"uid":"1b14ece38af1f4a5","status":"passed","time":{"start":1669699575675,"stop":1669699578334,"duration":2659}},{"uid":"5fa63a4630bea22b","status":"passed","time":{"start":1669699440644,"stop":1669699443080,"duration":2436}},{"uid":"ef764662bfeaee4a","status":"passed","time":{"start":1669699007114,"stop":1669699009643,"duration":2529}},{"uid":"c790042e71eaee21","status":"passed","time":{"start":1669698578992,"stop":1669698581473,"duration":2481}},{"uid":"a5389a2d5fab25cf","status":"passed","time":{"start":1669696228066,"stop":1669696230838,"duration":2772}},{"uid":"be279b5142410183","status":"passed","time":{"start":1669696041629,"stop":1669696045870,"duration":4241}},{"uid":"da939d99c3d30a02","status":"passed","time":{"start":1669695278794,"stop":1669695281507,"duration":2713}},{"uid":"8a3dabc42580d5f2","status":"passed","time":{"start":1669694777443,"stop":1669694780345,"duration":2902}},{"uid":"dc8fc391f08c2ff6","status":"passed","time":{"start":1669694206089,"stop":1669694208599,"duration":2510}},{"uid":"f675b1ae6825f9f0","status":"passed","time":{"start":1669694048979,"stop":1669694051544,"duration":2565}},{"uid":"2f938fd9ebf01d23","status":"passed","time":{"start":1669693830277,"stop":1669693832659,"duration":2382}},{"uid":"6ec76ad3951ffc68","status":"passed","time":{"start":1669693141982,"stop":1669693144626,"duration":2644}},{"uid":"50168c05beb02243","status":"passed","time":{"start":1669693006059,"stop":1669693008796,"duration":2737}},{"uid":"eb232e41105c4c3b","status":"passed","time":{"start":1669692873779,"stop":1669692876316,"duration":2537}},{"uid":"194724f54deda5e8","status":"passed","time":{"start":1669692765813,"stop":1669692775137,"duration":9324}},{"uid":"1dad300ed789eff3","status":"passed","time":{"start":1669692297316,"stop":1669692299740,"duration":2424}},{"uid":"2d597d748ead5037","status":"broken","statusDetails":"no such element: Unable to locate element: {\"method\":\"xpath\",\"selector\":\"//button[@title='Next']\"}\n  (Session info: chrome=107.0.5304.121)\nFor documentation on this error, please visit: https://www.seleniumhq.org/exceptions/no_such_element.html\nBuild info: version: '3.141.59', revision: 'e82be7d358', time: '2018-11-14T08:17:03'\nSystem info: host: 'ADMIN', ip: '192.168.31.82', os.name: 'Windows 10', os.arch: 'amd64', os.version: '10.0', java.version: '11.0.17'\nDriver info: org.openqa.selenium.chrome.ChromeDriver\nCapabilities {acceptInsecureCerts: false, browserName: chrome, browserVersion: 107.0.5304.121, chrome: {chromedriverVersion: 107.0.5304.62 (1eec40d3a576..., userDataDir: C:\\Users\\Admin\\AppData\\Loca...}, goog:chromeOptions: {debuggerAddress: localhost:56350}, javascriptEnabled: true, networkConnectionEnabled: false, pageLoadStrategy: normal, platform: WINDOWS, platformName: WINDOWS, proxy: Proxy(), setWindowRect: true, strictFileInteractability: false, timeouts: {implicit: 0, pageLoad: 300000, script: 30000}, unhandledPromptBehavior: dismiss and notify, webauthn:extension:credBlob: true, webauthn:extension:largeBlob: true, webauthn:virtualAuthenticators: true}\nSession ID: e49280ff79de0380df9c156f8612e222\n*** Element info: {Using=xpath, value=//button[@title='Next']}","time":{"start":1669692198757,"stop":1669692198811,"duration":54}},{"uid":"8ff3f1844020b163","status":"passed","time":{"start":1669691912236,"stop":1669691915028,"duration":2792}},{"uid":"c161e4604a4e9f4b","status":"passed","time":{"start":1669691584381,"stop":1669691586847,"duration":2466}},{"uid":"ab4cf39bbc84c7c9","status":"broken","statusDetails":"element not interactable\n  (Session info: chrome=107.0.5304.121)\nBuild info: version: '3.141.59', revision: 'e82be7d358', time: '2018-11-14T08:17:03'\nSystem info: host: 'ADMIN', ip: '192.168.31.82', os.name: 'Windows 10', os.arch: 'amd64', os.version: '10.0', java.version: '11.0.17'\nDriver info: org.openqa.selenium.chrome.ChromeDriver\nCapabilities {acceptInsecureCerts: false, browserName: chrome, browserVersion: 107.0.5304.121, chrome: {chromedriverVersion: 107.0.5304.62 (1eec40d3a576..., userDataDir: C:\\Users\\Admin\\AppData\\Loca...}, goog:chromeOptions: {debuggerAddress: localhost:54805}, javascriptEnabled: true, networkConnectionEnabled: false, pageLoadStrategy: normal, platform: WINDOWS, platformName: WINDOWS, proxy: Proxy(), setWindowRect: true, strictFileInteractability: false, timeouts: {implicit: 0, pageLoad: 300000, script: 30000}, unhandledPromptBehavior: dismiss and notify, webauthn:extension:credBlob: true, webauthn:extension:largeBlob: true, webauthn:virtualAuthenticators: true}\nSession ID: 4b3711a31194e6257c50bffbaf978cf3","time":{"start":1669690019349,"stop":1669690019400,"duration":51}}],"categories":[],"tags":[]},"source":"7a604c477a74f3ed.json","parameterValues":[]}