{"uid":"9720331b864654bf","name":"beforeTest","fullName":"core.BaseTest.beforeTest","historyId":"a61654aac7afe0ced38c52e89a792ba2","time":{"start":1678549430559,"stop":1678549430573,"duration":14},"status":"broken","statusMessage":"\nParameter 'devices' is required by BeforeTest on method beforeTest but has not been marked @Optional or defined\nin C:\\Users\\Admin\\AppData\\Local\\JetBrains\\IdeaIC2022.2\\temp-testng-customsuite.xml","statusTrace":"org.testng.TestNGException: \nParameter 'devices' is required by BeforeTest on method beforeTest but has not been marked @Optional or defined\nin C:\\Users\\Admin\\AppData\\Local\\JetBrains\\IdeaIC2022.2\\temp-testng-customsuite.xml\r\n\tat org.testng.internal.Parameters.createParams(Parameters.java:270)\r\n\tat org.testng.internal.Parameters.createParametersForMethod(Parameters.java:358)\r\n\tat org.testng.internal.Parameters.createParameters(Parameters.java:700)\r\n\tat org.testng.internal.Parameters.createConfigurationParameters(Parameters.java:168)\r\n\tat org.testng.internal.ConfigInvoker.invokeConfigurations(ConfigInvoker.java:302)\r\n\tat org.testng.TestRunner.invokeTestConfigurations(TestRunner.java:637)\r\n\tat org.testng.TestRunner.beforeRun(TestRunner.java:627)\r\n\tat org.testng.TestRunner.run(TestRunner.java:589)\r\n\tat org.testng.SuiteRunner.runTest(SuiteRunner.java:377)\r\n\tat org.testng.SuiteRunner.runSequentially(SuiteRunner.java:371)\r\n\tat org.testng.SuiteRunner.privateRun(SuiteRunner.java:332)\r\n\tat org.testng.SuiteRunner.run(SuiteRunner.java:276)\r\n\tat org.testng.SuiteRunnerWorker.runSuite(SuiteRunnerWorker.java:53)\r\n\tat org.testng.SuiteRunnerWorker.run(SuiteRunnerWorker.java:96)\r\n\tat org.testng.TestNG.runSuitesSequentially(TestNG.java:1212)\r\n\tat org.testng.TestNG.runSuitesLocally(TestNG.java:1134)\r\n\tat org.testng.TestNG.runSuites(TestNG.java:1063)\r\n\tat org.testng.TestNG.run(TestNG.java:1031)\r\n\tat com.intellij.rt.testng.IDEARemoteTestNG.run(IDEARemoteTestNG.java:66)\r\n\tat com.intellij.rt.testng.RemoteTestNGStarter.main(RemoteTestNGStarter.java:109)\r\n","flaky":false,"newFailed":false,"newBroken":false,"newPassed":false,"retriesCount":8,"retriesStatusChange":false,"beforeStages":[{"name":"beforeSuite","time":{"start":1678549430207,"stop":1678549430255,"duration":48},"description":"","status":"passed","steps":[],"attachments":[],"parameters":[],"stepsCount":0,"hasContent":false,"attachmentsCount":0,"shouldDisplayMessage":false},{"name":"beforeSuite","time":{"start":1678549430207,"stop":1678549430255,"duration":48},"description":"","status":"passed","steps":[],"attachments":[],"parameters":[],"stepsCount":0,"hasContent":false,"attachmentsCount":0,"shouldDisplayMessage":false}],"afterStages":[{"name":"afterTest","time":{"start":1678549431107,"stop":1678549431108,"duration":1},"description":"","status":"broken","steps":[],"attachments":[],"parameters":[],"stepsCount":0,"hasContent":false,"attachmentsCount":0,"shouldDisplayMessage":false}],"labels":[{"name":"package","value":"test.signinSignup.SignInTest"},{"name":"testClass","value":"test.signinSignup.SignInTest"},{"name":"testMethod","value":"beforeTest"},{"name":"parentSuite","value":"Default Suite"},{"name":"suite","value":"Glamira_AutoTest"},{"name":"subSuite","value":"test.signinSignup.SignInTest"},{"name":"host","value":"Admin"},{"name":"thread","value":"19444@Admin.main(1)"},{"name":"framework","value":"testng"},{"name":"language","value":"java"},{"name":"AS_ID","value":"-1"},{"name":"resultFormat","value":"allure2"}],"parameters":[],"links":[],"hidden":false,"retry":false,"extra":{"severity":"normal","retries":[{"uid":"62b25ee626ab495c","status":"broken","statusDetails":"\nParameter 'devices' is required by BeforeTest on method beforeTest but has not been marked @Optional or defined\nin C:\\Users\\Admin\\AppData\\Local\\JetBrains\\IdeaIC2022.2\\temp-testng-customsuite.xml","time":{"start":1677838881753,"stop":1677838881767,"duration":14}},{"uid":"98dc7e1d97cf2f93","status":"broken","statusDetails":"\nParameter 'devices' is required by BeforeTest on method beforeTest but has not been marked @Optional or defined\nin C:\\Users\\Admin\\AppData\\Local\\JetBrains\\IdeaIC2022.2\\temp-testng-customsuite.xml","time":{"start":1677176295885,"stop":1677176295892,"duration":7}},{"uid":"b8ad742738a42552","status":"broken","statusDetails":"\nParameter 'devices' is required by BeforeTest on method beforeTest but has not been marked @Optional or defined\nin C:\\Users\\Admin\\AppData\\Local\\JetBrains\\IdeaIC2022.2\\temp-testng-customsuite.xml","time":{"start":1677175763675,"stop":1677175763682,"duration":7}},{"uid":"ee1215d02d352a5a","status":"broken","statusDetails":"\nParameter 'devices' is required by BeforeTest on method beforeTest but has not been marked @Optional or defined\nin C:\\Users\\Admin\\AppData\\Local\\JetBrains\\IdeaIC2022.2\\temp-testng-customsuite.xml","time":{"start":1676443117242,"stop":1676443117250,"duration":8}},{"uid":"894a501abe14a466","status":"broken","statusDetails":"\nParameter 'devices' is required by BeforeTest on method beforeTest but has not been marked @Optional or defined\nin D:\\Glamira_AutoTest\\testng.xml","time":{"start":1676432600501,"stop":1676432600513,"duration":12}},{"uid":"28b5506f20bf36a","status":"broken","statusDetails":"unknown error: failed to write prefs file\nBuild info: version: '3.141.59', revision: 'e82be7d358', time: '2018-11-14T08:17:03'\nSystem info: host: 'ADMIN', ip: '192.168.31.63', os.name: 'Windows 10', os.arch: 'amd64', os.version: '10.0', java.version: '11.0.17'\nDriver info: driver.version: ChromeDriver\nremote stacktrace: Backtrace:\n\t(No symbol) [0x002BF243]\n\t(No symbol) [0x00247FD1]\n\t(No symbol) [0x0013D04D]\n\t(No symbol) [0x0015E447]\n\t(No symbol) [0x0015E5CA]\n\t(No symbol) [0x0015BA02]\n\t(No symbol) [0x001582E9]\n\t(No symbol) [0x0018F056]\n\t(No symbol) [0x0018EB2A]\n\t(No symbol) [0x00188386]\n\t(No symbol) [0x0016163C]\n\t(No symbol) [0x0016269D]\n\tGetHandleVerifier [0x00559A22+2655074]\n\tGetHandleVerifier [0x0054CA24+2601828]\n\tGetHandleVerifier [0x00368C0A+619850]\n\tGetHandleVerifier [0x00367830+614768]\n\t(No symbol) [0x002505FC]\n\t(No symbol) [0x00255968]\n\t(No symbol) [0x00255A55]\n\t(No symbol) [0x0026051B]\n\tBaseThreadInitThunk [0x76EB00F9+25]\n\tRtlGetAppContainerNamedObjectPath [0x77EB7BBE+286]\n\tRtlGetAppContainerNamedObjectPath [0x77EB7B8E+238]\n\t(No symbol) [0x00000000]\n","time":{"start":1672038988149,"stop":1672038988155,"duration":6}},{"uid":"2383d8a68f0a7811","status":"broken","statusDetails":"no such window: target window already closed\nfrom unknown error: web view not found\n  (Session info: chrome=107.0.5304.123)\nBuild info: version: '3.141.59', revision: 'e82be7d358', time: '2018-11-14T08:17:03'\nSystem info: host: 'ADMIN', ip: '192.168.31.64', os.name: 'Windows 10', os.arch: 'amd64', os.version: '10.0', java.version: '11.0.17'\nDriver info: org.openqa.selenium.chrome.ChromeDriver\nCapabilities {acceptInsecureCerts: false, browserName: chrome, browserVersion: 107.0.5304.123, chrome: {chromedriverVersion: 107.0.5304.62 (1eec40d3a576..., userDataDir: C:\\Users\\Admin\\AppData\\Loca...}, goog:chromeOptions: {debuggerAddress: localhost:50590}, javascriptEnabled: true, networkConnectionEnabled: false, pageLoadStrategy: normal, platform: WINDOWS, platformName: WINDOWS, proxy: Proxy(), setWindowRect: true, strictFileInteractability: false, timeouts: {implicit: 0, pageLoad: 300000, script: 30000}, unhandledPromptBehavior: dismiss and notify, webauthn:extension:credBlob: true, webauthn:extension:largeBlob: true, webauthn:virtualAuthenticators: true}\nSession ID: ce8df60e0afff8c58e527a70394a0212","time":{"start":1669971128863,"stop":1669971128878,"duration":15}},{"uid":"641b6bc2ef6a69c2","status":"broken","statusDetails":"java.net.ConnectException: Failed to connect to localhost/0:0:0:0:0:0:0:1:12163\nBuild info: version: '3.141.59', revision: 'e82be7d358', time: '2018-11-14T08:17:03'\nSystem info: host: 'ADMIN', ip: '192.168.31.81', os.name: 'Windows 10', os.arch: 'amd64', os.version: '10.0', java.version: '11.0.17'\nDriver info: driver.version: RemoteWebDriver","time":{"start":1669867308951,"stop":1669867308957,"duration":6}}],"categories":[{"name":"Test defects","matchedStatuses":[],"flaky":false}],"tags":[]},"source":"9720331b864654bf.json","parameterValues":[]}