{"uid":"af9c92b777e1f0c6","name":"Login with email and leave the password field blank","fullName":"test.signinSignup.SignInTest.testCase_SI03","historyId":"744c8276326ba2773c8a94eb9c82964f","time":{"start":1678549430908,"stop":1678549430908,"duration":0},"status":"skipped","statusMessage":"\nParameter 'devices' is required by BeforeTest on method beforeTest but has not been marked @Optional or defined\nin C:\\Users\\Admin\\AppData\\Local\\JetBrains\\IdeaIC2022.2\\temp-testng-customsuite.xml","statusTrace":"org.testng.TestNGException: \nParameter 'devices' is required by BeforeTest on method beforeTest but has not been marked @Optional or defined\nin C:\\Users\\Admin\\AppData\\Local\\JetBrains\\IdeaIC2022.2\\temp-testng-customsuite.xml\r\n\tat org.testng.internal.Parameters.createParams(Parameters.java:270)\r\n\tat org.testng.internal.Parameters.createParametersForMethod(Parameters.java:358)\r\n\tat org.testng.internal.Parameters.createParameters(Parameters.java:700)\r\n\tat org.testng.internal.Parameters.createConfigurationParameters(Parameters.java:168)\r\n\tat org.testng.internal.ConfigInvoker.invokeConfigurations(ConfigInvoker.java:302)\r\n\tat org.testng.TestRunner.invokeTestConfigurations(TestRunner.java:637)\r\n\tat org.testng.TestRunner.beforeRun(TestRunner.java:627)\r\n\tat org.testng.TestRunner.run(TestRunner.java:589)\r\n\tat org.testng.SuiteRunner.runTest(SuiteRunner.java:377)\r\n\tat org.testng.SuiteRunner.runSequentially(SuiteRunner.java:371)\r\n\tat org.testng.SuiteRunner.privateRun(SuiteRunner.java:332)\r\n\tat org.testng.SuiteRunner.run(SuiteRunner.java:276)\r\n\tat org.testng.SuiteRunnerWorker.runSuite(SuiteRunnerWorker.java:53)\r\n\tat org.testng.SuiteRunnerWorker.run(SuiteRunnerWorker.java:96)\r\n\tat org.testng.TestNG.runSuitesSequentially(TestNG.java:1212)\r\n\tat org.testng.TestNG.runSuitesLocally(TestNG.java:1134)\r\n\tat org.testng.TestNG.runSuites(TestNG.java:1063)\r\n\tat org.testng.TestNG.run(TestNG.java:1031)\r\n\tat com.intellij.rt.testng.IDEARemoteTestNG.run(IDEARemoteTestNG.java:66)\r\n\tat com.intellij.rt.testng.RemoteTestNGStarter.main(RemoteTestNGStarter.java:109)\r\n","flaky":false,"newFailed":false,"newBroken":false,"newPassed":false,"retriesCount":225,"retriesStatusChange":true,"beforeStages":[{"name":"beforeSuite","time":{"start":1678549430207,"stop":1678549430255,"duration":48},"description":"","status":"passed","steps":[],"attachments":[],"parameters":[],"stepsCount":0,"hasContent":false,"attachmentsCount":0,"shouldDisplayMessage":false}],"afterStages":[{"name":"afterTest","time":{"start":1678549431107,"stop":1678549431108,"duration":1},"description":"","status":"broken","steps":[],"attachments":[],"parameters":[],"stepsCount":0,"hasContent":false,"attachmentsCount":0,"shouldDisplayMessage":false}],"labels":[{"name":"package","value":"test.signinSignup.SignInTest"},{"name":"testClass","value":"test.signinSignup.SignInTest"},{"name":"testMethod","value":"testCase_SI03"},{"name":"parentSuite","value":"Default Suite"},{"name":"suite","value":"Glamira_AutoTest"},{"name":"subSuite","value":"test.signinSignup.SignInTest"},{"name":"host","value":"Admin"},{"name":"thread","value":"19444@Admin.main(1)"},{"name":"framework","value":"testng"},{"name":"language","value":"java"},{"name":"resultFormat","value":"allure2"}],"parameters":[],"links":[],"hidden":false,"retry":false,"extra":{"severity":"normal","retries":[{"uid":"1ee29c77c0310b14","status":"skipped","statusDetails":"\nParameter 'devices' is required by BeforeTest on method beforeTest but has not been marked @Optional or defined\nin C:\\Users\\Admin\\AppData\\Local\\JetBrains\\IdeaIC2022.2\\temp-testng-customsuite.xml","time":{"start":1677838882101,"stop":1677838882101,"duration":0}},{"uid":"23fae7f9b11171af","status":"skipped","statusDetails":"\nParameter 'devices' is required by BeforeTest on method beforeTest but has not been marked @Optional or defined\nin C:\\Users\\Admin\\AppData\\Local\\JetBrains\\IdeaIC2022.2\\temp-testng-customsuite.xml","time":{"start":1677176296226,"stop":1677176296226,"duration":0}},{"uid":"495c321664e6eb0","status":"skipped","statusDetails":"\nParameter 'devices' is required by BeforeTest on method beforeTest but has not been marked @Optional or defined\nin C:\\Users\\Admin\\AppData\\Local\\JetBrains\\IdeaIC2022.2\\temp-testng-customsuite.xml","time":{"start":1677175764025,"stop":1677175764026,"duration":1}},{"uid":"9c75e5e17b678e20","status":"skipped","statusDetails":"\nParameter 'devices' is required by BeforeTest on method beforeTest but has not been marked @Optional or defined\nin C:\\Users\\Admin\\AppData\\Local\\JetBrains\\IdeaIC2022.2\\temp-testng-customsuite.xml","time":{"start":1676443117626,"stop":1676443117628,"duration":2}},{"uid":"345d52f0965ead48","status":"skipped","statusDetails":"\nParameter 'devices' is required by BeforeTest on method beforeTest but has not been marked @Optional or defined\nin D:\\Glamira_AutoTest\\testng.xml","time":{"start":1676432600962,"stop":1676432600963,"duration":1}},{"uid":"f4c16b664905007","status":"broken","statusDetails":"no such element: Unable to locate element: {\"method\":\"xpath\",\"selector\":\"//input[@id='login-email']\"}\n  (Session info: chrome=109.0.5414.122)\nFor documentation on this error, please visit: https://www.seleniumhq.org/exceptions/no_such_element.html\nBuild info: version: '3.141.59', revision: 'e82be7d358', time: '2018-11-14T08:17:03'\nSystem info: host: 'ADMIN', ip: '192.168.31.72', os.name: 'Windows 10', os.arch: 'amd64', os.version: '10.0', java.version: '11.0.17'\nDriver info: org.openqa.selenium.chrome.ChromeDriver\nCapabilities {acceptInsecureCerts: false, browserName: chrome, browserVersion: 109.0.5414.122, chrome: {chromedriverVersion: 109.0.5414.74 (e7c5703604da..., userDataDir: C:\\Users\\Admin\\AppData\\Loca...}, goog:chromeOptions: {debuggerAddress: localhost:58618}, javascriptEnabled: true, networkConnectionEnabled: false, pageLoadStrategy: normal, platform: WINDOWS, platformName: WINDOWS, proxy: Proxy(), setWindowRect: true, strictFileInteractability: false, timeouts: {implicit: 0, pageLoad: 300000, script: 30000}, unhandledPromptBehavior: dismiss and notify, webauthn:extension:credBlob: true, webauthn:extension:largeBlob: true, webauthn:virtualAuthenticators: true}\nSession ID: 806aebe27ceefea7078c3a2a499612a2\n*** Element info: {Using=xpath, value=//input[@id='login-email']}","time":{"start":1676371340299,"stop":1676371340469,"duration":170}},{"uid":"2d72b11b258c6ae4","status":"broken","statusDetails":"no such element: Unable to locate element: {\"method\":\"xpath\",\"selector\":\"//input[@id='login-email']\"}\n  (Session info: chrome=109.0.5414.122)\nFor documentation on this error, please visit: https://www.seleniumhq.org/exceptions/no_such_element.html\nBuild info: version: '3.141.59', revision: 'e82be7d358', time: '2018-11-14T08:17:03'\nSystem info: host: 'ADMIN', ip: '192.168.31.72', os.name: 'Windows 10', os.arch: 'amd64', os.version: '10.0', java.version: '11.0.17'\nDriver info: org.openqa.selenium.chrome.ChromeDriver\nCapabilities {acceptInsecureCerts: false, browserName: chrome, browserVersion: 109.0.5414.122, chrome: {chromedriverVersion: 109.0.5414.74 (e7c5703604da..., userDataDir: C:\\Users\\Admin\\AppData\\Loca...}, goog:chromeOptions: {debuggerAddress: localhost:58510}, javascriptEnabled: true, networkConnectionEnabled: false, pageLoadStrategy: normal, platform: WINDOWS, platformName: WINDOWS, proxy: Proxy(), setWindowRect: true, strictFileInteractability: false, timeouts: {implicit: 0, pageLoad: 300000, script: 30000}, unhandledPromptBehavior: dismiss and notify, webauthn:extension:credBlob: true, webauthn:extension:largeBlob: true, webauthn:virtualAuthenticators: true}\nSession ID: c799f6f399fa495c2d5b4613c9d4efd1\n*** Element info: {Using=xpath, value=//input[@id='login-email']}","time":{"start":1676371266634,"stop":1676371266754,"duration":120}},{"uid":"10e7feaf7de05068","status":"broken","statusDetails":"no such element: Unable to locate element: {\"method\":\"xpath\",\"selector\":\"//input[@id='login-email']\"}\n  (Session info: chrome=109.0.5414.122)\nFor documentation on this error, please visit: https://www.seleniumhq.org/exceptions/no_such_element.html\nBuild info: version: '3.141.59', revision: 'e82be7d358', time: '2018-11-14T08:17:03'\nSystem info: host: 'ADMIN', ip: '192.168.31.72', os.name: 'Windows 10', os.arch: 'amd64', os.version: '10.0', java.version: '11.0.17'\nDriver info: org.openqa.selenium.chrome.ChromeDriver\nCapabilities {acceptInsecureCerts: false, browserName: chrome, browserVersion: 109.0.5414.122, chrome: {chromedriverVersion: 109.0.5414.74 (e7c5703604da..., userDataDir: C:\\Users\\Admin\\AppData\\Loca...}, goog:chromeOptions: {debuggerAddress: localhost:58147}, javascriptEnabled: true, networkConnectionEnabled: false, pageLoadStrategy: normal, platform: WINDOWS, platformName: WINDOWS, proxy: Proxy(), setWindowRect: true, strictFileInteractability: false, timeouts: {implicit: 0, pageLoad: 300000, script: 30000}, unhandledPromptBehavior: dismiss and notify, webauthn:extension:credBlob: true, webauthn:extension:largeBlob: true, webauthn:virtualAuthenticators: true}\nSession ID: 59753125aabe1abf40a8214cd3980734\n*** Element info: {Using=xpath, value=//input[@id='login-email']}","time":{"start":1676371193817,"stop":1676371193853,"duration":36}},{"uid":"919d75f7c889586f","status":"broken","statusDetails":"no such element: Unable to locate element: {\"method\":\"xpath\",\"selector\":\"//input[@id='login-email']\"}\n  (Session info: chrome=109.0.5414.122)\nFor documentation on this error, please visit: https://www.seleniumhq.org/exceptions/no_such_element.html\nBuild info: version: '3.141.59', revision: 'e82be7d358', time: '2018-11-14T08:17:03'\nSystem info: host: 'ADMIN', ip: '192.168.31.72', os.name: 'Windows 10', os.arch: 'amd64', os.version: '10.0', java.version: '11.0.17'\nDriver info: org.openqa.selenium.chrome.ChromeDriver\nCapabilities {acceptInsecureCerts: false, browserName: chrome, browserVersion: 109.0.5414.122, chrome: {chromedriverVersion: 109.0.5414.74 (e7c5703604da..., userDataDir: C:\\Users\\Admin\\AppData\\Loca...}, goog:chromeOptions: {debuggerAddress: localhost:57745}, javascriptEnabled: true, networkConnectionEnabled: false, pageLoadStrategy: normal, platform: WINDOWS, platformName: WINDOWS, proxy: Proxy(), setWindowRect: true, strictFileInteractability: false, timeouts: {implicit: 0, pageLoad: 300000, script: 30000}, unhandledPromptBehavior: dismiss and notify, webauthn:extension:credBlob: true, webauthn:extension:largeBlob: true, webauthn:virtualAuthenticators: true}\nSession ID: 26d81e702c86dcae865954f71dcbea50\n*** Element info: {Using=xpath, value=//input[@id='login-email']}","time":{"start":1676371002719,"stop":1676371002772,"duration":53}},{"uid":"511ec1ade747f238","status":"broken","statusDetails":"no such element: Unable to locate element: {\"method\":\"xpath\",\"selector\":\"//input[@id='login-email']\"}\n  (Session info: chrome=109.0.5414.122)\nFor documentation on this error, please visit: https://www.seleniumhq.org/exceptions/no_such_element.html\nBuild info: version: '3.141.59', revision: 'e82be7d358', time: '2018-11-14T08:17:03'\nSystem info: host: 'ADMIN', ip: '192.168.31.72', os.name: 'Windows 10', os.arch: 'amd64', os.version: '10.0', java.version: '11.0.17'\nDriver info: org.openqa.selenium.chrome.ChromeDriver\nCapabilities {acceptInsecureCerts: false, browserName: chrome, browserVersion: 109.0.5414.122, chrome: {chromedriverVersion: 109.0.5414.74 (e7c5703604da..., userDataDir: C:\\Users\\Admin\\AppData\\Loca...}, goog:chromeOptions: {debuggerAddress: localhost:57302}, javascriptEnabled: true, networkConnectionEnabled: false, pageLoadStrategy: normal, platform: WINDOWS, platformName: WINDOWS, proxy: Proxy(), setWindowRect: true, strictFileInteractability: false, timeouts: {implicit: 0, pageLoad: 300000, script: 30000}, unhandledPromptBehavior: dismiss and notify, webauthn:extension:credBlob: true, webauthn:extension:largeBlob: true, webauthn:virtualAuthenticators: true}\nSession ID: 480ccd961319b3733c9a17b99e3a4ce7\n*** Element info: {Using=xpath, value=//input[@id='login-email']}","time":{"start":1676370616688,"stop":1676370616735,"duration":47}},{"uid":"62288d67c32aa8b5","status":"broken","statusDetails":"no such element: Unable to locate element: {\"method\":\"xpath\",\"selector\":\"//input[@id='login-email']\"}\n  (Session info: chrome=109.0.5414.122)\nFor documentation on this error, please visit: https://www.seleniumhq.org/exceptions/no_such_element.html\nBuild info: version: '3.141.59', revision: 'e82be7d358', time: '2018-11-14T08:17:03'\nSystem info: host: 'ADMIN', ip: '192.168.31.72', os.name: 'Windows 10', os.arch: 'amd64', os.version: '10.0', java.version: '11.0.17'\nDriver info: org.openqa.selenium.chrome.ChromeDriver\nCapabilities {acceptInsecureCerts: false, browserName: chrome, browserVersion: 109.0.5414.122, chrome: {chromedriverVersion: 109.0.5414.74 (e7c5703604da..., userDataDir: C:\\Users\\Admin\\AppData\\Loca...}, goog:chromeOptions: {debuggerAddress: localhost:57141}, javascriptEnabled: true, networkConnectionEnabled: false, pageLoadStrategy: normal, platform: WINDOWS, platformName: WINDOWS, proxy: Proxy(), setWindowRect: true, strictFileInteractability: false, timeouts: {implicit: 0, pageLoad: 300000, script: 30000}, unhandledPromptBehavior: dismiss and notify, webauthn:extension:credBlob: true, webauthn:extension:largeBlob: true, webauthn:virtualAuthenticators: true}\nSession ID: 41c9421ab9800218e591c49c0310ff39\n*** Element info: {Using=xpath, value=//input[@id='login-email']}","time":{"start":1676370448298,"stop":1676370448342,"duration":44}},{"uid":"79806d12623195e5","status":"passed","time":{"start":1676369641427,"stop":1676369642124,"duration":697}},{"uid":"3732d61308d2c5b3","status":"passed","time":{"start":1676369391203,"stop":1676369392040,"duration":837}},{"uid":"173d957a579c62fe","status":"passed","time":{"start":1676369219968,"stop":1676369220960,"duration":992}},{"uid":"4b6a317d691b4d8b","status":"passed","time":{"start":1676368776688,"stop":1676368777224,"duration":536}},{"uid":"7d4d4fd51287879b","status":"broken","statusDetails":"no such element: Unable to locate element: {\"method\":\"xpath\",\"selector\":\"//input[@id='login-email']\"}\n  (Session info: chrome=109.0.5414.122)\nFor documentation on this error, please visit: https://www.seleniumhq.org/exceptions/no_such_element.html\nBuild info: version: '3.141.59', revision: 'e82be7d358', time: '2018-11-14T08:17:03'\nSystem info: host: 'ADMIN', ip: '192.168.31.72', os.name: 'Windows 10', os.arch: 'amd64', os.version: '10.0', java.version: '11.0.17'\nDriver info: org.openqa.selenium.chrome.ChromeDriver\nCapabilities {acceptInsecureCerts: false, browserName: chrome, browserVersion: 109.0.5414.122, chrome: {chromedriverVersion: 109.0.5414.74 (e7c5703604da..., userDataDir: C:\\Users\\Admin\\AppData\\Loca...}, goog:chromeOptions: {debuggerAddress: localhost:54557}, javascriptEnabled: true, networkConnectionEnabled: false, pageLoadStrategy: normal, platform: WINDOWS, platformName: WINDOWS, proxy: Proxy(), setWindowRect: true, strictFileInteractability: false, timeouts: {implicit: 0, pageLoad: 300000, script: 30000}, unhandledPromptBehavior: dismiss and notify, webauthn:extension:credBlob: true, webauthn:extension:largeBlob: true, webauthn:virtualAuthenticators: true}\nSession ID: 08ffe7df69c4e11f41ac6572f5d6287e\n*** Element info: {Using=xpath, value=//input[@id='login-email']}","time":{"start":1676368588396,"stop":1676368588460,"duration":64}},{"uid":"84e4f40ea0dfaf24","status":"broken","statusDetails":"no such element: Unable to locate element: {\"method\":\"xpath\",\"selector\":\"//input[@id='login-email']\"}\n  (Session info: chrome=109.0.5414.121)\nFor documentation on this error, please visit: https://www.seleniumhq.org/exceptions/no_such_element.html\nBuild info: version: '3.141.59', revision: 'e82be7d358', time: '2018-11-14T08:17:03'\nSystem info: host: 'ADMIN', ip: '192.168.31.72', os.name: 'Windows 10', os.arch: 'amd64', os.version: '10.0', java.version: '11.0.17'\nDriver info: org.openqa.selenium.chrome.ChromeDriver\nCapabilities {acceptInsecureCerts: false, browserName: chrome, browserVersion: 109.0.5414.121, chrome: {chromedriverVersion: 109.0.5414.74 (e7c5703604da..., userDataDir: C:\\Users\\Admin\\AppData\\Loca...}, goog:chromeOptions: {debuggerAddress: localhost:62702}, javascriptEnabled: true, networkConnectionEnabled: false, pageLoadStrategy: normal, platform: WINDOWS, platformName: WINDOWS, proxy: Proxy(), setWindowRect: true, strictFileInteractability: false, timeouts: {implicit: 0, pageLoad: 300000, script: 30000}, unhandledPromptBehavior: dismiss and notify, webauthn:extension:credBlob: true, webauthn:extension:largeBlob: true, webauthn:virtualAuthenticators: true}\nSession ID: 2f031ad6429ae72db2aa83758dad355d\n*** Element info: {Using=xpath, value=//input[@id='login-email']}","time":{"start":1676271278658,"stop":1676271278716,"duration":58}},{"uid":"e9e1970bd0000b5d","status":"passed","time":{"start":1672890500020,"stop":1672890500642,"duration":622}},{"uid":"2b178d59fcf9ef17","status":"passed","time":{"start":1672890062360,"stop":1672890062686,"duration":326}},{"uid":"1c2b6e15462c8165","status":"passed","time":{"start":1672889784612,"stop":1672889785007,"duration":395}},{"uid":"a1109d63c56ef48e","status":"passed","time":{"start":1672889327668,"stop":1672889328030,"duration":362}},{"uid":"46f85f5c31a73c0","status":"passed","time":{"start":1672740415444,"stop":1672740416020,"duration":576}},{"uid":"8b7c1a1dfc90169a","status":"broken","statusDetails":"no such element: Unable to locate element: {\"method\":\"xpath\",\"selector\":\"//input[@id='login-email']\"}\n  (Session info: chrome=108.0.5359.125)\nFor documentation on this error, please visit: https://www.seleniumhq.org/exceptions/no_such_element.html\nBuild info: version: '3.141.59', revision: 'e82be7d358', time: '2018-11-14T08:17:03'\nSystem info: host: 'ADMIN', ip: '192.168.31.66', os.name: 'Windows 10', os.arch: 'amd64', os.version: '10.0', java.version: '11.0.17'\nDriver info: org.openqa.selenium.chrome.ChromeDriver\nCapabilities {acceptInsecureCerts: false, browserName: chrome, browserVersion: 108.0.5359.125, chrome: {chromedriverVersion: 108.0.5359.71 (1e0e3868ee06..., userDataDir: C:\\Users\\Admin\\AppData\\Loca...}, goog:chromeOptions: {debuggerAddress: localhost:58096}, javascriptEnabled: true, networkConnectionEnabled: false, pageLoadStrategy: normal, platform: WINDOWS, platformName: WINDOWS, proxy: Proxy(), setWindowRect: true, strictFileInteractability: false, timeouts: {implicit: 0, pageLoad: 300000, script: 30000}, unhandledPromptBehavior: dismiss and notify, webauthn:extension:credBlob: true, webauthn:extension:largeBlob: true, webauthn:virtualAuthenticators: true}\nSession ID: e288e57b8031b36e09ed21d682ffc359\n*** Element info: {Using=xpath, value=//input[@id='login-email']}","time":{"start":1672739441621,"stop":1672739441693,"duration":72}},{"uid":"5f3b8b7826c0b7e","status":"broken","statusDetails":"no such element: Unable to locate element: {\"method\":\"xpath\",\"selector\":\"//input[@id='login-email']\"}\n  (Session info: chrome=108.0.5359.125)\nFor documentation on this error, please visit: https://www.seleniumhq.org/exceptions/no_such_element.html\nBuild info: version: '3.141.59', revision: 'e82be7d358', time: '2018-11-14T08:17:03'\nSystem info: host: 'ADMIN', ip: '192.168.31.66', os.name: 'Windows 10', os.arch: 'amd64', os.version: '10.0', java.version: '11.0.17'\nDriver info: org.openqa.selenium.chrome.ChromeDriver\nCapabilities {acceptInsecureCerts: false, browserName: chrome, browserVersion: 108.0.5359.125, chrome: {chromedriverVersion: 108.0.5359.71 (1e0e3868ee06..., userDataDir: C:\\Users\\Admin\\AppData\\Loca...}, goog:chromeOptions: {debuggerAddress: localhost:57859}, javascriptEnabled: true, networkConnectionEnabled: false, pageLoadStrategy: normal, platform: WINDOWS, platformName: WINDOWS, proxy: Proxy(), setWindowRect: true, strictFileInteractability: false, timeouts: {implicit: 0, pageLoad: 300000, script: 30000}, unhandledPromptBehavior: dismiss and notify, webauthn:extension:credBlob: true, webauthn:extension:largeBlob: true, webauthn:virtualAuthenticators: true}\nSession ID: 16cbf05ab450c12436e534aa9a04f90d\n*** Element info: {Using=xpath, value=//input[@id='login-email']}","time":{"start":1672739288311,"stop":1672739290094,"duration":1783}},{"uid":"65c45aa0095ce466","status":"broken","statusDetails":"no such element: Unable to locate element: {\"method\":\"xpath\",\"selector\":\"//input[@id='login-email']\"}\n  (Session info: chrome=108.0.5359.125)\nFor documentation on this error, please visit: https://www.seleniumhq.org/exceptions/no_such_element.html\nBuild info: version: '3.141.59', revision: 'e82be7d358', time: '2018-11-14T08:17:03'\nSystem info: host: 'ADMIN', ip: '192.168.31.66', os.name: 'Windows 10', os.arch: 'amd64', os.version: '10.0', java.version: '11.0.17'\nDriver info: org.openqa.selenium.chrome.ChromeDriver\nCapabilities {acceptInsecureCerts: false, browserName: chrome, browserVersion: 108.0.5359.125, chrome: {chromedriverVersion: 108.0.5359.71 (1e0e3868ee06..., userDataDir: C:\\Users\\Admin\\AppData\\Loca...}, goog:chromeOptions: {debuggerAddress: localhost:57606}, javascriptEnabled: true, networkConnectionEnabled: false, pageLoadStrategy: normal, platform: WINDOWS, platformName: WINDOWS, proxy: Proxy(), setWindowRect: true, strictFileInteractability: false, timeouts: {implicit: 0, pageLoad: 300000, script: 30000}, unhandledPromptBehavior: dismiss and notify, webauthn:extension:credBlob: true, webauthn:extension:largeBlob: true, webauthn:virtualAuthenticators: true}\nSession ID: 77033eaa0d40dca8b6dba152829a8ce9\n*** Element info: {Using=xpath, value=//input[@id='login-email']}","time":{"start":1672739155755,"stop":1672739155835,"duration":80}},{"uid":"b277f9e685fe44a9","status":"passed","time":{"start":1672392125125,"stop":1672392125466,"duration":341}},{"uid":"6ce93a4fa8d439b9","status":"passed","time":{"start":1672217337184,"stop":1672217338354,"duration":1170}},{"uid":"1505e8ae5c0fd1f5","status":"broken","statusDetails":"no such element: Unable to locate element: {\"method\":\"xpath\",\"selector\":\"//input[@id='login-email']\"}\n  (Session info: chrome=108.0.5359.125)\nFor documentation on this error, please visit: https://www.seleniumhq.org/exceptions/no_such_element.html\nBuild info: version: '3.141.59', revision: 'e82be7d358', time: '2018-11-14T08:17:03'\nSystem info: host: 'ADMIN', ip: '192.168.31.61', os.name: 'Windows 10', os.arch: 'amd64', os.version: '10.0', java.version: '11.0.17'\nDriver info: org.openqa.selenium.chrome.ChromeDriver\nCapabilities {acceptInsecureCerts: false, browserName: chrome, browserVersion: 108.0.5359.125, chrome: {chromedriverVersion: 108.0.5359.71 (1e0e3868ee06..., userDataDir: C:\\Users\\Admin\\AppData\\Loca...}, goog:chromeOptions: {debuggerAddress: localhost:53189}, javascriptEnabled: true, networkConnectionEnabled: false, pageLoadStrategy: normal, platform: WINDOWS, platformName: WINDOWS, proxy: Proxy(), setWindowRect: true, strictFileInteractability: false, timeouts: {implicit: 0, pageLoad: 300000, script: 30000}, unhandledPromptBehavior: dismiss and notify, webauthn:extension:credBlob: true, webauthn:extension:largeBlob: true, webauthn:virtualAuthenticators: true}\nSession ID: 25284b618a482016e75fe450a82a5d2f\n*** Element info: {Using=xpath, value=//input[@id='login-email']}","time":{"start":1672217247333,"stop":1672217247384,"duration":51}},{"uid":"6388abdcd495095f","status":"broken","statusDetails":"no such element: Unable to locate element: {\"method\":\"xpath\",\"selector\":\"//input[@id='login-email']\"}\n  (Session info: chrome=108.0.5359.125)\nFor documentation on this error, please visit: https://www.seleniumhq.org/exceptions/no_such_element.html\nBuild info: version: '3.141.59', revision: 'e82be7d358', time: '2018-11-14T08:17:03'\nSystem info: host: 'ADMIN', ip: '192.168.31.61', os.name: 'Windows 10', os.arch: 'amd64', os.version: '10.0', java.version: '11.0.17'\nDriver info: org.openqa.selenium.chrome.ChromeDriver\nCapabilities {acceptInsecureCerts: false, browserName: chrome, browserVersion: 108.0.5359.125, chrome: {chromedriverVersion: 108.0.5359.71 (1e0e3868ee06..., userDataDir: C:\\Users\\Admin\\AppData\\Loca...}, goog:chromeOptions: {debuggerAddress: localhost:56437}, javascriptEnabled: true, networkConnectionEnabled: false, pageLoadStrategy: normal, platform: WINDOWS, platformName: WINDOWS, proxy: Proxy(), setWindowRect: true, strictFileInteractability: false, timeouts: {implicit: 0, pageLoad: 300000, script: 30000}, unhandledPromptBehavior: dismiss and notify, webauthn:extension:credBlob: true, webauthn:extension:largeBlob: true, webauthn:virtualAuthenticators: true}\nSession ID: 5dd5fa7ba2abebb41de86fcd3a9d0e84\n*** Element info: {Using=xpath, value=//input[@id='login-email']}","time":{"start":1672216452729,"stop":1672216452980,"duration":251}},{"uid":"d1ae7815571588e1","status":"passed","time":{"start":1672216258095,"stop":1672216258470,"duration":375}},{"uid":"f35be4defd91d10","status":"passed","time":{"start":1672216084529,"stop":1672216084967,"duration":438}},{"uid":"56bf0311684c16cc","status":"passed","time":{"start":1672214742705,"stop":1672214743102,"duration":397}},{"uid":"804e7349ca5780b2","status":"broken","statusDetails":"no such element: Unable to locate element: {\"method\":\"xpath\",\"selector\":\"//input[@id='login-email']\"}\n  (Session info: chrome=108.0.5359.125)\nFor documentation on this error, please visit: https://www.seleniumhq.org/exceptions/no_such_element.html\nBuild info: version: '3.141.59', revision: 'e82be7d358', time: '2018-11-14T08:17:03'\nSystem info: host: 'ADMIN', ip: '192.168.31.61', os.name: 'Windows 10', os.arch: 'amd64', os.version: '10.0', java.version: '11.0.17'\nDriver info: org.openqa.selenium.chrome.ChromeDriver\nCapabilities {acceptInsecureCerts: false, browserName: chrome, browserVersion: 108.0.5359.125, chrome: {chromedriverVersion: 108.0.5359.71 (1e0e3868ee06..., userDataDir: C:\\Users\\Admin\\AppData\\Loca...}, goog:chromeOptions: {debuggerAddress: localhost:53422}, javascriptEnabled: true, networkConnectionEnabled: false, pageLoadStrategy: normal, platform: WINDOWS, platformName: WINDOWS, proxy: Proxy(), setWindowRect: true, strictFileInteractability: false, timeouts: {implicit: 0, pageLoad: 300000, script: 30000}, unhandledPromptBehavior: dismiss and notify, webauthn:extension:credBlob: true, webauthn:extension:largeBlob: true, webauthn:virtualAuthenticators: true}\nSession ID: 812692529f2ab51745610586faca5760\n*** Element info: {Using=xpath, value=//input[@id='login-email']}","time":{"start":1672214673820,"stop":1672214674337,"duration":517}},{"uid":"ae0a444f4cc78f91","status":"broken","statusDetails":"no such element: Unable to locate element: {\"method\":\"xpath\",\"selector\":\"//input[@id='login-email']\"}\n  (Session info: chrome=108.0.5359.125)\nFor documentation on this error, please visit: https://www.seleniumhq.org/exceptions/no_such_element.html\nBuild info: version: '3.141.59', revision: 'e82be7d358', time: '2018-11-14T08:17:03'\nSystem info: host: 'ADMIN', ip: '192.168.31.61', os.name: 'Windows 10', os.arch: 'amd64', os.version: '10.0', java.version: '11.0.17'\nDriver info: org.openqa.selenium.chrome.ChromeDriver\nCapabilities {acceptInsecureCerts: false, browserName: chrome, browserVersion: 108.0.5359.125, chrome: {chromedriverVersion: 108.0.5359.71 (1e0e3868ee06..., userDataDir: C:\\Users\\Admin\\AppData\\Loca...}, goog:chromeOptions: {debuggerAddress: localhost:53183}, javascriptEnabled: true, networkConnectionEnabled: false, pageLoadStrategy: normal, platform: WINDOWS, platformName: WINDOWS, proxy: Proxy(), setWindowRect: true, strictFileInteractability: false, timeouts: {implicit: 0, pageLoad: 300000, script: 30000}, unhandledPromptBehavior: dismiss and notify, webauthn:extension:credBlob: true, webauthn:extension:largeBlob: true, webauthn:virtualAuthenticators: true}\nSession ID: 955374ecc09d7488aec172bc653d24d1\n*** Element info: {Using=xpath, value=//input[@id='login-email']}","time":{"start":1672214598326,"stop":1672214598550,"duration":224}},{"uid":"81e751a77965014","status":"passed","time":{"start":1672214280549,"stop":1672214281095,"duration":546}},{"uid":"a5a704ba76b05c08","status":"passed","time":{"start":1672213750672,"stop":1672213751042,"duration":370}},{"uid":"3341c685f892eead","status":"broken","statusDetails":"no such element: Unable to locate element: {\"method\":\"xpath\",\"selector\":\"//input[@id='login-email']\"}\n  (Session info: chrome=108.0.5359.125)\nFor documentation on this error, please visit: https://www.seleniumhq.org/exceptions/no_such_element.html\nBuild info: version: '3.141.59', revision: 'e82be7d358', time: '2018-11-14T08:17:03'\nSystem info: host: 'ADMIN', ip: '192.168.31.61', os.name: 'Windows 10', os.arch: 'amd64', os.version: '10.0', java.version: '11.0.17'\nDriver info: org.openqa.selenium.chrome.ChromeDriver\nCapabilities {acceptInsecureCerts: false, browserName: chrome, browserVersion: 108.0.5359.125, chrome: {chromedriverVersion: 108.0.5359.71 (1e0e3868ee06..., userDataDir: C:\\Users\\Admin\\AppData\\Loca...}, goog:chromeOptions: {debuggerAddress: localhost:52080}, javascriptEnabled: true, networkConnectionEnabled: false, pageLoadStrategy: normal, platform: WINDOWS, platformName: WINDOWS, proxy: Proxy(), setWindowRect: true, strictFileInteractability: false, timeouts: {implicit: 0, pageLoad: 300000, script: 30000}, unhandledPromptBehavior: dismiss and notify, webauthn:extension:credBlob: true, webauthn:extension:largeBlob: true, webauthn:virtualAuthenticators: true}\nSession ID: e56d6fa7834a79348669c12dc7bc5da0\n*** Element info: {Using=xpath, value=//input[@id='login-email']}","time":{"start":1672213658895,"stop":1672213658958,"duration":63}},{"uid":"ac770bf127fdcf6f","status":"broken","statusDetails":"no such element: Unable to locate element: {\"method\":\"xpath\",\"selector\":\"//input[@id='login-email']\"}\n  (Session info: chrome=108.0.5359.125)\nFor documentation on this error, please visit: https://www.seleniumhq.org/exceptions/no_such_element.html\nBuild info: version: '3.141.59', revision: 'e82be7d358', time: '2018-11-14T08:17:03'\nSystem info: host: 'ADMIN', ip: '192.168.31.61', os.name: 'Windows 10', os.arch: 'amd64', os.version: '10.0', java.version: '11.0.17'\nDriver info: org.openqa.selenium.chrome.ChromeDriver\nCapabilities {acceptInsecureCerts: false, browserName: chrome, browserVersion: 108.0.5359.125, chrome: {chromedriverVersion: 108.0.5359.71 (1e0e3868ee06..., userDataDir: C:\\Users\\Admin\\AppData\\Loca...}, goog:chromeOptions: {debuggerAddress: localhost:52005}, javascriptEnabled: true, networkConnectionEnabled: false, pageLoadStrategy: normal, platform: WINDOWS, platformName: WINDOWS, proxy: Proxy(), setWindowRect: true, strictFileInteractability: false, timeouts: {implicit: 0, pageLoad: 300000, script: 30000}, unhandledPromptBehavior: dismiss and notify, webauthn:extension:credBlob: true, webauthn:extension:largeBlob: true, webauthn:virtualAuthenticators: true}\nSession ID: de6358bcbcee7731584fe72809ac930a\n*** Element info: {Using=xpath, value=//input[@id='login-email']}","time":{"start":1672213614314,"stop":1672213614420,"duration":106}},{"uid":"d215a4c30bc0de3b","status":"passed","time":{"start":1672213354494,"stop":1672213354946,"duration":452}},{"uid":"3e316f11b6fc1b73","status":"passed","time":{"start":1672212782204,"stop":1672212783145,"duration":941}},{"uid":"c6c9e4b1a9555cc0","status":"passed","time":{"start":1672212302237,"stop":1672212303743,"duration":1506}},{"uid":"6d6a4c831b07cdda","status":"broken","statusDetails":"no such element: Unable to locate element: {\"method\":\"xpath\",\"selector\":\"//input[@id='login-email']\"}\n  (Session info: chrome=108.0.5359.125)\nFor documentation on this error, please visit: https://www.seleniumhq.org/exceptions/no_such_element.html\nBuild info: version: '3.141.59', revision: 'e82be7d358', time: '2018-11-14T08:17:03'\nSystem info: host: 'ADMIN', ip: '192.168.31.61', os.name: 'Windows 10', os.arch: 'amd64', os.version: '10.0', java.version: '11.0.17'\nDriver info: org.openqa.selenium.chrome.ChromeDriver\nCapabilities {acceptInsecureCerts: false, browserName: chrome, browserVersion: 108.0.5359.125, chrome: {chromedriverVersion: 108.0.5359.71 (1e0e3868ee06..., userDataDir: C:\\Users\\Admin\\AppData\\Loca...}, goog:chromeOptions: {debuggerAddress: localhost:50124}, javascriptEnabled: true, networkConnectionEnabled: false, pageLoadStrategy: normal, platform: WINDOWS, platformName: WINDOWS, proxy: Proxy(), setWindowRect: true, strictFileInteractability: false, timeouts: {implicit: 0, pageLoad: 300000, script: 30000}, unhandledPromptBehavior: dismiss and notify, webauthn:extension:credBlob: true, webauthn:extension:largeBlob: true, webauthn:virtualAuthenticators: true}\nSession ID: 5d9844e14d0a6a0ae2bb501f31c300ed\n*** Element info: {Using=xpath, value=//input[@id='login-email']}","time":{"start":1672212145110,"stop":1672212145182,"duration":72}},{"uid":"d4458dc80d05e802","status":"broken","statusDetails":"no such element: Unable to locate element: {\"method\":\"xpath\",\"selector\":\"//input[@id='login-email']\"}\n  (Session info: chrome=108.0.5359.125)\nFor documentation on this error, please visit: https://www.seleniumhq.org/exceptions/no_such_element.html\nBuild info: version: '3.141.59', revision: 'e82be7d358', time: '2018-11-14T08:17:03'\nSystem info: host: 'ADMIN', ip: '192.168.31.61', os.name: 'Windows 10', os.arch: 'amd64', os.version: '10.0', java.version: '11.0.17'\nDriver info: org.openqa.selenium.chrome.ChromeDriver\nCapabilities {acceptInsecureCerts: false, browserName: chrome, browserVersion: 108.0.5359.125, chrome: {chromedriverVersion: 108.0.5359.71 (1e0e3868ee06..., userDataDir: C:\\Users\\Admin\\AppData\\Loca...}, goog:chromeOptions: {debuggerAddress: localhost:49983}, javascriptEnabled: true, networkConnectionEnabled: false, pageLoadStrategy: normal, platform: WINDOWS, platformName: WINDOWS, proxy: Proxy(), setWindowRect: true, strictFileInteractability: false, timeouts: {implicit: 0, pageLoad: 300000, script: 30000}, unhandledPromptBehavior: dismiss and notify, webauthn:extension:credBlob: true, webauthn:extension:largeBlob: true, webauthn:virtualAuthenticators: true}\nSession ID: 00507e7d3b952111f4e279a30101e7a0\n*** Element info: {Using=xpath, value=//input[@id='login-email']}","time":{"start":1672212070536,"stop":1672212070653,"duration":117}},{"uid":"c78dc78413193774","status":"broken","statusDetails":"no such element: Unable to locate element: {\"method\":\"xpath\",\"selector\":\"//input[@id='login-email']\"}\n  (Session info: chrome=108.0.5359.125)\nFor documentation on this error, please visit: https://www.seleniumhq.org/exceptions/no_such_element.html\nBuild info: version: '3.141.59', revision: 'e82be7d358', time: '2018-11-14T08:17:03'\nSystem info: host: 'ADMIN', ip: '192.168.31.61', os.name: 'Windows 10', os.arch: 'amd64', os.version: '10.0', java.version: '11.0.17'\nDriver info: org.openqa.selenium.chrome.ChromeDriver\nCapabilities {acceptInsecureCerts: false, browserName: chrome, browserVersion: 108.0.5359.125, chrome: {chromedriverVersion: 108.0.5359.71 (1e0e3868ee06..., userDataDir: C:\\Users\\Admin\\AppData\\Loca...}, goog:chromeOptions: {debuggerAddress: localhost:49630}, javascriptEnabled: true, networkConnectionEnabled: false, pageLoadStrategy: normal, platform: WINDOWS, platformName: WINDOWS, proxy: Proxy(), setWindowRect: true, strictFileInteractability: false, timeouts: {implicit: 0, pageLoad: 300000, script: 30000}, unhandledPromptBehavior: dismiss and notify, webauthn:extension:credBlob: true, webauthn:extension:largeBlob: true, webauthn:virtualAuthenticators: true}\nSession ID: 5a837a7a0227da4851191e09aea7ab7b\n*** Element info: {Using=xpath, value=//input[@id='login-email']}","time":{"start":1672211973108,"stop":1672211973180,"duration":72}},{"uid":"bc9eb216fb29f659","status":"passed","time":{"start":1672210241186,"stop":1672210242096,"duration":910}},{"uid":"763a5a459aef79b2","status":"broken","statusDetails":"no such element: Unable to locate element: {\"method\":\"xpath\",\"selector\":\"//input[@id='login-email']\"}\n  (Session info: chrome=108.0.5359.125)\nFor documentation on this error, please visit: https://www.seleniumhq.org/exceptions/no_such_element.html\nBuild info: version: '3.141.59', revision: 'e82be7d358', time: '2018-11-14T08:17:03'\nSystem info: host: 'ADMIN', ip: '192.168.31.62', os.name: 'Windows 10', os.arch: 'amd64', os.version: '10.0', java.version: '11.0.17'\nDriver info: org.openqa.selenium.chrome.ChromeDriver\nCapabilities {acceptInsecureCerts: false, browserName: chrome, browserVersion: 108.0.5359.125, chrome: {chromedriverVersion: 108.0.5359.71 (1e0e3868ee06..., userDataDir: C:\\Users\\Admin\\AppData\\Loca...}, goog:chromeOptions: {debuggerAddress: localhost:62683}, javascriptEnabled: true, networkConnectionEnabled: false, pageLoadStrategy: normal, platform: WINDOWS, platformName: WINDOWS, proxy: Proxy(), setWindowRect: true, strictFileInteractability: false, timeouts: {implicit: 0, pageLoad: 300000, script: 30000}, unhandledPromptBehavior: dismiss and notify, webauthn:extension:credBlob: true, webauthn:extension:largeBlob: true, webauthn:virtualAuthenticators: true}\nSession ID: 414fd68e20af3c8962d6f8494d720f42\n*** Element info: {Using=xpath, value=//input[@id='login-email']}","time":{"start":1672209860780,"stop":1672209861088,"duration":308}},{"uid":"23115cac22cde551","status":"broken","statusDetails":"no such element: Unable to locate element: {\"method\":\"xpath\",\"selector\":\"//input[@id='login-email']\"}\n  (Session info: chrome=108.0.5359.125)\nFor documentation on this error, please visit: https://www.seleniumhq.org/exceptions/no_such_element.html\nBuild info: version: '3.141.59', revision: 'e82be7d358', time: '2018-11-14T08:17:03'\nSystem info: host: 'ADMIN', ip: '192.168.31.62', os.name: 'Windows 10', os.arch: 'amd64', os.version: '10.0', java.version: '11.0.17'\nDriver info: org.openqa.selenium.chrome.ChromeDriver\nCapabilities {acceptInsecureCerts: false, browserName: chrome, browserVersion: 108.0.5359.125, chrome: {chromedriverVersion: 108.0.5359.71 (1e0e3868ee06..., userDataDir: C:\\Users\\Admin\\AppData\\Loca...}, goog:chromeOptions: {debuggerAddress: localhost:62416}, javascriptEnabled: true, networkConnectionEnabled: false, pageLoadStrategy: normal, platform: WINDOWS, platformName: WINDOWS, proxy: Proxy(), setWindowRect: true, strictFileInteractability: false, timeouts: {implicit: 0, pageLoad: 300000, script: 30000}, unhandledPromptBehavior: dismiss and notify, webauthn:extension:credBlob: true, webauthn:extension:largeBlob: true, webauthn:virtualAuthenticators: true}\nSession ID: 070e15d3bafc993a8d8f108e622e1e54\n*** Element info: {Using=xpath, value=//input[@id='login-email']}","time":{"start":1672209698277,"stop":1672209698442,"duration":165}},{"uid":"45b46e5f2d010dd3","status":"passed","time":{"start":1672209356363,"stop":1672209357407,"duration":1044}},{"uid":"92c193c7f78098e8","status":"broken","statusDetails":"no such element: Unable to locate element: {\"method\":\"xpath\",\"selector\":\"//input[@id='login-email']\"}\n  (Session info: chrome=108.0.5359.125)\nFor documentation on this error, please visit: https://www.seleniumhq.org/exceptions/no_such_element.html\nBuild info: version: '3.141.59', revision: 'e82be7d358', time: '2018-11-14T08:17:03'\nSystem info: host: 'ADMIN', ip: '192.168.31.62', os.name: 'Windows 10', os.arch: 'amd64', os.version: '10.0', java.version: '11.0.17'\nDriver info: org.openqa.selenium.chrome.ChromeDriver\nCapabilities {acceptInsecureCerts: false, browserName: chrome, browserVersion: 108.0.5359.125, chrome: {chromedriverVersion: 108.0.5359.71 (1e0e3868ee06..., userDataDir: C:\\Users\\Admin\\AppData\\Loca...}, goog:chromeOptions: {debuggerAddress: localhost:61718}, javascriptEnabled: true, networkConnectionEnabled: false, pageLoadStrategy: normal, platform: WINDOWS, platformName: WINDOWS, proxy: Proxy(), setWindowRect: true, strictFileInteractability: false, timeouts: {implicit: 0, pageLoad: 300000, script: 30000}, unhandledPromptBehavior: dismiss and notify, webauthn:extension:credBlob: true, webauthn:extension:largeBlob: true, webauthn:virtualAuthenticators: true}\nSession ID: 21e79c2e419078f90302f9a4b32605c0\n*** Element info: {Using=xpath, value=//input[@id='login-email']}","time":{"start":1672209246277,"stop":1672209246317,"duration":40}},{"uid":"816de640cce2962c","status":"passed","time":{"start":1672208844278,"stop":1672208845658,"duration":1380}},{"uid":"c3578b1db96bdacd","status":"passed","time":{"start":1672208241400,"stop":1672208241942,"duration":542}},{"uid":"78ffa925b9c5a2fd","status":"passed","time":{"start":1672207563694,"stop":1672207564298,"duration":604}},{"uid":"6cd0f094f716aa","status":"passed","time":{"start":1672206758855,"stop":1672206759336,"duration":481}},{"uid":"c8843761bf373dcd","status":"passed","time":{"start":1672206439846,"stop":1672206440554,"duration":708}},{"uid":"e93c090b9a1a208","status":"passed","time":{"start":1672205498664,"stop":1672205500012,"duration":1348}},{"uid":"c3bec7e503131582","status":"passed","time":{"start":1672205155964,"stop":1672205156584,"duration":620}},{"uid":"7c98f2010aa28096","status":"passed","time":{"start":1672205022992,"stop":1672205024099,"duration":1107}},{"uid":"ce8d7e8ca2915e63","status":"passed","time":{"start":1672193700522,"stop":1672193701119,"duration":597}},{"uid":"5612b89e15b1eac3","status":"passed","time":{"start":1672135471935,"stop":1672135472256,"duration":321}},{"uid":"f2f592c2514bd771","status":"passed","time":{"start":1672135213326,"stop":1672135213702,"duration":376}},{"uid":"1a8eff8277ce7de2","status":"passed","time":{"start":1672134875420,"stop":1672134875813,"duration":393}},{"uid":"a810ee2473d8503b","status":"passed","time":{"start":1672134356500,"stop":1672134356995,"duration":495}},{"uid":"9008e6dfe99a3c71","status":"broken","statusDetails":"no such element: Unable to locate element: {\"method\":\"xpath\",\"selector\":\"//input[@id='login-email']\"}\n  (Session info: chrome=108.0.5359.125)\nFor documentation on this error, please visit: https://www.seleniumhq.org/exceptions/no_such_element.html\nBuild info: version: '3.141.59', revision: 'e82be7d358', time: '2018-11-14T08:17:03'\nSystem info: host: 'ADMIN', ip: '192.168.31.62', os.name: 'Windows 10', os.arch: 'amd64', os.version: '10.0', java.version: '11.0.17'\nDriver info: org.openqa.selenium.chrome.ChromeDriver\nCapabilities {acceptInsecureCerts: false, browserName: chrome, browserVersion: 108.0.5359.125, chrome: {chromedriverVersion: 108.0.5359.71 (1e0e3868ee06..., userDataDir: C:\\Users\\Admin\\AppData\\Loca...}, goog:chromeOptions: {debuggerAddress: localhost:49844}, javascriptEnabled: true, networkConnectionEnabled: false, pageLoadStrategy: normal, platform: WINDOWS, platformName: WINDOWS, proxy: Proxy(), setWindowRect: true, strictFileInteractability: false, timeouts: {implicit: 0, pageLoad: 300000, script: 30000}, unhandledPromptBehavior: dismiss and notify, webauthn:extension:credBlob: true, webauthn:extension:largeBlob: true, webauthn:virtualAuthenticators: true}\nSession ID: c73fb22f1845d62da0671269504ddda2\n*** Element info: {Using=xpath, value=//input[@id='login-email']}","time":{"start":1672134180513,"stop":1672134180563,"duration":50}},{"uid":"56a414b99fdff20b","status":"broken","statusDetails":"no such element: Unable to locate element: {\"method\":\"xpath\",\"selector\":\"//input[@id='login-email']\"}\n  (Session info: chrome=108.0.5359.125)\nFor documentation on this error, please visit: https://www.seleniumhq.org/exceptions/no_such_element.html\nBuild info: version: '3.141.59', revision: 'e82be7d358', time: '2018-11-14T08:17:03'\nSystem info: host: 'ADMIN', ip: '192.168.31.62', os.name: 'Windows 10', os.arch: 'amd64', os.version: '10.0', java.version: '11.0.17'\nDriver info: org.openqa.selenium.chrome.ChromeDriver\nCapabilities {acceptInsecureCerts: false, browserName: chrome, browserVersion: 108.0.5359.125, chrome: {chromedriverVersion: 108.0.5359.71 (1e0e3868ee06..., userDataDir: C:\\Users\\Admin\\AppData\\Loca...}, goog:chromeOptions: {debuggerAddress: localhost:49565}, javascriptEnabled: true, networkConnectionEnabled: false, pageLoadStrategy: normal, platform: WINDOWS, platformName: WINDOWS, proxy: Proxy(), setWindowRect: true, strictFileInteractability: false, timeouts: {implicit: 0, pageLoad: 300000, script: 30000}, unhandledPromptBehavior: dismiss and notify, webauthn:extension:credBlob: true, webauthn:extension:largeBlob: true, webauthn:virtualAuthenticators: true}\nSession ID: 0fa83ea6e8423a7b8ab321e149bce351\n*** Element info: {Using=xpath, value=//input[@id='login-email']}","time":{"start":1672134095410,"stop":1672134095475,"duration":65}},{"uid":"9e8270a8f98ed412","status":"passed","time":{"start":1672133991182,"stop":1672133991600,"duration":418}},{"uid":"f900848c4e1c17ba","status":"broken","statusDetails":"no such element: Unable to locate element: {\"method\":\"xpath\",\"selector\":\"//input[@id='login-email']\"}\n  (Session info: chrome=108.0.5359.125)\nFor documentation on this error, please visit: https://www.seleniumhq.org/exceptions/no_such_element.html\nBuild info: version: '3.141.59', revision: 'e82be7d358', time: '2018-11-14T08:17:03'\nSystem info: host: 'ADMIN', ip: '192.168.31.62', os.name: 'Windows 10', os.arch: 'amd64', os.version: '10.0', java.version: '11.0.17'\nDriver info: org.openqa.selenium.chrome.ChromeDriver\nCapabilities {acceptInsecureCerts: false, browserName: chrome, browserVersion: 108.0.5359.125, chrome: {chromedriverVersion: 108.0.5359.71 (1e0e3868ee06..., userDataDir: C:\\Users\\Admin\\AppData\\Loca...}, goog:chromeOptions: {debuggerAddress: localhost:49250}, javascriptEnabled: true, networkConnectionEnabled: false, pageLoadStrategy: normal, platform: WINDOWS, platformName: WINDOWS, proxy: Proxy(), setWindowRect: true, strictFileInteractability: false, timeouts: {implicit: 0, pageLoad: 300000, script: 30000}, unhandledPromptBehavior: dismiss and notify, webauthn:extension:credBlob: true, webauthn:extension:largeBlob: true, webauthn:virtualAuthenticators: true}\nSession ID: a92e106a05e7bdb74a9f4dfe44815402\n*** Element info: {Using=xpath, value=//input[@id='login-email']}","time":{"start":1672133924121,"stop":1672133924159,"duration":38}},{"uid":"7c677d8eb25d3a6a","status":"passed","time":{"start":1672133560344,"stop":1672133560935,"duration":591}},{"uid":"fb3fb9c2cc2f432b","status":"passed","time":{"start":1672130928023,"stop":1672130929116,"duration":1093}},{"uid":"ace7b43a27de4e82","status":"passed","time":{"start":1672130700291,"stop":1672130700750,"duration":459}},{"uid":"e465c857668cafc8","status":"passed","time":{"start":1672130437664,"stop":1672130438082,"duration":418}},{"uid":"9d466d57b7cce7f2","status":"passed","time":{"start":1672130166185,"stop":1672130166718,"duration":533}},{"uid":"a8f6f80a3395294b","status":"passed","time":{"start":1672129411076,"stop":1672129411493,"duration":417}},{"uid":"ec2d404723a0c6e","status":"broken","statusDetails":"no such element: Unable to locate element: {\"method\":\"xpath\",\"selector\":\"//input[@id='login-email']\"}\n  (Session info: chrome=108.0.5359.125)\nFor documentation on this error, please visit: https://www.seleniumhq.org/exceptions/no_such_element.html\nBuild info: version: '3.141.59', revision: 'e82be7d358', time: '2018-11-14T08:17:03'\nSystem info: host: 'ADMIN', ip: '192.168.31.62', os.name: 'Windows 10', os.arch: 'amd64', os.version: '10.0', java.version: '11.0.17'\nDriver info: org.openqa.selenium.chrome.ChromeDriver\nCapabilities {acceptInsecureCerts: false, browserName: chrome, browserVersion: 108.0.5359.125, chrome: {chromedriverVersion: 108.0.5359.71 (1e0e3868ee06..., userDataDir: C:\\Users\\Admin\\AppData\\Loca...}, goog:chromeOptions: {debuggerAddress: localhost:57601}, javascriptEnabled: true, networkConnectionEnabled: false, pageLoadStrategy: normal, platform: WINDOWS, platformName: WINDOWS, proxy: Proxy(), setWindowRect: true, strictFileInteractability: false, timeouts: {implicit: 0, pageLoad: 300000, script: 30000}, unhandledPromptBehavior: dismiss and notify, webauthn:extension:credBlob: true, webauthn:extension:largeBlob: true, webauthn:virtualAuthenticators: true}\nSession ID: 8493f1313d470d299c62fcf4666239c4\n*** Element info: {Using=xpath, value=//input[@id='login-email']}","time":{"start":1672129365923,"stop":1672129365948,"duration":25}},{"uid":"d3b1160e252c78c5","status":"broken","statusDetails":"no such element: Unable to locate element: {\"method\":\"xpath\",\"selector\":\"//input[@id='login-email']\"}\n  (Session info: chrome=108.0.5359.125)\nFor documentation on this error, please visit: https://www.seleniumhq.org/exceptions/no_such_element.html\nBuild info: version: '3.141.59', revision: 'e82be7d358', time: '2018-11-14T08:17:03'\nSystem info: host: 'ADMIN', ip: '192.168.31.62', os.name: 'Windows 10', os.arch: 'amd64', os.version: '10.0', java.version: '11.0.17'\nDriver info: org.openqa.selenium.chrome.ChromeDriver\nCapabilities {acceptInsecureCerts: false, browserName: chrome, browserVersion: 108.0.5359.125, chrome: {chromedriverVersion: 108.0.5359.71 (1e0e3868ee06..., userDataDir: C:\\Users\\Admin\\AppData\\Loca...}, goog:chromeOptions: {debuggerAddress: localhost:57344}, javascriptEnabled: true, networkConnectionEnabled: false, pageLoadStrategy: normal, platform: WINDOWS, platformName: WINDOWS, proxy: Proxy(), setWindowRect: true, strictFileInteractability: false, timeouts: {implicit: 0, pageLoad: 300000, script: 30000}, unhandledPromptBehavior: dismiss and notify, webauthn:extension:credBlob: true, webauthn:extension:largeBlob: true, webauthn:virtualAuthenticators: true}\nSession ID: dceb63cc300803e911bfe85e5d1db2cc\n*** Element info: {Using=xpath, value=//input[@id='login-email']}","time":{"start":1672129300061,"stop":1672129300104,"duration":43}},{"uid":"f910597e1d96296a","status":"passed","time":{"start":1672128757807,"stop":1672128758168,"duration":361}},{"uid":"a7fda587c2a9a709","status":"passed","time":{"start":1672128564236,"stop":1672128564680,"duration":444}},{"uid":"2e674d5658fba03c","status":"broken","statusDetails":"no such element: Unable to locate element: {\"method\":\"xpath\",\"selector\":\"//input[@id='login-email']\"}\n  (Session info: chrome=108.0.5359.125)\nFor documentation on this error, please visit: https://www.seleniumhq.org/exceptions/no_such_element.html\nBuild info: version: '3.141.59', revision: 'e82be7d358', time: '2018-11-14T08:17:03'\nSystem info: host: 'ADMIN', ip: '192.168.31.62', os.name: 'Windows 10', os.arch: 'amd64', os.version: '10.0', java.version: '11.0.17'\nDriver info: org.openqa.selenium.chrome.ChromeDriver\nCapabilities {acceptInsecureCerts: false, browserName: chrome, browserVersion: 108.0.5359.125, chrome: {chromedriverVersion: 108.0.5359.71 (1e0e3868ee06..., userDataDir: C:\\Users\\Admin\\AppData\\Loca...}, goog:chromeOptions: {debuggerAddress: localhost:56093}, javascriptEnabled: true, networkConnectionEnabled: false, pageLoadStrategy: normal, platform: WINDOWS, platformName: WINDOWS, proxy: Proxy(), setWindowRect: true, strictFileInteractability: false, timeouts: {implicit: 0, pageLoad: 300000, script: 30000}, unhandledPromptBehavior: dismiss and notify, webauthn:extension:credBlob: true, webauthn:extension:largeBlob: true, webauthn:virtualAuthenticators: true}\nSession ID: 495775600aa1dfa3caeb23238de50b56\n*** Element info: {Using=xpath, value=//input[@id='login-email']}","time":{"start":1672128468056,"stop":1672128468102,"duration":46}},{"uid":"a40f31ba672704e3","status":"broken","statusDetails":"no such element: Unable to locate element: {\"method\":\"xpath\",\"selector\":\"//input[@id='login-email']\"}\n  (Session info: chrome=108.0.5359.125)\nFor documentation on this error, please visit: https://www.seleniumhq.org/exceptions/no_such_element.html\nBuild info: version: '3.141.59', revision: 'e82be7d358', time: '2018-11-14T08:17:03'\nSystem info: host: 'ADMIN', ip: '192.168.31.62', os.name: 'Windows 10', os.arch: 'amd64', os.version: '10.0', java.version: '11.0.17'\nDriver info: org.openqa.selenium.chrome.ChromeDriver\nCapabilities {acceptInsecureCerts: false, browserName: chrome, browserVersion: 108.0.5359.125, chrome: {chromedriverVersion: 108.0.5359.71 (1e0e3868ee06..., userDataDir: C:\\Users\\Admin\\AppData\\Loca...}, goog:chromeOptions: {debuggerAddress: localhost:55911}, javascriptEnabled: true, networkConnectionEnabled: false, pageLoadStrategy: normal, platform: WINDOWS, platformName: WINDOWS, proxy: Proxy(), setWindowRect: true, strictFileInteractability: false, timeouts: {implicit: 0, pageLoad: 300000, script: 30000}, unhandledPromptBehavior: dismiss and notify, webauthn:extension:credBlob: true, webauthn:extension:largeBlob: true, webauthn:virtualAuthenticators: true}\nSession ID: 3bc43617b4aacc986e47fd39b68d678b\n*** Element info: {Using=xpath, value=//input[@id='login-email']}","time":{"start":1672128372752,"stop":1672128372779,"duration":27}},{"uid":"17ba2e707a2e5b28","status":"broken","statusDetails":"no such element: Unable to locate element: {\"method\":\"xpath\",\"selector\":\"//input[@id='login-email']\"}\n  (Session info: chrome=108.0.5359.125)\nFor documentation on this error, please visit: https://www.seleniumhq.org/exceptions/no_such_element.html\nBuild info: version: '3.141.59', revision: 'e82be7d358', time: '2018-11-14T08:17:03'\nSystem info: host: 'ADMIN', ip: '192.168.31.62', os.name: 'Windows 10', os.arch: 'amd64', os.version: '10.0', java.version: '11.0.17'\nDriver info: org.openqa.selenium.chrome.ChromeDriver\nCapabilities {acceptInsecureCerts: false, browserName: chrome, browserVersion: 108.0.5359.125, chrome: {chromedriverVersion: 108.0.5359.71 (1e0e3868ee06..., userDataDir: C:\\Users\\Admin\\AppData\\Loca...}, goog:chromeOptions: {debuggerAddress: localhost:55808}, javascriptEnabled: true, networkConnectionEnabled: false, pageLoadStrategy: normal, platform: WINDOWS, platformName: WINDOWS, proxy: Proxy(), setWindowRect: true, strictFileInteractability: false, timeouts: {implicit: 0, pageLoad: 300000, script: 30000}, unhandledPromptBehavior: dismiss and notify, webauthn:extension:credBlob: true, webauthn:extension:largeBlob: true, webauthn:virtualAuthenticators: true}\nSession ID: efd04dbb33957882d1f5190176bfd637\n*** Element info: {Using=xpath, value=//input[@id='login-email']}","time":{"start":1672128326581,"stop":1672128326613,"duration":32}},{"uid":"b8004e065f393ad0","status":"passed","time":{"start":1672128193595,"stop":1672128194162,"duration":567}},{"uid":"a39378242ae01917","status":"passed","time":{"start":1672127959482,"stop":1672127959962,"duration":480}},{"uid":"c0dd376b809b2e99","status":"broken","statusDetails":"no such element: Unable to locate element: {\"method\":\"xpath\",\"selector\":\"//input[@id='login-email']\"}\n  (Session info: chrome=108.0.5359.125)\nFor documentation on this error, please visit: https://www.seleniumhq.org/exceptions/no_such_element.html\nBuild info: version: '3.141.59', revision: 'e82be7d358', time: '2018-11-14T08:17:03'\nSystem info: host: 'ADMIN', ip: '192.168.31.62', os.name: 'Windows 10', os.arch: 'amd64', os.version: '10.0', java.version: '11.0.17'\nDriver info: org.openqa.selenium.chrome.ChromeDriver\nCapabilities {acceptInsecureCerts: false, browserName: chrome, browserVersion: 108.0.5359.125, chrome: {chromedriverVersion: 108.0.5359.71 (1e0e3868ee06..., userDataDir: C:\\Users\\Admin\\AppData\\Loca...}, goog:chromeOptions: {debuggerAddress: localhost:54982}, javascriptEnabled: true, networkConnectionEnabled: false, pageLoadStrategy: normal, platform: WINDOWS, platformName: WINDOWS, proxy: Proxy(), setWindowRect: true, strictFileInteractability: false, timeouts: {implicit: 0, pageLoad: 300000, script: 30000}, unhandledPromptBehavior: dismiss and notify, webauthn:extension:credBlob: true, webauthn:extension:largeBlob: true, webauthn:virtualAuthenticators: true}\nSession ID: ee800df2885bbddc51b825a515f9c315\n*** Element info: {Using=xpath, value=//input[@id='login-email']}","time":{"start":1672127882941,"stop":1672127882983,"duration":42}},{"uid":"4586c762c429d9f4","status":"passed","time":{"start":1672127484715,"stop":1672127485066,"duration":351}},{"uid":"9db530f45d0a9fe8","status":"passed","time":{"start":1672127264024,"stop":1672127264978,"duration":954}},{"uid":"2770bf881282d36e","status":"passed","time":{"start":1672126691593,"stop":1672126692665,"duration":1072}},{"uid":"b712df4e5b552836","status":"passed","time":{"start":1672126222258,"stop":1672126222575,"duration":317}},{"uid":"eb22e104a8795e87","status":"passed","time":{"start":1672126097511,"stop":1672126098619,"duration":1108}},{"uid":"6014ed12d3a8b7af","status":"passed","time":{"start":1672125582185,"stop":1672125583225,"duration":1040}},{"uid":"146705ee1a027a65","status":"passed","time":{"start":1672125386337,"stop":1672125388241,"duration":1904}},{"uid":"32cd374cbd59a09f","status":"passed","time":{"start":1672125184117,"stop":1672125184621,"duration":504}},{"uid":"a6196006722dd002","status":"passed","time":{"start":1672125056192,"stop":1672125056705,"duration":513}},{"uid":"542651d12eca2aaa","status":"passed","time":{"start":1671782628541,"stop":1671782629710,"duration":1169}},{"uid":"3315bbb9c0ff0d7a","status":"passed","time":{"start":1671780692280,"stop":1671780692641,"duration":361}},{"uid":"b8410e1a6bf8d030","status":"passed","time":{"start":1671780403661,"stop":1671780406704,"duration":3043}},{"uid":"ddefb0e1e5116871","status":"passed","time":{"start":1671780129642,"stop":1671780132069,"duration":2427}},{"uid":"f9f31b4a05ed992e","status":"passed","time":{"start":1671779917761,"stop":1671779919093,"duration":1332}},{"uid":"cbe7f2e853873f2c","status":"passed","time":{"start":1671776814156,"stop":1671776814773,"duration":617}},{"uid":"29aa21ae904756c","status":"passed","time":{"start":1671771864153,"stop":1671771865120,"duration":967}},{"uid":"af2e6d24fdd60901","status":"passed","time":{"start":1671771593580,"stop":1671771594243,"duration":663}},{"uid":"4adea2a48752f0f6","status":"passed","time":{"start":1671771388733,"stop":1671771389913,"duration":1180}},{"uid":"f0199fed82310aa9","status":"passed","time":{"start":1671770800832,"stop":1671770802859,"duration":2027}},{"uid":"ba153bf20532bf59","status":"passed","time":{"start":1671770374733,"stop":1671770377264,"duration":2531}},{"uid":"18ffd0e4bfcf6f2e","status":"passed","time":{"start":1671769870903,"stop":1671769871874,"duration":971}},{"uid":"60030cbf3288cea8","status":"passed","time":{"start":1671769370771,"stop":1671769371314,"duration":543}},{"uid":"36b8d86dd2f74c10","status":"passed","time":{"start":1671769153108,"stop":1671769154296,"duration":1188}},{"uid":"811538b01c879dbb","status":"passed","time":{"start":1671767902698,"stop":1671767903656,"duration":958}},{"uid":"3970ba2075893c47","status":"passed","time":{"start":1671767580356,"stop":1671767581737,"duration":1381}},{"uid":"833aa42dfb9effd3","status":"passed","time":{"start":1671766231732,"stop":1671766232295,"duration":563}},{"uid":"13dbdf36a1a97a2c","status":"broken","statusDetails":"no such element: Unable to locate element: {\"method\":\"xpath\",\"selector\":\"//input[@id='login-email']\"}\n  (Session info: chrome=108.0.5359.125)\nFor documentation on this error, please visit: https://www.seleniumhq.org/exceptions/no_such_element.html\nBuild info: version: '3.141.59', revision: 'e82be7d358', time: '2018-11-14T08:17:03'\nSystem info: host: 'ADMIN', ip: '192.168.31.63', os.name: 'Windows 10', os.arch: 'amd64', os.version: '10.0', java.version: '11.0.17'\nDriver info: org.openqa.selenium.chrome.ChromeDriver\nCapabilities {acceptInsecureCerts: false, browserName: chrome, browserVersion: 108.0.5359.125, chrome: {chromedriverVersion: 108.0.5359.71 (1e0e3868ee06..., userDataDir: C:\\Users\\Admin\\AppData\\Loca...}, goog:chromeOptions: {debuggerAddress: localhost:53633}, javascriptEnabled: true, networkConnectionEnabled: false, pageLoadStrategy: normal, platform: WINDOWS, platformName: WINDOWS, proxy: Proxy(), setWindowRect: true, strictFileInteractability: false, timeouts: {implicit: 0, pageLoad: 300000, script: 30000}, unhandledPromptBehavior: dismiss and notify, webauthn:extension:credBlob: true, webauthn:extension:largeBlob: true, webauthn:virtualAuthenticators: true}\nSession ID: 3d11e451e5f279248e7fe0b193c36814\n*** Element info: {Using=xpath, value=//input[@id='login-email']}","time":{"start":1671766078613,"stop":1671766078980,"duration":367}},{"uid":"25909a2221ce8c0c","status":"passed","time":{"start":1671765777470,"stop":1671765779739,"duration":2269}},{"uid":"6159961d4d561e0","status":"passed","time":{"start":1671765444841,"stop":1671765446270,"duration":1429}},{"uid":"512a9c8f04a0f22","status":"passed","time":{"start":1670229967873,"stop":1670229968468,"duration":595}},{"uid":"55ae1f9931a1bd34","status":"passed","time":{"start":1670213619775,"stop":1670213620243,"duration":468}},{"uid":"4efe95cdae430528","status":"passed","time":{"start":1670213049503,"stop":1670213050166,"duration":663}},{"uid":"6018a51394c7259b","status":"passed","time":{"start":1670212339761,"stop":1670212340274,"duration":513}},{"uid":"ec00d3cf93766cf3","status":"passed","time":{"start":1670212129393,"stop":1670212130201,"duration":808}},{"uid":"aedb7d42673d1dae","status":"passed","time":{"start":1670211934538,"stop":1670211935170,"duration":632}},{"uid":"cbecd8adf589033f","status":"passed","time":{"start":1670043846360,"stop":1670043847332,"duration":972}},{"uid":"b434e98e686fc00a","status":"passed","time":{"start":1670043679622,"stop":1670043680265,"duration":643}},{"uid":"3ee55fd75e49d6b8","status":"passed","time":{"start":1670043403743,"stop":1670043404731,"duration":988}},{"uid":"46e1b92fe2b65736","status":"passed","time":{"start":1670042617784,"stop":1670042618191,"duration":407}},{"uid":"1af54d15168adb2c","status":"passed","time":{"start":1670042272012,"stop":1670042272535,"duration":523}},{"uid":"13303bce9f4bd4aa","status":"passed","time":{"start":1670041860775,"stop":1670041861225,"duration":450}},{"uid":"3955a82b214bc4ef","status":"passed","time":{"start":1670041710901,"stop":1670041711429,"duration":528}},{"uid":"7e18d78d243aa7bc","status":"passed","time":{"start":1670041461097,"stop":1670041461621,"duration":524}},{"uid":"fbfcc07e83f34a37","status":"passed","time":{"start":1670041257533,"stop":1670041258115,"duration":582}},{"uid":"338bfe8a81b4ed8","status":"passed","time":{"start":1670040950296,"stop":1670040951472,"duration":1176}},{"uid":"b470ea457fdafc0c","status":"passed","time":{"start":1670040532110,"stop":1670040533001,"duration":891}},{"uid":"940ace303388083e","status":"passed","time":{"start":1670040351202,"stop":1670040351537,"duration":335}},{"uid":"97768e44f2e48749","status":"broken","statusDetails":"no such element: Unable to locate element: {\"method\":\"xpath\",\"selector\":\"//input[@id='login-email']\"}\n  (Session info: chrome=107.0.5304.123)\nFor documentation on this error, please visit: https://www.seleniumhq.org/exceptions/no_such_element.html\nBuild info: version: '3.141.59', revision: 'e82be7d358', time: '2018-11-14T08:17:03'\nSystem info: host: 'ADMIN', ip: '192.168.31.64', os.name: 'Windows 10', os.arch: 'amd64', os.version: '10.0', java.version: '11.0.17'\nDriver info: org.openqa.selenium.chrome.ChromeDriver\nCapabilities {acceptInsecureCerts: false, browserName: chrome, browserVersion: 107.0.5304.123, chrome: {chromedriverVersion: 107.0.5304.62 (1eec40d3a576..., userDataDir: C:\\Users\\Admin\\AppData\\Loca...}, goog:chromeOptions: {debuggerAddress: localhost:61992}, javascriptEnabled: true, networkConnectionEnabled: false, pageLoadStrategy: normal, platform: WINDOWS, platformName: WINDOWS, proxy: Proxy(), setWindowRect: true, strictFileInteractability: false, timeouts: {implicit: 0, pageLoad: 300000, script: 30000}, unhandledPromptBehavior: dismiss and notify, webauthn:extension:credBlob: true, webauthn:extension:largeBlob: true, webauthn:virtualAuthenticators: true}\nSession ID: a7d9dfc64417794b558fb2c3977c7b17\n*** Element info: {Using=xpath, value=//input[@id='login-email']}","time":{"start":1669966682052,"stop":1669966682185,"duration":133}},{"uid":"6440b786471b8faa","status":"passed","time":{"start":1669962047561,"stop":1669962047994,"duration":433}},{"uid":"62bba011b606186e","status":"passed","time":{"start":1669957092336,"stop":1669957092851,"duration":515}},{"uid":"2f7d502e90602e71","status":"passed","time":{"start":1669956737535,"stop":1669956738917,"duration":1382}},{"uid":"a878528e4de9bd48","status":"broken","statusDetails":"no such element: Unable to locate element: {\"method\":\"xpath\",\"selector\":\"//input[@id='login-email']\"}\n  (Session info: chrome=107.0.5304.123)\nFor documentation on this error, please visit: https://www.seleniumhq.org/exceptions/no_such_element.html\nBuild info: version: '3.141.59', revision: 'e82be7d358', time: '2018-11-14T08:17:03'\nSystem info: host: 'ADMIN', ip: '192.168.31.61', os.name: 'Windows 10', os.arch: 'amd64', os.version: '10.0', java.version: '11.0.17'\nDriver info: org.openqa.selenium.chrome.ChromeDriver\nCapabilities {acceptInsecureCerts: false, browserName: chrome, browserVersion: 107.0.5304.123, chrome: {chromedriverVersion: 107.0.5304.62 (1eec40d3a576..., userDataDir: C:\\Users\\Admin\\AppData\\Loca...}, goog:chromeOptions: {debuggerAddress: localhost:50411}, javascriptEnabled: true, networkConnectionEnabled: false, pageLoadStrategy: normal, platform: WINDOWS, platformName: WINDOWS, proxy: Proxy(), setWindowRect: true, strictFileInteractability: false, timeouts: {implicit: 0, pageLoad: 300000, script: 30000}, unhandledPromptBehavior: dismiss and notify, webauthn:extension:credBlob: true, webauthn:extension:largeBlob: true, webauthn:virtualAuthenticators: true}\nSession ID: c6b1bde119c4ab5a09448a1205a2191d\n*** Element info: {Using=xpath, value=//input[@id='login-email']}","time":{"start":1669956598479,"stop":1669956600275,"duration":1796}},{"uid":"1640c1e19c45c6ef","status":"passed","time":{"start":1669955695187,"stop":1669955696418,"duration":1231}},{"uid":"2264d98c0842f8d2","status":"passed","time":{"start":1669954679491,"stop":1669954681612,"duration":2121}},{"uid":"b037142cc90bfea6","status":"passed","time":{"start":1669952620980,"stop":1669952621476,"duration":496}},{"uid":"cc9b0381c6244c98","status":"passed","time":{"start":1669945607126,"stop":1669945607821,"duration":695}},{"uid":"9c6af97ce05e66db","status":"passed","time":{"start":1669890879726,"stop":1669890880145,"duration":419}},{"uid":"fd7d4dacb490c42f","status":"passed","time":{"start":1669890777249,"stop":1669890777734,"duration":485}},{"uid":"f8827fb18268d69e","status":"passed","time":{"start":1669890280581,"stop":1669890281002,"duration":421}},{"uid":"b0963ed365b1b3f0","status":"passed","time":{"start":1669890116174,"stop":1669890116731,"duration":557}},{"uid":"4f5a50330ce7f1c7","status":"passed","time":{"start":1669889897029,"stop":1669889897595,"duration":566}},{"uid":"f2662551bcd571a","status":"passed","time":{"start":1669889531347,"stop":1669889531717,"duration":370}},{"uid":"4fc41bce346b7430","status":"passed","time":{"start":1669889382118,"stop":1669889383120,"duration":1002}},{"uid":"d0ef51b2be39c7a3","status":"passed","time":{"start":1669889174043,"stop":1669889174805,"duration":762}},{"uid":"a463ef61aec8ff9b","status":"passed","time":{"start":1669888852841,"stop":1669888853487,"duration":646}},{"uid":"fc7e6be60f8aa273","status":"passed","time":{"start":1669886394556,"stop":1669886395091,"duration":535}},{"uid":"eaceb7b96ab1ffe5","status":"passed","time":{"start":1669886146837,"stop":1669886147556,"duration":719}},{"uid":"1e9614521ee8a72e","status":"passed","time":{"start":1669886021516,"stop":1669886022243,"duration":727}},{"uid":"a7c92a4baca5d47d","status":"passed","time":{"start":1669885840686,"stop":1669885841310,"duration":624}},{"uid":"42036aa8f6fe3d18","status":"passed","time":{"start":1669885770235,"stop":1669885770832,"duration":597}},{"uid":"9639ef9dd54161a1","status":"passed","time":{"start":1669885602908,"stop":1669885604494,"duration":1586}},{"uid":"71e8ccbc6955ceef","status":"passed","time":{"start":1669885343966,"stop":1669885344550,"duration":584}},{"uid":"55dd158ebafaaca5","status":"passed","time":{"start":1669880905701,"stop":1669880906190,"duration":489}},{"uid":"437e940cb563a8bc","status":"passed","time":{"start":1669880740189,"stop":1669880740635,"duration":446}},{"uid":"2557d9c82ba8a857","status":"passed","time":{"start":1669880607251,"stop":1669880607589,"duration":338}},{"uid":"d6ac839b2296384e","status":"passed","time":{"start":1669880513388,"stop":1669880513791,"duration":403}},{"uid":"2b78397a124eaa6a","status":"passed","time":{"start":1669880355622,"stop":1669880356520,"duration":898}},{"uid":"33d47bd87082a77c","status":"passed","time":{"start":1669880213283,"stop":1669880213886,"duration":603}},{"uid":"9c50c352c12cb1d0","status":"passed","time":{"start":1669880006685,"stop":1669880007211,"duration":526}},{"uid":"5f4485c048e67556","status":"passed","time":{"start":1669879146499,"stop":1669879146919,"duration":420}},{"uid":"9e86366b9c79e9e3","status":"passed","time":{"start":1669879022627,"stop":1669879022984,"duration":357}},{"uid":"ebdad35a2d8afdbf","status":"passed","time":{"start":1669878880189,"stop":1669878880889,"duration":700}},{"uid":"6542bb4470d2c44f","status":"passed","time":{"start":1669878795762,"stop":1669878796276,"duration":514}},{"uid":"fd28d25e51658132","status":"passed","time":{"start":1669878576516,"stop":1669878577194,"duration":678}},{"uid":"7b4450aa326282c8","status":"passed","time":{"start":1669878409453,"stop":1669878409926,"duration":473}},{"uid":"2c2b85bbf8b61ad0","status":"passed","time":{"start":1669878318864,"stop":1669878319625,"duration":761}},{"uid":"ce8e301ccfeb90e","status":"passed","time":{"start":1669876571739,"stop":1669876572178,"duration":439}},{"uid":"f0c34333a07acff","status":"passed","time":{"start":1669871407253,"stop":1669871407677,"duration":424}},{"uid":"ea6d12d4bf72283c","status":"passed","time":{"start":1669871290314,"stop":1669871290801,"duration":487}},{"uid":"cd54833691c52ac8","status":"passed","time":{"start":1669871013365,"stop":1669871014220,"duration":855}},{"uid":"563728d7929726f8","status":"passed","time":{"start":1669870856762,"stop":1669870857316,"duration":554}},{"uid":"f8330424c7cd934b","status":"passed","time":{"start":1669870431601,"stop":1669870432692,"duration":1091}},{"uid":"82f84e79068aa308","status":"passed","time":{"start":1669870185929,"stop":1669870186471,"duration":542}},{"uid":"e3ac12e5e6bc422f","status":"passed","time":{"start":1669870018165,"stop":1669870018916,"duration":751}},{"uid":"de253ed5cfa0f160","status":"passed","time":{"start":1669869870465,"stop":1669869870934,"duration":469}},{"uid":"a9cb410488c44cc5","status":"passed","time":{"start":1669869731768,"stop":1669869732240,"duration":472}},{"uid":"9f1f10bdce99ed63","status":"passed","time":{"start":1669869546971,"stop":1669869547414,"duration":443}},{"uid":"323132e0b93825a","status":"passed","time":{"start":1669869302609,"stop":1669869303032,"duration":423}},{"uid":"fc3e7f0ac5310c15","status":"passed","time":{"start":1669869169690,"stop":1669869170894,"duration":1204}},{"uid":"9dab4c67fafacc5a","status":"passed","time":{"start":1669868931942,"stop":1669868932344,"duration":402}},{"uid":"9034fd50335bcaeb","status":"passed","time":{"start":1669868680727,"stop":1669868681391,"duration":664}},{"uid":"a96a6ef0ff773890","status":"passed","time":{"start":1669868580650,"stop":1669868580978,"duration":328}},{"uid":"fe833827a6401961","status":"passed","time":{"start":1669868409374,"stop":1669868409909,"duration":535}},{"uid":"e74578d8cd0c5e01","status":"passed","time":{"start":1669868348568,"stop":1669868348971,"duration":403}},{"uid":"531815f9374cb9d3","status":"passed","time":{"start":1669868225474,"stop":1669868226054,"duration":580}},{"uid":"42de823082b29625","status":"passed","time":{"start":1669868094638,"stop":1669868095110,"duration":472}},{"uid":"2c46f3f568ea1418","status":"passed","time":{"start":1669867881164,"stop":1669867881581,"duration":417}},{"uid":"af718fe3a11c40ff","status":"passed","time":{"start":1669867611997,"stop":1669867612394,"duration":397}},{"uid":"9ad0237bd0c0c84e","status":"broken","statusDetails":"no such element: Unable to locate element: {\"method\":\"xpath\",\"selector\":\"//input[@id='login-email']\"}\n  (Session info: chrome=107.0.5304.122)\nFor documentation on this error, please visit: https://www.seleniumhq.org/exceptions/no_such_element.html\nBuild info: version: '3.141.59', revision: 'e82be7d358', time: '2018-11-14T08:17:03'\nSystem info: host: 'ADMIN', ip: '192.168.31.81', os.name: 'Windows 10', os.arch: 'amd64', os.version: '10.0', java.version: '11.0.17'\nDriver info: org.openqa.selenium.chrome.ChromeDriver\nCapabilities {acceptInsecureCerts: false, browserName: chrome, browserVersion: 107.0.5304.122, chrome: {chromedriverVersion: 107.0.5304.62 (1eec40d3a576..., userDataDir: C:\\Users\\Admin\\AppData\\Loca...}, goog:chromeOptions: {debuggerAddress: localhost:55596}, javascriptEnabled: true, networkConnectionEnabled: false, pageLoadStrategy: normal, platform: WINDOWS, platformName: WINDOWS, proxy: Proxy(), setWindowRect: true, strictFileInteractability: false, timeouts: {implicit: 0, pageLoad: 300000, script: 30000}, unhandledPromptBehavior: dismiss and notify, webauthn:extension:credBlob: true, webauthn:extension:largeBlob: true, webauthn:virtualAuthenticators: true}\nSession ID: 993a87753fffd7840607afb62e44f158\n*** Element info: {Using=xpath, value=//input[@id='login-email']}","time":{"start":1669867376526,"stop":1669867376568,"duration":42}},{"uid":"a11df7c368c49137","status":"skipped","statusDetails":"java.net.ConnectException: Failed to connect to localhost/0:0:0:0:0:0:0:1:12163\nBuild info: version: '3.141.59', revision: 'e82be7d358', time: '2018-11-14T08:17:03'\nSystem info: host: 'ADMIN', ip: '192.168.31.81', os.name: 'Windows 10', os.arch: 'amd64', os.version: '10.0', java.version: '11.0.17'\nDriver info: driver.version: RemoteWebDriver","time":{"start":1669867309327,"stop":1669867309329,"duration":2}},{"uid":"1e0fc9fe92b04675","status":"broken","statusDetails":"no such element: Unable to locate element: {\"method\":\"xpath\",\"selector\":\"//input[@id='login-email']\"}\n  (Session info: chrome=107.0.5304.122)\nFor documentation on this error, please visit: https://www.seleniumhq.org/exceptions/no_such_element.html\nBuild info: version: '3.141.59', revision: 'e82be7d358', time: '2018-11-14T08:17:03'\nSystem info: host: 'ADMIN', ip: '192.168.31.81', os.name: 'Windows 10', os.arch: 'amd64', os.version: '10.0', java.version: '11.0.17'\nDriver info: org.openqa.selenium.chrome.ChromeDriver\nCapabilities {acceptInsecureCerts: false, browserName: chrome, browserVersion: 107.0.5304.122, chrome: {chromedriverVersion: 107.0.5304.62 (1eec40d3a576..., userDataDir: C:\\Users\\Admin\\AppData\\Loca...}, goog:chromeOptions: {debuggerAddress: localhost:55297}, javascriptEnabled: true, networkConnectionEnabled: false, pageLoadStrategy: normal, platform: WINDOWS, platformName: WINDOWS, proxy: Proxy(), setWindowRect: true, strictFileInteractability: false, timeouts: {implicit: 0, pageLoad: 300000, script: 30000}, unhandledPromptBehavior: dismiss and notify, webauthn:extension:credBlob: true, webauthn:extension:largeBlob: true, webauthn:virtualAuthenticators: true}\nSession ID: cc648732f6713ef0c8e4b8b1736cdb94\n*** Element info: {Using=xpath, value=//input[@id='login-email']}","time":{"start":1669867207037,"stop":1669867207152,"duration":115}},{"uid":"58702f80d7a6125b","status":"broken","statusDetails":"no such element: Unable to locate element: {\"method\":\"xpath\",\"selector\":\"//input[@id='login-email']\"}\n  (Session info: chrome=107.0.5304.122)\nFor documentation on this error, please visit: https://www.seleniumhq.org/exceptions/no_such_element.html\nBuild info: version: '3.141.59', revision: 'e82be7d358', time: '2018-11-14T08:17:03'\nSystem info: host: 'ADMIN', ip: '192.168.31.81', os.name: 'Windows 10', os.arch: 'amd64', os.version: '10.0', java.version: '11.0.17'\nDriver info: org.openqa.selenium.chrome.ChromeDriver\nCapabilities {acceptInsecureCerts: false, browserName: chrome, browserVersion: 107.0.5304.122, chrome: {chromedriverVersion: 107.0.5304.62 (1eec40d3a576..., userDataDir: C:\\Users\\Admin\\AppData\\Loca...}, goog:chromeOptions: {debuggerAddress: localhost:55182}, javascriptEnabled: true, networkConnectionEnabled: false, pageLoadStrategy: normal, platform: WINDOWS, platformName: WINDOWS, proxy: Proxy(), setWindowRect: true, strictFileInteractability: false, timeouts: {implicit: 0, pageLoad: 300000, script: 30000}, unhandledPromptBehavior: dismiss and notify, webauthn:extension:credBlob: true, webauthn:extension:largeBlob: true, webauthn:virtualAuthenticators: true}\nSession ID: 8de9450aefc2ebd248fb5934b637ca25\n*** Element info: {Using=xpath, value=//input[@id='login-email']}","time":{"start":1669867128605,"stop":1669867128653,"duration":48}},{"uid":"4ade901b0e12859c","status":"passed","time":{"start":1669866988157,"stop":1669866988571,"duration":414}},{"uid":"2947a91d7e514678","status":"passed","time":{"start":1669866889077,"stop":1669866889444,"duration":367}},{"uid":"d0a11cbbd56d4414","status":"passed","time":{"start":1669866579113,"stop":1669866579446,"duration":333}},{"uid":"5e9da049e2d1dd84","status":"passed","time":{"start":1669866461512,"stop":1669866461991,"duration":479}},{"uid":"952ec96ac2bd80f7","status":"passed","time":{"start":1669866275820,"stop":1669866276280,"duration":460}},{"uid":"b6394dce590cb9b5","status":"passed","time":{"start":1669866119326,"stop":1669866119793,"duration":467}},{"uid":"96148e0277a335b4","status":"passed","time":{"start":1669866031782,"stop":1669866032291,"duration":509}},{"uid":"f8f2aa8f3d1572d3","status":"broken","statusDetails":"no such element: Unable to locate element: {\"method\":\"xpath\",\"selector\":\"//input[@id='login-email']\"}\n  (Session info: chrome=107.0.5304.122)\nFor documentation on this error, please visit: https://www.seleniumhq.org/exceptions/no_such_element.html\nBuild info: version: '3.141.59', revision: 'e82be7d358', time: '2018-11-14T08:17:03'\nSystem info: host: 'ADMIN', ip: '192.168.31.81', os.name: 'Windows 10', os.arch: 'amd64', os.version: '10.0', java.version: '11.0.17'\nDriver info: org.openqa.selenium.chrome.ChromeDriver\nCapabilities {acceptInsecureCerts: false, browserName: chrome, browserVersion: 107.0.5304.122, chrome: {chromedriverVersion: 107.0.5304.62 (1eec40d3a576..., userDataDir: C:\\Users\\Admin\\AppData\\Loca...}, goog:chromeOptions: {debuggerAddress: localhost:53698}, javascriptEnabled: true, networkConnectionEnabled: false, pageLoadStrategy: normal, platform: WINDOWS, platformName: WINDOWS, proxy: Proxy(), setWindowRect: true, strictFileInteractability: false, timeouts: {implicit: 0, pageLoad: 300000, script: 30000}, unhandledPromptBehavior: dismiss and notify, webauthn:extension:credBlob: true, webauthn:extension:largeBlob: true, webauthn:virtualAuthenticators: true}\nSession ID: 51291d3c34b9cc00b65d2c53c0032b5d\n*** Element info: {Using=xpath, value=//input[@id='login-email']}","time":{"start":1669865740661,"stop":1669865740709,"duration":48}},{"uid":"e5d4969e418af90e","status":"passed","time":{"start":1669865452668,"stop":1669865453178,"duration":510}},{"uid":"6bc95b9a96ebf829","status":"broken","statusDetails":"no such element: Unable to locate element: {\"method\":\"xpath\",\"selector\":\"//input[@id='login-email']\"}\n  (Session info: chrome=107.0.5304.122)\nFor documentation on this error, please visit: https://www.seleniumhq.org/exceptions/no_such_element.html\nBuild info: version: '3.141.59', revision: 'e82be7d358', time: '2018-11-14T08:17:03'\nSystem info: host: 'ADMIN', ip: '192.168.31.81', os.name: 'Windows 10', os.arch: 'amd64', os.version: '10.0', java.version: '11.0.17'\nDriver info: org.openqa.selenium.chrome.ChromeDriver\nCapabilities {acceptInsecureCerts: false, browserName: chrome, browserVersion: 107.0.5304.122, chrome: {chromedriverVersion: 107.0.5304.62 (1eec40d3a576..., userDataDir: C:\\Users\\Admin\\AppData\\Loca...}, goog:chromeOptions: {debuggerAddress: localhost:53439}, javascriptEnabled: true, networkConnectionEnabled: false, pageLoadStrategy: normal, platform: WINDOWS, platformName: WINDOWS, proxy: Proxy(), setWindowRect: true, strictFileInteractability: false, timeouts: {implicit: 0, pageLoad: 300000, script: 30000}, unhandledPromptBehavior: dismiss and notify, webauthn:extension:credBlob: true, webauthn:extension:largeBlob: true, webauthn:virtualAuthenticators: true}\nSession ID: c686cc0505a0775753de5c405391ab65\n*** Element info: {Using=xpath, value=//input[@id='login-email']}","time":{"start":1669865400547,"stop":1669865400614,"duration":67}},{"uid":"d47ffa4c379337d9","status":"passed","time":{"start":1669864984837,"stop":1669864985274,"duration":437}},{"uid":"b415a717b3c8aa00","status":"passed","time":{"start":1669864733172,"stop":1669864733619,"duration":447}},{"uid":"97214d13adfe5667","status":"passed","time":{"start":1669864509686,"stop":1669864510353,"duration":667}},{"uid":"ed240cabc6f3411c","status":"passed","time":{"start":1669864395304,"stop":1669864395929,"duration":625}},{"uid":"e46478b50c1cd451","status":"broken","statusDetails":"no such element: Unable to locate element: {\"method\":\"xpath\",\"selector\":\"//input[@id='login-email']\"}\n  (Session info: chrome=107.0.5304.122)\nFor documentation on this error, please visit: https://www.seleniumhq.org/exceptions/no_such_element.html\nBuild info: version: '3.141.59', revision: 'e82be7d358', time: '2018-11-14T08:17:03'\nSystem info: host: 'ADMIN', ip: '192.168.31.81', os.name: 'Windows 10', os.arch: 'amd64', os.version: '10.0', java.version: '11.0.17'\nDriver info: org.openqa.selenium.chrome.ChromeDriver\nCapabilities {acceptInsecureCerts: false, browserName: chrome, browserVersion: 107.0.5304.122, chrome: {chromedriverVersion: 107.0.5304.62 (1eec40d3a576..., userDataDir: C:\\Users\\Admin\\AppData\\Loca...}, goog:chromeOptions: {debuggerAddress: localhost:52090}, javascriptEnabled: true, networkConnectionEnabled: false, pageLoadStrategy: normal, platform: WINDOWS, platformName: WINDOWS, proxy: Proxy(), setWindowRect: true, strictFileInteractability: false, timeouts: {implicit: 0, pageLoad: 300000, script: 30000}, unhandledPromptBehavior: dismiss and notify, webauthn:extension:credBlob: true, webauthn:extension:largeBlob: true, webauthn:virtualAuthenticators: true}\nSession ID: 120c8b5b3ae322a16122f9053f7b97bd\n*** Element info: {Using=xpath, value=//input[@id='login-email']}","time":{"start":1669864316639,"stop":1669864317211,"duration":572}},{"uid":"85d7502919fecba5","status":"passed","time":{"start":1669861548538,"stop":1669861549264,"duration":726}},{"uid":"5995a53020f7130b","status":"passed","time":{"start":1669860574997,"stop":1669860576490,"duration":1493}},{"uid":"70b0d4a86b2df149","status":"passed","time":{"start":1669803336768,"stop":1669803337319,"duration":551}},{"uid":"702efe12c7f326c6","status":"passed","time":{"start":1669803226847,"stop":1669803227329,"duration":482}},{"uid":"59065edaff20e5fd","status":"passed","time":{"start":1669803019373,"stop":1669803019867,"duration":494}},{"uid":"f39e7b45c382c2b6","status":"passed","time":{"start":1669801992839,"stop":1669801993721,"duration":882}},{"uid":"8df149acdd064f34","status":"passed","time":{"start":1669801916411,"stop":1669801916807,"duration":396}},{"uid":"f24f7af5ceac7260","status":"broken","statusDetails":"no such element: Unable to locate element: {\"method\":\"xpath\",\"selector\":\"//input[@id='login-email']\"}\n  (Session info: chrome=107.0.5304.121)\nFor documentation on this error, please visit: https://www.seleniumhq.org/exceptions/no_such_element.html\nBuild info: version: '3.141.59', revision: 'e82be7d358', time: '2018-11-14T08:17:03'\nSystem info: host: 'ADMIN', ip: '192.168.31.81', os.name: 'Windows 10', os.arch: 'amd64', os.version: '10.0', java.version: '11.0.17'\nDriver info: org.openqa.selenium.chrome.ChromeDriver\nCapabilities {acceptInsecureCerts: false, browserName: chrome, browserVersion: 107.0.5304.121, chrome: {chromedriverVersion: 107.0.5304.62 (1eec40d3a576..., userDataDir: C:\\Users\\Admin\\AppData\\Loca...}, goog:chromeOptions: {debuggerAddress: localhost:62424}, javascriptEnabled: true, networkConnectionEnabled: false, pageLoadStrategy: normal, platform: WINDOWS, platformName: WINDOWS, proxy: Proxy(), setWindowRect: true, strictFileInteractability: false, timeouts: {implicit: 0, pageLoad: 300000, script: 30000}, unhandledPromptBehavior: dismiss and notify, webauthn:extension:credBlob: true, webauthn:extension:largeBlob: true, webauthn:virtualAuthenticators: true}\nSession ID: cbf5ba97d1446d532b980d1ee6767e21\n*** Element info: {Using=xpath, value=//input[@id='login-email']}","time":{"start":1669801863179,"stop":1669801863216,"duration":37}},{"uid":"dffbecf4773897eb","status":"passed","time":{"start":1669801698316,"stop":1669801698760,"duration":444}},{"uid":"aa9a98fdd7ba077e","status":"passed","time":{"start":1669801523362,"stop":1669801523759,"duration":397}},{"uid":"25f24783c2a60b81","status":"passed","time":{"start":1669801264295,"stop":1669801264762,"duration":467}},{"uid":"cdf06535a575b966","status":"broken","statusDetails":"no such element: Unable to locate element: {\"method\":\"xpath\",\"selector\":\"//input[@id ='email']\"}\n  (Session info: chrome=107.0.5304.121)\nFor documentation on this error, please visit: https://www.seleniumhq.org/exceptions/no_such_element.html\nBuild info: version: '3.141.59', revision: 'e82be7d358', time: '2018-11-14T08:17:03'\nSystem info: host: 'ADMIN', ip: '192.168.31.81', os.name: 'Windows 10', os.arch: 'amd64', os.version: '10.0', java.version: '11.0.17'\nDriver info: org.openqa.selenium.chrome.ChromeDriver\nCapabilities {acceptInsecureCerts: false, browserName: chrome, browserVersion: 107.0.5304.121, chrome: {chromedriverVersion: 107.0.5304.62 (1eec40d3a576..., userDataDir: C:\\Users\\Admin\\AppData\\Loca...}, goog:chromeOptions: {debuggerAddress: localhost:61468}, javascriptEnabled: true, networkConnectionEnabled: false, pageLoadStrategy: normal, platform: WINDOWS, platformName: WINDOWS, proxy: Proxy(), setWindowRect: true, strictFileInteractability: false, timeouts: {implicit: 0, pageLoad: 300000, script: 30000}, unhandledPromptBehavior: dismiss and notify, webauthn:extension:credBlob: true, webauthn:extension:largeBlob: true, webauthn:virtualAuthenticators: true}\nSession ID: e0c15d1d82a73da69e6f8422bada1dcf\n*** Element info: {Using=xpath, value=//input[@id ='email']}","time":{"start":1669800832760,"stop":1669800832811,"duration":51}},{"uid":"e23c558340043fbc","status":"broken","statusDetails":"no such element: Unable to locate element: {\"method\":\"xpath\",\"selector\":\"//input[@id ='email']\"}\n  (Session info: chrome=107.0.5304.121)\nFor documentation on this error, please visit: https://www.seleniumhq.org/exceptions/no_such_element.html\nBuild info: version: '3.141.59', revision: 'e82be7d358', time: '2018-11-14T08:17:03'\nSystem info: host: 'ADMIN', ip: '192.168.31.81', os.name: 'Windows 10', os.arch: 'amd64', os.version: '10.0', java.version: '11.0.17'\nDriver info: org.openqa.selenium.chrome.ChromeDriver\nCapabilities {acceptInsecureCerts: false, browserName: chrome, browserVersion: 107.0.5304.121, chrome: {chromedriverVersion: 107.0.5304.62 (1eec40d3a576..., userDataDir: C:\\Users\\Admin\\AppData\\Loca...}, goog:chromeOptions: {debuggerAddress: localhost:61325}, javascriptEnabled: true, networkConnectionEnabled: false, pageLoadStrategy: normal, platform: WINDOWS, platformName: WINDOWS, proxy: Proxy(), setWindowRect: true, strictFileInteractability: false, timeouts: {implicit: 0, pageLoad: 300000, script: 30000}, unhandledPromptBehavior: dismiss and notify, webauthn:extension:credBlob: true, webauthn:extension:largeBlob: true, webauthn:virtualAuthenticators: true}\nSession ID: 673f739bad37c80c91983b3621306979\n*** Element info: {Using=xpath, value=//input[@id ='email']}","time":{"start":1669800761594,"stop":1669800761652,"duration":58}},{"uid":"95162c26e52486d9","status":"broken","statusDetails":"no such element: Unable to locate element: {\"method\":\"xpath\",\"selector\":\"//input[@id ='email']\"}\n  (Session info: chrome=107.0.5304.121)\nFor documentation on this error, please visit: https://www.seleniumhq.org/exceptions/no_such_element.html\nBuild info: version: '3.141.59', revision: 'e82be7d358', time: '2018-11-14T08:17:03'\nSystem info: host: 'ADMIN', ip: '192.168.31.81', os.name: 'Windows 10', os.arch: 'amd64', os.version: '10.0', java.version: '11.0.17'\nDriver info: org.openqa.selenium.chrome.ChromeDriver\nCapabilities {acceptInsecureCerts: false, browserName: chrome, browserVersion: 107.0.5304.121, chrome: {chromedriverVersion: 107.0.5304.62 (1eec40d3a576..., userDataDir: C:\\Users\\Admin\\AppData\\Loca...}, goog:chromeOptions: {debuggerAddress: localhost:61106}, javascriptEnabled: true, networkConnectionEnabled: false, pageLoadStrategy: normal, platform: WINDOWS, platformName: WINDOWS, proxy: Proxy(), setWindowRect: true, strictFileInteractability: false, timeouts: {implicit: 0, pageLoad: 300000, script: 30000}, unhandledPromptBehavior: dismiss and notify, webauthn:extension:credBlob: true, webauthn:extension:largeBlob: true, webauthn:virtualAuthenticators: true}\nSession ID: 0e71e83d9483dce53a4c9684453be52a\n*** Element info: {Using=xpath, value=//input[@id ='email']}","time":{"start":1669800548257,"stop":1669800548881,"duration":624}},{"uid":"d06ce125372e68d2","status":"broken","statusDetails":"no such element: Unable to locate element: {\"method\":\"xpath\",\"selector\":\"//input[@id ='email']\"}\n  (Session info: chrome=107.0.5304.121)\nFor documentation on this error, please visit: https://www.seleniumhq.org/exceptions/no_such_element.html\nBuild info: version: '3.141.59', revision: 'e82be7d358', time: '2018-11-14T08:17:03'\nSystem info: host: 'ADMIN', ip: '192.168.31.81', os.name: 'Windows 10', os.arch: 'amd64', os.version: '10.0', java.version: '11.0.17'\nDriver info: org.openqa.selenium.chrome.ChromeDriver\nCapabilities {acceptInsecureCerts: false, browserName: chrome, browserVersion: 107.0.5304.121, chrome: {chromedriverVersion: 107.0.5304.62 (1eec40d3a576..., userDataDir: C:\\Users\\Admin\\AppData\\Loca...}, goog:chromeOptions: {debuggerAddress: localhost:60961}, javascriptEnabled: true, networkConnectionEnabled: false, pageLoadStrategy: normal, platform: WINDOWS, platformName: WINDOWS, proxy: Proxy(), setWindowRect: true, strictFileInteractability: false, timeouts: {implicit: 0, pageLoad: 300000, script: 30000}, unhandledPromptBehavior: dismiss and notify, webauthn:extension:credBlob: true, webauthn:extension:largeBlob: true, webauthn:virtualAuthenticators: true}\nSession ID: 7262dc8748d530a43102069701225ba0\n*** Element info: {Using=xpath, value=//input[@id ='email']}","time":{"start":1669800437632,"stop":1669800437706,"duration":74}},{"uid":"f186b978c6998850","status":"broken","statusDetails":"no such element: Unable to locate element: {\"method\":\"xpath\",\"selector\":\"//input[@id ='email']\"}\n  (Session info: chrome=107.0.5304.121)\nFor documentation on this error, please visit: https://www.seleniumhq.org/exceptions/no_such_element.html\nBuild info: version: '3.141.59', revision: 'e82be7d358', time: '2018-11-14T08:17:03'\nSystem info: host: 'ADMIN', ip: '192.168.31.81', os.name: 'Windows 10', os.arch: 'amd64', os.version: '10.0', java.version: '11.0.17'\nDriver info: org.openqa.selenium.chrome.ChromeDriver\nCapabilities {acceptInsecureCerts: false, browserName: chrome, browserVersion: 107.0.5304.121, chrome: {chromedriverVersion: 107.0.5304.62 (1eec40d3a576..., userDataDir: C:\\Users\\Admin\\AppData\\Loca...}, goog:chromeOptions: {debuggerAddress: localhost:60765}, javascriptEnabled: true, networkConnectionEnabled: false, pageLoadStrategy: normal, platform: WINDOWS, platformName: WINDOWS, proxy: Proxy(), setWindowRect: true, strictFileInteractability: false, timeouts: {implicit: 0, pageLoad: 300000, script: 30000}, unhandledPromptBehavior: dismiss and notify, webauthn:extension:credBlob: true, webauthn:extension:largeBlob: true, webauthn:virtualAuthenticators: true}\nSession ID: 767f5b101c0cabf5e74612ca56e3a7fb\n*** Element info: {Using=xpath, value=//input[@id ='email']}","time":{"start":1669800214703,"stop":1669800214743,"duration":40}}],"categories":[],"tags":[]},"source":"af9c92b777e1f0c6.json","parameterValues":[]}