{"uid":"bde8f26689b7ce54","name":"Login wrong email - password","fullName":"test.signinSignup.SignInTest.testCase_SI05","historyId":"a50fcc4d8568d546e2011e1aab4dac8b","time":{"start":1678549430930,"stop":1678549430931,"duration":1},"status":"skipped","statusMessage":"\nParameter 'devices' is required by BeforeTest on method beforeTest but has not been marked @Optional or defined\nin C:\\Users\\Admin\\AppData\\Local\\JetBrains\\IdeaIC2022.2\\temp-testng-customsuite.xml","statusTrace":"org.testng.TestNGException: \nParameter 'devices' is required by BeforeTest on method beforeTest but has not been marked @Optional or defined\nin C:\\Users\\Admin\\AppData\\Local\\JetBrains\\IdeaIC2022.2\\temp-testng-customsuite.xml\r\n\tat org.testng.internal.Parameters.createParams(Parameters.java:270)\r\n\tat org.testng.internal.Parameters.createParametersForMethod(Parameters.java:358)\r\n\tat org.testng.internal.Parameters.createParameters(Parameters.java:700)\r\n\tat org.testng.internal.Parameters.createConfigurationParameters(Parameters.java:168)\r\n\tat org.testng.internal.ConfigInvoker.invokeConfigurations(ConfigInvoker.java:302)\r\n\tat org.testng.TestRunner.invokeTestConfigurations(TestRunner.java:637)\r\n\tat org.testng.TestRunner.beforeRun(TestRunner.java:627)\r\n\tat org.testng.TestRunner.run(TestRunner.java:589)\r\n\tat org.testng.SuiteRunner.runTest(SuiteRunner.java:377)\r\n\tat org.testng.SuiteRunner.runSequentially(SuiteRunner.java:371)\r\n\tat org.testng.SuiteRunner.privateRun(SuiteRunner.java:332)\r\n\tat org.testng.SuiteRunner.run(SuiteRunner.java:276)\r\n\tat org.testng.SuiteRunnerWorker.runSuite(SuiteRunnerWorker.java:53)\r\n\tat org.testng.SuiteRunnerWorker.run(SuiteRunnerWorker.java:96)\r\n\tat org.testng.TestNG.runSuitesSequentially(TestNG.java:1212)\r\n\tat org.testng.TestNG.runSuitesLocally(TestNG.java:1134)\r\n\tat org.testng.TestNG.runSuites(TestNG.java:1063)\r\n\tat org.testng.TestNG.run(TestNG.java:1031)\r\n\tat com.intellij.rt.testng.IDEARemoteTestNG.run(IDEARemoteTestNG.java:66)\r\n\tat com.intellij.rt.testng.RemoteTestNGStarter.main(RemoteTestNGStarter.java:109)\r\n","flaky":false,"newFailed":false,"newBroken":false,"newPassed":false,"retriesCount":215,"retriesStatusChange":true,"beforeStages":[{"name":"beforeSuite","time":{"start":1678549430207,"stop":1678549430255,"duration":48},"description":"","status":"passed","steps":[],"attachments":[],"parameters":[],"stepsCount":0,"hasContent":false,"attachmentsCount":0,"shouldDisplayMessage":false}],"afterStages":[{"name":"afterTest","time":{"start":1678549431107,"stop":1678549431108,"duration":1},"description":"","status":"broken","steps":[],"attachments":[],"parameters":[],"stepsCount":0,"hasContent":false,"attachmentsCount":0,"shouldDisplayMessage":false}],"labels":[{"name":"package","value":"test.signinSignup.SignInTest"},{"name":"testClass","value":"test.signinSignup.SignInTest"},{"name":"testMethod","value":"testCase_SI05"},{"name":"parentSuite","value":"Default Suite"},{"name":"suite","value":"Glamira_AutoTest"},{"name":"subSuite","value":"test.signinSignup.SignInTest"},{"name":"host","value":"Admin"},{"name":"thread","value":"19444@Admin.main(1)"},{"name":"framework","value":"testng"},{"name":"language","value":"java"},{"name":"resultFormat","value":"allure2"}],"parameters":[],"links":[],"hidden":false,"retry":false,"extra":{"severity":"normal","retries":[{"uid":"c0e83c36209c2a1","status":"skipped","statusDetails":"\nParameter 'devices' is required by BeforeTest on method beforeTest but has not been marked @Optional or defined\nin C:\\Users\\Admin\\AppData\\Local\\JetBrains\\IdeaIC2022.2\\temp-testng-customsuite.xml","time":{"start":1677838882119,"stop":1677838882120,"duration":1}},{"uid":"dfa1c4c1c52283ad","status":"skipped","statusDetails":"\nParameter 'devices' is required by BeforeTest on method beforeTest but has not been marked @Optional or defined\nin C:\\Users\\Admin\\AppData\\Local\\JetBrains\\IdeaIC2022.2\\temp-testng-customsuite.xml","time":{"start":1677176296243,"stop":1677176296244,"duration":1}},{"uid":"6603d04a8f73294e","status":"skipped","statusDetails":"\nParameter 'devices' is required by BeforeTest on method beforeTest but has not been marked @Optional or defined\nin C:\\Users\\Admin\\AppData\\Local\\JetBrains\\IdeaIC2022.2\\temp-testng-customsuite.xml","time":{"start":1677175764041,"stop":1677175764042,"duration":1}},{"uid":"4cb136cd01c7130c","status":"skipped","statusDetails":"\nParameter 'devices' is required by BeforeTest on method beforeTest but has not been marked @Optional or defined\nin C:\\Users\\Admin\\AppData\\Local\\JetBrains\\IdeaIC2022.2\\temp-testng-customsuite.xml","time":{"start":1676443117743,"stop":1676443117745,"duration":2}},{"uid":"e54abb182d97eca","status":"skipped","statusDetails":"\nParameter 'devices' is required by BeforeTest on method beforeTest but has not been marked @Optional or defined\nin D:\\Glamira_AutoTest\\testng.xml","time":{"start":1676432601009,"stop":1676432601010,"duration":1}},{"uid":"e38330117b55f401","status":"broken","statusDetails":"no such element: Unable to locate element: {\"method\":\"xpath\",\"selector\":\"//input[@id='login-email']\"}\n  (Session info: chrome=109.0.5414.122)\nFor documentation on this error, please visit: https://www.seleniumhq.org/exceptions/no_such_element.html\nBuild info: version: '3.141.59', revision: 'e82be7d358', time: '2018-11-14T08:17:03'\nSystem info: host: 'ADMIN', ip: '192.168.31.72', os.name: 'Windows 10', os.arch: 'amd64', os.version: '10.0', java.version: '11.0.17'\nDriver info: org.openqa.selenium.chrome.ChromeDriver\nCapabilities {acceptInsecureCerts: false, browserName: chrome, browserVersion: 109.0.5414.122, chrome: {chromedriverVersion: 109.0.5414.74 (e7c5703604da..., userDataDir: C:\\Users\\Admin\\AppData\\Loca...}, goog:chromeOptions: {debuggerAddress: localhost:58618}, javascriptEnabled: true, networkConnectionEnabled: false, pageLoadStrategy: normal, platform: WINDOWS, platformName: WINDOWS, proxy: Proxy(), setWindowRect: true, strictFileInteractability: false, timeouts: {implicit: 0, pageLoad: 300000, script: 30000}, unhandledPromptBehavior: dismiss and notify, webauthn:extension:credBlob: true, webauthn:extension:largeBlob: true, webauthn:virtualAuthenticators: true}\nSession ID: 806aebe27ceefea7078c3a2a499612a2\n*** Element info: {Using=xpath, value=//input[@id='login-email']}","time":{"start":1676371340547,"stop":1676371341655,"duration":1108}},{"uid":"58287442993e7530","status":"broken","statusDetails":"no such element: Unable to locate element: {\"method\":\"xpath\",\"selector\":\"//input[@id='login-email']\"}\n  (Session info: chrome=109.0.5414.122)\nFor documentation on this error, please visit: https://www.seleniumhq.org/exceptions/no_such_element.html\nBuild info: version: '3.141.59', revision: 'e82be7d358', time: '2018-11-14T08:17:03'\nSystem info: host: 'ADMIN', ip: '192.168.31.72', os.name: 'Windows 10', os.arch: 'amd64', os.version: '10.0', java.version: '11.0.17'\nDriver info: org.openqa.selenium.chrome.ChromeDriver\nCapabilities {acceptInsecureCerts: false, browserName: chrome, browserVersion: 109.0.5414.122, chrome: {chromedriverVersion: 109.0.5414.74 (e7c5703604da..., userDataDir: C:\\Users\\Admin\\AppData\\Loca...}, goog:chromeOptions: {debuggerAddress: localhost:58510}, javascriptEnabled: true, networkConnectionEnabled: false, pageLoadStrategy: normal, platform: WINDOWS, platformName: WINDOWS, proxy: Proxy(), setWindowRect: true, strictFileInteractability: false, timeouts: {implicit: 0, pageLoad: 300000, script: 30000}, unhandledPromptBehavior: dismiss and notify, webauthn:extension:credBlob: true, webauthn:extension:largeBlob: true, webauthn:virtualAuthenticators: true}\nSession ID: c799f6f399fa495c2d5b4613c9d4efd1\n*** Element info: {Using=xpath, value=//input[@id='login-email']}","time":{"start":1676371266875,"stop":1676371267934,"duration":1059}},{"uid":"5060d94351c5e66e","status":"broken","statusDetails":"no such element: Unable to locate element: {\"method\":\"xpath\",\"selector\":\"//input[@id='login-email']\"}\n  (Session info: chrome=109.0.5414.122)\nFor documentation on this error, please visit: https://www.seleniumhq.org/exceptions/no_such_element.html\nBuild info: version: '3.141.59', revision: 'e82be7d358', time: '2018-11-14T08:17:03'\nSystem info: host: 'ADMIN', ip: '192.168.31.72', os.name: 'Windows 10', os.arch: 'amd64', os.version: '10.0', java.version: '11.0.17'\nDriver info: org.openqa.selenium.chrome.ChromeDriver\nCapabilities {acceptInsecureCerts: false, browserName: chrome, browserVersion: 109.0.5414.122, chrome: {chromedriverVersion: 109.0.5414.74 (e7c5703604da..., userDataDir: C:\\Users\\Admin\\AppData\\Loca...}, goog:chromeOptions: {debuggerAddress: localhost:58147}, javascriptEnabled: true, networkConnectionEnabled: false, pageLoadStrategy: normal, platform: WINDOWS, platformName: WINDOWS, proxy: Proxy(), setWindowRect: true, strictFileInteractability: false, timeouts: {implicit: 0, pageLoad: 300000, script: 30000}, unhandledPromptBehavior: dismiss and notify, webauthn:extension:credBlob: true, webauthn:extension:largeBlob: true, webauthn:virtualAuthenticators: true}\nSession ID: 59753125aabe1abf40a8214cd3980734\n*** Element info: {Using=xpath, value=//input[@id='login-email']}","time":{"start":1676371193885,"stop":1676371194946,"duration":1061}},{"uid":"34fb34fa64954143","status":"broken","statusDetails":"no such element: Unable to locate element: {\"method\":\"xpath\",\"selector\":\"//input[@id='login-email']\"}\n  (Session info: chrome=109.0.5414.122)\nFor documentation on this error, please visit: https://www.seleniumhq.org/exceptions/no_such_element.html\nBuild info: version: '3.141.59', revision: 'e82be7d358', time: '2018-11-14T08:17:03'\nSystem info: host: 'ADMIN', ip: '192.168.31.72', os.name: 'Windows 10', os.arch: 'amd64', os.version: '10.0', java.version: '11.0.17'\nDriver info: org.openqa.selenium.chrome.ChromeDriver\nCapabilities {acceptInsecureCerts: false, browserName: chrome, browserVersion: 109.0.5414.122, chrome: {chromedriverVersion: 109.0.5414.74 (e7c5703604da..., userDataDir: C:\\Users\\Admin\\AppData\\Loca...}, goog:chromeOptions: {debuggerAddress: localhost:57745}, javascriptEnabled: true, networkConnectionEnabled: false, pageLoadStrategy: normal, platform: WINDOWS, platformName: WINDOWS, proxy: Proxy(), setWindowRect: true, strictFileInteractability: false, timeouts: {implicit: 0, pageLoad: 300000, script: 30000}, unhandledPromptBehavior: dismiss and notify, webauthn:extension:credBlob: true, webauthn:extension:largeBlob: true, webauthn:virtualAuthenticators: true}\nSession ID: 26d81e702c86dcae865954f71dcbea50\n*** Element info: {Using=xpath, value=//input[@id='login-email']}","time":{"start":1676371002839,"stop":1676371003890,"duration":1051}},{"uid":"6947e92a8a3ca808","status":"broken","statusDetails":"no such element: Unable to locate element: {\"method\":\"xpath\",\"selector\":\"//input[@id='login-email']\"}\n  (Session info: chrome=109.0.5414.122)\nFor documentation on this error, please visit: https://www.seleniumhq.org/exceptions/no_such_element.html\nBuild info: version: '3.141.59', revision: 'e82be7d358', time: '2018-11-14T08:17:03'\nSystem info: host: 'ADMIN', ip: '192.168.31.72', os.name: 'Windows 10', os.arch: 'amd64', os.version: '10.0', java.version: '11.0.17'\nDriver info: org.openqa.selenium.chrome.ChromeDriver\nCapabilities {acceptInsecureCerts: false, browserName: chrome, browserVersion: 109.0.5414.122, chrome: {chromedriverVersion: 109.0.5414.74 (e7c5703604da..., userDataDir: C:\\Users\\Admin\\AppData\\Loca...}, goog:chromeOptions: {debuggerAddress: localhost:57302}, javascriptEnabled: true, networkConnectionEnabled: false, pageLoadStrategy: normal, platform: WINDOWS, platformName: WINDOWS, proxy: Proxy(), setWindowRect: true, strictFileInteractability: false, timeouts: {implicit: 0, pageLoad: 300000, script: 30000}, unhandledPromptBehavior: dismiss and notify, webauthn:extension:credBlob: true, webauthn:extension:largeBlob: true, webauthn:virtualAuthenticators: true}\nSession ID: 480ccd961319b3733c9a17b99e3a4ce7\n*** Element info: {Using=xpath, value=//input[@id='login-email']}","time":{"start":1676370616966,"stop":1676370618072,"duration":1106}},{"uid":"b40951976a7683ce","status":"broken","statusDetails":"no such element: Unable to locate element: {\"method\":\"xpath\",\"selector\":\"//input[@id='login-email']\"}\n  (Session info: chrome=109.0.5414.122)\nFor documentation on this error, please visit: https://www.seleniumhq.org/exceptions/no_such_element.html\nBuild info: version: '3.141.59', revision: 'e82be7d358', time: '2018-11-14T08:17:03'\nSystem info: host: 'ADMIN', ip: '192.168.31.72', os.name: 'Windows 10', os.arch: 'amd64', os.version: '10.0', java.version: '11.0.17'\nDriver info: org.openqa.selenium.chrome.ChromeDriver\nCapabilities {acceptInsecureCerts: false, browserName: chrome, browserVersion: 109.0.5414.122, chrome: {chromedriverVersion: 109.0.5414.74 (e7c5703604da..., userDataDir: C:\\Users\\Admin\\AppData\\Loca...}, goog:chromeOptions: {debuggerAddress: localhost:57141}, javascriptEnabled: true, networkConnectionEnabled: false, pageLoadStrategy: normal, platform: WINDOWS, platformName: WINDOWS, proxy: Proxy(), setWindowRect: true, strictFileInteractability: false, timeouts: {implicit: 0, pageLoad: 300000, script: 30000}, unhandledPromptBehavior: dismiss and notify, webauthn:extension:credBlob: true, webauthn:extension:largeBlob: true, webauthn:virtualAuthenticators: true}\nSession ID: 41c9421ab9800218e591c49c0310ff39\n*** Element info: {Using=xpath, value=//input[@id='login-email']}","time":{"start":1676370448409,"stop":1676370449475,"duration":1066}},{"uid":"af26e4a9a32083e2","status":"passed","time":{"start":1676369644338,"stop":1676369650334,"duration":5996}},{"uid":"d4b0dc6af8546178","status":"passed","time":{"start":1676369393743,"stop":1676369398878,"duration":5135}},{"uid":"26c926bb5fc97131","status":"passed","time":{"start":1676369222527,"stop":1676369228858,"duration":6331}},{"uid":"154d7358eceaaf68","status":"passed","time":{"start":1676368779919,"stop":1676368786662,"duration":6743}},{"uid":"291a00c656a7c3ed","status":"broken","statusDetails":"no such element: Unable to locate element: {\"method\":\"xpath\",\"selector\":\"//input[@id='login-email']\"}\n  (Session info: chrome=109.0.5414.122)\nFor documentation on this error, please visit: https://www.seleniumhq.org/exceptions/no_such_element.html\nBuild info: version: '3.141.59', revision: 'e82be7d358', time: '2018-11-14T08:17:03'\nSystem info: host: 'ADMIN', ip: '192.168.31.72', os.name: 'Windows 10', os.arch: 'amd64', os.version: '10.0', java.version: '11.0.17'\nDriver info: org.openqa.selenium.chrome.ChromeDriver\nCapabilities {acceptInsecureCerts: false, browserName: chrome, browserVersion: 109.0.5414.122, chrome: {chromedriverVersion: 109.0.5414.74 (e7c5703604da..., userDataDir: C:\\Users\\Admin\\AppData\\Loca...}, goog:chromeOptions: {debuggerAddress: localhost:54557}, javascriptEnabled: true, networkConnectionEnabled: false, pageLoadStrategy: normal, platform: WINDOWS, platformName: WINDOWS, proxy: Proxy(), setWindowRect: true, strictFileInteractability: false, timeouts: {implicit: 0, pageLoad: 300000, script: 30000}, unhandledPromptBehavior: dismiss and notify, webauthn:extension:credBlob: true, webauthn:extension:largeBlob: true, webauthn:virtualAuthenticators: true}\nSession ID: 08ffe7df69c4e11f41ac6572f5d6287e\n*** Element info: {Using=xpath, value=//input[@id='login-email']}","time":{"start":1676368588510,"stop":1676368589571,"duration":1061}},{"uid":"24a368cc10a704dd","status":"broken","statusDetails":"no such element: Unable to locate element: {\"method\":\"xpath\",\"selector\":\"//input[@id='login-email']\"}\n  (Session info: chrome=109.0.5414.121)\nFor documentation on this error, please visit: https://www.seleniumhq.org/exceptions/no_such_element.html\nBuild info: version: '3.141.59', revision: 'e82be7d358', time: '2018-11-14T08:17:03'\nSystem info: host: 'ADMIN', ip: '192.168.31.72', os.name: 'Windows 10', os.arch: 'amd64', os.version: '10.0', java.version: '11.0.17'\nDriver info: org.openqa.selenium.chrome.ChromeDriver\nCapabilities {acceptInsecureCerts: false, browserName: chrome, browserVersion: 109.0.5414.121, chrome: {chromedriverVersion: 109.0.5414.74 (e7c5703604da..., userDataDir: C:\\Users\\Admin\\AppData\\Loca...}, goog:chromeOptions: {debuggerAddress: localhost:62702}, javascriptEnabled: true, networkConnectionEnabled: false, pageLoadStrategy: normal, platform: WINDOWS, platformName: WINDOWS, proxy: Proxy(), setWindowRect: true, strictFileInteractability: false, timeouts: {implicit: 0, pageLoad: 300000, script: 30000}, unhandledPromptBehavior: dismiss and notify, webauthn:extension:credBlob: true, webauthn:extension:largeBlob: true, webauthn:virtualAuthenticators: true}\nSession ID: 2f031ad6429ae72db2aa83758dad355d\n*** Element info: {Using=xpath, value=//input[@id='login-email']}","time":{"start":1676271278782,"stop":1676271279837,"duration":1055}},{"uid":"db2d69e22c48dcab","status":"passed","time":{"start":1672890502346,"stop":1672890508398,"duration":6052}},{"uid":"7c8747810f2d39a","status":"passed","time":{"start":1672890064086,"stop":1672890068823,"duration":4737}},{"uid":"ce415ef47758eb73","status":"passed","time":{"start":1672889786448,"stop":1672889791821,"duration":5373}},{"uid":"e78cb7fe69530478","status":"passed","time":{"start":1672889329456,"stop":1672889336997,"duration":7541}},{"uid":"9eddd24e37369f34","status":"passed","time":{"start":1672740417643,"stop":1672740423576,"duration":5933}},{"uid":"87972d18e8d490af","status":"broken","statusDetails":"no such element: Unable to locate element: {\"method\":\"xpath\",\"selector\":\"//input[@id='login-email']\"}\n  (Session info: chrome=108.0.5359.125)\nFor documentation on this error, please visit: https://www.seleniumhq.org/exceptions/no_such_element.html\nBuild info: version: '3.141.59', revision: 'e82be7d358', time: '2018-11-14T08:17:03'\nSystem info: host: 'ADMIN', ip: '192.168.31.66', os.name: 'Windows 10', os.arch: 'amd64', os.version: '10.0', java.version: '11.0.17'\nDriver info: org.openqa.selenium.chrome.ChromeDriver\nCapabilities {acceptInsecureCerts: false, browserName: chrome, browserVersion: 108.0.5359.125, chrome: {chromedriverVersion: 108.0.5359.71 (1e0e3868ee06..., userDataDir: C:\\Users\\Admin\\AppData\\Loca...}, goog:chromeOptions: {debuggerAddress: localhost:58096}, javascriptEnabled: true, networkConnectionEnabled: false, pageLoadStrategy: normal, platform: WINDOWS, platformName: WINDOWS, proxy: Proxy(), setWindowRect: true, strictFileInteractability: false, timeouts: {implicit: 0, pageLoad: 300000, script: 30000}, unhandledPromptBehavior: dismiss and notify, webauthn:extension:credBlob: true, webauthn:extension:largeBlob: true, webauthn:virtualAuthenticators: true}\nSession ID: e288e57b8031b36e09ed21d682ffc359\n*** Element info: {Using=xpath, value=//input[@id='login-email']}","time":{"start":1672739441744,"stop":1672739442805,"duration":1061}},{"uid":"4415d74597b25c67","status":"broken","statusDetails":"no such element: Unable to locate element: {\"method\":\"xpath\",\"selector\":\"//input[@id='login-email']\"}\n  (Session info: chrome=108.0.5359.125)\nFor documentation on this error, please visit: https://www.seleniumhq.org/exceptions/no_such_element.html\nBuild info: version: '3.141.59', revision: 'e82be7d358', time: '2018-11-14T08:17:03'\nSystem info: host: 'ADMIN', ip: '192.168.31.66', os.name: 'Windows 10', os.arch: 'amd64', os.version: '10.0', java.version: '11.0.17'\nDriver info: org.openqa.selenium.chrome.ChromeDriver\nCapabilities {acceptInsecureCerts: false, browserName: chrome, browserVersion: 108.0.5359.125, chrome: {chromedriverVersion: 108.0.5359.71 (1e0e3868ee06..., userDataDir: C:\\Users\\Admin\\AppData\\Loca...}, goog:chromeOptions: {debuggerAddress: localhost:57606}, javascriptEnabled: true, networkConnectionEnabled: false, pageLoadStrategy: normal, platform: WINDOWS, platformName: WINDOWS, proxy: Proxy(), setWindowRect: true, strictFileInteractability: false, timeouts: {implicit: 0, pageLoad: 300000, script: 30000}, unhandledPromptBehavior: dismiss and notify, webauthn:extension:credBlob: true, webauthn:extension:largeBlob: true, webauthn:virtualAuthenticators: true}\nSession ID: 77033eaa0d40dca8b6dba152829a8ce9\n*** Element info: {Using=xpath, value=//input[@id='login-email']}","time":{"start":1672739155920,"stop":1672739157021,"duration":1101}},{"uid":"d70a0f57118c8e0","status":"passed","time":{"start":1672392126866,"stop":1672392133349,"duration":6483}},{"uid":"9bc9e99c00d3448b","status":"passed","time":{"start":1672217339994,"stop":1672217347170,"duration":7176}},{"uid":"df23f45b075e66c1","status":"broken","statusDetails":"no such element: Unable to locate element: {\"method\":\"xpath\",\"selector\":\"//input[@id='login-email']\"}\n  (Session info: chrome=108.0.5359.125)\nFor documentation on this error, please visit: https://www.seleniumhq.org/exceptions/no_such_element.html\nBuild info: version: '3.141.59', revision: 'e82be7d358', time: '2018-11-14T08:17:03'\nSystem info: host: 'ADMIN', ip: '192.168.31.61', os.name: 'Windows 10', os.arch: 'amd64', os.version: '10.0', java.version: '11.0.17'\nDriver info: org.openqa.selenium.chrome.ChromeDriver\nCapabilities {acceptInsecureCerts: false, browserName: chrome, browserVersion: 108.0.5359.125, chrome: {chromedriverVersion: 108.0.5359.71 (1e0e3868ee06..., userDataDir: C:\\Users\\Admin\\AppData\\Loca...}, goog:chromeOptions: {debuggerAddress: localhost:53189}, javascriptEnabled: true, networkConnectionEnabled: false, pageLoadStrategy: normal, platform: WINDOWS, platformName: WINDOWS, proxy: Proxy(), setWindowRect: true, strictFileInteractability: false, timeouts: {implicit: 0, pageLoad: 300000, script: 30000}, unhandledPromptBehavior: dismiss and notify, webauthn:extension:credBlob: true, webauthn:extension:largeBlob: true, webauthn:virtualAuthenticators: true}\nSession ID: 25284b618a482016e75fe450a82a5d2f\n*** Element info: {Using=xpath, value=//input[@id='login-email']}","time":{"start":1672217247427,"stop":1672217248488,"duration":1061}},{"uid":"f6c64c4db247f817","status":"broken","statusDetails":"no such element: Unable to locate element: {\"method\":\"xpath\",\"selector\":\"//input[@id='login-email']\"}\n  (Session info: chrome=108.0.5359.125)\nFor documentation on this error, please visit: https://www.seleniumhq.org/exceptions/no_such_element.html\nBuild info: version: '3.141.59', revision: 'e82be7d358', time: '2018-11-14T08:17:03'\nSystem info: host: 'ADMIN', ip: '192.168.31.61', os.name: 'Windows 10', os.arch: 'amd64', os.version: '10.0', java.version: '11.0.17'\nDriver info: org.openqa.selenium.chrome.ChromeDriver\nCapabilities {acceptInsecureCerts: false, browserName: chrome, browserVersion: 108.0.5359.125, chrome: {chromedriverVersion: 108.0.5359.71 (1e0e3868ee06..., userDataDir: C:\\Users\\Admin\\AppData\\Loca...}, goog:chromeOptions: {debuggerAddress: localhost:56437}, javascriptEnabled: true, networkConnectionEnabled: false, pageLoadStrategy: normal, platform: WINDOWS, platformName: WINDOWS, proxy: Proxy(), setWindowRect: true, strictFileInteractability: false, timeouts: {implicit: 0, pageLoad: 300000, script: 30000}, unhandledPromptBehavior: dismiss and notify, webauthn:extension:credBlob: true, webauthn:extension:largeBlob: true, webauthn:virtualAuthenticators: true}\nSession ID: 5dd5fa7ba2abebb41de86fcd3a9d0e84\n*** Element info: {Using=xpath, value=//input[@id='login-email']}","time":{"start":1672216453041,"stop":1672216454157,"duration":1116}},{"uid":"2c0acd59b3b2bee0","status":"passed","time":{"start":1672216259902,"stop":1672216264709,"duration":4807}},{"uid":"9533d88c437c646b","status":"passed","time":{"start":1672216086455,"stop":1672216092868,"duration":6413}},{"uid":"7f71a43cbb36594a","status":"passed","time":{"start":1672214744733,"stop":1672214751798,"duration":7065}},{"uid":"be6a1685ff98a009","status":"broken","statusDetails":"no such element: Unable to locate element: {\"method\":\"xpath\",\"selector\":\"//input[@id='login-email']\"}\n  (Session info: chrome=108.0.5359.125)\nFor documentation on this error, please visit: https://www.seleniumhq.org/exceptions/no_such_element.html\nBuild info: version: '3.141.59', revision: 'e82be7d358', time: '2018-11-14T08:17:03'\nSystem info: host: 'ADMIN', ip: '192.168.31.61', os.name: 'Windows 10', os.arch: 'amd64', os.version: '10.0', java.version: '11.0.17'\nDriver info: org.openqa.selenium.chrome.ChromeDriver\nCapabilities {acceptInsecureCerts: false, browserName: chrome, browserVersion: 108.0.5359.125, chrome: {chromedriverVersion: 108.0.5359.71 (1e0e3868ee06..., userDataDir: C:\\Users\\Admin\\AppData\\Loca...}, goog:chromeOptions: {debuggerAddress: localhost:53422}, javascriptEnabled: true, networkConnectionEnabled: false, pageLoadStrategy: normal, platform: WINDOWS, platformName: WINDOWS, proxy: Proxy(), setWindowRect: true, strictFileInteractability: false, timeouts: {implicit: 0, pageLoad: 300000, script: 30000}, unhandledPromptBehavior: dismiss and notify, webauthn:extension:credBlob: true, webauthn:extension:largeBlob: true, webauthn:virtualAuthenticators: true}\nSession ID: 812692529f2ab51745610586faca5760\n*** Element info: {Using=xpath, value=//input[@id='login-email']}","time":{"start":1672214674465,"stop":1672214677188,"duration":2723}},{"uid":"cfd29c66c29e3200","status":"broken","statusDetails":"no such element: Unable to locate element: {\"method\":\"xpath\",\"selector\":\"//input[@id='login-email']\"}\n  (Session info: chrome=108.0.5359.125)\nFor documentation on this error, please visit: https://www.seleniumhq.org/exceptions/no_such_element.html\nBuild info: version: '3.141.59', revision: 'e82be7d358', time: '2018-11-14T08:17:03'\nSystem info: host: 'ADMIN', ip: '192.168.31.61', os.name: 'Windows 10', os.arch: 'amd64', os.version: '10.0', java.version: '11.0.17'\nDriver info: org.openqa.selenium.chrome.ChromeDriver\nCapabilities {acceptInsecureCerts: false, browserName: chrome, browserVersion: 108.0.5359.125, chrome: {chromedriverVersion: 108.0.5359.71 (1e0e3868ee06..., userDataDir: C:\\Users\\Admin\\AppData\\Loca...}, goog:chromeOptions: {debuggerAddress: localhost:53183}, javascriptEnabled: true, networkConnectionEnabled: false, pageLoadStrategy: normal, platform: WINDOWS, platformName: WINDOWS, proxy: Proxy(), setWindowRect: true, strictFileInteractability: false, timeouts: {implicit: 0, pageLoad: 300000, script: 30000}, unhandledPromptBehavior: dismiss and notify, webauthn:extension:credBlob: true, webauthn:extension:largeBlob: true, webauthn:virtualAuthenticators: true}\nSession ID: 955374ecc09d7488aec172bc653d24d1\n*** Element info: {Using=xpath, value=//input[@id='login-email']}","time":{"start":1672214598620,"stop":1672214599765,"duration":1145}},{"uid":"40fc6095398e6406","status":"passed","time":{"start":1672214282605,"stop":1672214288655,"duration":6050}},{"uid":"75a4420d56049d52","status":"passed","time":{"start":1672213752506,"stop":1672213757974,"duration":5468}},{"uid":"c53b06f43dfa53db","status":"broken","statusDetails":"no such element: Unable to locate element: {\"method\":\"xpath\",\"selector\":\"//input[@id='login-email']\"}\n  (Session info: chrome=108.0.5359.125)\nFor documentation on this error, please visit: https://www.seleniumhq.org/exceptions/no_such_element.html\nBuild info: version: '3.141.59', revision: 'e82be7d358', time: '2018-11-14T08:17:03'\nSystem info: host: 'ADMIN', ip: '192.168.31.61', os.name: 'Windows 10', os.arch: 'amd64', os.version: '10.0', java.version: '11.0.17'\nDriver info: org.openqa.selenium.chrome.ChromeDriver\nCapabilities {acceptInsecureCerts: false, browserName: chrome, browserVersion: 108.0.5359.125, chrome: {chromedriverVersion: 108.0.5359.71 (1e0e3868ee06..., userDataDir: C:\\Users\\Admin\\AppData\\Loca...}, goog:chromeOptions: {debuggerAddress: localhost:52080}, javascriptEnabled: true, networkConnectionEnabled: false, pageLoadStrategy: normal, platform: WINDOWS, platformName: WINDOWS, proxy: Proxy(), setWindowRect: true, strictFileInteractability: false, timeouts: {implicit: 0, pageLoad: 300000, script: 30000}, unhandledPromptBehavior: dismiss and notify, webauthn:extension:credBlob: true, webauthn:extension:largeBlob: true, webauthn:virtualAuthenticators: true}\nSession ID: e56d6fa7834a79348669c12dc7bc5da0\n*** Element info: {Using=xpath, value=//input[@id='login-email']}","time":{"start":1672213659018,"stop":1672213660125,"duration":1107}},{"uid":"a9297f92edffcfab","status":"broken","statusDetails":"no such element: Unable to locate element: {\"method\":\"xpath\",\"selector\":\"//input[@id='login-email']\"}\n  (Session info: chrome=108.0.5359.125)\nFor documentation on this error, please visit: https://www.seleniumhq.org/exceptions/no_such_element.html\nBuild info: version: '3.141.59', revision: 'e82be7d358', time: '2018-11-14T08:17:03'\nSystem info: host: 'ADMIN', ip: '192.168.31.61', os.name: 'Windows 10', os.arch: 'amd64', os.version: '10.0', java.version: '11.0.17'\nDriver info: org.openqa.selenium.chrome.ChromeDriver\nCapabilities {acceptInsecureCerts: false, browserName: chrome, browserVersion: 108.0.5359.125, chrome: {chromedriverVersion: 108.0.5359.71 (1e0e3868ee06..., userDataDir: C:\\Users\\Admin\\AppData\\Loca...}, goog:chromeOptions: {debuggerAddress: localhost:52005}, javascriptEnabled: true, networkConnectionEnabled: false, pageLoadStrategy: normal, platform: WINDOWS, platformName: WINDOWS, proxy: Proxy(), setWindowRect: true, strictFileInteractability: false, timeouts: {implicit: 0, pageLoad: 300000, script: 30000}, unhandledPromptBehavior: dismiss and notify, webauthn:extension:credBlob: true, webauthn:extension:largeBlob: true, webauthn:virtualAuthenticators: true}\nSession ID: de6358bcbcee7731584fe72809ac930a\n*** Element info: {Using=xpath, value=//input[@id='login-email']}","time":{"start":1672213614484,"stop":1672213616071,"duration":1587}},{"uid":"42535d457cc9b7c1","status":"passed","time":{"start":1672213356373,"stop":1672213362765,"duration":6392}},{"uid":"77c3b98f27198002","status":"passed","time":{"start":1672212784677,"stop":1672212790138,"duration":5461}},{"uid":"7cfa645f15019756","status":"passed","time":{"start":1672212306243,"stop":1672212314558,"duration":8315}},{"uid":"77c092c20a1a71be","status":"broken","statusDetails":"no such element: Unable to locate element: {\"method\":\"xpath\",\"selector\":\"//input[@id='login-email']\"}\n  (Session info: chrome=108.0.5359.125)\nFor documentation on this error, please visit: https://www.seleniumhq.org/exceptions/no_such_element.html\nBuild info: version: '3.141.59', revision: 'e82be7d358', time: '2018-11-14T08:17:03'\nSystem info: host: 'ADMIN', ip: '192.168.31.61', os.name: 'Windows 10', os.arch: 'amd64', os.version: '10.0', java.version: '11.0.17'\nDriver info: org.openqa.selenium.chrome.ChromeDriver\nCapabilities {acceptInsecureCerts: false, browserName: chrome, browserVersion: 108.0.5359.125, chrome: {chromedriverVersion: 108.0.5359.71 (1e0e3868ee06..., userDataDir: C:\\Users\\Admin\\AppData\\Loca...}, goog:chromeOptions: {debuggerAddress: localhost:50124}, javascriptEnabled: true, networkConnectionEnabled: false, pageLoadStrategy: normal, platform: WINDOWS, platformName: WINDOWS, proxy: Proxy(), setWindowRect: true, strictFileInteractability: false, timeouts: {implicit: 0, pageLoad: 300000, script: 30000}, unhandledPromptBehavior: dismiss and notify, webauthn:extension:credBlob: true, webauthn:extension:largeBlob: true, webauthn:virtualAuthenticators: true}\nSession ID: 5d9844e14d0a6a0ae2bb501f31c300ed\n*** Element info: {Using=xpath, value=//input[@id='login-email']}","time":{"start":1672212145264,"stop":1672212146588,"duration":1324}},{"uid":"bb9ce24ead5f0fe9","status":"broken","statusDetails":"no such element: Unable to locate element: {\"method\":\"xpath\",\"selector\":\"//input[@id='login-email']\"}\n  (Session info: chrome=108.0.5359.125)\nFor documentation on this error, please visit: https://www.seleniumhq.org/exceptions/no_such_element.html\nBuild info: version: '3.141.59', revision: 'e82be7d358', time: '2018-11-14T08:17:03'\nSystem info: host: 'ADMIN', ip: '192.168.31.61', os.name: 'Windows 10', os.arch: 'amd64', os.version: '10.0', java.version: '11.0.17'\nDriver info: org.openqa.selenium.chrome.ChromeDriver\nCapabilities {acceptInsecureCerts: false, browserName: chrome, browserVersion: 108.0.5359.125, chrome: {chromedriverVersion: 108.0.5359.71 (1e0e3868ee06..., userDataDir: C:\\Users\\Admin\\AppData\\Loca...}, goog:chromeOptions: {debuggerAddress: localhost:49983}, javascriptEnabled: true, networkConnectionEnabled: false, pageLoadStrategy: normal, platform: WINDOWS, platformName: WINDOWS, proxy: Proxy(), setWindowRect: true, strictFileInteractability: false, timeouts: {implicit: 0, pageLoad: 300000, script: 30000}, unhandledPromptBehavior: dismiss and notify, webauthn:extension:credBlob: true, webauthn:extension:largeBlob: true, webauthn:virtualAuthenticators: true}\nSession ID: 00507e7d3b952111f4e279a30101e7a0\n*** Element info: {Using=xpath, value=//input[@id='login-email']}","time":{"start":1672212072810,"stop":1672212074259,"duration":1449}},{"uid":"3bf3882735e8c060","status":"broken","statusDetails":"no such element: Unable to locate element: {\"method\":\"xpath\",\"selector\":\"//input[@id='login-email']\"}\n  (Session info: chrome=108.0.5359.125)\nFor documentation on this error, please visit: https://www.seleniumhq.org/exceptions/no_such_element.html\nBuild info: version: '3.141.59', revision: 'e82be7d358', time: '2018-11-14T08:17:03'\nSystem info: host: 'ADMIN', ip: '192.168.31.61', os.name: 'Windows 10', os.arch: 'amd64', os.version: '10.0', java.version: '11.0.17'\nDriver info: org.openqa.selenium.chrome.ChromeDriver\nCapabilities {acceptInsecureCerts: false, browserName: chrome, browserVersion: 108.0.5359.125, chrome: {chromedriverVersion: 108.0.5359.71 (1e0e3868ee06..., userDataDir: C:\\Users\\Admin\\AppData\\Loca...}, goog:chromeOptions: {debuggerAddress: localhost:49630}, javascriptEnabled: true, networkConnectionEnabled: false, pageLoadStrategy: normal, platform: WINDOWS, platformName: WINDOWS, proxy: Proxy(), setWindowRect: true, strictFileInteractability: false, timeouts: {implicit: 0, pageLoad: 300000, script: 30000}, unhandledPromptBehavior: dismiss and notify, webauthn:extension:credBlob: true, webauthn:extension:largeBlob: true, webauthn:virtualAuthenticators: true}\nSession ID: 5a837a7a0227da4851191e09aea7ab7b\n*** Element info: {Using=xpath, value=//input[@id='login-email']}","time":{"start":1672211973231,"stop":1672211974321,"duration":1090}},{"uid":"e4e41cac1d1dc18f","status":"passed","time":{"start":1672210243773,"stop":1672210248701,"duration":4928}},{"uid":"166c20f12e482eb9","status":"broken","statusDetails":"no such element: Unable to locate element: {\"method\":\"xpath\",\"selector\":\"//input[@id='login-email']\"}\n  (Session info: chrome=108.0.5359.125)\nFor documentation on this error, please visit: https://www.seleniumhq.org/exceptions/no_such_element.html\nBuild info: version: '3.141.59', revision: 'e82be7d358', time: '2018-11-14T08:17:03'\nSystem info: host: 'ADMIN', ip: '192.168.31.62', os.name: 'Windows 10', os.arch: 'amd64', os.version: '10.0', java.version: '11.0.17'\nDriver info: org.openqa.selenium.chrome.ChromeDriver\nCapabilities {acceptInsecureCerts: false, browserName: chrome, browserVersion: 108.0.5359.125, chrome: {chromedriverVersion: 108.0.5359.71 (1e0e3868ee06..., userDataDir: C:\\Users\\Admin\\AppData\\Loca...}, goog:chromeOptions: {debuggerAddress: localhost:62683}, javascriptEnabled: true, networkConnectionEnabled: false, pageLoadStrategy: normal, platform: WINDOWS, platformName: WINDOWS, proxy: Proxy(), setWindowRect: true, strictFileInteractability: false, timeouts: {implicit: 0, pageLoad: 300000, script: 30000}, unhandledPromptBehavior: dismiss and notify, webauthn:extension:credBlob: true, webauthn:extension:largeBlob: true, webauthn:virtualAuthenticators: true}\nSession ID: 414fd68e20af3c8962d6f8494d720f42\n*** Element info: {Using=xpath, value=//input[@id='login-email']}","time":{"start":1672209861240,"stop":1672209862521,"duration":1281}},{"uid":"b93b513c277552bc","status":"broken","statusDetails":"no such element: Unable to locate element: {\"method\":\"xpath\",\"selector\":\"//input[@id='login-email']\"}\n  (Session info: chrome=108.0.5359.125)\nFor documentation on this error, please visit: https://www.seleniumhq.org/exceptions/no_such_element.html\nBuild info: version: '3.141.59', revision: 'e82be7d358', time: '2018-11-14T08:17:03'\nSystem info: host: 'ADMIN', ip: '192.168.31.62', os.name: 'Windows 10', os.arch: 'amd64', os.version: '10.0', java.version: '11.0.17'\nDriver info: org.openqa.selenium.chrome.ChromeDriver\nCapabilities {acceptInsecureCerts: false, browserName: chrome, browserVersion: 108.0.5359.125, chrome: {chromedriverVersion: 108.0.5359.71 (1e0e3868ee06..., userDataDir: C:\\Users\\Admin\\AppData\\Loca...}, goog:chromeOptions: {debuggerAddress: localhost:62416}, javascriptEnabled: true, networkConnectionEnabled: false, pageLoadStrategy: normal, platform: WINDOWS, platformName: WINDOWS, proxy: Proxy(), setWindowRect: true, strictFileInteractability: false, timeouts: {implicit: 0, pageLoad: 300000, script: 30000}, unhandledPromptBehavior: dismiss and notify, webauthn:extension:credBlob: true, webauthn:extension:largeBlob: true, webauthn:virtualAuthenticators: true}\nSession ID: 070e15d3bafc993a8d8f108e622e1e54\n*** Element info: {Using=xpath, value=//input[@id='login-email']}","time":{"start":1672209698541,"stop":1672209700191,"duration":1650}},{"uid":"aeedf54200172253","status":"passed","time":{"start":1672209358961,"stop":1672209365601,"duration":6640}},{"uid":"c0d6455669ce89be","status":"broken","statusDetails":"no such element: Unable to locate element: {\"method\":\"xpath\",\"selector\":\"//input[@id='login-email']\"}\n  (Session info: chrome=108.0.5359.125)\nFor documentation on this error, please visit: https://www.seleniumhq.org/exceptions/no_such_element.html\nBuild info: version: '3.141.59', revision: 'e82be7d358', time: '2018-11-14T08:17:03'\nSystem info: host: 'ADMIN', ip: '192.168.31.62', os.name: 'Windows 10', os.arch: 'amd64', os.version: '10.0', java.version: '11.0.17'\nDriver info: org.openqa.selenium.chrome.ChromeDriver\nCapabilities {acceptInsecureCerts: false, browserName: chrome, browserVersion: 108.0.5359.125, chrome: {chromedriverVersion: 108.0.5359.71 (1e0e3868ee06..., userDataDir: C:\\Users\\Admin\\AppData\\Loca...}, goog:chromeOptions: {debuggerAddress: localhost:61718}, javascriptEnabled: true, networkConnectionEnabled: false, pageLoadStrategy: normal, platform: WINDOWS, platformName: WINDOWS, proxy: Proxy(), setWindowRect: true, strictFileInteractability: false, timeouts: {implicit: 0, pageLoad: 300000, script: 30000}, unhandledPromptBehavior: dismiss and notify, webauthn:extension:credBlob: true, webauthn:extension:largeBlob: true, webauthn:virtualAuthenticators: true}\nSession ID: 21e79c2e419078f90302f9a4b32605c0\n*** Element info: {Using=xpath, value=//input[@id='login-email']}","time":{"start":1672209246356,"stop":1672209247447,"duration":1091}},{"uid":"5474d067b37b73c7","status":"passed","time":{"start":1672208847492,"stop":1672208859886,"duration":12394}},{"uid":"21c7c4724cc095f5","status":"passed","time":{"start":1672208243469,"stop":1672208249567,"duration":6098}},{"uid":"53a1feee8a2cb8b5","status":"passed","time":{"start":1672207566029,"stop":1672207572251,"duration":6222}},{"uid":"3406663f06455286","status":"passed","time":{"start":1672206760815,"stop":1672206766222,"duration":5407}},{"uid":"8aeacf05914a90bd","status":"passed","time":{"start":1672206442100,"stop":1672206448043,"duration":5943}},{"uid":"19e810c7ae5521b2","status":"passed","time":{"start":1672205501483,"stop":1672205507019,"duration":5536}},{"uid":"bdd1b6c4edebd97d","status":"passed","time":{"start":1672205157975,"stop":1672205162850,"duration":4875}},{"uid":"cc48757098d7093e","status":"passed","time":{"start":1672205025975,"stop":1672205031513,"duration":5538}},{"uid":"673bdd83398a475c","status":"passed","time":{"start":1672193702568,"stop":1672193707345,"duration":4777}},{"uid":"595190b82c4787f8","status":"passed","time":{"start":1672135474070,"stop":1672135479019,"duration":4949}},{"uid":"a2cf7d037d4f7fc8","status":"passed","time":{"start":1672135215166,"stop":1672135220488,"duration":5322}},{"uid":"fc238f14cb8ca686","status":"passed","time":{"start":1672134877278,"stop":1672134883248,"duration":5970}},{"uid":"cbdcdc2e1894d683","status":"passed","time":{"start":1672134358516,"stop":1672134363417,"duration":4901}},{"uid":"3fff8ef5d345f9c","status":"broken","statusDetails":"no such element: Unable to locate element: {\"method\":\"xpath\",\"selector\":\"//input[@id='login-email']\"}\n  (Session info: chrome=108.0.5359.125)\nFor documentation on this error, please visit: https://www.seleniumhq.org/exceptions/no_such_element.html\nBuild info: version: '3.141.59', revision: 'e82be7d358', time: '2018-11-14T08:17:03'\nSystem info: host: 'ADMIN', ip: '192.168.31.62', os.name: 'Windows 10', os.arch: 'amd64', os.version: '10.0', java.version: '11.0.17'\nDriver info: org.openqa.selenium.chrome.ChromeDriver\nCapabilities {acceptInsecureCerts: false, browserName: chrome, browserVersion: 108.0.5359.125, chrome: {chromedriverVersion: 108.0.5359.71 (1e0e3868ee06..., userDataDir: C:\\Users\\Admin\\AppData\\Loca...}, goog:chromeOptions: {debuggerAddress: localhost:49844}, javascriptEnabled: true, networkConnectionEnabled: false, pageLoadStrategy: normal, platform: WINDOWS, platformName: WINDOWS, proxy: Proxy(), setWindowRect: true, strictFileInteractability: false, timeouts: {implicit: 0, pageLoad: 300000, script: 30000}, unhandledPromptBehavior: dismiss and notify, webauthn:extension:credBlob: true, webauthn:extension:largeBlob: true, webauthn:virtualAuthenticators: true}\nSession ID: c73fb22f1845d62da0671269504ddda2\n*** Element info: {Using=xpath, value=//input[@id='login-email']}","time":{"start":1672134180629,"stop":1672134181731,"duration":1102}},{"uid":"e7d11d6417189405","status":"passed","time":{"start":1672134095532,"stop":1672134101847,"duration":6315}},{"uid":"ea23b908111979dc","status":"broken","statusDetails":"no such element: Unable to locate element: {\"method\":\"xpath\",\"selector\":\"//p[normalize-space()='Invalid login or password.']\"}\n  (Session info: chrome=108.0.5359.125)\nFor documentation on this error, please visit: https://www.seleniumhq.org/exceptions/no_such_element.html\nBuild info: version: '3.141.59', revision: 'e82be7d358', time: '2018-11-14T08:17:03'\nSystem info: host: 'ADMIN', ip: '192.168.31.62', os.name: 'Windows 10', os.arch: 'amd64', os.version: '10.0', java.version: '11.0.17'\nDriver info: org.openqa.selenium.chrome.ChromeDriver\nCapabilities {acceptInsecureCerts: false, browserName: chrome, browserVersion: 108.0.5359.125, chrome: {chromedriverVersion: 108.0.5359.71 (1e0e3868ee06..., userDataDir: C:\\Users\\Admin\\AppData\\Loca...}, goog:chromeOptions: {debuggerAddress: localhost:49350}, javascriptEnabled: true, networkConnectionEnabled: false, pageLoadStrategy: normal, platform: WINDOWS, platformName: WINDOWS, proxy: Proxy(), setWindowRect: true, strictFileInteractability: false, timeouts: {implicit: 0, pageLoad: 300000, script: 30000}, unhandledPromptBehavior: dismiss and notify, webauthn:extension:credBlob: true, webauthn:extension:largeBlob: true, webauthn:virtualAuthenticators: true}\nSession ID: c4bcb2f043d4362a56a27c181b5bd3d2\n*** Element info: {Using=xpath, value=//p[normalize-space()='Invalid login or password.']}","time":{"start":1672133993142,"stop":1672134025666,"duration":32524}},{"uid":"32241295761f92eb","status":"broken","statusDetails":"no such element: Unable to locate element: {\"method\":\"xpath\",\"selector\":\"//input[@id='login-email']\"}\n  (Session info: chrome=108.0.5359.125)\nFor documentation on this error, please visit: https://www.seleniumhq.org/exceptions/no_such_element.html\nBuild info: version: '3.141.59', revision: 'e82be7d358', time: '2018-11-14T08:17:03'\nSystem info: host: 'ADMIN', ip: '192.168.31.62', os.name: 'Windows 10', os.arch: 'amd64', os.version: '10.0', java.version: '11.0.17'\nDriver info: org.openqa.selenium.chrome.ChromeDriver\nCapabilities {acceptInsecureCerts: false, browserName: chrome, browserVersion: 108.0.5359.125, chrome: {chromedriverVersion: 108.0.5359.71 (1e0e3868ee06..., userDataDir: C:\\Users\\Admin\\AppData\\Loca...}, goog:chromeOptions: {debuggerAddress: localhost:49250}, javascriptEnabled: true, networkConnectionEnabled: false, pageLoadStrategy: normal, platform: WINDOWS, platformName: WINDOWS, proxy: Proxy(), setWindowRect: true, strictFileInteractability: false, timeouts: {implicit: 0, pageLoad: 300000, script: 30000}, unhandledPromptBehavior: dismiss and notify, webauthn:extension:credBlob: true, webauthn:extension:largeBlob: true, webauthn:virtualAuthenticators: true}\nSession ID: a92e106a05e7bdb74a9f4dfe44815402\n*** Element info: {Using=xpath, value=//input[@id='login-email']}","time":{"start":1672133924205,"stop":1672133926083,"duration":1878}},{"uid":"9e714efcee685d1f","status":"passed","time":{"start":1672133562504,"stop":1672133567483,"duration":4979}},{"uid":"e20cba846dd8bd81","status":"passed","time":{"start":1672130930731,"stop":1672130936692,"duration":5961}},{"uid":"4943518689f74cc7","status":"passed","time":{"start":1672130702395,"stop":1672130707840,"duration":5445}},{"uid":"94deafab094ba084","status":"passed","time":{"start":1672130439540,"stop":1672130445161,"duration":5621}},{"uid":"91b9fbaa28ab6917","status":"passed","time":{"start":1672130168193,"stop":1672130175848,"duration":7655}},{"uid":"44496d4d121f528","status":"passed","time":{"start":1672129413107,"stop":1672129419904,"duration":6797}},{"uid":"facca608381d2718","status":"broken","statusDetails":"no such element: Unable to locate element: {\"method\":\"xpath\",\"selector\":\"//input[@id='login-email']\"}\n  (Session info: chrome=108.0.5359.125)\nFor documentation on this error, please visit: https://www.seleniumhq.org/exceptions/no_such_element.html\nBuild info: version: '3.141.59', revision: 'e82be7d358', time: '2018-11-14T08:17:03'\nSystem info: host: 'ADMIN', ip: '192.168.31.62', os.name: 'Windows 10', os.arch: 'amd64', os.version: '10.0', java.version: '11.0.17'\nDriver info: org.openqa.selenium.chrome.ChromeDriver\nCapabilities {acceptInsecureCerts: false, browserName: chrome, browserVersion: 108.0.5359.125, chrome: {chromedriverVersion: 108.0.5359.71 (1e0e3868ee06..., userDataDir: C:\\Users\\Admin\\AppData\\Loca...}, goog:chromeOptions: {debuggerAddress: localhost:57601}, javascriptEnabled: true, networkConnectionEnabled: false, pageLoadStrategy: normal, platform: WINDOWS, platformName: WINDOWS, proxy: Proxy(), setWindowRect: true, strictFileInteractability: false, timeouts: {implicit: 0, pageLoad: 300000, script: 30000}, unhandledPromptBehavior: dismiss and notify, webauthn:extension:credBlob: true, webauthn:extension:largeBlob: true, webauthn:virtualAuthenticators: true}\nSession ID: 8493f1313d470d299c62fcf4666239c4\n*** Element info: {Using=xpath, value=//input[@id='login-email']}","time":{"start":1672129365989,"stop":1672129367638,"duration":1649}},{"uid":"8f04ff0b9962992d","status":"broken","statusDetails":"no such element: Unable to locate element: {\"method\":\"xpath\",\"selector\":\"//input[@id='login-email']\"}\n  (Session info: chrome=108.0.5359.125)\nFor documentation on this error, please visit: https://www.seleniumhq.org/exceptions/no_such_element.html\nBuild info: version: '3.141.59', revision: 'e82be7d358', time: '2018-11-14T08:17:03'\nSystem info: host: 'ADMIN', ip: '192.168.31.62', os.name: 'Windows 10', os.arch: 'amd64', os.version: '10.0', java.version: '11.0.17'\nDriver info: org.openqa.selenium.chrome.ChromeDriver\nCapabilities {acceptInsecureCerts: false, browserName: chrome, browserVersion: 108.0.5359.125, chrome: {chromedriverVersion: 108.0.5359.71 (1e0e3868ee06..., userDataDir: C:\\Users\\Admin\\AppData\\Loca...}, goog:chromeOptions: {debuggerAddress: localhost:57344}, javascriptEnabled: true, networkConnectionEnabled: false, pageLoadStrategy: normal, platform: WINDOWS, platformName: WINDOWS, proxy: Proxy(), setWindowRect: true, strictFileInteractability: false, timeouts: {implicit: 0, pageLoad: 300000, script: 30000}, unhandledPromptBehavior: dismiss and notify, webauthn:extension:credBlob: true, webauthn:extension:largeBlob: true, webauthn:virtualAuthenticators: true}\nSession ID: dceb63cc300803e911bfe85e5d1db2cc\n*** Element info: {Using=xpath, value=//input[@id='login-email']}","time":{"start":1672129300144,"stop":1672129301199,"duration":1055}},{"uid":"bc6bfbe0f17c6358","status":"passed","time":{"start":1672128759633,"stop":1672128765220,"duration":5587}},{"uid":"77b1019711abdfd8","status":"passed","time":{"start":1672128566129,"stop":1672128571555,"duration":5426}},{"uid":"767baf5fbbd90244","status":"broken","statusDetails":"no such element: Unable to locate element: {\"method\":\"xpath\",\"selector\":\"//input[@id='login-email']\"}\n  (Session info: chrome=108.0.5359.125)\nFor documentation on this error, please visit: https://www.seleniumhq.org/exceptions/no_such_element.html\nBuild info: version: '3.141.59', revision: 'e82be7d358', time: '2018-11-14T08:17:03'\nSystem info: host: 'ADMIN', ip: '192.168.31.62', os.name: 'Windows 10', os.arch: 'amd64', os.version: '10.0', java.version: '11.0.17'\nDriver info: org.openqa.selenium.chrome.ChromeDriver\nCapabilities {acceptInsecureCerts: false, browserName: chrome, browserVersion: 108.0.5359.125, chrome: {chromedriverVersion: 108.0.5359.71 (1e0e3868ee06..., userDataDir: C:\\Users\\Admin\\AppData\\Loca...}, goog:chromeOptions: {debuggerAddress: localhost:56093}, javascriptEnabled: true, networkConnectionEnabled: false, pageLoadStrategy: normal, platform: WINDOWS, platformName: WINDOWS, proxy: Proxy(), setWindowRect: true, strictFileInteractability: false, timeouts: {implicit: 0, pageLoad: 300000, script: 30000}, unhandledPromptBehavior: dismiss and notify, webauthn:extension:credBlob: true, webauthn:extension:largeBlob: true, webauthn:virtualAuthenticators: true}\nSession ID: 495775600aa1dfa3caeb23238de50b56\n*** Element info: {Using=xpath, value=//input[@id='login-email']}","time":{"start":1672128468145,"stop":1672128469201,"duration":1056}},{"uid":"44187f670b0e242a","status":"broken","statusDetails":"no such element: Unable to locate element: {\"method\":\"xpath\",\"selector\":\"//input[@id='login-email']\"}\n  (Session info: chrome=108.0.5359.125)\nFor documentation on this error, please visit: https://www.seleniumhq.org/exceptions/no_such_element.html\nBuild info: version: '3.141.59', revision: 'e82be7d358', time: '2018-11-14T08:17:03'\nSystem info: host: 'ADMIN', ip: '192.168.31.62', os.name: 'Windows 10', os.arch: 'amd64', os.version: '10.0', java.version: '11.0.17'\nDriver info: org.openqa.selenium.chrome.ChromeDriver\nCapabilities {acceptInsecureCerts: false, browserName: chrome, browserVersion: 108.0.5359.125, chrome: {chromedriverVersion: 108.0.5359.71 (1e0e3868ee06..., userDataDir: C:\\Users\\Admin\\AppData\\Loca...}, goog:chromeOptions: {debuggerAddress: localhost:55911}, javascriptEnabled: true, networkConnectionEnabled: false, pageLoadStrategy: normal, platform: WINDOWS, platformName: WINDOWS, proxy: Proxy(), setWindowRect: true, strictFileInteractability: false, timeouts: {implicit: 0, pageLoad: 300000, script: 30000}, unhandledPromptBehavior: dismiss and notify, webauthn:extension:credBlob: true, webauthn:extension:largeBlob: true, webauthn:virtualAuthenticators: true}\nSession ID: 3bc43617b4aacc986e47fd39b68d678b\n*** Element info: {Using=xpath, value=//input[@id='login-email']}","time":{"start":1672128372815,"stop":1672128373894,"duration":1079}},{"uid":"ab1210b0e7ba0a8","status":"broken","statusDetails":"no such element: Unable to locate element: {\"method\":\"xpath\",\"selector\":\"//input[@id='login-email']\"}\n  (Session info: chrome=108.0.5359.125)\nFor documentation on this error, please visit: https://www.seleniumhq.org/exceptions/no_such_element.html\nBuild info: version: '3.141.59', revision: 'e82be7d358', time: '2018-11-14T08:17:03'\nSystem info: host: 'ADMIN', ip: '192.168.31.62', os.name: 'Windows 10', os.arch: 'amd64', os.version: '10.0', java.version: '11.0.17'\nDriver info: org.openqa.selenium.chrome.ChromeDriver\nCapabilities {acceptInsecureCerts: false, browserName: chrome, browserVersion: 108.0.5359.125, chrome: {chromedriverVersion: 108.0.5359.71 (1e0e3868ee06..., userDataDir: C:\\Users\\Admin\\AppData\\Loca...}, goog:chromeOptions: {debuggerAddress: localhost:55808}, javascriptEnabled: true, networkConnectionEnabled: false, pageLoadStrategy: normal, platform: WINDOWS, platformName: WINDOWS, proxy: Proxy(), setWindowRect: true, strictFileInteractability: false, timeouts: {implicit: 0, pageLoad: 300000, script: 30000}, unhandledPromptBehavior: dismiss and notify, webauthn:extension:credBlob: true, webauthn:extension:largeBlob: true, webauthn:virtualAuthenticators: true}\nSession ID: efd04dbb33957882d1f5190176bfd637\n*** Element info: {Using=xpath, value=//input[@id='login-email']}","time":{"start":1672128326693,"stop":1672128328152,"duration":1459}},{"uid":"64be41a1962cfe75","status":"passed","time":{"start":1672128195692,"stop":1672128201168,"duration":5476}},{"uid":"10ad117a561d67c6","status":"passed","time":{"start":1672127961621,"stop":1672127968581,"duration":6960}},{"uid":"251f72e6b1610bdf","status":"broken","statusDetails":"no such element: Unable to locate element: {\"method\":\"xpath\",\"selector\":\"//input[@id='login-email']\"}\n  (Session info: chrome=108.0.5359.125)\nFor documentation on this error, please visit: https://www.seleniumhq.org/exceptions/no_such_element.html\nBuild info: version: '3.141.59', revision: 'e82be7d358', time: '2018-11-14T08:17:03'\nSystem info: host: 'ADMIN', ip: '192.168.31.62', os.name: 'Windows 10', os.arch: 'amd64', os.version: '10.0', java.version: '11.0.17'\nDriver info: org.openqa.selenium.chrome.ChromeDriver\nCapabilities {acceptInsecureCerts: false, browserName: chrome, browserVersion: 108.0.5359.125, chrome: {chromedriverVersion: 108.0.5359.71 (1e0e3868ee06..., userDataDir: C:\\Users\\Admin\\AppData\\Loca...}, goog:chromeOptions: {debuggerAddress: localhost:54982}, javascriptEnabled: true, networkConnectionEnabled: false, pageLoadStrategy: normal, platform: WINDOWS, platformName: WINDOWS, proxy: Proxy(), setWindowRect: true, strictFileInteractability: false, timeouts: {implicit: 0, pageLoad: 300000, script: 30000}, unhandledPromptBehavior: dismiss and notify, webauthn:extension:credBlob: true, webauthn:extension:largeBlob: true, webauthn:virtualAuthenticators: true}\nSession ID: ee800df2885bbddc51b825a515f9c315\n*** Element info: {Using=xpath, value=//input[@id='login-email']}","time":{"start":1672127883030,"stop":1672127884780,"duration":1750}},{"uid":"85cee781feb736d9","status":"passed","time":{"start":1672127486716,"stop":1672127492715,"duration":5999}},{"uid":"1827ef386b63491e","status":"passed","time":{"start":1672127266460,"stop":1672127271457,"duration":4997}},{"uid":"b0ab366c134a78ea","status":"passed","time":{"start":1672126694209,"stop":1672126699242,"duration":5033}},{"uid":"e193c1a54f9fa9cc","status":"passed","time":{"start":1672126224057,"stop":1672126229754,"duration":5697}},{"uid":"3a089c73ff4961f3","status":"passed","time":{"start":1672126100181,"stop":1672126106777,"duration":6596}},{"uid":"9879789a9f80a27","status":"passed","time":{"start":1672125584685,"stop":1672125589080,"duration":4395}},{"uid":"666fae11aef210a2","status":"passed","time":{"start":1672125390237,"stop":1672125398139,"duration":7902}},{"uid":"aa77dc9680f319f5","status":"passed","time":{"start":1672125186089,"stop":1672125192650,"duration":6561}},{"uid":"a00551ab3f001c27","status":"passed","time":{"start":1672125058266,"stop":1672125064338,"duration":6072}},{"uid":"ab972873cfa4e885","status":"passed","time":{"start":1671782631383,"stop":1671782637204,"duration":5821}},{"uid":"890208ac8968e076","status":"passed","time":{"start":1671780694105,"stop":1671780699666,"duration":5561}},{"uid":"e53a6f04a078237","status":"passed","time":{"start":1671780409865,"stop":1671780419605,"duration":9740}},{"uid":"c2e9a0f7a59b79b6","status":"passed","time":{"start":1671780134879,"stop":1671780142150,"duration":7271}},{"uid":"eaf78d9bf7edfb46","status":"passed","time":{"start":1671779921451,"stop":1671779927188,"duration":5737}},{"uid":"508941e4053209fd","status":"passed","time":{"start":1671776816649,"stop":1671776822382,"duration":5733}},{"uid":"5f53fd255241dad8","status":"passed","time":{"start":1671771866984,"stop":1671771871917,"duration":4933}},{"uid":"69c0008de3e431b2","status":"passed","time":{"start":1671771596795,"stop":1671771601701,"duration":4906}},{"uid":"8df82517fcc69fea","status":"passed","time":{"start":1671771391444,"stop":1671771396058,"duration":4614}},{"uid":"9df60eb4e5692124","status":"passed","time":{"start":1671770806573,"stop":1671770816242,"duration":9669}},{"uid":"73134a2fa0635974","status":"passed","time":{"start":1671770379452,"stop":1671770385896,"duration":6444}},{"uid":"82480a8ea74330f","status":"broken","statusDetails":"no such element: Unable to locate element: {\"method\":\"xpath\",\"selector\":\"//p[normalize-space()='Invalid login or password.']\"}\n  (Session info: chrome=108.0.5359.125)\nFor documentation on this error, please visit: https://www.seleniumhq.org/exceptions/no_such_element.html\nBuild info: version: '3.141.59', revision: 'e82be7d358', time: '2018-11-14T08:17:03'\nSystem info: host: 'ADMIN', ip: '192.168.31.63', os.name: 'Windows 10', os.arch: 'amd64', os.version: '10.0', java.version: '11.0.17'\nDriver info: org.openqa.selenium.chrome.ChromeDriver\nCapabilities {acceptInsecureCerts: false, browserName: chrome, browserVersion: 108.0.5359.125, chrome: {chromedriverVersion: 108.0.5359.71 (1e0e3868ee06..., userDataDir: C:\\Users\\Admin\\AppData\\Loca...}, goog:chromeOptions: {debuggerAddress: localhost:56776}, javascriptEnabled: true, networkConnectionEnabled: false, pageLoadStrategy: normal, platform: WINDOWS, platformName: WINDOWS, proxy: Proxy(), setWindowRect: true, strictFileInteractability: false, timeouts: {implicit: 0, pageLoad: 300000, script: 30000}, unhandledPromptBehavior: dismiss and notify, webauthn:extension:credBlob: true, webauthn:extension:largeBlob: true, webauthn:virtualAuthenticators: true}\nSession ID: 54e316b6bd0a9fdd13cfe67d90005f9a\n*** Element info: {Using=xpath, value=//p[normalize-space()='Invalid login or password.']}","time":{"start":1671769874635,"stop":1671769883750,"duration":9115}},{"uid":"d2e405e0f1f6f8","status":"passed","time":{"start":1671769372964,"stop":1671769377968,"duration":5004}},{"uid":"305c1caa290f88e8","status":"passed","time":{"start":1671769155898,"stop":1671769163058,"duration":7160}},{"uid":"f9b1e432fa48cefa","status":"passed","time":{"start":1671767905555,"stop":1671767910777,"duration":5222}},{"uid":"b9a04f547fb3e70c","status":"passed","time":{"start":1671767583559,"stop":1671767589740,"duration":6181}},{"uid":"72b934cc8b3a84","status":"passed","time":{"start":1671766233770,"stop":1671766239792,"duration":6022}},{"uid":"f6c2d9e3b3dee60e","status":"broken","statusDetails":"no such element: Unable to locate element: {\"method\":\"xpath\",\"selector\":\"//input[@id='login-email']\"}\n  (Session info: chrome=108.0.5359.125)\nFor documentation on this error, please visit: https://www.seleniumhq.org/exceptions/no_such_element.html\nBuild info: version: '3.141.59', revision: 'e82be7d358', time: '2018-11-14T08:17:03'\nSystem info: host: 'ADMIN', ip: '192.168.31.63', os.name: 'Windows 10', os.arch: 'amd64', os.version: '10.0', java.version: '11.0.17'\nDriver info: org.openqa.selenium.chrome.ChromeDriver\nCapabilities {acceptInsecureCerts: false, browserName: chrome, browserVersion: 108.0.5359.125, chrome: {chromedriverVersion: 108.0.5359.71 (1e0e3868ee06..., userDataDir: C:\\Users\\Admin\\AppData\\Loca...}, goog:chromeOptions: {debuggerAddress: localhost:53633}, javascriptEnabled: true, networkConnectionEnabled: false, pageLoadStrategy: normal, platform: WINDOWS, platformName: WINDOWS, proxy: Proxy(), setWindowRect: true, strictFileInteractability: false, timeouts: {implicit: 0, pageLoad: 300000, script: 30000}, unhandledPromptBehavior: dismiss and notify, webauthn:extension:credBlob: true, webauthn:extension:largeBlob: true, webauthn:virtualAuthenticators: true}\nSession ID: 3d11e451e5f279248e7fe0b193c36814\n*** Element info: {Using=xpath, value=//input[@id='login-email']}","time":{"start":1671766079188,"stop":1671766080272,"duration":1084}},{"uid":"5432d7da2670f986","status":"passed","time":{"start":1671765782665,"stop":1671765791149,"duration":8484}},{"uid":"dfe6e0cccfa9e65","status":"passed","time":{"start":1671765447907,"stop":1671765452809,"duration":4902}},{"uid":"4f0bb4cc5001dc1d","status":"passed","time":{"start":1670213621668,"stop":1670213625950,"duration":4282}},{"uid":"62b6dbeabb9994df","status":"passed","time":{"start":1670213051649,"stop":1670213064138,"duration":12489}},{"uid":"31664ed384f01d81","status":"passed","time":{"start":1670212341733,"stop":1670212346065,"duration":4332}},{"uid":"5ae2e9516d0241aa","status":"passed","time":{"start":1670212131673,"stop":1670212136047,"duration":4374}},{"uid":"91b99458016f8b25","status":"passed","time":{"start":1670211936900,"stop":1670211948305,"duration":11405}},{"uid":"9f2b611522856e26","status":"passed","time":{"start":1670043849033,"stop":1670043853891,"duration":4858}},{"uid":"747be442486574f7","status":"passed","time":{"start":1670043681719,"stop":1670043687652,"duration":5933}},{"uid":"b48c8e83370338dc","status":"passed","time":{"start":1670043407152,"stop":1670043412031,"duration":4879}},{"uid":"2a24a26811ea482e","status":"passed","time":{"start":1670042619603,"stop":1670042623758,"duration":4155}},{"uid":"af9714f06cf64eb0","status":"passed","time":{"start":1670042273942,"stop":1670042278238,"duration":4296}},{"uid":"33ff237a7a5cc8b5","status":"passed","time":{"start":1670041862619,"stop":1670041866867,"duration":4248}},{"uid":"adb9c5f0ba8e7866","status":"passed","time":{"start":1670041712796,"stop":1670041717629,"duration":4833}},{"uid":"b79c995220a705c","status":"broken","statusDetails":"no such element: Unable to locate element: {\"method\":\"xpath\",\"selector\":\"//p[normalize-space()='Invalid login or password.']\"}\n  (Session info: chrome=107.0.5304.123)\nFor documentation on this error, please visit: https://www.seleniumhq.org/exceptions/no_such_element.html\nBuild info: version: '3.141.59', revision: 'e82be7d358', time: '2018-11-14T08:17:03'\nSystem info: host: 'ADMIN', ip: '192.168.31.64', os.name: 'Windows 10', os.arch: 'amd64', os.version: '10.0', java.version: '11.0.17'\nDriver info: org.openqa.selenium.chrome.ChromeDriver\nCapabilities {acceptInsecureCerts: false, browserName: chrome, browserVersion: 107.0.5304.123, chrome: {chromedriverVersion: 107.0.5304.62 (1eec40d3a576..., userDataDir: C:\\Users\\Admin\\AppData\\Loca...}, goog:chromeOptions: {debuggerAddress: localhost:51504}, javascriptEnabled: true, networkConnectionEnabled: false, pageLoadStrategy: normal, platform: WINDOWS, platformName: WINDOWS, proxy: Proxy(), setWindowRect: true, strictFileInteractability: false, timeouts: {implicit: 0, pageLoad: 300000, script: 30000}, unhandledPromptBehavior: dismiss and notify, webauthn:extension:credBlob: true, webauthn:extension:largeBlob: true, webauthn:virtualAuthenticators: true}\nSession ID: b76e12c22defd59677178cd3cd33b4fc\n*** Element info: {Using=xpath, value=//p[normalize-space()='Invalid login or password.']}","time":{"start":1670041462994,"stop":1670041467227,"duration":4233}},{"uid":"55aa31618fe2c9ca","status":"broken","statusDetails":"no such element: Unable to locate element: {\"method\":\"xpath\",\"selector\":\"//p[normalize-space()='Invalid login or password.']\"}\n  (Session info: chrome=107.0.5304.123)\nFor documentation on this error, please visit: https://www.seleniumhq.org/exceptions/no_such_element.html\nBuild info: version: '3.141.59', revision: 'e82be7d358', time: '2018-11-14T08:17:03'\nSystem info: host: 'ADMIN', ip: '192.168.31.64', os.name: 'Windows 10', os.arch: 'amd64', os.version: '10.0', java.version: '11.0.17'\nDriver info: org.openqa.selenium.chrome.ChromeDriver\nCapabilities {acceptInsecureCerts: false, browserName: chrome, browserVersion: 107.0.5304.123, chrome: {chromedriverVersion: 107.0.5304.62 (1eec40d3a576..., userDataDir: C:\\Users\\Admin\\AppData\\Loca...}, goog:chromeOptions: {debuggerAddress: localhost:51170}, javascriptEnabled: true, networkConnectionEnabled: false, pageLoadStrategy: normal, platform: WINDOWS, platformName: WINDOWS, proxy: Proxy(), setWindowRect: true, strictFileInteractability: false, timeouts: {implicit: 0, pageLoad: 300000, script: 30000}, unhandledPromptBehavior: dismiss and notify, webauthn:extension:credBlob: true, webauthn:extension:largeBlob: true, webauthn:virtualAuthenticators: true}\nSession ID: ca3fa8890928b80471632c211957d939\n*** Element info: {Using=xpath, value=//p[normalize-space()='Invalid login or password.']}","time":{"start":1670041259623,"stop":1670041263426,"duration":3803}},{"uid":"ad7ce68470ccd5d8","status":"passed","time":{"start":1670040952959,"stop":1670040958775,"duration":5816}},{"uid":"70fcdf5009c5586","status":"passed","time":{"start":1670040534539,"stop":1670040539845,"duration":5306}},{"uid":"792b72a8791c6467","status":"passed","time":{"start":1670040352883,"stop":1670040358227,"duration":5344}},{"uid":"ae5c369e6b1697ce","status":"broken","statusDetails":"no such element: Unable to locate element: {\"method\":\"xpath\",\"selector\":\"//input[@id='login-email']\"}\n  (Session info: chrome=107.0.5304.123)\nFor documentation on this error, please visit: https://www.seleniumhq.org/exceptions/no_such_element.html\nBuild info: version: '3.141.59', revision: 'e82be7d358', time: '2018-11-14T08:17:03'\nSystem info: host: 'ADMIN', ip: '192.168.31.64', os.name: 'Windows 10', os.arch: 'amd64', os.version: '10.0', java.version: '11.0.17'\nDriver info: org.openqa.selenium.chrome.ChromeDriver\nCapabilities {acceptInsecureCerts: false, browserName: chrome, browserVersion: 107.0.5304.123, chrome: {chromedriverVersion: 107.0.5304.62 (1eec40d3a576..., userDataDir: C:\\Users\\Admin\\AppData\\Loca...}, goog:chromeOptions: {debuggerAddress: localhost:61992}, javascriptEnabled: true, networkConnectionEnabled: false, pageLoadStrategy: normal, platform: WINDOWS, platformName: WINDOWS, proxy: Proxy(), setWindowRect: true, strictFileInteractability: false, timeouts: {implicit: 0, pageLoad: 300000, script: 30000}, unhandledPromptBehavior: dismiss and notify, webauthn:extension:credBlob: true, webauthn:extension:largeBlob: true, webauthn:virtualAuthenticators: true}\nSession ID: a7d9dfc64417794b558fb2c3977c7b17\n*** Element info: {Using=xpath, value=//input[@id='login-email']}","time":{"start":1669966682249,"stop":1669966683486,"duration":1237}},{"uid":"278ba1592b160ed2","status":"passed","time":{"start":1669962048408,"stop":1669962052843,"duration":4435}},{"uid":"e0aacc0601f31f5a","status":"passed","time":{"start":1669957093466,"stop":1669957098143,"duration":4677}},{"uid":"e83b8c51568567c2","status":"passed","time":{"start":1669956739618,"stop":1669956745351,"duration":5733}},{"uid":"dbf6466ccfee9c67","status":"broken","statusDetails":"target frame detached\n  (failed to check if window was closed: disconnected: Unable to receive message from renderer)\n  (Session info: chrome=107.0.5304.123)\nBuild info: version: '3.141.59', revision: 'e82be7d358', time: '2018-11-14T08:17:03'\nSystem info: host: 'ADMIN', ip: '192.168.31.61', os.name: 'Windows 10', os.arch: 'amd64', os.version: '10.0', java.version: '11.0.17'\nDriver info: org.openqa.selenium.chrome.ChromeDriver\nCapabilities {acceptInsecureCerts: false, browserName: chrome, browserVersion: 107.0.5304.123, chrome: {chromedriverVersion: 107.0.5304.62 (1eec40d3a576..., userDataDir: C:\\Users\\Admin\\AppData\\Loca...}, goog:chromeOptions: {debuggerAddress: localhost:50411}, javascriptEnabled: true, networkConnectionEnabled: false, pageLoadStrategy: normal, platform: WINDOWS, platformName: WINDOWS, proxy: Proxy(), setWindowRect: true, strictFileInteractability: false, timeouts: {implicit: 0, pageLoad: 300000, script: 30000}, unhandledPromptBehavior: dismiss and notify, webauthn:extension:credBlob: true, webauthn:extension:largeBlob: true, webauthn:virtualAuthenticators: true}\nSession ID: c6b1bde119c4ab5a09448a1205a2191d\n*** Element info: {Using=xpath, value=//input[@id='login-email']}","time":{"start":1669956600776,"stop":1669956603079,"duration":2303}},{"uid":"2f5bf9c62d86b86b","status":"passed","time":{"start":1669955697496,"stop":1669955703502,"duration":6006}},{"uid":"d9bfbed5606114a4","status":"passed","time":{"start":1669954682482,"stop":1669954687655,"duration":5173}},{"uid":"616e61ab2f173e0b","status":"passed","time":{"start":1669952621947,"stop":1669952628375,"duration":6428}},{"uid":"f5916e3b0215e64c","status":"passed","time":{"start":1669945608517,"stop":1669945613882,"duration":5365}},{"uid":"f05206c858eb4910","status":"broken","statusDetails":"no such element: Unable to locate element: {\"method\":\"xpath\",\"selector\":\"//p[normalize-space()='Invalid login or password.']\"}\n  (Session info: chrome=107.0.5304.122)\nFor documentation on this error, please visit: https://www.seleniumhq.org/exceptions/no_such_element.html\nBuild info: version: '3.141.59', revision: 'e82be7d358', time: '2018-11-14T08:17:03'\nSystem info: host: 'ADMIN', ip: '192.168.31.81', os.name: 'Windows 10', os.arch: 'amd64', os.version: '10.0', java.version: '11.0.17'\nDriver info: org.openqa.selenium.chrome.ChromeDriver\nCapabilities {acceptInsecureCerts: false, browserName: chrome, browserVersion: 107.0.5304.122, chrome: {chromedriverVersion: 107.0.5304.62 (1eec40d3a576..., userDataDir: C:\\Users\\Admin\\AppData\\Loca...}, goog:chromeOptions: {debuggerAddress: localhost:61237}, javascriptEnabled: true, networkConnectionEnabled: false, pageLoadStrategy: normal, platform: WINDOWS, platformName: WINDOWS, proxy: Proxy(), setWindowRect: true, strictFileInteractability: false, timeouts: {implicit: 0, pageLoad: 300000, script: 30000}, unhandledPromptBehavior: dismiss and notify, webauthn:extension:credBlob: true, webauthn:extension:largeBlob: true, webauthn:virtualAuthenticators: true}\nSession ID: 3fa3d90afe5a69c561e7e8835fc2f349\n*** Element info: {Using=xpath, value=//p[normalize-space()='Invalid login or password.']}","time":{"start":1669890880751,"stop":1669890885193,"duration":4442}},{"uid":"35206ba997eefed","status":"broken","statusDetails":"no such element: Unable to locate element: {\"method\":\"xpath\",\"selector\":\"//p[normalize-space()='Invalid login or password.']\"}\n  (Session info: chrome=107.0.5304.122)\nFor documentation on this error, please visit: https://www.seleniumhq.org/exceptions/no_such_element.html\nBuild info: version: '3.141.59', revision: 'e82be7d358', time: '2018-11-14T08:17:03'\nSystem info: host: 'ADMIN', ip: '192.168.31.81', os.name: 'Windows 10', os.arch: 'amd64', os.version: '10.0', java.version: '11.0.17'\nDriver info: org.openqa.selenium.chrome.ChromeDriver\nCapabilities {acceptInsecureCerts: false, browserName: chrome, browserVersion: 107.0.5304.122, chrome: {chromedriverVersion: 107.0.5304.62 (1eec40d3a576..., userDataDir: C:\\Users\\Admin\\AppData\\Loca...}, goog:chromeOptions: {debuggerAddress: localhost:61097}, javascriptEnabled: true, networkConnectionEnabled: false, pageLoadStrategy: normal, platform: WINDOWS, platformName: WINDOWS, proxy: Proxy(), setWindowRect: true, strictFileInteractability: false, timeouts: {implicit: 0, pageLoad: 300000, script: 30000}, unhandledPromptBehavior: dismiss and notify, webauthn:extension:credBlob: true, webauthn:extension:largeBlob: true, webauthn:virtualAuthenticators: true}\nSession ID: b5117d426c8708264e92cbde18a687c8\n*** Element info: {Using=xpath, value=//p[normalize-space()='Invalid login or password.']}","time":{"start":1669890778308,"stop":1669890782781,"duration":4473}},{"uid":"f0f5f60d522d474e","status":"passed","time":{"start":1669890281403,"stop":1669890286299,"duration":4896}},{"uid":"27114fcb020f61e","status":"passed","time":{"start":1669890117106,"stop":1669890121348,"duration":4242}},{"uid":"344c99d0297def70","status":"passed","time":{"start":1669889898050,"stop":1669889902930,"duration":4880}},{"uid":"644fcbef4014f200","status":"passed","time":{"start":1669889532075,"stop":1669889536285,"duration":4210}},{"uid":"bd7470afcf8f6b9d","status":"passed","time":{"start":1669889383764,"stop":1669889388854,"duration":5090}},{"uid":"91dfb1b943280ba9","status":"passed","time":{"start":1669889175323,"stop":1669889179389,"duration":4066}},{"uid":"71fbbb069a4f331","status":"passed","time":{"start":1669888853931,"stop":1669888857714,"duration":3783}},{"uid":"50c8ae62b4ed66cf","status":"passed","time":{"start":1669886395632,"stop":1669886400061,"duration":4429}},{"uid":"944d63c8ed606e97","status":"passed","time":{"start":1669886148077,"stop":1669886153103,"duration":5026}},{"uid":"8350fe2b2950d3af","status":"broken","statusDetails":"element click intercepted: Element <div class=\"sign-in-form-wrap customer_form_login_form_ajax\" id=\"customer_form_login_form_ajax\">...</div> is not clickable at point (1336, 443). Other element would receive the click: <div class=\"loading-mask\" data-role=\"loader\" style=\"\">...</div>\n  (Session info: chrome=107.0.5304.122)\nBuild info: version: '3.141.59', revision: 'e82be7d358', time: '2018-11-14T08:17:03'\nSystem info: host: 'ADMIN', ip: '192.168.31.81', os.name: 'Windows 10', os.arch: 'amd64', os.version: '10.0', java.version: '11.0.17'\nDriver info: org.openqa.selenium.chrome.ChromeDriver\nCapabilities {acceptInsecureCerts: false, browserName: chrome, browserVersion: 107.0.5304.122, chrome: {chromedriverVersion: 107.0.5304.62 (1eec40d3a576..., userDataDir: C:\\Users\\Admin\\AppData\\Loca...}, goog:chromeOptions: {debuggerAddress: localhost:56018}, javascriptEnabled: true, networkConnectionEnabled: false, pageLoadStrategy: normal, platform: WINDOWS, platformName: WINDOWS, proxy: Proxy(), setWindowRect: true, strictFileInteractability: false, timeouts: {implicit: 0, pageLoad: 300000, script: 30000}, unhandledPromptBehavior: dismiss and notify, webauthn:extension:credBlob: true, webauthn:extension:largeBlob: true, webauthn:virtualAuthenticators: true}\nSession ID: 055be8465d827399a8bdb5e453c067cb","time":{"start":1669886022743,"stop":1669886025625,"duration":2882}},{"uid":"b722d8377c8fda9c","status":"broken","statusDetails":"no such element: Unable to locate element: {\"method\":\"xpath\",\"selector\":\"//p[normalize-space()='Invalid login or password.']\"}\n  (Session info: chrome=107.0.5304.122)\nFor documentation on this error, please visit: https://www.seleniumhq.org/exceptions/no_such_element.html\nBuild info: version: '3.141.59', revision: 'e82be7d358', time: '2018-11-14T08:17:03'\nSystem info: host: 'ADMIN', ip: '192.168.31.81', os.name: 'Windows 10', os.arch: 'amd64', os.version: '10.0', java.version: '11.0.17'\nDriver info: org.openqa.selenium.chrome.ChromeDriver\nCapabilities {acceptInsecureCerts: false, browserName: chrome, browserVersion: 107.0.5304.122, chrome: {chromedriverVersion: 107.0.5304.62 (1eec40d3a576..., userDataDir: C:\\Users\\Admin\\AppData\\Loca...}, goog:chromeOptions: {debuggerAddress: localhost:55852}, javascriptEnabled: true, networkConnectionEnabled: false, pageLoadStrategy: normal, platform: WINDOWS, platformName: WINDOWS, proxy: Proxy(), setWindowRect: true, strictFileInteractability: false, timeouts: {implicit: 0, pageLoad: 300000, script: 30000}, unhandledPromptBehavior: dismiss and notify, webauthn:extension:credBlob: true, webauthn:extension:largeBlob: true, webauthn:virtualAuthenticators: true}\nSession ID: a9be79b13ed56cb21592c1193dcb8d9b\n*** Element info: {Using=xpath, value=//p[normalize-space()='Invalid login or password.']}","time":{"start":1669885841799,"stop":1669885845630,"duration":3831}},{"uid":"aeff5559b32331ac","status":"broken","statusDetails":"no such element: Unable to locate element: {\"method\":\"xpath\",\"selector\":\"//p[normalize-space()='Invalid login or password.']\"}\n  (Session info: chrome=107.0.5304.122)\nFor documentation on this error, please visit: https://www.seleniumhq.org/exceptions/no_such_element.html\nBuild info: version: '3.141.59', revision: 'e82be7d358', time: '2018-11-14T08:17:03'\nSystem info: host: 'ADMIN', ip: '192.168.31.81', os.name: 'Windows 10', os.arch: 'amd64', os.version: '10.0', java.version: '11.0.17'\nDriver info: org.openqa.selenium.chrome.ChromeDriver\nCapabilities {acceptInsecureCerts: false, browserName: chrome, browserVersion: 107.0.5304.122, chrome: {chromedriverVersion: 107.0.5304.62 (1eec40d3a576..., userDataDir: C:\\Users\\Admin\\AppData\\Loca...}, goog:chromeOptions: {debuggerAddress: localhost:55700}, javascriptEnabled: true, networkConnectionEnabled: false, pageLoadStrategy: normal, platform: WINDOWS, platformName: WINDOWS, proxy: Proxy(), setWindowRect: true, strictFileInteractability: false, timeouts: {implicit: 0, pageLoad: 300000, script: 30000}, unhandledPromptBehavior: dismiss and notify, webauthn:extension:credBlob: true, webauthn:extension:largeBlob: true, webauthn:virtualAuthenticators: true}\nSession ID: ae2e0dbdfd63c4d7ffdae558b6e9447f\n*** Element info: {Using=xpath, value=//p[normalize-space()='Invalid login or password.']}","time":{"start":1669885771264,"stop":1669885775573,"duration":4309}},{"uid":"2f4c51ff8f3e6419","status":"broken","statusDetails":"no such element: Unable to locate element: {\"method\":\"xpath\",\"selector\":\"//p[normalize-space()='Invalid login or password.']\"}\n  (Session info: chrome=107.0.5304.122)\nFor documentation on this error, please visit: https://www.seleniumhq.org/exceptions/no_such_element.html\nBuild info: version: '3.141.59', revision: 'e82be7d358', time: '2018-11-14T08:17:03'\nSystem info: host: 'ADMIN', ip: '192.168.31.81', os.name: 'Windows 10', os.arch: 'amd64', os.version: '10.0', java.version: '11.0.17'\nDriver info: org.openqa.selenium.chrome.ChromeDriver\nCapabilities {acceptInsecureCerts: false, browserName: chrome, browserVersion: 107.0.5304.122, chrome: {chromedriverVersion: 107.0.5304.62 (1eec40d3a576..., userDataDir: C:\\Users\\Admin\\AppData\\Loca...}, goog:chromeOptions: {debuggerAddress: localhost:55458}, javascriptEnabled: true, networkConnectionEnabled: false, pageLoadStrategy: normal, platform: WINDOWS, platformName: WINDOWS, proxy: Proxy(), setWindowRect: true, strictFileInteractability: false, timeouts: {implicit: 0, pageLoad: 300000, script: 30000}, unhandledPromptBehavior: dismiss and notify, webauthn:extension:credBlob: true, webauthn:extension:largeBlob: true, webauthn:virtualAuthenticators: true}\nSession ID: 985cb85204376324bf1b9d0ad27312c3\n*** Element info: {Using=xpath, value=//p[normalize-space()='Invalid login or password.']}","time":{"start":1669885606569,"stop":1669885614135,"duration":7566}},{"uid":"26822682fd4aaf9f","status":"passed","time":{"start":1669885345199,"stop":1669885350227,"duration":5028}},{"uid":"335f3a7d193b03e9","status":"passed","time":{"start":1669880906593,"stop":1669880911006,"duration":4413}},{"uid":"cfceb3053c215a1e","status":"passed","time":{"start":1669880741009,"stop":1669880745326,"duration":4317}},{"uid":"54861b6471de0cc8","status":"passed","time":{"start":1669880607932,"stop":1669880612277,"duration":4345}},{"uid":"9c155084c0369941","status":"passed","time":{"start":1669880514228,"stop":1669880518671,"duration":4443}},{"uid":"29b33769bd1d580b","status":"passed","time":{"start":1669880357121,"stop":1669880361446,"duration":4325}},{"uid":"793e4f166ec18d7f","status":"passed","time":{"start":1669880214381,"stop":1669880219920,"duration":5539}},{"uid":"e7efafdcefeab23a","status":"passed","time":{"start":1669880007810,"stop":1669880011754,"duration":3944}},{"uid":"816d6c5dbb25bf44","status":"broken","statusDetails":"no such element: Unable to locate element: {\"method\":\"xpath\",\"selector\":\"//p[normalize-space()='Invalid login or password.']\"}\n  (Session info: chrome=107.0.5304.122)\nFor documentation on this error, please visit: https://www.seleniumhq.org/exceptions/no_such_element.html\nBuild info: version: '3.141.59', revision: 'e82be7d358', time: '2018-11-14T08:17:03'\nSystem info: host: 'ADMIN', ip: '192.168.31.81', os.name: 'Windows 10', os.arch: 'amd64', os.version: '10.0', java.version: '11.0.17'\nDriver info: org.openqa.selenium.chrome.ChromeDriver\nCapabilities {acceptInsecureCerts: false, browserName: chrome, browserVersion: 107.0.5304.122, chrome: {chromedriverVersion: 107.0.5304.62 (1eec40d3a576..., userDataDir: C:\\Users\\Admin\\AppData\\Loca...}, goog:chromeOptions: {debuggerAddress: localhost:50893}, javascriptEnabled: true, networkConnectionEnabled: false, pageLoadStrategy: normal, platform: WINDOWS, platformName: WINDOWS, proxy: Proxy(), setWindowRect: true, strictFileInteractability: false, timeouts: {implicit: 0, pageLoad: 300000, script: 30000}, unhandledPromptBehavior: dismiss and notify, webauthn:extension:credBlob: true, webauthn:extension:largeBlob: true, webauthn:virtualAuthenticators: true}\nSession ID: 2525fc0d03e695310238a2f4070c2c20\n*** Element info: {Using=xpath, value=//p[normalize-space()='Invalid login or password.']}","time":{"start":1669879147348,"stop":1669879150436,"duration":3088}},{"uid":"bdc54609f2e37603","status":"broken","statusDetails":"no such element: Unable to locate element: {\"method\":\"xpath\",\"selector\":\"//p[normalize-space()='Invalid login or password.']\"}\n  (Session info: chrome=107.0.5304.122)\nFor documentation on this error, please visit: https://www.seleniumhq.org/exceptions/no_such_element.html\nBuild info: version: '3.141.59', revision: 'e82be7d358', time: '2018-11-14T08:17:03'\nSystem info: host: 'ADMIN', ip: '192.168.31.81', os.name: 'Windows 10', os.arch: 'amd64', os.version: '10.0', java.version: '11.0.17'\nDriver info: org.openqa.selenium.chrome.ChromeDriver\nCapabilities {acceptInsecureCerts: false, browserName: chrome, browserVersion: 107.0.5304.122, chrome: {chromedriverVersion: 107.0.5304.62 (1eec40d3a576..., userDataDir: C:\\Users\\Admin\\AppData\\Loca...}, goog:chromeOptions: {debuggerAddress: localhost:50821}, javascriptEnabled: true, networkConnectionEnabled: false, pageLoadStrategy: normal, platform: WINDOWS, platformName: WINDOWS, proxy: Proxy(), setWindowRect: true, strictFileInteractability: false, timeouts: {implicit: 0, pageLoad: 300000, script: 30000}, unhandledPromptBehavior: dismiss and notify, webauthn:extension:credBlob: true, webauthn:extension:largeBlob: true, webauthn:virtualAuthenticators: true}\nSession ID: 2092a64b0d45e4e30e659c978611cc45\n*** Element info: {Using=xpath, value=//p[normalize-space()='Invalid login or password.']}","time":{"start":1669879023357,"stop":1669879026630,"duration":3273}},{"uid":"a9d6b8284e7a4235","status":"broken","statusDetails":"no such element: Unable to locate element: {\"method\":\"xpath\",\"selector\":\"//p[normalize-space()='Invalid login or password.']\"}\n  (Session info: chrome=107.0.5304.122)\nFor documentation on this error, please visit: https://www.seleniumhq.org/exceptions/no_such_element.html\nBuild info: version: '3.141.59', revision: 'e82be7d358', time: '2018-11-14T08:17:03'\nSystem info: host: 'ADMIN', ip: '192.168.31.81', os.name: 'Windows 10', os.arch: 'amd64', os.version: '10.0', java.version: '11.0.17'\nDriver info: org.openqa.selenium.chrome.ChromeDriver\nCapabilities {acceptInsecureCerts: false, browserName: chrome, browserVersion: 107.0.5304.122, chrome: {chromedriverVersion: 107.0.5304.62 (1eec40d3a576..., userDataDir: C:\\Users\\Admin\\AppData\\Loca...}, goog:chromeOptions: {debuggerAddress: localhost:50717}, javascriptEnabled: true, networkConnectionEnabled: false, pageLoadStrategy: normal, platform: WINDOWS, platformName: WINDOWS, proxy: Proxy(), setWindowRect: true, strictFileInteractability: false, timeouts: {implicit: 0, pageLoad: 300000, script: 30000}, unhandledPromptBehavior: dismiss and notify, webauthn:extension:credBlob: true, webauthn:extension:largeBlob: true, webauthn:virtualAuthenticators: true}\nSession ID: a462bd81882e2e0f012402e99bd5cfd8\n*** Element info: {Using=xpath, value=//p[normalize-space()='Invalid login or password.']}","time":{"start":1669878881421,"stop":1669878884549,"duration":3128}},{"uid":"82db49cb92c5d","status":"broken","statusDetails":"no such element: Unable to locate element: {\"method\":\"xpath\",\"selector\":\"//p[normalize-space()='Invalid login or password.']\"}\n  (Session info: chrome=107.0.5304.122)\nFor documentation on this error, please visit: https://www.seleniumhq.org/exceptions/no_such_element.html\nBuild info: version: '3.141.59', revision: 'e82be7d358', time: '2018-11-14T08:17:03'\nSystem info: host: 'ADMIN', ip: '192.168.31.81', os.name: 'Windows 10', os.arch: 'amd64', os.version: '10.0', java.version: '11.0.17'\nDriver info: org.openqa.selenium.chrome.ChromeDriver\nCapabilities {acceptInsecureCerts: false, browserName: chrome, browserVersion: 107.0.5304.122, chrome: {chromedriverVersion: 107.0.5304.62 (1eec40d3a576..., userDataDir: C:\\Users\\Admin\\AppData\\Loca...}, goog:chromeOptions: {debuggerAddress: localhost:50628}, javascriptEnabled: true, networkConnectionEnabled: false, pageLoadStrategy: normal, platform: WINDOWS, platformName: WINDOWS, proxy: Proxy(), setWindowRect: true, strictFileInteractability: false, timeouts: {implicit: 0, pageLoad: 300000, script: 30000}, unhandledPromptBehavior: dismiss and notify, webauthn:extension:credBlob: true, webauthn:extension:largeBlob: true, webauthn:virtualAuthenticators: true}\nSession ID: 072081dd21f01128f6fe9742c6730b49\n*** Element info: {Using=xpath, value=//p[normalize-space()='Invalid login or password.']}","time":{"start":1669878796797,"stop":1669878799405,"duration":2608}},{"uid":"56f962d5a6e1054f","status":"passed","time":{"start":1669878577944,"stop":1669878581707,"duration":3763}},{"uid":"ee0ac22b1f89c49f","status":"passed","time":{"start":1669878410329,"stop":1669878413906,"duration":3577}},{"uid":"a4197bc0420e6bee","status":"passed","time":{"start":1669878320092,"stop":1669878324339,"duration":4247}},{"uid":"1ab8f71f506f6553","status":"passed","time":{"start":1669876572536,"stop":1669876575087,"duration":2551}},{"uid":"18a277894bc5cce9","status":"passed","time":{"start":1669871408028,"stop":1669871411090,"duration":3062}},{"uid":"5a68dd73e5efb938","status":"passed","time":{"start":1669871291300,"stop":1669871294433,"duration":3133}},{"uid":"70bff1b7f229ebe2","status":"passed","time":{"start":1669871014762,"stop":1669871017361,"duration":2599}},{"uid":"e1c946cafc7e34cd","status":"passed","time":{"start":1669870857822,"stop":1669870862098,"duration":4276}},{"uid":"6d39dea43510de55","status":"passed","time":{"start":1669870433247,"stop":1669870437555,"duration":4308}},{"uid":"4d429d8495395843","status":"passed","time":{"start":1669870186897,"stop":1669870189591,"duration":2694}},{"uid":"dfc4cc8006eb2ee6","status":"broken","statusDetails":"no such element: Unable to locate element: {\"method\":\"xpath\",\"selector\":\"//p[normalize-space()='Invalid login or password.']\"}\n  (Session info: chrome=107.0.5304.122)\nFor documentation on this error, please visit: https://www.seleniumhq.org/exceptions/no_such_element.html\nBuild info: version: '3.141.59', revision: 'e82be7d358', time: '2018-11-14T08:17:03'\nSystem info: host: 'ADMIN', ip: '192.168.31.81', os.name: 'Windows 10', os.arch: 'amd64', os.version: '10.0', java.version: '11.0.17'\nDriver info: org.openqa.selenium.chrome.ChromeDriver\nCapabilities {acceptInsecureCerts: false, browserName: chrome, browserVersion: 107.0.5304.122, chrome: {chromedriverVersion: 107.0.5304.62 (1eec40d3a576..., userDataDir: C:\\Users\\Admin\\AppData\\Loca...}, goog:chromeOptions: {debuggerAddress: localhost:58630}, javascriptEnabled: true, networkConnectionEnabled: false, pageLoadStrategy: normal, platform: WINDOWS, platformName: WINDOWS, proxy: Proxy(), setWindowRect: true, strictFileInteractability: false, timeouts: {implicit: 0, pageLoad: 300000, script: 30000}, unhandledPromptBehavior: dismiss and notify, webauthn:extension:credBlob: true, webauthn:extension:largeBlob: true, webauthn:virtualAuthenticators: true}\nSession ID: 2b5eb56cd2a6bf60fdad693d193227ea\n*** Element info: {Using=xpath, value=//p[normalize-space()='Invalid login or password.']}","time":{"start":1669870019462,"stop":1669870050000,"duration":30538}},{"uid":"9c286b922d4d435d","status":"broken","statusDetails":"no such element: Unable to locate element: {\"method\":\"xpath\",\"selector\":\"//p[normalize-space()='Invalid login or password.']\"}\n  (Session info: chrome=107.0.5304.122)\nFor documentation on this error, please visit: https://www.seleniumhq.org/exceptions/no_such_element.html\nBuild info: version: '3.141.59', revision: 'e82be7d358', time: '2018-11-14T08:17:03'\nSystem info: host: 'ADMIN', ip: '192.168.31.81', os.name: 'Windows 10', os.arch: 'amd64', os.version: '10.0', java.version: '11.0.17'\nDriver info: org.openqa.selenium.chrome.ChromeDriver\nCapabilities {acceptInsecureCerts: false, browserName: chrome, browserVersion: 107.0.5304.122, chrome: {chromedriverVersion: 107.0.5304.62 (1eec40d3a576..., userDataDir: C:\\Users\\Admin\\AppData\\Loca...}, goog:chromeOptions: {debuggerAddress: localhost:58479}, javascriptEnabled: true, networkConnectionEnabled: false, pageLoadStrategy: normal, platform: WINDOWS, platformName: WINDOWS, proxy: Proxy(), setWindowRect: true, strictFileInteractability: false, timeouts: {implicit: 0, pageLoad: 300000, script: 30000}, unhandledPromptBehavior: dismiss and notify, webauthn:extension:credBlob: true, webauthn:extension:largeBlob: true, webauthn:virtualAuthenticators: true}\nSession ID: b1495cede56b32073b7c1f69df4e64d3\n*** Element info: {Using=xpath, value=//p[normalize-space()='Invalid login or password.']}","time":{"start":1669869871390,"stop":1669869902910,"duration":31520}},{"uid":"e6453282c095bd20","status":"broken","statusDetails":"no such element: Unable to locate element: {\"method\":\"xpath\",\"selector\":\"//p[normalize-space()='Invalid login or password.']\"}\n  (Session info: chrome=107.0.5304.122)\nFor documentation on this error, please visit: https://www.seleniumhq.org/exceptions/no_such_element.html\nBuild info: version: '3.141.59', revision: 'e82be7d358', time: '2018-11-14T08:17:03'\nSystem info: host: 'ADMIN', ip: '192.168.31.81', os.name: 'Windows 10', os.arch: 'amd64', os.version: '10.0', java.version: '11.0.17'\nDriver info: org.openqa.selenium.chrome.ChromeDriver\nCapabilities {acceptInsecureCerts: false, browserName: chrome, browserVersion: 107.0.5304.122, chrome: {chromedriverVersion: 107.0.5304.62 (1eec40d3a576..., userDataDir: C:\\Users\\Admin\\AppData\\Loca...}, goog:chromeOptions: {debuggerAddress: localhost:58324}, javascriptEnabled: true, networkConnectionEnabled: false, pageLoadStrategy: normal, platform: WINDOWS, platformName: WINDOWS, proxy: Proxy(), setWindowRect: true, strictFileInteractability: false, timeouts: {implicit: 0, pageLoad: 300000, script: 30000}, unhandledPromptBehavior: dismiss and notify, webauthn:extension:credBlob: true, webauthn:extension:largeBlob: true, webauthn:virtualAuthenticators: true}\nSession ID: 2ee55939b2533b58b30ac18792ed0277\n*** Element info: {Using=xpath, value=//p[normalize-space()='Invalid login or password.']}","time":{"start":1669869732770,"stop":1669869764251,"duration":31481}},{"uid":"13dfbee791739192","status":"passed","time":{"start":1669869547808,"stop":1669869549947,"duration":2139}},{"uid":"e2f66bf913d4dd58","status":"passed","time":{"start":1669869303524,"stop":1669869305891,"duration":2367}},{"uid":"c1943fba2869e587","status":"passed","time":{"start":1669869171444,"stop":1669869174111,"duration":2667}},{"uid":"b809bd3043d77f7c","status":"passed","time":{"start":1669868932771,"stop":1669868934729,"duration":1958}},{"uid":"93087c411c2594e6","status":"broken","statusDetails":"no such element: Unable to locate element: {\"method\":\"xpath\",\"selector\":\"//p[normalize-space()='Invalid login or password.']\"}\n  (Session info: chrome=107.0.5304.122)\nFor documentation on this error, please visit: https://www.seleniumhq.org/exceptions/no_such_element.html\nBuild info: version: '3.141.59', revision: 'e82be7d358', time: '2018-11-14T08:17:03'\nSystem info: host: 'ADMIN', ip: '192.168.31.81', os.name: 'Windows 10', os.arch: 'amd64', os.version: '10.0', java.version: '11.0.17'\nDriver info: org.openqa.selenium.chrome.ChromeDriver\nCapabilities {acceptInsecureCerts: false, browserName: chrome, browserVersion: 107.0.5304.122, chrome: {chromedriverVersion: 107.0.5304.62 (1eec40d3a576..., userDataDir: C:\\Users\\Admin\\AppData\\Loca...}, goog:chromeOptions: {debuggerAddress: localhost:57360}, javascriptEnabled: true, networkConnectionEnabled: false, pageLoadStrategy: normal, platform: WINDOWS, platformName: WINDOWS, proxy: Proxy(), setWindowRect: true, strictFileInteractability: false, timeouts: {implicit: 0, pageLoad: 300000, script: 30000}, unhandledPromptBehavior: dismiss and notify, webauthn:extension:credBlob: true, webauthn:extension:largeBlob: true, webauthn:virtualAuthenticators: true}\nSession ID: 79a4eab1258a7d0920db4417d9cbb2a2\n*** Element info: {Using=xpath, value=//p[normalize-space()='Invalid login or password.']}","time":{"start":1669868681795,"stop":1669868715196,"duration":33401}},{"uid":"765078463ec24a4b","status":"passed","time":{"start":1669868581298,"stop":1669868589349,"duration":8051}},{"uid":"56164c2b1bf920c9","status":"passed","time":{"start":1669868410386,"stop":1669868440123,"duration":29737}},{"uid":"9b5929d094436f45","status":"broken","statusDetails":"no such element: Unable to locate element: {\"method\":\"xpath\",\"selector\":\"//p[normalize-space()='Invalid login or password.']\"}\n  (Session info: chrome=107.0.5304.122)\nFor documentation on this error, please visit: https://www.seleniumhq.org/exceptions/no_such_element.html\nBuild info: version: '3.141.59', revision: 'e82be7d358', time: '2018-11-14T08:17:03'\nSystem info: host: 'ADMIN', ip: '192.168.31.81', os.name: 'Windows 10', os.arch: 'amd64', os.version: '10.0', java.version: '11.0.17'\nDriver info: org.openqa.selenium.chrome.ChromeDriver\nCapabilities {acceptInsecureCerts: false, browserName: chrome, browserVersion: 107.0.5304.122, chrome: {chromedriverVersion: 107.0.5304.62 (1eec40d3a576..., userDataDir: C:\\Users\\Admin\\AppData\\Loca...}, goog:chromeOptions: {debuggerAddress: localhost:56759}, javascriptEnabled: true, networkConnectionEnabled: false, pageLoadStrategy: normal, platform: WINDOWS, platformName: WINDOWS, proxy: Proxy(), setWindowRect: true, strictFileInteractability: false, timeouts: {implicit: 0, pageLoad: 300000, script: 30000}, unhandledPromptBehavior: dismiss and notify, webauthn:extension:credBlob: true, webauthn:extension:largeBlob: true, webauthn:virtualAuthenticators: true}\nSession ID: 21f977ad02d978be586fc8ded4a17f72\n*** Element info: {Using=xpath, value=//p[normalize-space()='Invalid login or password.']}","time":{"start":1669868226498,"stop":1669868257062,"duration":30564}},{"uid":"2aa53cc55b894f21","status":"broken","statusDetails":"no such element: Unable to locate element: {\"method\":\"xpath\",\"selector\":\"//p[normalize-space()='Invalid login or password.']\"}\n  (Session info: chrome=107.0.5304.122)\nFor documentation on this error, please visit: https://www.seleniumhq.org/exceptions/no_such_element.html\nBuild info: version: '3.141.59', revision: 'e82be7d358', time: '2018-11-14T08:17:03'\nSystem info: host: 'ADMIN', ip: '192.168.31.81', os.name: 'Windows 10', os.arch: 'amd64', os.version: '10.0', java.version: '11.0.17'\nDriver info: org.openqa.selenium.chrome.ChromeDriver\nCapabilities {acceptInsecureCerts: false, browserName: chrome, browserVersion: 107.0.5304.122, chrome: {chromedriverVersion: 107.0.5304.62 (1eec40d3a576..., userDataDir: C:\\Users\\Admin\\AppData\\Loca...}, goog:chromeOptions: {debuggerAddress: localhost:56339}, javascriptEnabled: true, networkConnectionEnabled: false, pageLoadStrategy: normal, platform: WINDOWS, platformName: WINDOWS, proxy: Proxy(), setWindowRect: true, strictFileInteractability: false, timeouts: {implicit: 0, pageLoad: 300000, script: 30000}, unhandledPromptBehavior: dismiss and notify, webauthn:extension:credBlob: true, webauthn:extension:largeBlob: true, webauthn:virtualAuthenticators: true}\nSession ID: e9b8a482b806be924e3f634ccd58e091\n*** Element info: {Using=xpath, value=//p[normalize-space()='Invalid login or password.']}","time":{"start":1669867881935,"stop":1669867912383,"duration":30448}},{"uid":"3e81bf599befc75d","status":"broken","statusDetails":"no such element: Unable to locate element: {\"method\":\"xpath\",\"selector\":\"//p[normalize-space()='Invalid login or password.']\"}\n  (Session info: chrome=107.0.5304.122)\nFor documentation on this error, please visit: https://www.seleniumhq.org/exceptions/no_such_element.html\nBuild info: version: '3.141.59', revision: 'e82be7d358', time: '2018-11-14T08:17:03'\nSystem info: host: 'ADMIN', ip: '192.168.31.81', os.name: 'Windows 10', os.arch: 'amd64', os.version: '10.0', java.version: '11.0.17'\nDriver info: org.openqa.selenium.chrome.ChromeDriver\nCapabilities {acceptInsecureCerts: false, browserName: chrome, browserVersion: 107.0.5304.122, chrome: {chromedriverVersion: 107.0.5304.62 (1eec40d3a576..., userDataDir: C:\\Users\\Admin\\AppData\\Loca...}, goog:chromeOptions: {debuggerAddress: localhost:55927}, javascriptEnabled: true, networkConnectionEnabled: false, pageLoadStrategy: normal, platform: WINDOWS, platformName: WINDOWS, proxy: Proxy(), setWindowRect: true, strictFileInteractability: false, timeouts: {implicit: 0, pageLoad: 300000, script: 30000}, unhandledPromptBehavior: dismiss and notify, webauthn:extension:credBlob: true, webauthn:extension:largeBlob: true, webauthn:virtualAuthenticators: true}\nSession ID: 1648a1e6619709f2b2c72c6b96070aec\n*** Element info: {Using=xpath, value=//p[normalize-space()='Invalid login or password.']}","time":{"start":1669867612751,"stop":1669867643130,"duration":30379}},{"uid":"89365eb39027d4e0","status":"broken","statusDetails":"no such element: Unable to locate element: {\"method\":\"xpath\",\"selector\":\"//input[@id='login-email']\"}\n  (Session info: chrome=107.0.5304.122)\nFor documentation on this error, please visit: https://www.seleniumhq.org/exceptions/no_such_element.html\nBuild info: version: '3.141.59', revision: 'e82be7d358', time: '2018-11-14T08:17:03'\nSystem info: host: 'ADMIN', ip: '192.168.31.81', os.name: 'Windows 10', os.arch: 'amd64', os.version: '10.0', java.version: '11.0.17'\nDriver info: org.openqa.selenium.chrome.ChromeDriver\nCapabilities {acceptInsecureCerts: false, browserName: chrome, browserVersion: 107.0.5304.122, chrome: {chromedriverVersion: 107.0.5304.62 (1eec40d3a576..., userDataDir: C:\\Users\\Admin\\AppData\\Loca...}, goog:chromeOptions: {debuggerAddress: localhost:55596}, javascriptEnabled: true, networkConnectionEnabled: false, pageLoadStrategy: normal, platform: WINDOWS, platformName: WINDOWS, proxy: Proxy(), setWindowRect: true, strictFileInteractability: false, timeouts: {implicit: 0, pageLoad: 300000, script: 30000}, unhandledPromptBehavior: dismiss and notify, webauthn:extension:credBlob: true, webauthn:extension:largeBlob: true, webauthn:virtualAuthenticators: true}\nSession ID: 993a87753fffd7840607afb62e44f158\n*** Element info: {Using=xpath, value=//input[@id='login-email']}","time":{"start":1669867376626,"stop":1669867376664,"duration":38}},{"uid":"50958e0a01fb4a38","status":"skipped","statusDetails":"java.net.ConnectException: Failed to connect to localhost/0:0:0:0:0:0:0:1:12163\nBuild info: version: '3.141.59', revision: 'e82be7d358', time: '2018-11-14T08:17:03'\nSystem info: host: 'ADMIN', ip: '192.168.31.81', os.name: 'Windows 10', os.arch: 'amd64', os.version: '10.0', java.version: '11.0.17'\nDriver info: driver.version: RemoteWebDriver","time":{"start":1669867309373,"stop":1669867309376,"duration":3}},{"uid":"ca1766faa65d417c","status":"broken","statusDetails":"no such element: Unable to locate element: {\"method\":\"xpath\",\"selector\":\"//input[@id='login-email']\"}\n  (Session info: chrome=107.0.5304.122)\nFor documentation on this error, please visit: https://www.seleniumhq.org/exceptions/no_such_element.html\nBuild info: version: '3.141.59', revision: 'e82be7d358', time: '2018-11-14T08:17:03'\nSystem info: host: 'ADMIN', ip: '192.168.31.81', os.name: 'Windows 10', os.arch: 'amd64', os.version: '10.0', java.version: '11.0.17'\nDriver info: org.openqa.selenium.chrome.ChromeDriver\nCapabilities {acceptInsecureCerts: false, browserName: chrome, browserVersion: 107.0.5304.122, chrome: {chromedriverVersion: 107.0.5304.62 (1eec40d3a576..., userDataDir: C:\\Users\\Admin\\AppData\\Loca...}, goog:chromeOptions: {debuggerAddress: localhost:55297}, javascriptEnabled: true, networkConnectionEnabled: false, pageLoadStrategy: normal, platform: WINDOWS, platformName: WINDOWS, proxy: Proxy(), setWindowRect: true, strictFileInteractability: false, timeouts: {implicit: 0, pageLoad: 300000, script: 30000}, unhandledPromptBehavior: dismiss and notify, webauthn:extension:credBlob: true, webauthn:extension:largeBlob: true, webauthn:virtualAuthenticators: true}\nSession ID: cc648732f6713ef0c8e4b8b1736cdb94\n*** Element info: {Using=xpath, value=//input[@id='login-email']}","time":{"start":1669867207245,"stop":1669867207288,"duration":43}},{"uid":"29b446b23564fe20","status":"broken","statusDetails":"no such element: Unable to locate element: {\"method\":\"xpath\",\"selector\":\"//input[@id='login-email']\"}\n  (Session info: chrome=107.0.5304.122)\nFor documentation on this error, please visit: https://www.seleniumhq.org/exceptions/no_such_element.html\nBuild info: version: '3.141.59', revision: 'e82be7d358', time: '2018-11-14T08:17:03'\nSystem info: host: 'ADMIN', ip: '192.168.31.81', os.name: 'Windows 10', os.arch: 'amd64', os.version: '10.0', java.version: '11.0.17'\nDriver info: org.openqa.selenium.chrome.ChromeDriver\nCapabilities {acceptInsecureCerts: false, browserName: chrome, browserVersion: 107.0.5304.122, chrome: {chromedriverVersion: 107.0.5304.62 (1eec40d3a576..., userDataDir: C:\\Users\\Admin\\AppData\\Loca...}, goog:chromeOptions: {debuggerAddress: localhost:55182}, javascriptEnabled: true, networkConnectionEnabled: false, pageLoadStrategy: normal, platform: WINDOWS, platformName: WINDOWS, proxy: Proxy(), setWindowRect: true, strictFileInteractability: false, timeouts: {implicit: 0, pageLoad: 300000, script: 30000}, unhandledPromptBehavior: dismiss and notify, webauthn:extension:credBlob: true, webauthn:extension:largeBlob: true, webauthn:virtualAuthenticators: true}\nSession ID: 8de9450aefc2ebd248fb5934b637ca25\n*** Element info: {Using=xpath, value=//input[@id='login-email']}","time":{"start":1669867128722,"stop":1669867128758,"duration":36}},{"uid":"998ec978726d47d","status":"broken","statusDetails":"no such element: Unable to locate element: {\"method\":\"xpath\",\"selector\":\"//p[normalize-space()='Invalid login or password.']\"}\n  (Session info: chrome=107.0.5304.122)\nFor documentation on this error, please visit: https://www.seleniumhq.org/exceptions/no_such_element.html\nBuild info: version: '3.141.59', revision: 'e82be7d358', time: '2018-11-14T08:17:03'\nSystem info: host: 'ADMIN', ip: '192.168.31.81', os.name: 'Windows 10', os.arch: 'amd64', os.version: '10.0', java.version: '11.0.17'\nDriver info: org.openqa.selenium.chrome.ChromeDriver\nCapabilities {acceptInsecureCerts: false, browserName: chrome, browserVersion: 107.0.5304.122, chrome: {chromedriverVersion: 107.0.5304.62 (1eec40d3a576..., userDataDir: C:\\Users\\Admin\\AppData\\Loca...}, goog:chromeOptions: {debuggerAddress: localhost:54762}, javascriptEnabled: true, networkConnectionEnabled: false, pageLoadStrategy: normal, platform: WINDOWS, platformName: WINDOWS, proxy: Proxy(), setWindowRect: true, strictFileInteractability: false, timeouts: {implicit: 0, pageLoad: 300000, script: 30000}, unhandledPromptBehavior: dismiss and notify, webauthn:extension:credBlob: true, webauthn:extension:largeBlob: true, webauthn:virtualAuthenticators: true}\nSession ID: d114b13f0e1fe86a78a1d465f8f8f817\n*** Element info: {Using=xpath, value=//p[normalize-space()='Invalid login or password.']}","time":{"start":1669866889869,"stop":1669866920930,"duration":31061}},{"uid":"86f623d53ea84a7d","status":"broken","statusDetails":"no such element: Unable to locate element: {\"method\":\"xpath\",\"selector\":\"//p[normalize-space()='Invalid login or password.']\"}\n  (Session info: chrome=107.0.5304.122)\nFor documentation on this error, please visit: https://www.seleniumhq.org/exceptions/no_such_element.html\nBuild info: version: '3.141.59', revision: 'e82be7d358', time: '2018-11-14T08:17:03'\nSystem info: host: 'ADMIN', ip: '192.168.31.81', os.name: 'Windows 10', os.arch: 'amd64', os.version: '10.0', java.version: '11.0.17'\nDriver info: org.openqa.selenium.chrome.ChromeDriver\nCapabilities {acceptInsecureCerts: false, browserName: chrome, browserVersion: 107.0.5304.122, chrome: {chromedriverVersion: 107.0.5304.62 (1eec40d3a576..., userDataDir: C:\\Users\\Admin\\AppData\\Loca...}, goog:chromeOptions: {debuggerAddress: localhost:54373}, javascriptEnabled: true, networkConnectionEnabled: false, pageLoadStrategy: normal, platform: WINDOWS, platformName: WINDOWS, proxy: Proxy(), setWindowRect: true, strictFileInteractability: false, timeouts: {implicit: 0, pageLoad: 300000, script: 30000}, unhandledPromptBehavior: dismiss and notify, webauthn:extension:credBlob: true, webauthn:extension:largeBlob: true, webauthn:virtualAuthenticators: true}\nSession ID: b2d36a3dd8e9b4c3eda66f8cf2d4ff1c\n*** Element info: {Using=xpath, value=//p[normalize-space()='Invalid login or password.']}","time":{"start":1669866462508,"stop":1669866493132,"duration":30624}},{"uid":"ff8069c71ef6c38a","status":"broken","statusDetails":"no such element: Unable to locate element: {\"method\":\"xpath\",\"selector\":\"//p[normalize-space()='Invalid login or password.']\"}\n  (Session info: chrome=107.0.5304.122)\nFor documentation on this error, please visit: https://www.seleniumhq.org/exceptions/no_such_element.html\nBuild info: version: '3.141.59', revision: 'e82be7d358', time: '2018-11-14T08:17:03'\nSystem info: host: 'ADMIN', ip: '192.168.31.81', os.name: 'Windows 10', os.arch: 'amd64', os.version: '10.0', java.version: '11.0.17'\nDriver info: org.openqa.selenium.chrome.ChromeDriver\nCapabilities {acceptInsecureCerts: false, browserName: chrome, browserVersion: 107.0.5304.122, chrome: {chromedriverVersion: 107.0.5304.62 (1eec40d3a576..., userDataDir: C:\\Users\\Admin\\AppData\\Loca...}, goog:chromeOptions: {debuggerAddress: localhost:54089}, javascriptEnabled: true, networkConnectionEnabled: false, pageLoadStrategy: normal, platform: WINDOWS, platformName: WINDOWS, proxy: Proxy(), setWindowRect: true, strictFileInteractability: false, timeouts: {implicit: 0, pageLoad: 300000, script: 30000}, unhandledPromptBehavior: dismiss and notify, webauthn:extension:credBlob: true, webauthn:extension:largeBlob: true, webauthn:virtualAuthenticators: true}\nSession ID: 20f074b4e9b9096649dde704a0aece78\n*** Element info: {Using=xpath, value=//p[normalize-space()='Invalid login or password.']}","time":{"start":1669866120161,"stop":1669866121486,"duration":1325}},{"uid":"5feacc148da648b1","status":"broken","statusDetails":"no such element: Unable to locate element: {\"method\":\"xpath\",\"selector\":\"//p[normalize-space()='Invalid login or password.']\"}\n  (Session info: chrome=107.0.5304.122)\nFor documentation on this error, please visit: https://www.seleniumhq.org/exceptions/no_such_element.html\nBuild info: version: '3.141.59', revision: 'e82be7d358', time: '2018-11-14T08:17:03'\nSystem info: host: 'ADMIN', ip: '192.168.31.81', os.name: 'Windows 10', os.arch: 'amd64', os.version: '10.0', java.version: '11.0.17'\nDriver info: org.openqa.selenium.chrome.ChromeDriver\nCapabilities {acceptInsecureCerts: false, browserName: chrome, browserVersion: 107.0.5304.122, chrome: {chromedriverVersion: 107.0.5304.62 (1eec40d3a576..., userDataDir: C:\\Users\\Admin\\AppData\\Loca...}, goog:chromeOptions: {debuggerAddress: localhost:53955}, javascriptEnabled: true, networkConnectionEnabled: false, pageLoadStrategy: normal, platform: WINDOWS, platformName: WINDOWS, proxy: Proxy(), setWindowRect: true, strictFileInteractability: false, timeouts: {implicit: 0, pageLoad: 300000, script: 30000}, unhandledPromptBehavior: dismiss and notify, webauthn:extension:credBlob: true, webauthn:extension:largeBlob: true, webauthn:virtualAuthenticators: true}\nSession ID: 652800a510e13ba47dcbb73258c5444a\n*** Element info: {Using=xpath, value=//p[normalize-space()='Invalid login or password.']}","time":{"start":1669866032790,"stop":1669866034164,"duration":1374}},{"uid":"6ad0eefd89c77e91","status":"broken","statusDetails":"no such element: Unable to locate element: {\"method\":\"xpath\",\"selector\":\"//input[@id='login-email']\"}\n  (Session info: chrome=107.0.5304.122)\nFor documentation on this error, please visit: https://www.seleniumhq.org/exceptions/no_such_element.html\nBuild info: version: '3.141.59', revision: 'e82be7d358', time: '2018-11-14T08:17:03'\nSystem info: host: 'ADMIN', ip: '192.168.31.81', os.name: 'Windows 10', os.arch: 'amd64', os.version: '10.0', java.version: '11.0.17'\nDriver info: org.openqa.selenium.chrome.ChromeDriver\nCapabilities {acceptInsecureCerts: false, browserName: chrome, browserVersion: 107.0.5304.122, chrome: {chromedriverVersion: 107.0.5304.62 (1eec40d3a576..., userDataDir: C:\\Users\\Admin\\AppData\\Loca...}, goog:chromeOptions: {debuggerAddress: localhost:53698}, javascriptEnabled: true, networkConnectionEnabled: false, pageLoadStrategy: normal, platform: WINDOWS, platformName: WINDOWS, proxy: Proxy(), setWindowRect: true, strictFileInteractability: false, timeouts: {implicit: 0, pageLoad: 300000, script: 30000}, unhandledPromptBehavior: dismiss and notify, webauthn:extension:credBlob: true, webauthn:extension:largeBlob: true, webauthn:virtualAuthenticators: true}\nSession ID: 51291d3c34b9cc00b65d2c53c0032b5d\n*** Element info: {Using=xpath, value=//input[@id='login-email']}","time":{"start":1669865740801,"stop":1669865740909,"duration":108}},{"uid":"2fe16e2268b002b1","status":"broken","statusDetails":"no such element: Unable to locate element: {\"method\":\"xpath\",\"selector\":\"//p[normalize-space()='Invalid login or password.']\"}\n  (Session info: chrome=107.0.5304.122)\nFor documentation on this error, please visit: https://www.seleniumhq.org/exceptions/no_such_element.html\nBuild info: version: '3.141.59', revision: 'e82be7d358', time: '2018-11-14T08:17:03'\nSystem info: host: 'ADMIN', ip: '192.168.31.81', os.name: 'Windows 10', os.arch: 'amd64', os.version: '10.0', java.version: '11.0.17'\nDriver info: org.openqa.selenium.chrome.ChromeDriver\nCapabilities {acceptInsecureCerts: false, browserName: chrome, browserVersion: 107.0.5304.122, chrome: {chromedriverVersion: 107.0.5304.62 (1eec40d3a576..., userDataDir: C:\\Users\\Admin\\AppData\\Loca...}, goog:chromeOptions: {debuggerAddress: localhost:53499}, javascriptEnabled: true, networkConnectionEnabled: false, pageLoadStrategy: normal, platform: WINDOWS, platformName: WINDOWS, proxy: Proxy(), setWindowRect: true, strictFileInteractability: false, timeouts: {implicit: 0, pageLoad: 300000, script: 30000}, unhandledPromptBehavior: dismiss and notify, webauthn:extension:credBlob: true, webauthn:extension:largeBlob: true, webauthn:virtualAuthenticators: true}\nSession ID: d3f28e8230b17a638ea1932461db1675\n*** Element info: {Using=xpath, value=//p[normalize-space()='Invalid login or password.']}","time":{"start":1669865453843,"stop":1669865455282,"duration":1439}},{"uid":"fc95f1720b32e653","status":"broken","statusDetails":"no such element: Unable to locate element: {\"method\":\"xpath\",\"selector\":\"//input[@id='login-email']\"}\n  (Session info: chrome=107.0.5304.122)\nFor documentation on this error, please visit: https://www.seleniumhq.org/exceptions/no_such_element.html\nBuild info: version: '3.141.59', revision: 'e82be7d358', time: '2018-11-14T08:17:03'\nSystem info: host: 'ADMIN', ip: '192.168.31.81', os.name: 'Windows 10', os.arch: 'amd64', os.version: '10.0', java.version: '11.0.17'\nDriver info: org.openqa.selenium.chrome.ChromeDriver\nCapabilities {acceptInsecureCerts: false, browserName: chrome, browserVersion: 107.0.5304.122, chrome: {chromedriverVersion: 107.0.5304.62 (1eec40d3a576..., userDataDir: C:\\Users\\Admin\\AppData\\Loca...}, goog:chromeOptions: {debuggerAddress: localhost:53439}, javascriptEnabled: true, networkConnectionEnabled: false, pageLoadStrategy: normal, platform: WINDOWS, platformName: WINDOWS, proxy: Proxy(), setWindowRect: true, strictFileInteractability: false, timeouts: {implicit: 0, pageLoad: 300000, script: 30000}, unhandledPromptBehavior: dismiss and notify, webauthn:extension:credBlob: true, webauthn:extension:largeBlob: true, webauthn:virtualAuthenticators: true}\nSession ID: c686cc0505a0775753de5c405391ab65\n*** Element info: {Using=xpath, value=//input[@id='login-email']}","time":{"start":1669865401701,"stop":1669865401757,"duration":56}},{"uid":"8e23809f79f07ced","status":"broken","statusDetails":"no such element: Unable to locate element: {\"method\":\"xpath\",\"selector\":\"//p[normalize-space()='Invalid login or password.']\"}\n  (Session info: chrome=107.0.5304.122)\nFor documentation on this error, please visit: https://www.seleniumhq.org/exceptions/no_such_element.html\nBuild info: version: '3.141.59', revision: 'e82be7d358', time: '2018-11-14T08:17:03'\nSystem info: host: 'ADMIN', ip: '192.168.31.81', os.name: 'Windows 10', os.arch: 'amd64', os.version: '10.0', java.version: '11.0.17'\nDriver info: org.openqa.selenium.chrome.ChromeDriver\nCapabilities {acceptInsecureCerts: false, browserName: chrome, browserVersion: 107.0.5304.122, chrome: {chromedriverVersion: 107.0.5304.62 (1eec40d3a576..., userDataDir: C:\\Users\\Admin\\AppData\\Loca...}, goog:chromeOptions: {debuggerAddress: localhost:53113}, javascriptEnabled: true, networkConnectionEnabled: false, pageLoadStrategy: normal, platform: WINDOWS, platformName: WINDOWS, proxy: Proxy(), setWindowRect: true, strictFileInteractability: false, timeouts: {implicit: 0, pageLoad: 300000, script: 30000}, unhandledPromptBehavior: dismiss and notify, webauthn:extension:credBlob: true, webauthn:extension:largeBlob: true, webauthn:virtualAuthenticators: true}\nSession ID: f85c80085dd08d486b1cfc3a05593552\n*** Element info: {Using=xpath, value=//p[normalize-space()='Invalid login or password.']}","time":{"start":1669864985656,"stop":1669864987033,"duration":1377}},{"uid":"4d8a46bb3b85fccf","status":"broken","statusDetails":"no such element: Unable to locate element: {\"method\":\"xpath\",\"selector\":\"//p[normalize-space()='Invalid login or password.'] \"}\n  (Session info: chrome=107.0.5304.122)\nFor documentation on this error, please visit: https://www.seleniumhq.org/exceptions/no_such_element.html\nBuild info: version: '3.141.59', revision: 'e82be7d358', time: '2018-11-14T08:17:03'\nSystem info: host: 'ADMIN', ip: '192.168.31.81', os.name: 'Windows 10', os.arch: 'amd64', os.version: '10.0', java.version: '11.0.17'\nDriver info: org.openqa.selenium.chrome.ChromeDriver\nCapabilities {acceptInsecureCerts: false, browserName: chrome, browserVersion: 107.0.5304.122, chrome: {chromedriverVersion: 107.0.5304.62 (1eec40d3a576..., userDataDir: C:\\Users\\Admin\\AppData\\Loca...}, goog:chromeOptions: {debuggerAddress: localhost:52914}, javascriptEnabled: true, networkConnectionEnabled: false, pageLoadStrategy: normal, platform: WINDOWS, platformName: WINDOWS, proxy: Proxy(), setWindowRect: true, strictFileInteractability: false, timeouts: {implicit: 0, pageLoad: 300000, script: 30000}, unhandledPromptBehavior: dismiss and notify, webauthn:extension:credBlob: true, webauthn:extension:largeBlob: true, webauthn:virtualAuthenticators: true}\nSession ID: 68ed065b90cad1f106eb64531b82a292\n*** Element info: {Using=xpath, value=//p[normalize-space()='Invalid login or password.'] }","time":{"start":1669864733972,"stop":1669864735318,"duration":1346}},{"uid":"a4372f6d56d7ef94","status":"broken","statusDetails":"no such element: Unable to locate element: {\"method\":\"xpath\",\"selector\":\"//p[normalize-space()='Invalid login or password.'] \"}\n  (Session info: chrome=107.0.5304.122)\nFor documentation on this error, please visit: https://www.seleniumhq.org/exceptions/no_such_element.html\nBuild info: version: '3.141.59', revision: 'e82be7d358', time: '2018-11-14T08:17:03'\nSystem info: host: 'ADMIN', ip: '192.168.31.81', os.name: 'Windows 10', os.arch: 'amd64', os.version: '10.0', java.version: '11.0.17'\nDriver info: org.openqa.selenium.chrome.ChromeDriver\nCapabilities {acceptInsecureCerts: false, browserName: chrome, browserVersion: 107.0.5304.122, chrome: {chromedriverVersion: 107.0.5304.62 (1eec40d3a576..., userDataDir: C:\\Users\\Admin\\AppData\\Loca...}, goog:chromeOptions: {debuggerAddress: localhost:52492}, javascriptEnabled: true, networkConnectionEnabled: false, pageLoadStrategy: normal, platform: WINDOWS, platformName: WINDOWS, proxy: Proxy(), setWindowRect: true, strictFileInteractability: false, timeouts: {implicit: 0, pageLoad: 300000, script: 30000}, unhandledPromptBehavior: dismiss and notify, webauthn:extension:credBlob: true, webauthn:extension:largeBlob: true, webauthn:virtualAuthenticators: true}\nSession ID: 2eee2d477227842b70b273a1f70f5eff\n*** Element info: {Using=xpath, value=//p[normalize-space()='Invalid login or password.'] }","time":{"start":1669864510848,"stop":1669864512253,"duration":1405}},{"uid":"21051476aa9ecdcf","status":"broken","statusDetails":"no such element: Unable to locate element: {\"method\":\"xpath\",\"selector\":\"//p[normalize-space()='Invalid login or password.'] \"}\n  (Session info: chrome=107.0.5304.122)\nFor documentation on this error, please visit: https://www.seleniumhq.org/exceptions/no_such_element.html\nBuild info: version: '3.141.59', revision: 'e82be7d358', time: '2018-11-14T08:17:03'\nSystem info: host: 'ADMIN', ip: '192.168.31.81', os.name: 'Windows 10', os.arch: 'amd64', os.version: '10.0', java.version: '11.0.17'\nDriver info: org.openqa.selenium.chrome.ChromeDriver\nCapabilities {acceptInsecureCerts: false, browserName: chrome, browserVersion: 107.0.5304.122, chrome: {chromedriverVersion: 107.0.5304.62 (1eec40d3a576..., userDataDir: C:\\Users\\Admin\\AppData\\Loca...}, goog:chromeOptions: {debuggerAddress: localhost:52161}, javascriptEnabled: true, networkConnectionEnabled: false, pageLoadStrategy: normal, platform: WINDOWS, platformName: WINDOWS, proxy: Proxy(), setWindowRect: true, strictFileInteractability: false, timeouts: {implicit: 0, pageLoad: 300000, script: 30000}, unhandledPromptBehavior: dismiss and notify, webauthn:extension:credBlob: true, webauthn:extension:largeBlob: true, webauthn:virtualAuthenticators: true}\nSession ID: f2f9e559115d0ad9e65f376f35f9ee01\n*** Element info: {Using=xpath, value=//p[normalize-space()='Invalid login or password.'] }","time":{"start":1669864396332,"stop":1669864397697,"duration":1365}},{"uid":"eca4e6c606477ed5","status":"broken","statusDetails":"no such element: Unable to locate element: {\"method\":\"xpath\",\"selector\":\"//input[@id='login-email']\"}\n  (Session info: chrome=107.0.5304.122)\nFor documentation on this error, please visit: https://www.seleniumhq.org/exceptions/no_such_element.html\nBuild info: version: '3.141.59', revision: 'e82be7d358', time: '2018-11-14T08:17:03'\nSystem info: host: 'ADMIN', ip: '192.168.31.81', os.name: 'Windows 10', os.arch: 'amd64', os.version: '10.0', java.version: '11.0.17'\nDriver info: org.openqa.selenium.chrome.ChromeDriver\nCapabilities {acceptInsecureCerts: false, browserName: chrome, browserVersion: 107.0.5304.122, chrome: {chromedriverVersion: 107.0.5304.62 (1eec40d3a576..., userDataDir: C:\\Users\\Admin\\AppData\\Loca...}, goog:chromeOptions: {debuggerAddress: localhost:52090}, javascriptEnabled: true, networkConnectionEnabled: false, pageLoadStrategy: normal, platform: WINDOWS, platformName: WINDOWS, proxy: Proxy(), setWindowRect: true, strictFileInteractability: false, timeouts: {implicit: 0, pageLoad: 300000, script: 30000}, unhandledPromptBehavior: dismiss and notify, webauthn:extension:credBlob: true, webauthn:extension:largeBlob: true, webauthn:virtualAuthenticators: true}\nSession ID: 120c8b5b3ae322a16122f9053f7b97bd\n*** Element info: {Using=xpath, value=//input[@id='login-email']}","time":{"start":1669864317257,"stop":1669864317285,"duration":28}},{"uid":"71e5ec81adc31073","status":"passed","time":{"start":1669861549702,"stop":1669861551028,"duration":1326}},{"uid":"4125128c79a79123","status":"passed","time":{"start":1669860577026,"stop":1669860578574,"duration":1548}},{"uid":"a78dfffda930dd05","status":"passed","time":{"start":1669803337757,"stop":1669803339159,"duration":1402}},{"uid":"50710d7024ffb6db","status":"passed","time":{"start":1669803227806,"stop":1669803229170,"duration":1364}},{"uid":"f819c47fe58d411b","status":"passed","time":{"start":1669803020268,"stop":1669803021597,"duration":1329}},{"uid":"6e456a35ca6335bc","status":"passed","time":{"start":1669801994392,"stop":1669801995771,"duration":1379}},{"uid":"8dd80044ac5df4","status":"passed","time":{"start":1669801917145,"stop":1669801917352,"duration":207}},{"uid":"a36557f6810098a1","status":"broken","statusDetails":"no such element: Unable to locate element: {\"method\":\"xpath\",\"selector\":\"//input[@id='login-email']\"}\n  (Session info: chrome=107.0.5304.121)\nFor documentation on this error, please visit: https://www.seleniumhq.org/exceptions/no_such_element.html\nBuild info: version: '3.141.59', revision: 'e82be7d358', time: '2018-11-14T08:17:03'\nSystem info: host: 'ADMIN', ip: '192.168.31.81', os.name: 'Windows 10', os.arch: 'amd64', os.version: '10.0', java.version: '11.0.17'\nDriver info: org.openqa.selenium.chrome.ChromeDriver\nCapabilities {acceptInsecureCerts: false, browserName: chrome, browserVersion: 107.0.5304.121, chrome: {chromedriverVersion: 107.0.5304.62 (1eec40d3a576..., userDataDir: C:\\Users\\Admin\\AppData\\Loca...}, goog:chromeOptions: {debuggerAddress: localhost:62424}, javascriptEnabled: true, networkConnectionEnabled: false, pageLoadStrategy: normal, platform: WINDOWS, platformName: WINDOWS, proxy: Proxy(), setWindowRect: true, strictFileInteractability: false, timeouts: {implicit: 0, pageLoad: 300000, script: 30000}, unhandledPromptBehavior: dismiss and notify, webauthn:extension:credBlob: true, webauthn:extension:largeBlob: true, webauthn:virtualAuthenticators: true}\nSession ID: cbf5ba97d1446d532b980d1ee6767e21\n*** Element info: {Using=xpath, value=//input[@id='login-email']}","time":{"start":1669801863282,"stop":1669801863313,"duration":31}},{"uid":"e713e1003c3d62d6","status":"broken","statusDetails":"no such element: Unable to locate element: {\"method\":\"xpath\",\"selector\":\"//div[contains(text(),'Invalid login or password.')]\"}\n  (Session info: chrome=107.0.5304.121)\nFor documentation on this error, please visit: https://www.seleniumhq.org/exceptions/no_such_element.html\nBuild info: version: '3.141.59', revision: 'e82be7d358', time: '2018-11-14T08:17:03'\nSystem info: host: 'ADMIN', ip: '192.168.31.81', os.name: 'Windows 10', os.arch: 'amd64', os.version: '10.0', java.version: '11.0.17'\nDriver info: org.openqa.selenium.chrome.ChromeDriver\nCapabilities {acceptInsecureCerts: false, browserName: chrome, browserVersion: 107.0.5304.121, chrome: {chromedriverVersion: 107.0.5304.62 (1eec40d3a576..., userDataDir: C:\\Users\\Admin\\AppData\\Loca...}, goog:chromeOptions: {debuggerAddress: localhost:62283}, javascriptEnabled: true, networkConnectionEnabled: false, pageLoadStrategy: normal, platform: WINDOWS, platformName: WINDOWS, proxy: Proxy(), setWindowRect: true, strictFileInteractability: false, timeouts: {implicit: 0, pageLoad: 300000, script: 30000}, unhandledPromptBehavior: dismiss and notify, webauthn:extension:credBlob: true, webauthn:extension:largeBlob: true, webauthn:virtualAuthenticators: true}\nSession ID: 0047f31b5146a37b1889d334322116ac\n*** Element info: {Using=xpath, value=//div[contains(text(),'Invalid login or password.')]}","time":{"start":1669801699188,"stop":1669801699485,"duration":297}},{"uid":"d4bc68c3dcf8ffbe","status":"broken","statusDetails":"no such element: Unable to locate element: {\"method\":\"xpath\",\"selector\":\"//div[contains(text(),'Invalid login or password.')]\"}\n  (Session info: chrome=107.0.5304.121)\nFor documentation on this error, please visit: https://www.seleniumhq.org/exceptions/no_such_element.html\nBuild info: version: '3.141.59', revision: 'e82be7d358', time: '2018-11-14T08:17:03'\nSystem info: host: 'ADMIN', ip: '192.168.31.81', os.name: 'Windows 10', os.arch: 'amd64', os.version: '10.0', java.version: '11.0.17'\nDriver info: org.openqa.selenium.chrome.ChromeDriver\nCapabilities {acceptInsecureCerts: false, browserName: chrome, browserVersion: 107.0.5304.121, chrome: {chromedriverVersion: 107.0.5304.62 (1eec40d3a576..., userDataDir: C:\\Users\\Admin\\AppData\\Loca...}, goog:chromeOptions: {debuggerAddress: localhost:61325}, javascriptEnabled: true, networkConnectionEnabled: false, pageLoadStrategy: normal, platform: WINDOWS, platformName: WINDOWS, proxy: Proxy(), setWindowRect: true, strictFileInteractability: false, timeouts: {implicit: 0, pageLoad: 300000, script: 30000}, unhandledPromptBehavior: dismiss and notify, webauthn:extension:credBlob: true, webauthn:extension:largeBlob: true, webauthn:virtualAuthenticators: true}\nSession ID: 673f739bad37c80c91983b3621306979\n*** Element info: {Using=xpath, value=//div[contains(text(),'Invalid login or password.')]}","time":{"start":1669800761739,"stop":1669800762213,"duration":474}},{"uid":"82f7d6efeff04a46","status":"broken","statusDetails":"no such element: Unable to locate element: {\"method\":\"xpath\",\"selector\":\"//div[contains(text(),'Invalid login or password.')]\"}\n  (Session info: chrome=107.0.5304.121)\nFor documentation on this error, please visit: https://www.seleniumhq.org/exceptions/no_such_element.html\nBuild info: version: '3.141.59', revision: 'e82be7d358', time: '2018-11-14T08:17:03'\nSystem info: host: 'ADMIN', ip: '192.168.31.81', os.name: 'Windows 10', os.arch: 'amd64', os.version: '10.0', java.version: '11.0.17'\nDriver info: org.openqa.selenium.chrome.ChromeDriver\nCapabilities {acceptInsecureCerts: false, browserName: chrome, browserVersion: 107.0.5304.121, chrome: {chromedriverVersion: 107.0.5304.62 (1eec40d3a576..., userDataDir: C:\\Users\\Admin\\AppData\\Loca...}, goog:chromeOptions: {debuggerAddress: localhost:61106}, javascriptEnabled: true, networkConnectionEnabled: false, pageLoadStrategy: normal, platform: WINDOWS, platformName: WINDOWS, proxy: Proxy(), setWindowRect: true, strictFileInteractability: false, timeouts: {implicit: 0, pageLoad: 300000, script: 30000}, unhandledPromptBehavior: dismiss and notify, webauthn:extension:credBlob: true, webauthn:extension:largeBlob: true, webauthn:virtualAuthenticators: true}\nSession ID: 0e71e83d9483dce53a4c9684453be52a\n*** Element info: {Using=xpath, value=//div[contains(text(),'Invalid login or password.')]}","time":{"start":1669800548987,"stop":1669800549428,"duration":441}},{"uid":"45cd542ce67621d8","status":"broken","statusDetails":"no such element: Unable to locate element: {\"method\":\"xpath\",\"selector\":\"//input[@id ='login-password']\"}\n  (Session info: chrome=107.0.5304.121)\nFor documentation on this error, please visit: https://www.seleniumhq.org/exceptions/no_such_element.html\nBuild info: version: '3.141.59', revision: 'e82be7d358', time: '2018-11-14T08:17:03'\nSystem info: host: 'ADMIN', ip: '192.168.31.81', os.name: 'Windows 10', os.arch: 'amd64', os.version: '10.0', java.version: '11.0.17'\nDriver info: org.openqa.selenium.chrome.ChromeDriver\nCapabilities {acceptInsecureCerts: false, browserName: chrome, browserVersion: 107.0.5304.121, chrome: {chromedriverVersion: 107.0.5304.62 (1eec40d3a576..., userDataDir: C:\\Users\\Admin\\AppData\\Loca...}, goog:chromeOptions: {debuggerAddress: localhost:60961}, javascriptEnabled: true, networkConnectionEnabled: false, pageLoadStrategy: normal, platform: WINDOWS, platformName: WINDOWS, proxy: Proxy(), setWindowRect: true, strictFileInteractability: false, timeouts: {implicit: 0, pageLoad: 300000, script: 30000}, unhandledPromptBehavior: dismiss and notify, webauthn:extension:credBlob: true, webauthn:extension:largeBlob: true, webauthn:virtualAuthenticators: true}\nSession ID: 7262dc8748d530a43102069701225ba0\n*** Element info: {Using=xpath, value=//input[@id ='login-password']}","time":{"start":1669800437812,"stop":1669800437888,"duration":76}},{"uid":"1363656ac89ec89f","status":"broken","statusDetails":"no such element: Unable to locate element: {\"method\":\"xpath\",\"selector\":\"//input[@id ='login-password']\"}\n  (Session info: chrome=107.0.5304.121)\nFor documentation on this error, please visit: https://www.seleniumhq.org/exceptions/no_such_element.html\nBuild info: version: '3.141.59', revision: 'e82be7d358', time: '2018-11-14T08:17:03'\nSystem info: host: 'ADMIN', ip: '192.168.31.81', os.name: 'Windows 10', os.arch: 'amd64', os.version: '10.0', java.version: '11.0.17'\nDriver info: org.openqa.selenium.chrome.ChromeDriver\nCapabilities {acceptInsecureCerts: false, browserName: chrome, browserVersion: 107.0.5304.121, chrome: {chromedriverVersion: 107.0.5304.62 (1eec40d3a576..., userDataDir: C:\\Users\\Admin\\AppData\\Loca...}, goog:chromeOptions: {debuggerAddress: localhost:60765}, javascriptEnabled: true, networkConnectionEnabled: false, pageLoadStrategy: normal, platform: WINDOWS, platformName: WINDOWS, proxy: Proxy(), setWindowRect: true, strictFileInteractability: false, timeouts: {implicit: 0, pageLoad: 300000, script: 30000}, unhandledPromptBehavior: dismiss and notify, webauthn:extension:credBlob: true, webauthn:extension:largeBlob: true, webauthn:virtualAuthenticators: true}\nSession ID: 767f5b101c0cabf5e74612ca56e3a7fb\n*** Element info: {Using=xpath, value=//input[@id ='login-password']}","time":{"start":1669800214790,"stop":1669800214832,"duration":42}}],"categories":[],"tags":[]},"source":"bde8f26689b7ce54.json","parameterValues":[]}