{"uid":"c4fdf6da9da9b9c9","name":"Login with password and leave the email field blank","fullName":"test.signinSignup.SignInTest.testCase_SI04","historyId":"229719c63d582a67d1d7d6773d91d916","time":{"start":1678549430920,"stop":1678549430921,"duration":1},"status":"skipped","statusMessage":"\nParameter 'devices' is required by BeforeTest on method beforeTest but has not been marked @Optional or defined\nin C:\\Users\\Admin\\AppData\\Local\\JetBrains\\IdeaIC2022.2\\temp-testng-customsuite.xml","statusTrace":"org.testng.TestNGException: \nParameter 'devices' is required by BeforeTest on method beforeTest but has not been marked @Optional or defined\nin C:\\Users\\Admin\\AppData\\Local\\JetBrains\\IdeaIC2022.2\\temp-testng-customsuite.xml\r\n\tat org.testng.internal.Parameters.createParams(Parameters.java:270)\r\n\tat org.testng.internal.Parameters.createParametersForMethod(Parameters.java:358)\r\n\tat org.testng.internal.Parameters.createParameters(Parameters.java:700)\r\n\tat org.testng.internal.Parameters.createConfigurationParameters(Parameters.java:168)\r\n\tat org.testng.internal.ConfigInvoker.invokeConfigurations(ConfigInvoker.java:302)\r\n\tat org.testng.TestRunner.invokeTestConfigurations(TestRunner.java:637)\r\n\tat org.testng.TestRunner.beforeRun(TestRunner.java:627)\r\n\tat org.testng.TestRunner.run(TestRunner.java:589)\r\n\tat org.testng.SuiteRunner.runTest(SuiteRunner.java:377)\r\n\tat org.testng.SuiteRunner.runSequentially(SuiteRunner.java:371)\r\n\tat org.testng.SuiteRunner.privateRun(SuiteRunner.java:332)\r\n\tat org.testng.SuiteRunner.run(SuiteRunner.java:276)\r\n\tat org.testng.SuiteRunnerWorker.runSuite(SuiteRunnerWorker.java:53)\r\n\tat org.testng.SuiteRunnerWorker.run(SuiteRunnerWorker.java:96)\r\n\tat org.testng.TestNG.runSuitesSequentially(TestNG.java:1212)\r\n\tat org.testng.TestNG.runSuitesLocally(TestNG.java:1134)\r\n\tat org.testng.TestNG.runSuites(TestNG.java:1063)\r\n\tat org.testng.TestNG.run(TestNG.java:1031)\r\n\tat com.intellij.rt.testng.IDEARemoteTestNG.run(IDEARemoteTestNG.java:66)\r\n\tat com.intellij.rt.testng.RemoteTestNGStarter.main(RemoteTestNGStarter.java:109)\r\n","flaky":false,"newFailed":false,"newBroken":false,"newPassed":false,"retriesCount":222,"retriesStatusChange":true,"beforeStages":[{"name":"beforeSuite","time":{"start":1678549430207,"stop":1678549430255,"duration":48},"description":"","status":"passed","steps":[],"attachments":[],"parameters":[],"stepsCount":0,"hasContent":false,"attachmentsCount":0,"shouldDisplayMessage":false}],"afterStages":[{"name":"afterTest","time":{"start":1678549431107,"stop":1678549431108,"duration":1},"description":"","status":"broken","steps":[],"attachments":[],"parameters":[],"stepsCount":0,"hasContent":false,"attachmentsCount":0,"shouldDisplayMessage":false}],"labels":[{"name":"package","value":"test.signinSignup.SignInTest"},{"name":"testClass","value":"test.signinSignup.SignInTest"},{"name":"testMethod","value":"testCase_SI04"},{"name":"parentSuite","value":"Default Suite"},{"name":"suite","value":"Glamira_AutoTest"},{"name":"subSuite","value":"test.signinSignup.SignInTest"},{"name":"host","value":"Admin"},{"name":"thread","value":"19444@Admin.main(1)"},{"name":"framework","value":"testng"},{"name":"language","value":"java"},{"name":"resultFormat","value":"allure2"}],"parameters":[],"links":[],"hidden":false,"retry":false,"extra":{"severity":"normal","retries":[{"uid":"74b97e7dcbe78a8f","status":"skipped","statusDetails":"\nParameter 'devices' is required by BeforeTest on method beforeTest but has not been marked @Optional or defined\nin C:\\Users\\Admin\\AppData\\Local\\JetBrains\\IdeaIC2022.2\\temp-testng-customsuite.xml","time":{"start":1677838882113,"stop":1677838882114,"duration":1}},{"uid":"5a7a1baebb0ede98","status":"skipped","statusDetails":"\nParameter 'devices' is required by BeforeTest on method beforeTest but has not been marked @Optional or defined\nin C:\\Users\\Admin\\AppData\\Local\\JetBrains\\IdeaIC2022.2\\temp-testng-customsuite.xml","time":{"start":1677176296235,"stop":1677176296235,"duration":0}},{"uid":"14ec1ae68105aec1","status":"skipped","statusDetails":"\nParameter 'devices' is required by BeforeTest on method beforeTest but has not been marked @Optional or defined\nin C:\\Users\\Admin\\AppData\\Local\\JetBrains\\IdeaIC2022.2\\temp-testng-customsuite.xml","time":{"start":1677175764034,"stop":1677175764034,"duration":0}},{"uid":"9df4800ba6cf4393","status":"skipped","statusDetails":"\nParameter 'devices' is required by BeforeTest on method beforeTest but has not been marked @Optional or defined\nin C:\\Users\\Admin\\AppData\\Local\\JetBrains\\IdeaIC2022.2\\temp-testng-customsuite.xml","time":{"start":1676443117717,"stop":1676443117718,"duration":1}},{"uid":"117dde9c90682638","status":"skipped","statusDetails":"\nParameter 'devices' is required by BeforeTest on method beforeTest but has not been marked @Optional or defined\nin D:\\Glamira_AutoTest\\testng.xml","time":{"start":1676432600978,"stop":1676432600980,"duration":2}},{"uid":"c25dfd95f16c5ce3","status":"broken","statusDetails":"no such element: Unable to locate element: {\"method\":\"xpath\",\"selector\":\"//input[@id='login-email']\"}\n  (Session info: chrome=109.0.5414.122)\nFor documentation on this error, please visit: https://www.seleniumhq.org/exceptions/no_such_element.html\nBuild info: version: '3.141.59', revision: 'e82be7d358', time: '2018-11-14T08:17:03'\nSystem info: host: 'ADMIN', ip: '192.168.31.72', os.name: 'Windows 10', os.arch: 'amd64', os.version: '10.0', java.version: '11.0.17'\nDriver info: org.openqa.selenium.chrome.ChromeDriver\nCapabilities {acceptInsecureCerts: false, browserName: chrome, browserVersion: 109.0.5414.122, chrome: {chromedriverVersion: 109.0.5414.74 (e7c5703604da..., userDataDir: C:\\Users\\Admin\\AppData\\Loca...}, goog:chromeOptions: {debuggerAddress: localhost:58618}, javascriptEnabled: true, networkConnectionEnabled: false, pageLoadStrategy: normal, platform: WINDOWS, platformName: WINDOWS, proxy: Proxy(), setWindowRect: true, strictFileInteractability: false, timeouts: {implicit: 0, pageLoad: 300000, script: 30000}, unhandledPromptBehavior: dismiss and notify, webauthn:extension:credBlob: true, webauthn:extension:largeBlob: true, webauthn:virtualAuthenticators: true}\nSession ID: 806aebe27ceefea7078c3a2a499612a2\n*** Element info: {Using=xpath, value=//input[@id='login-email']}","time":{"start":1676371340479,"stop":1676371340539,"duration":60}},{"uid":"aab088fc14e061b","status":"broken","statusDetails":"no such element: Unable to locate element: {\"method\":\"xpath\",\"selector\":\"//input[@id='login-email']\"}\n  (Session info: chrome=109.0.5414.122)\nFor documentation on this error, please visit: https://www.seleniumhq.org/exceptions/no_such_element.html\nBuild info: version: '3.141.59', revision: 'e82be7d358', time: '2018-11-14T08:17:03'\nSystem info: host: 'ADMIN', ip: '192.168.31.72', os.name: 'Windows 10', os.arch: 'amd64', os.version: '10.0', java.version: '11.0.17'\nDriver info: org.openqa.selenium.chrome.ChromeDriver\nCapabilities {acceptInsecureCerts: false, browserName: chrome, browserVersion: 109.0.5414.122, chrome: {chromedriverVersion: 109.0.5414.74 (e7c5703604da..., userDataDir: C:\\Users\\Admin\\AppData\\Loca...}, goog:chromeOptions: {debuggerAddress: localhost:58510}, javascriptEnabled: true, networkConnectionEnabled: false, pageLoadStrategy: normal, platform: WINDOWS, platformName: WINDOWS, proxy: Proxy(), setWindowRect: true, strictFileInteractability: false, timeouts: {implicit: 0, pageLoad: 300000, script: 30000}, unhandledPromptBehavior: dismiss and notify, webauthn:extension:credBlob: true, webauthn:extension:largeBlob: true, webauthn:virtualAuthenticators: true}\nSession ID: c799f6f399fa495c2d5b4613c9d4efd1\n*** Element info: {Using=xpath, value=//input[@id='login-email']}","time":{"start":1676371266761,"stop":1676371266869,"duration":108}},{"uid":"fd0557ea98eeabc8","status":"broken","statusDetails":"no such element: Unable to locate element: {\"method\":\"xpath\",\"selector\":\"//input[@id='login-email']\"}\n  (Session info: chrome=109.0.5414.122)\nFor documentation on this error, please visit: https://www.seleniumhq.org/exceptions/no_such_element.html\nBuild info: version: '3.141.59', revision: 'e82be7d358', time: '2018-11-14T08:17:03'\nSystem info: host: 'ADMIN', ip: '192.168.31.72', os.name: 'Windows 10', os.arch: 'amd64', os.version: '10.0', java.version: '11.0.17'\nDriver info: org.openqa.selenium.chrome.ChromeDriver\nCapabilities {acceptInsecureCerts: false, browserName: chrome, browserVersion: 109.0.5414.122, chrome: {chromedriverVersion: 109.0.5414.74 (e7c5703604da..., userDataDir: C:\\Users\\Admin\\AppData\\Loca...}, goog:chromeOptions: {debuggerAddress: localhost:58147}, javascriptEnabled: true, networkConnectionEnabled: false, pageLoadStrategy: normal, platform: WINDOWS, platformName: WINDOWS, proxy: Proxy(), setWindowRect: true, strictFileInteractability: false, timeouts: {implicit: 0, pageLoad: 300000, script: 30000}, unhandledPromptBehavior: dismiss and notify, webauthn:extension:credBlob: true, webauthn:extension:largeBlob: true, webauthn:virtualAuthenticators: true}\nSession ID: 59753125aabe1abf40a8214cd3980734\n*** Element info: {Using=xpath, value=//input[@id='login-email']}","time":{"start":1676371193862,"stop":1676371193880,"duration":18}},{"uid":"d4b48a3949cd5ce0","status":"broken","statusDetails":"no such element: Unable to locate element: {\"method\":\"xpath\",\"selector\":\"//input[@id='login-email']\"}\n  (Session info: chrome=109.0.5414.122)\nFor documentation on this error, please visit: https://www.seleniumhq.org/exceptions/no_such_element.html\nBuild info: version: '3.141.59', revision: 'e82be7d358', time: '2018-11-14T08:17:03'\nSystem info: host: 'ADMIN', ip: '192.168.31.72', os.name: 'Windows 10', os.arch: 'amd64', os.version: '10.0', java.version: '11.0.17'\nDriver info: org.openqa.selenium.chrome.ChromeDriver\nCapabilities {acceptInsecureCerts: false, browserName: chrome, browserVersion: 109.0.5414.122, chrome: {chromedriverVersion: 109.0.5414.74 (e7c5703604da..., userDataDir: C:\\Users\\Admin\\AppData\\Loca...}, goog:chromeOptions: {debuggerAddress: localhost:57745}, javascriptEnabled: true, networkConnectionEnabled: false, pageLoadStrategy: normal, platform: WINDOWS, platformName: WINDOWS, proxy: Proxy(), setWindowRect: true, strictFileInteractability: false, timeouts: {implicit: 0, pageLoad: 300000, script: 30000}, unhandledPromptBehavior: dismiss and notify, webauthn:extension:credBlob: true, webauthn:extension:largeBlob: true, webauthn:virtualAuthenticators: true}\nSession ID: 26d81e702c86dcae865954f71dcbea50\n*** Element info: {Using=xpath, value=//input[@id='login-email']}","time":{"start":1676371002790,"stop":1676371002826,"duration":36}},{"uid":"ae749e0c083a854d","status":"broken","statusDetails":"no such element: Unable to locate element: {\"method\":\"xpath\",\"selector\":\"//input[@id='login-email']\"}\n  (Session info: chrome=109.0.5414.122)\nFor documentation on this error, please visit: https://www.seleniumhq.org/exceptions/no_such_element.html\nBuild info: version: '3.141.59', revision: 'e82be7d358', time: '2018-11-14T08:17:03'\nSystem info: host: 'ADMIN', ip: '192.168.31.72', os.name: 'Windows 10', os.arch: 'amd64', os.version: '10.0', java.version: '11.0.17'\nDriver info: org.openqa.selenium.chrome.ChromeDriver\nCapabilities {acceptInsecureCerts: false, browserName: chrome, browserVersion: 109.0.5414.122, chrome: {chromedriverVersion: 109.0.5414.74 (e7c5703604da..., userDataDir: C:\\Users\\Admin\\AppData\\Loca...}, goog:chromeOptions: {debuggerAddress: localhost:57302}, javascriptEnabled: true, networkConnectionEnabled: false, pageLoadStrategy: normal, platform: WINDOWS, platformName: WINDOWS, proxy: Proxy(), setWindowRect: true, strictFileInteractability: false, timeouts: {implicit: 0, pageLoad: 300000, script: 30000}, unhandledPromptBehavior: dismiss and notify, webauthn:extension:credBlob: true, webauthn:extension:largeBlob: true, webauthn:virtualAuthenticators: true}\nSession ID: 480ccd961319b3733c9a17b99e3a4ce7\n*** Element info: {Using=xpath, value=//input[@id='login-email']}","time":{"start":1676370616744,"stop":1676370616952,"duration":208}},{"uid":"ca3b4d842a4bc3c1","status":"broken","statusDetails":"no such element: Unable to locate element: {\"method\":\"xpath\",\"selector\":\"//input[@id='login-email']\"}\n  (Session info: chrome=109.0.5414.122)\nFor documentation on this error, please visit: https://www.seleniumhq.org/exceptions/no_such_element.html\nBuild info: version: '3.141.59', revision: 'e82be7d358', time: '2018-11-14T08:17:03'\nSystem info: host: 'ADMIN', ip: '192.168.31.72', os.name: 'Windows 10', os.arch: 'amd64', os.version: '10.0', java.version: '11.0.17'\nDriver info: org.openqa.selenium.chrome.ChromeDriver\nCapabilities {acceptInsecureCerts: false, browserName: chrome, browserVersion: 109.0.5414.122, chrome: {chromedriverVersion: 109.0.5414.74 (e7c5703604da..., userDataDir: C:\\Users\\Admin\\AppData\\Loca...}, goog:chromeOptions: {debuggerAddress: localhost:57141}, javascriptEnabled: true, networkConnectionEnabled: false, pageLoadStrategy: normal, platform: WINDOWS, platformName: WINDOWS, proxy: Proxy(), setWindowRect: true, strictFileInteractability: false, timeouts: {implicit: 0, pageLoad: 300000, script: 30000}, unhandledPromptBehavior: dismiss and notify, webauthn:extension:credBlob: true, webauthn:extension:largeBlob: true, webauthn:virtualAuthenticators: true}\nSession ID: 41c9421ab9800218e591c49c0310ff39\n*** Element info: {Using=xpath, value=//input[@id='login-email']}","time":{"start":1676370448351,"stop":1676370448399,"duration":48}},{"uid":"9a02a3d6f2966984","status":"passed","time":{"start":1676369642133,"stop":1676369644335,"duration":2202}},{"uid":"81f5cfcf2ca01d84","status":"passed","time":{"start":1676369392048,"stop":1676369393731,"duration":1683}},{"uid":"2226be10d27d4352","status":"passed","time":{"start":1676369220966,"stop":1676369222523,"duration":1557}},{"uid":"2984cf7ecab5445c","status":"passed","time":{"start":1676368777232,"stop":1676368779912,"duration":2680}},{"uid":"a233ab6fcd30de03","status":"broken","statusDetails":"no such element: Unable to locate element: {\"method\":\"xpath\",\"selector\":\"//input[@id='login-email']\"}\n  (Session info: chrome=109.0.5414.122)\nFor documentation on this error, please visit: https://www.seleniumhq.org/exceptions/no_such_element.html\nBuild info: version: '3.141.59', revision: 'e82be7d358', time: '2018-11-14T08:17:03'\nSystem info: host: 'ADMIN', ip: '192.168.31.72', os.name: 'Windows 10', os.arch: 'amd64', os.version: '10.0', java.version: '11.0.17'\nDriver info: org.openqa.selenium.chrome.ChromeDriver\nCapabilities {acceptInsecureCerts: false, browserName: chrome, browserVersion: 109.0.5414.122, chrome: {chromedriverVersion: 109.0.5414.74 (e7c5703604da..., userDataDir: C:\\Users\\Admin\\AppData\\Loca...}, goog:chromeOptions: {debuggerAddress: localhost:54557}, javascriptEnabled: true, networkConnectionEnabled: false, pageLoadStrategy: normal, platform: WINDOWS, platformName: WINDOWS, proxy: Proxy(), setWindowRect: true, strictFileInteractability: false, timeouts: {implicit: 0, pageLoad: 300000, script: 30000}, unhandledPromptBehavior: dismiss and notify, webauthn:extension:credBlob: true, webauthn:extension:largeBlob: true, webauthn:virtualAuthenticators: true}\nSession ID: 08ffe7df69c4e11f41ac6572f5d6287e\n*** Element info: {Using=xpath, value=//input[@id='login-email']}","time":{"start":1676368588466,"stop":1676368588502,"duration":36}},{"uid":"91c517976a8dd793","status":"broken","statusDetails":"no such element: Unable to locate element: {\"method\":\"xpath\",\"selector\":\"//input[@id='login-email']\"}\n  (Session info: chrome=109.0.5414.121)\nFor documentation on this error, please visit: https://www.seleniumhq.org/exceptions/no_such_element.html\nBuild info: version: '3.141.59', revision: 'e82be7d358', time: '2018-11-14T08:17:03'\nSystem info: host: 'ADMIN', ip: '192.168.31.72', os.name: 'Windows 10', os.arch: 'amd64', os.version: '10.0', java.version: '11.0.17'\nDriver info: org.openqa.selenium.chrome.ChromeDriver\nCapabilities {acceptInsecureCerts: false, browserName: chrome, browserVersion: 109.0.5414.121, chrome: {chromedriverVersion: 109.0.5414.74 (e7c5703604da..., userDataDir: C:\\Users\\Admin\\AppData\\Loca...}, goog:chromeOptions: {debuggerAddress: localhost:62702}, javascriptEnabled: true, networkConnectionEnabled: false, pageLoadStrategy: normal, platform: WINDOWS, platformName: WINDOWS, proxy: Proxy(), setWindowRect: true, strictFileInteractability: false, timeouts: {implicit: 0, pageLoad: 300000, script: 30000}, unhandledPromptBehavior: dismiss and notify, webauthn:extension:credBlob: true, webauthn:extension:largeBlob: true, webauthn:virtualAuthenticators: true}\nSession ID: 2f031ad6429ae72db2aa83758dad355d\n*** Element info: {Using=xpath, value=//input[@id='login-email']}","time":{"start":1676271278723,"stop":1676271278774,"duration":51}},{"uid":"1ebaad145513bbc1","status":"passed","time":{"start":1672890500657,"stop":1672890502340,"duration":1683}},{"uid":"ed6acd0c8d91cf48","status":"passed","time":{"start":1672890062692,"stop":1672890064080,"duration":1388}},{"uid":"c1c20cf8df71256a","status":"passed","time":{"start":1672889785014,"stop":1672889786444,"duration":1430}},{"uid":"53d93bbbdc1c5d1c","status":"passed","time":{"start":1672889328035,"stop":1672889329451,"duration":1416}},{"uid":"4db31f1035687cae","status":"passed","time":{"start":1672740416027,"stop":1672740417637,"duration":1610}},{"uid":"e5aa3c549caf440a","status":"broken","statusDetails":"no such element: Unable to locate element: {\"method\":\"xpath\",\"selector\":\"//input[@id='login-email']\"}\n  (Session info: chrome=108.0.5359.125)\nFor documentation on this error, please visit: https://www.seleniumhq.org/exceptions/no_such_element.html\nBuild info: version: '3.141.59', revision: 'e82be7d358', time: '2018-11-14T08:17:03'\nSystem info: host: 'ADMIN', ip: '192.168.31.66', os.name: 'Windows 10', os.arch: 'amd64', os.version: '10.0', java.version: '11.0.17'\nDriver info: org.openqa.selenium.chrome.ChromeDriver\nCapabilities {acceptInsecureCerts: false, browserName: chrome, browserVersion: 108.0.5359.125, chrome: {chromedriverVersion: 108.0.5359.71 (1e0e3868ee06..., userDataDir: C:\\Users\\Admin\\AppData\\Loca...}, goog:chromeOptions: {debuggerAddress: localhost:58096}, javascriptEnabled: true, networkConnectionEnabled: false, pageLoadStrategy: normal, platform: WINDOWS, platformName: WINDOWS, proxy: Proxy(), setWindowRect: true, strictFileInteractability: false, timeouts: {implicit: 0, pageLoad: 300000, script: 30000}, unhandledPromptBehavior: dismiss and notify, webauthn:extension:credBlob: true, webauthn:extension:largeBlob: true, webauthn:virtualAuthenticators: true}\nSession ID: e288e57b8031b36e09ed21d682ffc359\n*** Element info: {Using=xpath, value=//input[@id='login-email']}","time":{"start":1672739441700,"stop":1672739441738,"duration":38}},{"uid":"1de52e0d1c28f51b","status":"broken","statusDetails":"no such element: Unable to locate element: {\"method\":\"xpath\",\"selector\":\"//input[@id='login-email']\"}\n  (Session info: chrome=108.0.5359.125)\nFor documentation on this error, please visit: https://www.seleniumhq.org/exceptions/no_such_element.html\nBuild info: version: '3.141.59', revision: 'e82be7d358', time: '2018-11-14T08:17:03'\nSystem info: host: 'ADMIN', ip: '192.168.31.66', os.name: 'Windows 10', os.arch: 'amd64', os.version: '10.0', java.version: '11.0.17'\nDriver info: org.openqa.selenium.chrome.ChromeDriver\nCapabilities {acceptInsecureCerts: false, browserName: chrome, browserVersion: 108.0.5359.125, chrome: {chromedriverVersion: 108.0.5359.71 (1e0e3868ee06..., userDataDir: C:\\Users\\Admin\\AppData\\Loca...}, goog:chromeOptions: {debuggerAddress: localhost:57606}, javascriptEnabled: true, networkConnectionEnabled: false, pageLoadStrategy: normal, platform: WINDOWS, platformName: WINDOWS, proxy: Proxy(), setWindowRect: true, strictFileInteractability: false, timeouts: {implicit: 0, pageLoad: 300000, script: 30000}, unhandledPromptBehavior: dismiss and notify, webauthn:extension:credBlob: true, webauthn:extension:largeBlob: true, webauthn:virtualAuthenticators: true}\nSession ID: 77033eaa0d40dca8b6dba152829a8ce9\n*** Element info: {Using=xpath, value=//input[@id='login-email']}","time":{"start":1672739155852,"stop":1672739155901,"duration":49}},{"uid":"1b66c5d57f2c82f4","status":"passed","time":{"start":1672392125474,"stop":1672392126856,"duration":1382}},{"uid":"944084a08c30a1de","status":"passed","time":{"start":1672217338360,"stop":1672217339989,"duration":1629}},{"uid":"6b42d5768f7f7b37","status":"broken","statusDetails":"no such element: Unable to locate element: {\"method\":\"xpath\",\"selector\":\"//input[@id='login-email']\"}\n  (Session info: chrome=108.0.5359.125)\nFor documentation on this error, please visit: https://www.seleniumhq.org/exceptions/no_such_element.html\nBuild info: version: '3.141.59', revision: 'e82be7d358', time: '2018-11-14T08:17:03'\nSystem info: host: 'ADMIN', ip: '192.168.31.61', os.name: 'Windows 10', os.arch: 'amd64', os.version: '10.0', java.version: '11.0.17'\nDriver info: org.openqa.selenium.chrome.ChromeDriver\nCapabilities {acceptInsecureCerts: false, browserName: chrome, browserVersion: 108.0.5359.125, chrome: {chromedriverVersion: 108.0.5359.71 (1e0e3868ee06..., userDataDir: C:\\Users\\Admin\\AppData\\Loca...}, goog:chromeOptions: {debuggerAddress: localhost:53189}, javascriptEnabled: true, networkConnectionEnabled: false, pageLoadStrategy: normal, platform: WINDOWS, platformName: WINDOWS, proxy: Proxy(), setWindowRect: true, strictFileInteractability: false, timeouts: {implicit: 0, pageLoad: 300000, script: 30000}, unhandledPromptBehavior: dismiss and notify, webauthn:extension:credBlob: true, webauthn:extension:largeBlob: true, webauthn:virtualAuthenticators: true}\nSession ID: 25284b618a482016e75fe450a82a5d2f\n*** Element info: {Using=xpath, value=//input[@id='login-email']}","time":{"start":1672217247394,"stop":1672217247419,"duration":25}},{"uid":"55f97c1354594b90","status":"broken","statusDetails":"no such element: Unable to locate element: {\"method\":\"xpath\",\"selector\":\"//input[@id='login-email']\"}\n  (Session info: chrome=108.0.5359.125)\nFor documentation on this error, please visit: https://www.seleniumhq.org/exceptions/no_such_element.html\nBuild info: version: '3.141.59', revision: 'e82be7d358', time: '2018-11-14T08:17:03'\nSystem info: host: 'ADMIN', ip: '192.168.31.61', os.name: 'Windows 10', os.arch: 'amd64', os.version: '10.0', java.version: '11.0.17'\nDriver info: org.openqa.selenium.chrome.ChromeDriver\nCapabilities {acceptInsecureCerts: false, browserName: chrome, browserVersion: 108.0.5359.125, chrome: {chromedriverVersion: 108.0.5359.71 (1e0e3868ee06..., userDataDir: C:\\Users\\Admin\\AppData\\Loca...}, goog:chromeOptions: {debuggerAddress: localhost:56437}, javascriptEnabled: true, networkConnectionEnabled: false, pageLoadStrategy: normal, platform: WINDOWS, platformName: WINDOWS, proxy: Proxy(), setWindowRect: true, strictFileInteractability: false, timeouts: {implicit: 0, pageLoad: 300000, script: 30000}, unhandledPromptBehavior: dismiss and notify, webauthn:extension:credBlob: true, webauthn:extension:largeBlob: true, webauthn:virtualAuthenticators: true}\nSession ID: 5dd5fa7ba2abebb41de86fcd3a9d0e84\n*** Element info: {Using=xpath, value=//input[@id='login-email']}","time":{"start":1672216452993,"stop":1672216453030,"duration":37}},{"uid":"9b98e3feaf86b6e7","status":"passed","time":{"start":1672216258475,"stop":1672216259897,"duration":1422}},{"uid":"414b832fe70fbf34","status":"passed","time":{"start":1672216084973,"stop":1672216086450,"duration":1477}},{"uid":"d609a8aebf976ec1","status":"passed","time":{"start":1672214743107,"stop":1672214744723,"duration":1616}},{"uid":"e707df21372e76a0","status":"broken","statusDetails":"no such element: Unable to locate element: {\"method\":\"xpath\",\"selector\":\"//input[@id='login-email']\"}\n  (Session info: chrome=108.0.5359.125)\nFor documentation on this error, please visit: https://www.seleniumhq.org/exceptions/no_such_element.html\nBuild info: version: '3.141.59', revision: 'e82be7d358', time: '2018-11-14T08:17:03'\nSystem info: host: 'ADMIN', ip: '192.168.31.61', os.name: 'Windows 10', os.arch: 'amd64', os.version: '10.0', java.version: '11.0.17'\nDriver info: org.openqa.selenium.chrome.ChromeDriver\nCapabilities {acceptInsecureCerts: false, browserName: chrome, browserVersion: 108.0.5359.125, chrome: {chromedriverVersion: 108.0.5359.71 (1e0e3868ee06..., userDataDir: C:\\Users\\Admin\\AppData\\Loca...}, goog:chromeOptions: {debuggerAddress: localhost:53422}, javascriptEnabled: true, networkConnectionEnabled: false, pageLoadStrategy: normal, platform: WINDOWS, platformName: WINDOWS, proxy: Proxy(), setWindowRect: true, strictFileInteractability: false, timeouts: {implicit: 0, pageLoad: 300000, script: 30000}, unhandledPromptBehavior: dismiss and notify, webauthn:extension:credBlob: true, webauthn:extension:largeBlob: true, webauthn:virtualAuthenticators: true}\nSession ID: 812692529f2ab51745610586faca5760\n*** Element info: {Using=xpath, value=//input[@id='login-email']}","time":{"start":1672214674344,"stop":1672214674391,"duration":47}},{"uid":"96c3d26d8d32a13d","status":"broken","statusDetails":"no such element: Unable to locate element: {\"method\":\"xpath\",\"selector\":\"//input[@id='login-email']\"}\n  (Session info: chrome=108.0.5359.125)\nFor documentation on this error, please visit: https://www.seleniumhq.org/exceptions/no_such_element.html\nBuild info: version: '3.141.59', revision: 'e82be7d358', time: '2018-11-14T08:17:03'\nSystem info: host: 'ADMIN', ip: '192.168.31.61', os.name: 'Windows 10', os.arch: 'amd64', os.version: '10.0', java.version: '11.0.17'\nDriver info: org.openqa.selenium.chrome.ChromeDriver\nCapabilities {acceptInsecureCerts: false, browserName: chrome, browserVersion: 108.0.5359.125, chrome: {chromedriverVersion: 108.0.5359.71 (1e0e3868ee06..., userDataDir: C:\\Users\\Admin\\AppData\\Loca...}, goog:chromeOptions: {debuggerAddress: localhost:53183}, javascriptEnabled: true, networkConnectionEnabled: false, pageLoadStrategy: normal, platform: WINDOWS, platformName: WINDOWS, proxy: Proxy(), setWindowRect: true, strictFileInteractability: false, timeouts: {implicit: 0, pageLoad: 300000, script: 30000}, unhandledPromptBehavior: dismiss and notify, webauthn:extension:credBlob: true, webauthn:extension:largeBlob: true, webauthn:virtualAuthenticators: true}\nSession ID: 955374ecc09d7488aec172bc653d24d1\n*** Element info: {Using=xpath, value=//input[@id='login-email']}","time":{"start":1672214598565,"stop":1672214598613,"duration":48}},{"uid":"25bce278cb1ea1b7","status":"passed","time":{"start":1672214281108,"stop":1672214282601,"duration":1493}},{"uid":"d66c3e4d1949f124","status":"passed","time":{"start":1672213751048,"stop":1672213752501,"duration":1453}},{"uid":"61d5acf46492269b","status":"broken","statusDetails":"no such element: Unable to locate element: {\"method\":\"xpath\",\"selector\":\"//input[@id='login-email']\"}\n  (Session info: chrome=108.0.5359.125)\nFor documentation on this error, please visit: https://www.seleniumhq.org/exceptions/no_such_element.html\nBuild info: version: '3.141.59', revision: 'e82be7d358', time: '2018-11-14T08:17:03'\nSystem info: host: 'ADMIN', ip: '192.168.31.61', os.name: 'Windows 10', os.arch: 'amd64', os.version: '10.0', java.version: '11.0.17'\nDriver info: org.openqa.selenium.chrome.ChromeDriver\nCapabilities {acceptInsecureCerts: false, browserName: chrome, browserVersion: 108.0.5359.125, chrome: {chromedriverVersion: 108.0.5359.71 (1e0e3868ee06..., userDataDir: C:\\Users\\Admin\\AppData\\Loca...}, goog:chromeOptions: {debuggerAddress: localhost:52080}, javascriptEnabled: true, networkConnectionEnabled: false, pageLoadStrategy: normal, platform: WINDOWS, platformName: WINDOWS, proxy: Proxy(), setWindowRect: true, strictFileInteractability: false, timeouts: {implicit: 0, pageLoad: 300000, script: 30000}, unhandledPromptBehavior: dismiss and notify, webauthn:extension:credBlob: true, webauthn:extension:largeBlob: true, webauthn:virtualAuthenticators: true}\nSession ID: e56d6fa7834a79348669c12dc7bc5da0\n*** Element info: {Using=xpath, value=//input[@id='login-email']}","time":{"start":1672213658967,"stop":1672213659013,"duration":46}},{"uid":"5b5e9a2f4af7a75f","status":"broken","statusDetails":"no such element: Unable to locate element: {\"method\":\"xpath\",\"selector\":\"//input[@id='login-email']\"}\n  (Session info: chrome=108.0.5359.125)\nFor documentation on this error, please visit: https://www.seleniumhq.org/exceptions/no_such_element.html\nBuild info: version: '3.141.59', revision: 'e82be7d358', time: '2018-11-14T08:17:03'\nSystem info: host: 'ADMIN', ip: '192.168.31.61', os.name: 'Windows 10', os.arch: 'amd64', os.version: '10.0', java.version: '11.0.17'\nDriver info: org.openqa.selenium.chrome.ChromeDriver\nCapabilities {acceptInsecureCerts: false, browserName: chrome, browserVersion: 108.0.5359.125, chrome: {chromedriverVersion: 108.0.5359.71 (1e0e3868ee06..., userDataDir: C:\\Users\\Admin\\AppData\\Loca...}, goog:chromeOptions: {debuggerAddress: localhost:52005}, javascriptEnabled: true, networkConnectionEnabled: false, pageLoadStrategy: normal, platform: WINDOWS, platformName: WINDOWS, proxy: Proxy(), setWindowRect: true, strictFileInteractability: false, timeouts: {implicit: 0, pageLoad: 300000, script: 30000}, unhandledPromptBehavior: dismiss and notify, webauthn:extension:credBlob: true, webauthn:extension:largeBlob: true, webauthn:virtualAuthenticators: true}\nSession ID: de6358bcbcee7731584fe72809ac930a\n*** Element info: {Using=xpath, value=//input[@id='login-email']}","time":{"start":1672213614426,"stop":1672213614478,"duration":52}},{"uid":"767ffed08f087a2a","status":"passed","time":{"start":1672213354951,"stop":1672213356365,"duration":1414}},{"uid":"6691296fe094a669","status":"passed","time":{"start":1672212783152,"stop":1672212784672,"duration":1520}},{"uid":"d18b632d4d10d192","status":"passed","time":{"start":1672212303756,"stop":1672212306237,"duration":2481}},{"uid":"930d5e7a9c97b23d","status":"broken","statusDetails":"no such element: Unable to locate element: {\"method\":\"xpath\",\"selector\":\"//input[@id='login-email']\"}\n  (Session info: chrome=108.0.5359.125)\nFor documentation on this error, please visit: https://www.seleniumhq.org/exceptions/no_such_element.html\nBuild info: version: '3.141.59', revision: 'e82be7d358', time: '2018-11-14T08:17:03'\nSystem info: host: 'ADMIN', ip: '192.168.31.61', os.name: 'Windows 10', os.arch: 'amd64', os.version: '10.0', java.version: '11.0.17'\nDriver info: org.openqa.selenium.chrome.ChromeDriver\nCapabilities {acceptInsecureCerts: false, browserName: chrome, browserVersion: 108.0.5359.125, chrome: {chromedriverVersion: 108.0.5359.71 (1e0e3868ee06..., userDataDir: C:\\Users\\Admin\\AppData\\Loca...}, goog:chromeOptions: {debuggerAddress: localhost:50124}, javascriptEnabled: true, networkConnectionEnabled: false, pageLoadStrategy: normal, platform: WINDOWS, platformName: WINDOWS, proxy: Proxy(), setWindowRect: true, strictFileInteractability: false, timeouts: {implicit: 0, pageLoad: 300000, script: 30000}, unhandledPromptBehavior: dismiss and notify, webauthn:extension:credBlob: true, webauthn:extension:largeBlob: true, webauthn:virtualAuthenticators: true}\nSession ID: 5d9844e14d0a6a0ae2bb501f31c300ed\n*** Element info: {Using=xpath, value=//input[@id='login-email']}","time":{"start":1672212145215,"stop":1672212145249,"duration":34}},{"uid":"337d4f7a6491a004","status":"broken","statusDetails":"no such element: Unable to locate element: {\"method\":\"xpath\",\"selector\":\"//input[@id='login-email']\"}\n  (Session info: chrome=108.0.5359.125)\nFor documentation on this error, please visit: https://www.seleniumhq.org/exceptions/no_such_element.html\nBuild info: version: '3.141.59', revision: 'e82be7d358', time: '2018-11-14T08:17:03'\nSystem info: host: 'ADMIN', ip: '192.168.31.61', os.name: 'Windows 10', os.arch: 'amd64', os.version: '10.0', java.version: '11.0.17'\nDriver info: org.openqa.selenium.chrome.ChromeDriver\nCapabilities {acceptInsecureCerts: false, browserName: chrome, browserVersion: 108.0.5359.125, chrome: {chromedriverVersion: 108.0.5359.71 (1e0e3868ee06..., userDataDir: C:\\Users\\Admin\\AppData\\Loca...}, goog:chromeOptions: {debuggerAddress: localhost:49983}, javascriptEnabled: true, networkConnectionEnabled: false, pageLoadStrategy: normal, platform: WINDOWS, platformName: WINDOWS, proxy: Proxy(), setWindowRect: true, strictFileInteractability: false, timeouts: {implicit: 0, pageLoad: 300000, script: 30000}, unhandledPromptBehavior: dismiss and notify, webauthn:extension:credBlob: true, webauthn:extension:largeBlob: true, webauthn:virtualAuthenticators: true}\nSession ID: 00507e7d3b952111f4e279a30101e7a0\n*** Element info: {Using=xpath, value=//input[@id='login-email']}","time":{"start":1672212070685,"stop":1672212072796,"duration":2111}},{"uid":"4c18a03bb308d72b","status":"broken","statusDetails":"no such element: Unable to locate element: {\"method\":\"xpath\",\"selector\":\"//input[@id='login-email']\"}\n  (Session info: chrome=108.0.5359.125)\nFor documentation on this error, please visit: https://www.seleniumhq.org/exceptions/no_such_element.html\nBuild info: version: '3.141.59', revision: 'e82be7d358', time: '2018-11-14T08:17:03'\nSystem info: host: 'ADMIN', ip: '192.168.31.61', os.name: 'Windows 10', os.arch: 'amd64', os.version: '10.0', java.version: '11.0.17'\nDriver info: org.openqa.selenium.chrome.ChromeDriver\nCapabilities {acceptInsecureCerts: false, browserName: chrome, browserVersion: 108.0.5359.125, chrome: {chromedriverVersion: 108.0.5359.71 (1e0e3868ee06..., userDataDir: C:\\Users\\Admin\\AppData\\Loca...}, goog:chromeOptions: {debuggerAddress: localhost:49630}, javascriptEnabled: true, networkConnectionEnabled: false, pageLoadStrategy: normal, platform: WINDOWS, platformName: WINDOWS, proxy: Proxy(), setWindowRect: true, strictFileInteractability: false, timeouts: {implicit: 0, pageLoad: 300000, script: 30000}, unhandledPromptBehavior: dismiss and notify, webauthn:extension:credBlob: true, webauthn:extension:largeBlob: true, webauthn:virtualAuthenticators: true}\nSession ID: 5a837a7a0227da4851191e09aea7ab7b\n*** Element info: {Using=xpath, value=//input[@id='login-email']}","time":{"start":1672211973192,"stop":1672211973224,"duration":32}},{"uid":"383f1a0a02a90cec","status":"passed","time":{"start":1672210242103,"stop":1672210243766,"duration":1663}},{"uid":"d58f7cff3dfa48f7","status":"broken","statusDetails":"no such element: Unable to locate element: {\"method\":\"xpath\",\"selector\":\"//input[@id='login-email']\"}\n  (Session info: chrome=108.0.5359.125)\nFor documentation on this error, please visit: https://www.seleniumhq.org/exceptions/no_such_element.html\nBuild info: version: '3.141.59', revision: 'e82be7d358', time: '2018-11-14T08:17:03'\nSystem info: host: 'ADMIN', ip: '192.168.31.62', os.name: 'Windows 10', os.arch: 'amd64', os.version: '10.0', java.version: '11.0.17'\nDriver info: org.openqa.selenium.chrome.ChromeDriver\nCapabilities {acceptInsecureCerts: false, browserName: chrome, browserVersion: 108.0.5359.125, chrome: {chromedriverVersion: 108.0.5359.71 (1e0e3868ee06..., userDataDir: C:\\Users\\Admin\\AppData\\Loca...}, goog:chromeOptions: {debuggerAddress: localhost:62683}, javascriptEnabled: true, networkConnectionEnabled: false, pageLoadStrategy: normal, platform: WINDOWS, platformName: WINDOWS, proxy: Proxy(), setWindowRect: true, strictFileInteractability: false, timeouts: {implicit: 0, pageLoad: 300000, script: 30000}, unhandledPromptBehavior: dismiss and notify, webauthn:extension:credBlob: true, webauthn:extension:largeBlob: true, webauthn:virtualAuthenticators: true}\nSession ID: 414fd68e20af3c8962d6f8494d720f42\n*** Element info: {Using=xpath, value=//input[@id='login-email']}","time":{"start":1672209861096,"stop":1672209861233,"duration":137}},{"uid":"e5cd2169907e8f76","status":"broken","statusDetails":"no such element: Unable to locate element: {\"method\":\"xpath\",\"selector\":\"//input[@id='login-email']\"}\n  (Session info: chrome=108.0.5359.125)\nFor documentation on this error, please visit: https://www.seleniumhq.org/exceptions/no_such_element.html\nBuild info: version: '3.141.59', revision: 'e82be7d358', time: '2018-11-14T08:17:03'\nSystem info: host: 'ADMIN', ip: '192.168.31.62', os.name: 'Windows 10', os.arch: 'amd64', os.version: '10.0', java.version: '11.0.17'\nDriver info: org.openqa.selenium.chrome.ChromeDriver\nCapabilities {acceptInsecureCerts: false, browserName: chrome, browserVersion: 108.0.5359.125, chrome: {chromedriverVersion: 108.0.5359.71 (1e0e3868ee06..., userDataDir: C:\\Users\\Admin\\AppData\\Loca...}, goog:chromeOptions: {debuggerAddress: localhost:62416}, javascriptEnabled: true, networkConnectionEnabled: false, pageLoadStrategy: normal, platform: WINDOWS, platformName: WINDOWS, proxy: Proxy(), setWindowRect: true, strictFileInteractability: false, timeouts: {implicit: 0, pageLoad: 300000, script: 30000}, unhandledPromptBehavior: dismiss and notify, webauthn:extension:credBlob: true, webauthn:extension:largeBlob: true, webauthn:virtualAuthenticators: true}\nSession ID: 070e15d3bafc993a8d8f108e622e1e54\n*** Element info: {Using=xpath, value=//input[@id='login-email']}","time":{"start":1672209698449,"stop":1672209698534,"duration":85}},{"uid":"e3e8ab6cb71b278c","status":"passed","time":{"start":1672209357414,"stop":1672209358951,"duration":1537}},{"uid":"5622397797e34ad4","status":"broken","statusDetails":"no such element: Unable to locate element: {\"method\":\"xpath\",\"selector\":\"//input[@id='login-email']\"}\n  (Session info: chrome=108.0.5359.125)\nFor documentation on this error, please visit: https://www.seleniumhq.org/exceptions/no_such_element.html\nBuild info: version: '3.141.59', revision: 'e82be7d358', time: '2018-11-14T08:17:03'\nSystem info: host: 'ADMIN', ip: '192.168.31.62', os.name: 'Windows 10', os.arch: 'amd64', os.version: '10.0', java.version: '11.0.17'\nDriver info: org.openqa.selenium.chrome.ChromeDriver\nCapabilities {acceptInsecureCerts: false, browserName: chrome, browserVersion: 108.0.5359.125, chrome: {chromedriverVersion: 108.0.5359.71 (1e0e3868ee06..., userDataDir: C:\\Users\\Admin\\AppData\\Loca...}, goog:chromeOptions: {debuggerAddress: localhost:61718}, javascriptEnabled: true, networkConnectionEnabled: false, pageLoadStrategy: normal, platform: WINDOWS, platformName: WINDOWS, proxy: Proxy(), setWindowRect: true, strictFileInteractability: false, timeouts: {implicit: 0, pageLoad: 300000, script: 30000}, unhandledPromptBehavior: dismiss and notify, webauthn:extension:credBlob: true, webauthn:extension:largeBlob: true, webauthn:virtualAuthenticators: true}\nSession ID: 21e79c2e419078f90302f9a4b32605c0\n*** Element info: {Using=xpath, value=//input[@id='login-email']}","time":{"start":1672209246325,"stop":1672209246351,"duration":26}},{"uid":"9476fba3eca6cded","status":"passed","time":{"start":1672208845666,"stop":1672208847486,"duration":1820}},{"uid":"ef5ef9a88589bac4","status":"passed","time":{"start":1672208241950,"stop":1672208243463,"duration":1513}},{"uid":"effd07f7fc7c088c","status":"passed","time":{"start":1672207564305,"stop":1672207566022,"duration":1717}},{"uid":"4013f2932d305712","status":"passed","time":{"start":1672206759342,"stop":1672206760791,"duration":1449}},{"uid":"e53954892033b24e","status":"passed","time":{"start":1672206440562,"stop":1672206442096,"duration":1534}},{"uid":"25aa4eb4371d8493","status":"passed","time":{"start":1672205500019,"stop":1672205501477,"duration":1458}},{"uid":"4f7ddea12086bac0","status":"passed","time":{"start":1672205156590,"stop":1672205157966,"duration":1376}},{"uid":"3cafe1dbd04ceb0d","status":"passed","time":{"start":1672205024104,"stop":1672205025970,"duration":1866}},{"uid":"4718b816474e7972","status":"passed","time":{"start":1672193701125,"stop":1672193702564,"duration":1439}},{"uid":"113bef1ad0117236","status":"passed","time":{"start":1672135472262,"stop":1672135474059,"duration":1797}},{"uid":"942481647280eeb4","status":"passed","time":{"start":1672135213708,"stop":1672135215162,"duration":1454}},{"uid":"f93eba9d58915b77","status":"passed","time":{"start":1672134875825,"stop":1672134877273,"duration":1448}},{"uid":"4364c1d34e149e6e","status":"passed","time":{"start":1672134357021,"stop":1672134358505,"duration":1484}},{"uid":"d336dce9ecef3a11","status":"broken","statusDetails":"no such element: Unable to locate element: {\"method\":\"xpath\",\"selector\":\"//input[@id='login-email']\"}\n  (Session info: chrome=108.0.5359.125)\nFor documentation on this error, please visit: https://www.seleniumhq.org/exceptions/no_such_element.html\nBuild info: version: '3.141.59', revision: 'e82be7d358', time: '2018-11-14T08:17:03'\nSystem info: host: 'ADMIN', ip: '192.168.31.62', os.name: 'Windows 10', os.arch: 'amd64', os.version: '10.0', java.version: '11.0.17'\nDriver info: org.openqa.selenium.chrome.ChromeDriver\nCapabilities {acceptInsecureCerts: false, browserName: chrome, browserVersion: 108.0.5359.125, chrome: {chromedriverVersion: 108.0.5359.71 (1e0e3868ee06..., userDataDir: C:\\Users\\Admin\\AppData\\Loca...}, goog:chromeOptions: {debuggerAddress: localhost:49844}, javascriptEnabled: true, networkConnectionEnabled: false, pageLoadStrategy: normal, platform: WINDOWS, platformName: WINDOWS, proxy: Proxy(), setWindowRect: true, strictFileInteractability: false, timeouts: {implicit: 0, pageLoad: 300000, script: 30000}, unhandledPromptBehavior: dismiss and notify, webauthn:extension:credBlob: true, webauthn:extension:largeBlob: true, webauthn:virtualAuthenticators: true}\nSession ID: c73fb22f1845d62da0671269504ddda2\n*** Element info: {Using=xpath, value=//input[@id='login-email']}","time":{"start":1672134180579,"stop":1672134180624,"duration":45}},{"uid":"3894cfc81bcc9e88","status":"broken","statusDetails":"no such element: Unable to locate element: {\"method\":\"xpath\",\"selector\":\"//input[@id='login-email']\"}\n  (Session info: chrome=108.0.5359.125)\nFor documentation on this error, please visit: https://www.seleniumhq.org/exceptions/no_such_element.html\nBuild info: version: '3.141.59', revision: 'e82be7d358', time: '2018-11-14T08:17:03'\nSystem info: host: 'ADMIN', ip: '192.168.31.62', os.name: 'Windows 10', os.arch: 'amd64', os.version: '10.0', java.version: '11.0.17'\nDriver info: org.openqa.selenium.chrome.ChromeDriver\nCapabilities {acceptInsecureCerts: false, browserName: chrome, browserVersion: 108.0.5359.125, chrome: {chromedriverVersion: 108.0.5359.71 (1e0e3868ee06..., userDataDir: C:\\Users\\Admin\\AppData\\Loca...}, goog:chromeOptions: {debuggerAddress: localhost:49565}, javascriptEnabled: true, networkConnectionEnabled: false, pageLoadStrategy: normal, platform: WINDOWS, platformName: WINDOWS, proxy: Proxy(), setWindowRect: true, strictFileInteractability: false, timeouts: {implicit: 0, pageLoad: 300000, script: 30000}, unhandledPromptBehavior: dismiss and notify, webauthn:extension:credBlob: true, webauthn:extension:largeBlob: true, webauthn:virtualAuthenticators: true}\nSession ID: 0fa83ea6e8423a7b8ab321e149bce351\n*** Element info: {Using=xpath, value=//input[@id='login-email']}","time":{"start":1672134095493,"stop":1672134095521,"duration":28}},{"uid":"d462b82547630e15","status":"passed","time":{"start":1672133991634,"stop":1672133993131,"duration":1497}},{"uid":"907a4cf7c5987e25","status":"broken","statusDetails":"no such element: Unable to locate element: {\"method\":\"xpath\",\"selector\":\"//input[@id='login-email']\"}\n  (Session info: chrome=108.0.5359.125)\nFor documentation on this error, please visit: https://www.seleniumhq.org/exceptions/no_such_element.html\nBuild info: version: '3.141.59', revision: 'e82be7d358', time: '2018-11-14T08:17:03'\nSystem info: host: 'ADMIN', ip: '192.168.31.62', os.name: 'Windows 10', os.arch: 'amd64', os.version: '10.0', java.version: '11.0.17'\nDriver info: org.openqa.selenium.chrome.ChromeDriver\nCapabilities {acceptInsecureCerts: false, browserName: chrome, browserVersion: 108.0.5359.125, chrome: {chromedriverVersion: 108.0.5359.71 (1e0e3868ee06..., userDataDir: C:\\Users\\Admin\\AppData\\Loca...}, goog:chromeOptions: {debuggerAddress: localhost:49250}, javascriptEnabled: true, networkConnectionEnabled: false, pageLoadStrategy: normal, platform: WINDOWS, platformName: WINDOWS, proxy: Proxy(), setWindowRect: true, strictFileInteractability: false, timeouts: {implicit: 0, pageLoad: 300000, script: 30000}, unhandledPromptBehavior: dismiss and notify, webauthn:extension:credBlob: true, webauthn:extension:largeBlob: true, webauthn:virtualAuthenticators: true}\nSession ID: a92e106a05e7bdb74a9f4dfe44815402\n*** Element info: {Using=xpath, value=//input[@id='login-email']}","time":{"start":1672133924167,"stop":1672133924200,"duration":33}},{"uid":"ffc95ba7e1e54015","status":"passed","time":{"start":1672133560943,"stop":1672133562499,"duration":1556}},{"uid":"515ec19828a6adb8","status":"passed","time":{"start":1672130929122,"stop":1672130930726,"duration":1604}},{"uid":"cf5fafbea4cc3dfa","status":"passed","time":{"start":1672130700755,"stop":1672130702390,"duration":1635}},{"uid":"8370e87275fea976","status":"passed","time":{"start":1672130438087,"stop":1672130439536,"duration":1449}},{"uid":"a86af14345caaacf","status":"passed","time":{"start":1672130166723,"stop":1672130168186,"duration":1463}},{"uid":"458ba2ba0e659a57","status":"passed","time":{"start":1672129411522,"stop":1672129413102,"duration":1580}},{"uid":"21516021a24a823a","status":"broken","statusDetails":"no such element: Unable to locate element: {\"method\":\"xpath\",\"selector\":\"//input[@id='login-email']\"}\n  (Session info: chrome=108.0.5359.125)\nFor documentation on this error, please visit: https://www.seleniumhq.org/exceptions/no_such_element.html\nBuild info: version: '3.141.59', revision: 'e82be7d358', time: '2018-11-14T08:17:03'\nSystem info: host: 'ADMIN', ip: '192.168.31.62', os.name: 'Windows 10', os.arch: 'amd64', os.version: '10.0', java.version: '11.0.17'\nDriver info: org.openqa.selenium.chrome.ChromeDriver\nCapabilities {acceptInsecureCerts: false, browserName: chrome, browserVersion: 108.0.5359.125, chrome: {chromedriverVersion: 108.0.5359.71 (1e0e3868ee06..., userDataDir: C:\\Users\\Admin\\AppData\\Loca...}, goog:chromeOptions: {debuggerAddress: localhost:57601}, javascriptEnabled: true, networkConnectionEnabled: false, pageLoadStrategy: normal, platform: WINDOWS, platformName: WINDOWS, proxy: Proxy(), setWindowRect: true, strictFileInteractability: false, timeouts: {implicit: 0, pageLoad: 300000, script: 30000}, unhandledPromptBehavior: dismiss and notify, webauthn:extension:credBlob: true, webauthn:extension:largeBlob: true, webauthn:virtualAuthenticators: true}\nSession ID: 8493f1313d470d299c62fcf4666239c4\n*** Element info: {Using=xpath, value=//input[@id='login-email']}","time":{"start":1672129365957,"stop":1672129365976,"duration":19}},{"uid":"bd478683ffa503cd","status":"broken","statusDetails":"no such element: Unable to locate element: {\"method\":\"xpath\",\"selector\":\"//input[@id='login-email']\"}\n  (Session info: chrome=108.0.5359.125)\nFor documentation on this error, please visit: https://www.seleniumhq.org/exceptions/no_such_element.html\nBuild info: version: '3.141.59', revision: 'e82be7d358', time: '2018-11-14T08:17:03'\nSystem info: host: 'ADMIN', ip: '192.168.31.62', os.name: 'Windows 10', os.arch: 'amd64', os.version: '10.0', java.version: '11.0.17'\nDriver info: org.openqa.selenium.chrome.ChromeDriver\nCapabilities {acceptInsecureCerts: false, browserName: chrome, browserVersion: 108.0.5359.125, chrome: {chromedriverVersion: 108.0.5359.71 (1e0e3868ee06..., userDataDir: C:\\Users\\Admin\\AppData\\Loca...}, goog:chromeOptions: {debuggerAddress: localhost:57344}, javascriptEnabled: true, networkConnectionEnabled: false, pageLoadStrategy: normal, platform: WINDOWS, platformName: WINDOWS, proxy: Proxy(), setWindowRect: true, strictFileInteractability: false, timeouts: {implicit: 0, pageLoad: 300000, script: 30000}, unhandledPromptBehavior: dismiss and notify, webauthn:extension:credBlob: true, webauthn:extension:largeBlob: true, webauthn:virtualAuthenticators: true}\nSession ID: dceb63cc300803e911bfe85e5d1db2cc\n*** Element info: {Using=xpath, value=//input[@id='login-email']}","time":{"start":1672129300110,"stop":1672129300139,"duration":29}},{"uid":"18143777977949d2","status":"passed","time":{"start":1672128758174,"stop":1672128759629,"duration":1455}},{"uid":"8163f95d61950692","status":"passed","time":{"start":1672128564685,"stop":1672128566125,"duration":1440}},{"uid":"a25c5169c35708ce","status":"broken","statusDetails":"no such element: Unable to locate element: {\"method\":\"xpath\",\"selector\":\"//input[@id='login-email']\"}\n  (Session info: chrome=108.0.5359.125)\nFor documentation on this error, please visit: https://www.seleniumhq.org/exceptions/no_such_element.html\nBuild info: version: '3.141.59', revision: 'e82be7d358', time: '2018-11-14T08:17:03'\nSystem info: host: 'ADMIN', ip: '192.168.31.62', os.name: 'Windows 10', os.arch: 'amd64', os.version: '10.0', java.version: '11.0.17'\nDriver info: org.openqa.selenium.chrome.ChromeDriver\nCapabilities {acceptInsecureCerts: false, browserName: chrome, browserVersion: 108.0.5359.125, chrome: {chromedriverVersion: 108.0.5359.71 (1e0e3868ee06..., userDataDir: C:\\Users\\Admin\\AppData\\Loca...}, goog:chromeOptions: {debuggerAddress: localhost:56093}, javascriptEnabled: true, networkConnectionEnabled: false, pageLoadStrategy: normal, platform: WINDOWS, platformName: WINDOWS, proxy: Proxy(), setWindowRect: true, strictFileInteractability: false, timeouts: {implicit: 0, pageLoad: 300000, script: 30000}, unhandledPromptBehavior: dismiss and notify, webauthn:extension:credBlob: true, webauthn:extension:largeBlob: true, webauthn:virtualAuthenticators: true}\nSession ID: 495775600aa1dfa3caeb23238de50b56\n*** Element info: {Using=xpath, value=//input[@id='login-email']}","time":{"start":1672128468110,"stop":1672128468140,"duration":30}},{"uid":"e00cb5ef3eb4595","status":"broken","statusDetails":"no such element: Unable to locate element: {\"method\":\"xpath\",\"selector\":\"//input[@id='login-email']\"}\n  (Session info: chrome=108.0.5359.125)\nFor documentation on this error, please visit: https://www.seleniumhq.org/exceptions/no_such_element.html\nBuild info: version: '3.141.59', revision: 'e82be7d358', time: '2018-11-14T08:17:03'\nSystem info: host: 'ADMIN', ip: '192.168.31.62', os.name: 'Windows 10', os.arch: 'amd64', os.version: '10.0', java.version: '11.0.17'\nDriver info: org.openqa.selenium.chrome.ChromeDriver\nCapabilities {acceptInsecureCerts: false, browserName: chrome, browserVersion: 108.0.5359.125, chrome: {chromedriverVersion: 108.0.5359.71 (1e0e3868ee06..., userDataDir: C:\\Users\\Admin\\AppData\\Loca...}, goog:chromeOptions: {debuggerAddress: localhost:55911}, javascriptEnabled: true, networkConnectionEnabled: false, pageLoadStrategy: normal, platform: WINDOWS, platformName: WINDOWS, proxy: Proxy(), setWindowRect: true, strictFileInteractability: false, timeouts: {implicit: 0, pageLoad: 300000, script: 30000}, unhandledPromptBehavior: dismiss and notify, webauthn:extension:credBlob: true, webauthn:extension:largeBlob: true, webauthn:virtualAuthenticators: true}\nSession ID: 3bc43617b4aacc986e47fd39b68d678b\n*** Element info: {Using=xpath, value=//input[@id='login-email']}","time":{"start":1672128372788,"stop":1672128372809,"duration":21}},{"uid":"a6e407db7999942f","status":"broken","statusDetails":"no such element: Unable to locate element: {\"method\":\"xpath\",\"selector\":\"//input[@id='login-email']\"}\n  (Session info: chrome=108.0.5359.125)\nFor documentation on this error, please visit: https://www.seleniumhq.org/exceptions/no_such_element.html\nBuild info: version: '3.141.59', revision: 'e82be7d358', time: '2018-11-14T08:17:03'\nSystem info: host: 'ADMIN', ip: '192.168.31.62', os.name: 'Windows 10', os.arch: 'amd64', os.version: '10.0', java.version: '11.0.17'\nDriver info: org.openqa.selenium.chrome.ChromeDriver\nCapabilities {acceptInsecureCerts: false, browserName: chrome, browserVersion: 108.0.5359.125, chrome: {chromedriverVersion: 108.0.5359.71 (1e0e3868ee06..., userDataDir: C:\\Users\\Admin\\AppData\\Loca...}, goog:chromeOptions: {debuggerAddress: localhost:55808}, javascriptEnabled: true, networkConnectionEnabled: false, pageLoadStrategy: normal, platform: WINDOWS, platformName: WINDOWS, proxy: Proxy(), setWindowRect: true, strictFileInteractability: false, timeouts: {implicit: 0, pageLoad: 300000, script: 30000}, unhandledPromptBehavior: dismiss and notify, webauthn:extension:credBlob: true, webauthn:extension:largeBlob: true, webauthn:virtualAuthenticators: true}\nSession ID: efd04dbb33957882d1f5190176bfd637\n*** Element info: {Using=xpath, value=//input[@id='login-email']}","time":{"start":1672128326632,"stop":1672128326682,"duration":50}},{"uid":"39c4af3600a5131e","status":"passed","time":{"start":1672128194167,"stop":1672128195689,"duration":1522}},{"uid":"bb5385a6bc08384e","status":"passed","time":{"start":1672127959995,"stop":1672127961617,"duration":1622}},{"uid":"17d0804a160de55a","status":"broken","statusDetails":"no such element: Unable to locate element: {\"method\":\"xpath\",\"selector\":\"//input[@id='login-email']\"}\n  (Session info: chrome=108.0.5359.125)\nFor documentation on this error, please visit: https://www.seleniumhq.org/exceptions/no_such_element.html\nBuild info: version: '3.141.59', revision: 'e82be7d358', time: '2018-11-14T08:17:03'\nSystem info: host: 'ADMIN', ip: '192.168.31.62', os.name: 'Windows 10', os.arch: 'amd64', os.version: '10.0', java.version: '11.0.17'\nDriver info: org.openqa.selenium.chrome.ChromeDriver\nCapabilities {acceptInsecureCerts: false, browserName: chrome, browserVersion: 108.0.5359.125, chrome: {chromedriverVersion: 108.0.5359.71 (1e0e3868ee06..., userDataDir: C:\\Users\\Admin\\AppData\\Loca...}, goog:chromeOptions: {debuggerAddress: localhost:54982}, javascriptEnabled: true, networkConnectionEnabled: false, pageLoadStrategy: normal, platform: WINDOWS, platformName: WINDOWS, proxy: Proxy(), setWindowRect: true, strictFileInteractability: false, timeouts: {implicit: 0, pageLoad: 300000, script: 30000}, unhandledPromptBehavior: dismiss and notify, webauthn:extension:credBlob: true, webauthn:extension:largeBlob: true, webauthn:virtualAuthenticators: true}\nSession ID: ee800df2885bbddc51b825a515f9c315\n*** Element info: {Using=xpath, value=//input[@id='login-email']}","time":{"start":1672127883000,"stop":1672127883022,"duration":22}},{"uid":"4d5f614aa67543e5","status":"passed","time":{"start":1672127485071,"stop":1672127486710,"duration":1639}},{"uid":"d4424e5ea77db190","status":"passed","time":{"start":1672127264983,"stop":1672127266454,"duration":1471}},{"uid":"a0ac2c029191cb2e","status":"passed","time":{"start":1672126692670,"stop":1672126694206,"duration":1536}},{"uid":"6b3662f693025bdf","status":"passed","time":{"start":1672126222580,"stop":1672126224047,"duration":1467}},{"uid":"e4135dc43199de93","status":"passed","time":{"start":1672126098653,"stop":1672126100177,"duration":1524}},{"uid":"feec8f893c5ee18b","status":"passed","time":{"start":1672125583231,"stop":1672125584681,"duration":1450}},{"uid":"43e356ff17c4b7e8","status":"passed","time":{"start":1672125388247,"stop":1672125390232,"duration":1985}},{"uid":"2d535b52af51acd6","status":"passed","time":{"start":1672125184649,"stop":1672125186086,"duration":1437}},{"uid":"cd21e82b2eab3506","status":"passed","time":{"start":1672125056712,"stop":1672125058255,"duration":1543}},{"uid":"e1d252c51fdfd46c","status":"passed","time":{"start":1671782629718,"stop":1671782631377,"duration":1659}},{"uid":"a6bc5ede54dded87","status":"passed","time":{"start":1671780692650,"stop":1671780694090,"duration":1440}},{"uid":"9fb7bdc4d8ad5d98","status":"passed","time":{"start":1671780406727,"stop":1671780409836,"duration":3109}},{"uid":"5397dc00a979bdff","status":"passed","time":{"start":1671780132093,"stop":1671780134864,"duration":2771}},{"uid":"18d92c83ec359aba","status":"passed","time":{"start":1671779919100,"stop":1671779921445,"duration":2345}},{"uid":"6b310b26e49e6d22","status":"passed","time":{"start":1671776814786,"stop":1671776816639,"duration":1853}},{"uid":"25befae6b1939877","status":"passed","time":{"start":1671771865129,"stop":1671771866974,"duration":1845}},{"uid":"de590fcdd5680e01","status":"passed","time":{"start":1671771594250,"stop":1671771596791,"duration":2541}},{"uid":"52e869af67b57256","status":"passed","time":{"start":1671771389925,"stop":1671771391440,"duration":1515}},{"uid":"e2cc20532cea5435","status":"passed","time":{"start":1671770802887,"stop":1671770806550,"duration":3663}},{"uid":"b3e13aba73937f7b","status":"passed","time":{"start":1671770377273,"stop":1671770379445,"duration":2172}},{"uid":"221969d1f38a8cec","status":"passed","time":{"start":1671769871901,"stop":1671769874610,"duration":2709}},{"uid":"d6f96803599d4071","status":"passed","time":{"start":1671769371329,"stop":1671769372957,"duration":1628}},{"uid":"a5fb329d86ffbab1","status":"passed","time":{"start":1671769154308,"stop":1671769155888,"duration":1580}},{"uid":"fee4b7b8adf95e76","status":"passed","time":{"start":1671767903666,"stop":1671767905549,"duration":1883}},{"uid":"65d241def739c1b9","status":"passed","time":{"start":1671767581743,"stop":1671767583554,"duration":1811}},{"uid":"a068e085750fc1ba","status":"passed","time":{"start":1671766232304,"stop":1671766233760,"duration":1456}},{"uid":"7a62037fd47d3a0f","status":"broken","statusDetails":"no such element: Unable to locate element: {\"method\":\"xpath\",\"selector\":\"//input[@id='login-email']\"}\n  (Session info: chrome=108.0.5359.125)\nFor documentation on this error, please visit: https://www.seleniumhq.org/exceptions/no_such_element.html\nBuild info: version: '3.141.59', revision: 'e82be7d358', time: '2018-11-14T08:17:03'\nSystem info: host: 'ADMIN', ip: '192.168.31.63', os.name: 'Windows 10', os.arch: 'amd64', os.version: '10.0', java.version: '11.0.17'\nDriver info: org.openqa.selenium.chrome.ChromeDriver\nCapabilities {acceptInsecureCerts: false, browserName: chrome, browserVersion: 108.0.5359.125, chrome: {chromedriverVersion: 108.0.5359.71 (1e0e3868ee06..., userDataDir: C:\\Users\\Admin\\AppData\\Loca...}, goog:chromeOptions: {debuggerAddress: localhost:53633}, javascriptEnabled: true, networkConnectionEnabled: false, pageLoadStrategy: normal, platform: WINDOWS, platformName: WINDOWS, proxy: Proxy(), setWindowRect: true, strictFileInteractability: false, timeouts: {implicit: 0, pageLoad: 300000, script: 30000}, unhandledPromptBehavior: dismiss and notify, webauthn:extension:credBlob: true, webauthn:extension:largeBlob: true, webauthn:virtualAuthenticators: true}\nSession ID: 3d11e451e5f279248e7fe0b193c36814\n*** Element info: {Using=xpath, value=//input[@id='login-email']}","time":{"start":1671766078994,"stop":1671766079177,"duration":183}},{"uid":"b31b559cac1469ac","status":"passed","time":{"start":1671765779757,"stop":1671765782653,"duration":2896}},{"uid":"672fbaa1e103853e","status":"passed","time":{"start":1671765446279,"stop":1671765447899,"duration":1620}},{"uid":"5a39ac9a914b42da","status":"passed","time":{"start":1670229968474,"stop":1670229969986,"duration":1512}},{"uid":"12bd530ed3e8bf9f","status":"passed","time":{"start":1670213620248,"stop":1670213621664,"duration":1416}},{"uid":"edd1b12ae24c915f","status":"passed","time":{"start":1670213050184,"stop":1670213051637,"duration":1453}},{"uid":"9091335857a9d396","status":"passed","time":{"start":1670212340286,"stop":1670212341728,"duration":1442}},{"uid":"c085aa731570c269","status":"passed","time":{"start":1670212130208,"stop":1670212131669,"duration":1461}},{"uid":"e3893daa8991a51a","status":"passed","time":{"start":1670211935177,"stop":1670211936895,"duration":1718}},{"uid":"25d9f99559853ec7","status":"passed","time":{"start":1670043847339,"stop":1670043849028,"duration":1689}},{"uid":"f8f314b33fe954e1","status":"passed","time":{"start":1670043680271,"stop":1670043681713,"duration":1442}},{"uid":"a26d225ea1fb3aec","status":"passed","time":{"start":1670043404739,"stop":1670043407146,"duration":2407}},{"uid":"262fc38a989a4bdf","status":"passed","time":{"start":1670042618196,"stop":1670042619599,"duration":1403}},{"uid":"cdebbeae80f226d3","status":"passed","time":{"start":1670042272542,"stop":1670042273929,"duration":1387}},{"uid":"64f211bbc7a63eb1","status":"passed","time":{"start":1670041861230,"stop":1670041862614,"duration":1384}},{"uid":"9715ebbd4d2054d6","status":"passed","time":{"start":1670041711436,"stop":1670041712791,"duration":1355}},{"uid":"6920ff9df745d05f","status":"passed","time":{"start":1670041461628,"stop":1670041462989,"duration":1361}},{"uid":"183e5becd80c6aca","status":"passed","time":{"start":1670041258120,"stop":1670041259619,"duration":1499}},{"uid":"511f08198bedc30a","status":"passed","time":{"start":1670040951479,"stop":1670040952956,"duration":1477}},{"uid":"69a8325d13f55d6b","status":"passed","time":{"start":1670040533008,"stop":1670040534534,"duration":1526}},{"uid":"77480e95bd1d58f6","status":"passed","time":{"start":1670040351542,"stop":1670040352878,"duration":1336}},{"uid":"f504b2e530c8816b","status":"broken","statusDetails":"no such element: Unable to locate element: {\"method\":\"xpath\",\"selector\":\"//input[@id='login-email']\"}\n  (Session info: chrome=107.0.5304.123)\nFor documentation on this error, please visit: https://www.seleniumhq.org/exceptions/no_such_element.html\nBuild info: version: '3.141.59', revision: 'e82be7d358', time: '2018-11-14T08:17:03'\nSystem info: host: 'ADMIN', ip: '192.168.31.64', os.name: 'Windows 10', os.arch: 'amd64', os.version: '10.0', java.version: '11.0.17'\nDriver info: org.openqa.selenium.chrome.ChromeDriver\nCapabilities {acceptInsecureCerts: false, browserName: chrome, browserVersion: 107.0.5304.123, chrome: {chromedriverVersion: 107.0.5304.62 (1eec40d3a576..., userDataDir: C:\\Users\\Admin\\AppData\\Loca...}, goog:chromeOptions: {debuggerAddress: localhost:61992}, javascriptEnabled: true, networkConnectionEnabled: false, pageLoadStrategy: normal, platform: WINDOWS, platformName: WINDOWS, proxy: Proxy(), setWindowRect: true, strictFileInteractability: false, timeouts: {implicit: 0, pageLoad: 300000, script: 30000}, unhandledPromptBehavior: dismiss and notify, webauthn:extension:credBlob: true, webauthn:extension:largeBlob: true, webauthn:virtualAuthenticators: true}\nSession ID: a7d9dfc64417794b558fb2c3977c7b17\n*** Element info: {Using=xpath, value=//input[@id='login-email']}","time":{"start":1669966682196,"stop":1669966682234,"duration":38}},{"uid":"5dd4acb66aaa196a","status":"passed","time":{"start":1669962048006,"stop":1669962048404,"duration":398}},{"uid":"c3e1cfed19e1f698","status":"passed","time":{"start":1669957092856,"stop":1669957093460,"duration":604}},{"uid":"397121fb035703a6","status":"passed","time":{"start":1669956738931,"stop":1669956739613,"duration":682}},{"uid":"afffea0b0571e2cd","status":"broken","statusDetails":"no such element: Unable to locate element: {\"method\":\"xpath\",\"selector\":\"//input[@id='login-email']\"}\n  (Session info: chrome=107.0.5304.123)\nFor documentation on this error, please visit: https://www.seleniumhq.org/exceptions/no_such_element.html\nBuild info: version: '3.141.59', revision: 'e82be7d358', time: '2018-11-14T08:17:03'\nSystem info: host: 'ADMIN', ip: '192.168.31.61', os.name: 'Windows 10', os.arch: 'amd64', os.version: '10.0', java.version: '11.0.17'\nDriver info: org.openqa.selenium.chrome.ChromeDriver\nCapabilities {acceptInsecureCerts: false, browserName: chrome, browserVersion: 107.0.5304.123, chrome: {chromedriverVersion: 107.0.5304.62 (1eec40d3a576..., userDataDir: C:\\Users\\Admin\\AppData\\Loca...}, goog:chromeOptions: {debuggerAddress: localhost:50411}, javascriptEnabled: true, networkConnectionEnabled: false, pageLoadStrategy: normal, platform: WINDOWS, platformName: WINDOWS, proxy: Proxy(), setWindowRect: true, strictFileInteractability: false, timeouts: {implicit: 0, pageLoad: 300000, script: 30000}, unhandledPromptBehavior: dismiss and notify, webauthn:extension:credBlob: true, webauthn:extension:largeBlob: true, webauthn:virtualAuthenticators: true}\nSession ID: c6b1bde119c4ab5a09448a1205a2191d\n*** Element info: {Using=xpath, value=//input[@id='login-email']}","time":{"start":1669956600318,"stop":1669956600758,"duration":440}},{"uid":"1bcf158158d483a5","status":"passed","time":{"start":1669955696430,"stop":1669955697487,"duration":1057}},{"uid":"70009aff79af530f","status":"passed","time":{"start":1669954681630,"stop":1669954682470,"duration":840}},{"uid":"ee37340351365475","status":"passed","time":{"start":1669952621486,"stop":1669952621942,"duration":456}},{"uid":"deee05ed70dbd61b","status":"passed","time":{"start":1669945607827,"stop":1669945608512,"duration":685}},{"uid":"7e1c3bc2800141e2","status":"passed","time":{"start":1669890880158,"stop":1669890880746,"duration":588}},{"uid":"4198e4f55d967a2f","status":"passed","time":{"start":1669890777741,"stop":1669890778304,"duration":563}},{"uid":"add66506d6ab5aa4","status":"passed","time":{"start":1669890281007,"stop":1669890281399,"duration":392}},{"uid":"8a640eebfc3939c4","status":"passed","time":{"start":1669890116738,"stop":1669890117101,"duration":363}},{"uid":"ac7a3bda9e206b69","status":"passed","time":{"start":1669889897602,"stop":1669889898045,"duration":443}},{"uid":"6f8952fe652962c6","status":"passed","time":{"start":1669889531722,"stop":1669889532070,"duration":348}},{"uid":"d73375e3c4c3bb54","status":"passed","time":{"start":1669889383126,"stop":1669889383759,"duration":633}},{"uid":"74d66ce937754068","status":"passed","time":{"start":1669889174811,"stop":1669889175318,"duration":507}},{"uid":"ed55c23e3b54cd7f","status":"passed","time":{"start":1669888853494,"stop":1669888853926,"duration":432}},{"uid":"19fe1f818743a0cb","status":"passed","time":{"start":1669886395098,"stop":1669886395627,"duration":529}},{"uid":"4c5c00b7480dcc37","status":"passed","time":{"start":1669886147562,"stop":1669886148073,"duration":511}},{"uid":"47e6759e84123728","status":"passed","time":{"start":1669886022248,"stop":1669886022739,"duration":491}},{"uid":"cefb62e60e642cab","status":"passed","time":{"start":1669885841316,"stop":1669885841794,"duration":478}},{"uid":"94623c65b9ec6ad3","status":"passed","time":{"start":1669885770837,"stop":1669885771259,"duration":422}},{"uid":"7239a1dd62326f4d","status":"passed","time":{"start":1669885604502,"stop":1669885606564,"duration":2062}},{"uid":"3b0ef3b608b2ba81","status":"passed","time":{"start":1669885344555,"stop":1669885345193,"duration":638}},{"uid":"83d2c58e38a92fda","status":"passed","time":{"start":1669880906197,"stop":1669880906588,"duration":391}},{"uid":"e38cf90830836aa7","status":"passed","time":{"start":1669880740640,"stop":1669880741005,"duration":365}},{"uid":"b1bb40060980016c","status":"passed","time":{"start":1669880607599,"stop":1669880607929,"duration":330}},{"uid":"58e2807e8e2d3bae","status":"passed","time":{"start":1669880513795,"stop":1669880514223,"duration":428}},{"uid":"91b6887a4d395216","status":"passed","time":{"start":1669880356525,"stop":1669880357117,"duration":592}},{"uid":"9408750810f0b898","status":"passed","time":{"start":1669880213891,"stop":1669880214378,"duration":487}},{"uid":"3428f7e8103e4af6","status":"passed","time":{"start":1669880007218,"stop":1669880007804,"duration":586}},{"uid":"b45641fe21121825","status":"passed","time":{"start":1669879146925,"stop":1669879147344,"duration":419}},{"uid":"478f0d00db1faaa9","status":"passed","time":{"start":1669879022989,"stop":1669879023352,"duration":363}},{"uid":"eb5c29491701f255","status":"passed","time":{"start":1669878880897,"stop":1669878881417,"duration":520}},{"uid":"6c3227267db8f625","status":"passed","time":{"start":1669878796283,"stop":1669878796793,"duration":510}},{"uid":"698d63589f0f5b1e","status":"passed","time":{"start":1669878577201,"stop":1669878577730,"duration":529}},{"uid":"62fca627a0b5cbff","status":"passed","time":{"start":1669878409932,"stop":1669878410324,"duration":392}},{"uid":"828e4a1c2bc039a0","status":"passed","time":{"start":1669878319632,"stop":1669878320088,"duration":456}},{"uid":"cdc68b52f55f44ac","status":"passed","time":{"start":1669876572184,"stop":1669876572532,"duration":348}},{"uid":"aef160b511b61514","status":"passed","time":{"start":1669871407683,"stop":1669871408024,"duration":341}},{"uid":"fa89a6b1a1d86b91","status":"passed","time":{"start":1669871290807,"stop":1669871291294,"duration":487}},{"uid":"57c5be74e86565ad","status":"passed","time":{"start":1669871014227,"stop":1669871014750,"duration":523}},{"uid":"30b68167369bbbf2","status":"passed","time":{"start":1669870857321,"stop":1669870857817,"duration":496}},{"uid":"f78638cabf6e3a6a","status":"passed","time":{"start":1669870432700,"stop":1669870433240,"duration":540}},{"uid":"d986315a1774e242","status":"passed","time":{"start":1669870186477,"stop":1669870186892,"duration":415}},{"uid":"167365cc00295808","status":"passed","time":{"start":1669870018921,"stop":1669870019458,"duration":537}},{"uid":"d7331b1a3a8fcc59","status":"passed","time":{"start":1669869870940,"stop":1669869871385,"duration":445}},{"uid":"60e9174693bf4de4","status":"passed","time":{"start":1669869732247,"stop":1669869732767,"duration":520}},{"uid":"534a51112a8bfb64","status":"passed","time":{"start":1669869547419,"stop":1669869547804,"duration":385}},{"uid":"3f6f59df4b0e7402","status":"passed","time":{"start":1669869303039,"stop":1669869303520,"duration":481}},{"uid":"21d1f7ed12b7ea9d","status":"passed","time":{"start":1669869170901,"stop":1669869171439,"duration":538}},{"uid":"e233e3434765aaa7","status":"passed","time":{"start":1669868932349,"stop":1669868932766,"duration":417}},{"uid":"658c259fdaab5770","status":"passed","time":{"start":1669868681396,"stop":1669868681791,"duration":395}},{"uid":"56ae792ab4dce446","status":"passed","time":{"start":1669868580984,"stop":1669868581286,"duration":302}},{"uid":"bfbcedcbfe1ba9c2","status":"passed","time":{"start":1669868409915,"stop":1669868410382,"duration":467}},{"uid":"5ae8baf60e315a41","status":"passed","time":{"start":1669868348977,"stop":1669868349351,"duration":374}},{"uid":"b646f43dfae09051","status":"passed","time":{"start":1669868226061,"stop":1669868226492,"duration":431}},{"uid":"9f53a6e3be8539f7","status":"passed","time":{"start":1669868095116,"stop":1669868095619,"duration":503}},{"uid":"222c52be79c018e","status":"passed","time":{"start":1669867881587,"stop":1669867881930,"duration":343}},{"uid":"80de84283361ca82","status":"passed","time":{"start":1669867612399,"stop":1669867612742,"duration":343}},{"uid":"57882a7a18635221","status":"broken","statusDetails":"no such element: Unable to locate element: {\"method\":\"xpath\",\"selector\":\"//input[@id='login-email']\"}\n  (Session info: chrome=107.0.5304.122)\nFor documentation on this error, please visit: https://www.seleniumhq.org/exceptions/no_such_element.html\nBuild info: version: '3.141.59', revision: 'e82be7d358', time: '2018-11-14T08:17:03'\nSystem info: host: 'ADMIN', ip: '192.168.31.81', os.name: 'Windows 10', os.arch: 'amd64', os.version: '10.0', java.version: '11.0.17'\nDriver info: org.openqa.selenium.chrome.ChromeDriver\nCapabilities {acceptInsecureCerts: false, browserName: chrome, browserVersion: 107.0.5304.122, chrome: {chromedriverVersion: 107.0.5304.62 (1eec40d3a576..., userDataDir: C:\\Users\\Admin\\AppData\\Loca...}, goog:chromeOptions: {debuggerAddress: localhost:55596}, javascriptEnabled: true, networkConnectionEnabled: false, pageLoadStrategy: normal, platform: WINDOWS, platformName: WINDOWS, proxy: Proxy(), setWindowRect: true, strictFileInteractability: false, timeouts: {implicit: 0, pageLoad: 300000, script: 30000}, unhandledPromptBehavior: dismiss and notify, webauthn:extension:credBlob: true, webauthn:extension:largeBlob: true, webauthn:virtualAuthenticators: true}\nSession ID: 993a87753fffd7840607afb62e44f158\n*** Element info: {Using=xpath, value=//input[@id='login-email']}","time":{"start":1669867376584,"stop":1669867376617,"duration":33}},{"uid":"674bdab6aad0bb6","status":"skipped","statusDetails":"java.net.ConnectException: Failed to connect to localhost/0:0:0:0:0:0:0:1:12163\nBuild info: version: '3.141.59', revision: 'e82be7d358', time: '2018-11-14T08:17:03'\nSystem info: host: 'ADMIN', ip: '192.168.31.81', os.name: 'Windows 10', os.arch: 'amd64', os.version: '10.0', java.version: '11.0.17'\nDriver info: driver.version: RemoteWebDriver","time":{"start":1669867309345,"stop":1669867309351,"duration":6}},{"uid":"e8c7257cdb790517","status":"broken","statusDetails":"no such element: Unable to locate element: {\"method\":\"xpath\",\"selector\":\"//input[@id='login-email']\"}\n  (Session info: chrome=107.0.5304.122)\nFor documentation on this error, please visit: https://www.seleniumhq.org/exceptions/no_such_element.html\nBuild info: version: '3.141.59', revision: 'e82be7d358', time: '2018-11-14T08:17:03'\nSystem info: host: 'ADMIN', ip: '192.168.31.81', os.name: 'Windows 10', os.arch: 'amd64', os.version: '10.0', java.version: '11.0.17'\nDriver info: org.openqa.selenium.chrome.ChromeDriver\nCapabilities {acceptInsecureCerts: false, browserName: chrome, browserVersion: 107.0.5304.122, chrome: {chromedriverVersion: 107.0.5304.62 (1eec40d3a576..., userDataDir: C:\\Users\\Admin\\AppData\\Loca...}, goog:chromeOptions: {debuggerAddress: localhost:55297}, javascriptEnabled: true, networkConnectionEnabled: false, pageLoadStrategy: normal, platform: WINDOWS, platformName: WINDOWS, proxy: Proxy(), setWindowRect: true, strictFileInteractability: false, timeouts: {implicit: 0, pageLoad: 300000, script: 30000}, unhandledPromptBehavior: dismiss and notify, webauthn:extension:credBlob: true, webauthn:extension:largeBlob: true, webauthn:virtualAuthenticators: true}\nSession ID: cc648732f6713ef0c8e4b8b1736cdb94\n*** Element info: {Using=xpath, value=//input[@id='login-email']}","time":{"start":1669867207159,"stop":1669867207240,"duration":81}},{"uid":"cedceb95f9076f07","status":"broken","statusDetails":"no such element: Unable to locate element: {\"method\":\"xpath\",\"selector\":\"//input[@id='login-email']\"}\n  (Session info: chrome=107.0.5304.122)\nFor documentation on this error, please visit: https://www.seleniumhq.org/exceptions/no_such_element.html\nBuild info: version: '3.141.59', revision: 'e82be7d358', time: '2018-11-14T08:17:03'\nSystem info: host: 'ADMIN', ip: '192.168.31.81', os.name: 'Windows 10', os.arch: 'amd64', os.version: '10.0', java.version: '11.0.17'\nDriver info: org.openqa.selenium.chrome.ChromeDriver\nCapabilities {acceptInsecureCerts: false, browserName: chrome, browserVersion: 107.0.5304.122, chrome: {chromedriverVersion: 107.0.5304.62 (1eec40d3a576..., userDataDir: C:\\Users\\Admin\\AppData\\Loca...}, goog:chromeOptions: {debuggerAddress: localhost:55182}, javascriptEnabled: true, networkConnectionEnabled: false, pageLoadStrategy: normal, platform: WINDOWS, platformName: WINDOWS, proxy: Proxy(), setWindowRect: true, strictFileInteractability: false, timeouts: {implicit: 0, pageLoad: 300000, script: 30000}, unhandledPromptBehavior: dismiss and notify, webauthn:extension:credBlob: true, webauthn:extension:largeBlob: true, webauthn:virtualAuthenticators: true}\nSession ID: 8de9450aefc2ebd248fb5934b637ca25\n*** Element info: {Using=xpath, value=//input[@id='login-email']}","time":{"start":1669867128676,"stop":1669867128709,"duration":33}},{"uid":"985bfa6a8fa41984","status":"passed","time":{"start":1669866988576,"stop":1669866988941,"duration":365}},{"uid":"68d23b1f84833c1","status":"passed","time":{"start":1669866889449,"stop":1669866889865,"duration":416}},{"uid":"af5d83061cac5fa6","status":"passed","time":{"start":1669866579455,"stop":1669866579825,"duration":370}},{"uid":"1547699082a42e74","status":"passed","time":{"start":1669866461998,"stop":1669866462501,"duration":503}},{"uid":"58fd1e9a7b7f0a60","status":"passed","time":{"start":1669866276287,"stop":1669866276775,"duration":488}},{"uid":"6b9b352050843993","status":"passed","time":{"start":1669866119805,"stop":1669866120157,"duration":352}},{"uid":"23c45cdd4f172c51","status":"passed","time":{"start":1669866032314,"stop":1669866032785,"duration":471}},{"uid":"cbf42c7dee334327","status":"broken","statusDetails":"no such element: Unable to locate element: {\"method\":\"xpath\",\"selector\":\"//input[@id='login-email']\"}\n  (Session info: chrome=107.0.5304.122)\nFor documentation on this error, please visit: https://www.seleniumhq.org/exceptions/no_such_element.html\nBuild info: version: '3.141.59', revision: 'e82be7d358', time: '2018-11-14T08:17:03'\nSystem info: host: 'ADMIN', ip: '192.168.31.81', os.name: 'Windows 10', os.arch: 'amd64', os.version: '10.0', java.version: '11.0.17'\nDriver info: org.openqa.selenium.chrome.ChromeDriver\nCapabilities {acceptInsecureCerts: false, browserName: chrome, browserVersion: 107.0.5304.122, chrome: {chromedriverVersion: 107.0.5304.62 (1eec40d3a576..., userDataDir: C:\\Users\\Admin\\AppData\\Loca...}, goog:chromeOptions: {debuggerAddress: localhost:53698}, javascriptEnabled: true, networkConnectionEnabled: false, pageLoadStrategy: normal, platform: WINDOWS, platformName: WINDOWS, proxy: Proxy(), setWindowRect: true, strictFileInteractability: false, timeouts: {implicit: 0, pageLoad: 300000, script: 30000}, unhandledPromptBehavior: dismiss and notify, webauthn:extension:credBlob: true, webauthn:extension:largeBlob: true, webauthn:virtualAuthenticators: true}\nSession ID: 51291d3c34b9cc00b65d2c53c0032b5d\n*** Element info: {Using=xpath, value=//input[@id='login-email']}","time":{"start":1669865740716,"stop":1669865740797,"duration":81}},{"uid":"f175c6fdfd082d8f","status":"passed","time":{"start":1669865453183,"stop":1669865453838,"duration":655}},{"uid":"70c116a1b109f2c2","status":"broken","statusDetails":"no such element: Unable to locate element: {\"method\":\"xpath\",\"selector\":\"//input[@id='login-email']\"}\n  (Session info: chrome=107.0.5304.122)\nFor documentation on this error, please visit: https://www.seleniumhq.org/exceptions/no_such_element.html\nBuild info: version: '3.141.59', revision: 'e82be7d358', time: '2018-11-14T08:17:03'\nSystem info: host: 'ADMIN', ip: '192.168.31.81', os.name: 'Windows 10', os.arch: 'amd64', os.version: '10.0', java.version: '11.0.17'\nDriver info: org.openqa.selenium.chrome.ChromeDriver\nCapabilities {acceptInsecureCerts: false, browserName: chrome, browserVersion: 107.0.5304.122, chrome: {chromedriverVersion: 107.0.5304.62 (1eec40d3a576..., userDataDir: C:\\Users\\Admin\\AppData\\Loca...}, goog:chromeOptions: {debuggerAddress: localhost:53439}, javascriptEnabled: true, networkConnectionEnabled: false, pageLoadStrategy: normal, platform: WINDOWS, platformName: WINDOWS, proxy: Proxy(), setWindowRect: true, strictFileInteractability: false, timeouts: {implicit: 0, pageLoad: 300000, script: 30000}, unhandledPromptBehavior: dismiss and notify, webauthn:extension:credBlob: true, webauthn:extension:largeBlob: true, webauthn:virtualAuthenticators: true}\nSession ID: c686cc0505a0775753de5c405391ab65\n*** Element info: {Using=xpath, value=//input[@id='login-email']}","time":{"start":1669865400624,"stop":1669865401695,"duration":1071}},{"uid":"8ef2d0c1acf63895","status":"passed","time":{"start":1669864985280,"stop":1669864985645,"duration":365}},{"uid":"a0eb580a067e6c2c","status":"passed","time":{"start":1669864733624,"stop":1669864733967,"duration":343}},{"uid":"84f8179f640005f3","status":"passed","time":{"start":1669864510358,"stop":1669864510843,"duration":485}},{"uid":"8ed2ef1e4aa4832f","status":"passed","time":{"start":1669864395934,"stop":1669864396322,"duration":388}},{"uid":"20c4fe4d9babc022","status":"broken","statusDetails":"no such element: Unable to locate element: {\"method\":\"xpath\",\"selector\":\"//input[@id='login-email']\"}\n  (Session info: chrome=107.0.5304.122)\nFor documentation on this error, please visit: https://www.seleniumhq.org/exceptions/no_such_element.html\nBuild info: version: '3.141.59', revision: 'e82be7d358', time: '2018-11-14T08:17:03'\nSystem info: host: 'ADMIN', ip: '192.168.31.81', os.name: 'Windows 10', os.arch: 'amd64', os.version: '10.0', java.version: '11.0.17'\nDriver info: org.openqa.selenium.chrome.ChromeDriver\nCapabilities {acceptInsecureCerts: false, browserName: chrome, browserVersion: 107.0.5304.122, chrome: {chromedriverVersion: 107.0.5304.62 (1eec40d3a576..., userDataDir: C:\\Users\\Admin\\AppData\\Loca...}, goog:chromeOptions: {debuggerAddress: localhost:52090}, javascriptEnabled: true, networkConnectionEnabled: false, pageLoadStrategy: normal, platform: WINDOWS, platformName: WINDOWS, proxy: Proxy(), setWindowRect: true, strictFileInteractability: false, timeouts: {implicit: 0, pageLoad: 300000, script: 30000}, unhandledPromptBehavior: dismiss and notify, webauthn:extension:credBlob: true, webauthn:extension:largeBlob: true, webauthn:virtualAuthenticators: true}\nSession ID: 120c8b5b3ae322a16122f9053f7b97bd\n*** Element info: {Using=xpath, value=//input[@id='login-email']}","time":{"start":1669864317219,"stop":1669864317251,"duration":32}},{"uid":"91b175439e3dd9b9","status":"passed","time":{"start":1669861549270,"stop":1669861549697,"duration":427}},{"uid":"f739f88deaf14d54","status":"passed","time":{"start":1669860576496,"stop":1669860577021,"duration":525}},{"uid":"a0a8c49a7c036a48","status":"passed","time":{"start":1669803337324,"stop":1669803337753,"duration":429}},{"uid":"29f143b2c7546bea","status":"passed","time":{"start":1669803227341,"stop":1669803227801,"duration":460}},{"uid":"400e3d7eb267ea65","status":"passed","time":{"start":1669803019872,"stop":1669803020257,"duration":385}},{"uid":"b0807c5e3dd13b97","status":"passed","time":{"start":1669801993728,"stop":1669801994386,"duration":658}},{"uid":"91ce08d3e2074798","status":"passed","time":{"start":1669801916813,"stop":1669801917141,"duration":328}},{"uid":"3aa54950d1638cad","status":"broken","statusDetails":"no such element: Unable to locate element: {\"method\":\"xpath\",\"selector\":\"//input[@id='login-email']\"}\n  (Session info: chrome=107.0.5304.121)\nFor documentation on this error, please visit: https://www.seleniumhq.org/exceptions/no_such_element.html\nBuild info: version: '3.141.59', revision: 'e82be7d358', time: '2018-11-14T08:17:03'\nSystem info: host: 'ADMIN', ip: '192.168.31.81', os.name: 'Windows 10', os.arch: 'amd64', os.version: '10.0', java.version: '11.0.17'\nDriver info: org.openqa.selenium.chrome.ChromeDriver\nCapabilities {acceptInsecureCerts: false, browserName: chrome, browserVersion: 107.0.5304.121, chrome: {chromedriverVersion: 107.0.5304.62 (1eec40d3a576..., userDataDir: C:\\Users\\Admin\\AppData\\Loca...}, goog:chromeOptions: {debuggerAddress: localhost:62424}, javascriptEnabled: true, networkConnectionEnabled: false, pageLoadStrategy: normal, platform: WINDOWS, platformName: WINDOWS, proxy: Proxy(), setWindowRect: true, strictFileInteractability: false, timeouts: {implicit: 0, pageLoad: 300000, script: 30000}, unhandledPromptBehavior: dismiss and notify, webauthn:extension:credBlob: true, webauthn:extension:largeBlob: true, webauthn:virtualAuthenticators: true}\nSession ID: cbf5ba97d1446d532b980d1ee6767e21\n*** Element info: {Using=xpath, value=//input[@id='login-email']}","time":{"start":1669801863225,"stop":1669801863275,"duration":50}},{"uid":"fd354c4c52cca7f9","status":"passed","time":{"start":1669801698764,"stop":1669801699178,"duration":414}},{"uid":"7cd150b00a002833","status":"passed","time":{"start":1669801523766,"stop":1669801524153,"duration":387}},{"uid":"d0eef6dc10fc0c8a","status":"broken","statusDetails":"no such element: Unable to locate element: {\"method\":\"xpath\",\"selector\":\"//input[@id ='email']\"}\n  (Session info: chrome=107.0.5304.121)\nFor documentation on this error, please visit: https://www.seleniumhq.org/exceptions/no_such_element.html\nBuild info: version: '3.141.59', revision: 'e82be7d358', time: '2018-11-14T08:17:03'\nSystem info: host: 'ADMIN', ip: '192.168.31.81', os.name: 'Windows 10', os.arch: 'amd64', os.version: '10.0', java.version: '11.0.17'\nDriver info: org.openqa.selenium.chrome.ChromeDriver\nCapabilities {acceptInsecureCerts: false, browserName: chrome, browserVersion: 107.0.5304.121, chrome: {chromedriverVersion: 107.0.5304.62 (1eec40d3a576..., userDataDir: C:\\Users\\Admin\\AppData\\Loca...}, goog:chromeOptions: {debuggerAddress: localhost:61325}, javascriptEnabled: true, networkConnectionEnabled: false, pageLoadStrategy: normal, platform: WINDOWS, platformName: WINDOWS, proxy: Proxy(), setWindowRect: true, strictFileInteractability: false, timeouts: {implicit: 0, pageLoad: 300000, script: 30000}, unhandledPromptBehavior: dismiss and notify, webauthn:extension:credBlob: true, webauthn:extension:largeBlob: true, webauthn:virtualAuthenticators: true}\nSession ID: 673f739bad37c80c91983b3621306979\n*** Element info: {Using=xpath, value=//input[@id ='email']}","time":{"start":1669800761667,"stop":1669800761735,"duration":68}},{"uid":"90640a2afdba2733","status":"broken","statusDetails":"no such element: Unable to locate element: {\"method\":\"xpath\",\"selector\":\"//input[@id ='email']\"}\n  (Session info: chrome=107.0.5304.121)\nFor documentation on this error, please visit: https://www.seleniumhq.org/exceptions/no_such_element.html\nBuild info: version: '3.141.59', revision: 'e82be7d358', time: '2018-11-14T08:17:03'\nSystem info: host: 'ADMIN', ip: '192.168.31.81', os.name: 'Windows 10', os.arch: 'amd64', os.version: '10.0', java.version: '11.0.17'\nDriver info: org.openqa.selenium.chrome.ChromeDriver\nCapabilities {acceptInsecureCerts: false, browserName: chrome, browserVersion: 107.0.5304.121, chrome: {chromedriverVersion: 107.0.5304.62 (1eec40d3a576..., userDataDir: C:\\Users\\Admin\\AppData\\Loca...}, goog:chromeOptions: {debuggerAddress: localhost:61106}, javascriptEnabled: true, networkConnectionEnabled: false, pageLoadStrategy: normal, platform: WINDOWS, platformName: WINDOWS, proxy: Proxy(), setWindowRect: true, strictFileInteractability: false, timeouts: {implicit: 0, pageLoad: 300000, script: 30000}, unhandledPromptBehavior: dismiss and notify, webauthn:extension:credBlob: true, webauthn:extension:largeBlob: true, webauthn:virtualAuthenticators: true}\nSession ID: 0e71e83d9483dce53a4c9684453be52a\n*** Element info: {Using=xpath, value=//input[@id ='email']}","time":{"start":1669800548895,"stop":1669800548977,"duration":82}},{"uid":"1728e80a99a0b25a","status":"broken","statusDetails":"no such element: Unable to locate element: {\"method\":\"xpath\",\"selector\":\"//input[@id ='email']\"}\n  (Session info: chrome=107.0.5304.121)\nFor documentation on this error, please visit: https://www.seleniumhq.org/exceptions/no_such_element.html\nBuild info: version: '3.141.59', revision: 'e82be7d358', time: '2018-11-14T08:17:03'\nSystem info: host: 'ADMIN', ip: '192.168.31.81', os.name: 'Windows 10', os.arch: 'amd64', os.version: '10.0', java.version: '11.0.17'\nDriver info: org.openqa.selenium.chrome.ChromeDriver\nCapabilities {acceptInsecureCerts: false, browserName: chrome, browserVersion: 107.0.5304.121, chrome: {chromedriverVersion: 107.0.5304.62 (1eec40d3a576..., userDataDir: C:\\Users\\Admin\\AppData\\Loca...}, goog:chromeOptions: {debuggerAddress: localhost:60961}, javascriptEnabled: true, networkConnectionEnabled: false, pageLoadStrategy: normal, platform: WINDOWS, platformName: WINDOWS, proxy: Proxy(), setWindowRect: true, strictFileInteractability: false, timeouts: {implicit: 0, pageLoad: 300000, script: 30000}, unhandledPromptBehavior: dismiss and notify, webauthn:extension:credBlob: true, webauthn:extension:largeBlob: true, webauthn:virtualAuthenticators: true}\nSession ID: 7262dc8748d530a43102069701225ba0\n*** Element info: {Using=xpath, value=//input[@id ='email']}","time":{"start":1669800437713,"stop":1669800437807,"duration":94}},{"uid":"10969472b6ef964b","status":"broken","statusDetails":"no such element: Unable to locate element: {\"method\":\"xpath\",\"selector\":\"//input[@id ='email']\"}\n  (Session info: chrome=107.0.5304.121)\nFor documentation on this error, please visit: https://www.seleniumhq.org/exceptions/no_such_element.html\nBuild info: version: '3.141.59', revision: 'e82be7d358', time: '2018-11-14T08:17:03'\nSystem info: host: 'ADMIN', ip: '192.168.31.81', os.name: 'Windows 10', os.arch: 'amd64', os.version: '10.0', java.version: '11.0.17'\nDriver info: org.openqa.selenium.chrome.ChromeDriver\nCapabilities {acceptInsecureCerts: false, browserName: chrome, browserVersion: 107.0.5304.121, chrome: {chromedriverVersion: 107.0.5304.62 (1eec40d3a576..., userDataDir: C:\\Users\\Admin\\AppData\\Loca...}, goog:chromeOptions: {debuggerAddress: localhost:60765}, javascriptEnabled: true, networkConnectionEnabled: false, pageLoadStrategy: normal, platform: WINDOWS, platformName: WINDOWS, proxy: Proxy(), setWindowRect: true, strictFileInteractability: false, timeouts: {implicit: 0, pageLoad: 300000, script: 30000}, unhandledPromptBehavior: dismiss and notify, webauthn:extension:credBlob: true, webauthn:extension:largeBlob: true, webauthn:virtualAuthenticators: true}\nSession ID: 767f5b101c0cabf5e74612ca56e3a7fb\n*** Element info: {Using=xpath, value=//input[@id ='email']}","time":{"start":1669800214752,"stop":1669800214782,"duration":30}}],"categories":[],"tags":[]},"source":"c4fdf6da9da9b9c9.json","parameterValues":[]}