{"uid":"c76c519a4d4e23d","name":"Create a new account with password # Phone register and has:\\n\" + \"+ At least < 8 characters\\n\" + \"+ At least 1 number\\n\" + \"+ At least 1 lower case letter\\n\" + \"+ At least 1 upper case letter\\n\" + \"+ At least 1 characters like: # & $ ( ) * + , - . : , . = ? @ { } ~\\\"\")\n","fullName":"test.signinSignup.SignUpTest.testCase_SU018","historyId":"e7139629dc7b75d339b294efe40058e7","time":{"start":1672805299099,"stop":1672805299102,"duration":3},"status":"skipped","statusMessage":"unknown error: failed to write prefs file\nBuild info: version: '3.141.59', revision: 'e82be7d358', time: '2018-11-14T08:17:03'\nSystem info: host: 'ADMIN', ip: '192.168.31.64', os.name: 'Windows 10', os.arch: 'amd64', os.version: '10.0', java.version: '11.0.17'\nDriver info: driver.version: ChromeDriver\nremote stacktrace: Backtrace:\n\t(No symbol) [0x0023F243]\n\t(No symbol) [0x001C7FD1]\n\t(No symbol) [0x000BD04D]\n\t(No symbol) [0x000DE447]\n\t(No symbol) [0x000DE5CA]\n\t(No symbol) [0x000DBA02]\n\t(No symbol) [0x000D82E9]\n\t(No symbol) [0x0010F056]\n\t(No symbol) [0x0010EB2A]\n\t(No symbol) [0x00108386]\n\t(No symbol) [0x000E163C]\n\t(No symbol) [0x000E269D]\n\tGetHandleVerifier [0x004D9A22+2655074]\n\tGetHandleVerifier [0x004CCA24+2601828]\n\tGetHandleVerifier [0x002E8C0A+619850]\n\tGetHandleVerifier [0x002E7830+614768]\n\t(No symbol) [0x001D05FC]\n\t(No symbol) [0x001D5968]\n\t(No symbol) [0x001D5A55]\n\t(No symbol) [0x001E051B]\n\tBaseThreadInitThunk [0x76FC00F9+25]\n\tRtlGetAppContainerNamedObjectPath [0x778D7BBE+286]\n\tRtlGetAppContainerNamedObjectPath [0x778D7B8E+238]\n\t(No symbol) [0x00000000]\n","statusTrace":"org.openqa.selenium.WebDriverException: unknown error: failed to write prefs file\nBuild info: version: '3.141.59', revision: 'e82be7d358', time: '2018-11-14T08:17:03'\nSystem info: host: 'ADMIN', ip: '192.168.31.64', os.name: 'Windows 10', os.arch: 'amd64', os.version: '10.0', java.version: '11.0.17'\nDriver info: driver.version: ChromeDriver\nremote stacktrace: Backtrace:\n\t(No symbol) [0x0023F243]\n\t(No symbol) [0x001C7FD1]\n\t(No symbol) [0x000BD04D]\n\t(No symbol) [0x000DE447]\n\t(No symbol) [0x000DE5CA]\n\t(No symbol) [0x000DBA02]\n\t(No symbol) [0x000D82E9]\n\t(No symbol) [0x0010F056]\n\t(No symbol) [0x0010EB2A]\n\t(No symbol) [0x00108386]\n\t(No symbol) [0x000E163C]\n\t(No symbol) [0x000E269D]\n\tGetHandleVerifier [0x004D9A22+2655074]\n\tGetHandleVerifier [0x004CCA24+2601828]\n\tGetHandleVerifier [0x002E8C0A+619850]\n\tGetHandleVerifier [0x002E7830+614768]\n\t(No symbol) [0x001D05FC]\n\t(No symbol) [0x001D5968]\n\t(No symbol) [0x001D5A55]\n\t(No symbol) [0x001E051B]\n\tBaseThreadInitThunk [0x76FC00F9+25]\n\tRtlGetAppContainerNamedObjectPath [0x778D7BBE+286]\n\tRtlGetAppContainerNamedObjectPath [0x778D7B8E+238]\n\t(No symbol) [0x00000000]\n\r\n\tat java.base/jdk.internal.reflect.NativeConstructorAccessorImpl.newInstance0(Native Method)\r\n\tat java.base/jdk.internal.reflect.NativeConstructorAccessorImpl.newInstance(NativeConstructorAccessorImpl.java:62)\r\n\tat java.base/jdk.internal.reflect.DelegatingConstructorAccessorImpl.newInstance(DelegatingConstructorAccessorImpl.java:45)\r\n\tat java.base/java.lang.reflect.Constructor.newInstance(Constructor.java:490)\r\n\tat org.openqa.selenium.remote.W3CHandshakeResponse.lambda$errorHandler$0(W3CHandshakeResponse.java:62)\r\n\tat org.openqa.selenium.remote.HandshakeResponse.lambda$getResponseFunction$0(HandshakeResponse.java:30)\r\n\tat org.openqa.selenium.remote.ProtocolHandshake.lambda$createSession$0(ProtocolHandshake.java:126)\r\n\tat java.base/java.util.stream.ReferencePipeline$3$1.accept(ReferencePipeline.java:195)\r\n\tat java.base/java.util.Spliterators$ArraySpliterator.tryAdvance(Spliterators.java:958)\r\n\tat java.base/java.util.stream.ReferencePipeline.forEachWithCancel(ReferencePipeline.java:127)\r\n\tat java.base/java.util.stream.AbstractPipeline.copyIntoWithCancel(AbstractPipeline.java:502)\r\n\tat java.base/java.util.stream.AbstractPipeline.copyInto(AbstractPipeline.java:488)\r\n\tat java.base/java.util.stream.AbstractPipeline.wrapAndCopyInto(AbstractPipeline.java:474)\r\n\tat java.base/java.util.stream.FindOps$FindOp.evaluateSequential(FindOps.java:150)\r\n\tat java.base/java.util.stream.AbstractPipeline.evaluate(AbstractPipeline.java:234)\r\n\tat java.base/java.util.stream.ReferencePipeline.findFirst(ReferencePipeline.java:543)\r\n\tat org.openqa.selenium.remote.ProtocolHandshake.createSession(ProtocolHandshake.java:128)\r\n\tat org.openqa.selenium.remote.ProtocolHandshake.createSession(ProtocolHandshake.java:74)\r\n\tat org.openqa.selenium.remote.HttpCommandExecutor.execute(HttpCommandExecutor.java:136)\r\n\tat org.openqa.selenium.remote.service.DriverCommandExecutor.execute(DriverCommandExecutor.java:83)\r\n\tat org.openqa.selenium.remote.RemoteWebDriver.execute(RemoteWebDriver.java:552)\r\n\tat org.openqa.selenium.remote.RemoteWebDriver.startSession(RemoteWebDriver.java:213)\r\n\tat org.openqa.selenium.remote.RemoteWebDriver.<init>(RemoteWebDriver.java:131)\r\n\tat org.openqa.selenium.chrome.ChromeDriver.<init>(ChromeDriver.java:181)\r\n\tat org.openqa.selenium.chrome.ChromeDriver.<init>(ChromeDriver.java:168)\r\n\tat org.openqa.selenium.chrome.ChromeDriver.<init>(ChromeDriver.java:123)\r\n\tat core.KeywordWeb.openBrowser(KeywordWeb.java:45)\r\n\tat core.BaseTest.beforeTest(BaseTest.java:35)\r\n\tat java.base/jdk.internal.reflect.NativeMethodAccessorImpl.invoke0(Native Method)\r\n\tat java.base/jdk.internal.reflect.NativeMethodAccessorImpl.invoke(NativeMethodAccessorImpl.java:62)\r\n\tat java.base/jdk.internal.reflect.DelegatingMethodAccessorImpl.invoke(DelegatingMethodAccessorImpl.java:43)\r\n\tat java.base/java.lang.reflect.Method.invoke(Method.java:566)\r\n\tat org.testng.internal.MethodInvocationHelper.invokeMethod(MethodInvocationHelper.java:133)\r\n\tat org.testng.internal.MethodInvocationHelper.invokeMethodConsideringTimeout(MethodInvocationHelper.java:62)\r\n\tat org.testng.internal.ConfigInvoker.invokeConfigurationMethod(ConfigInvoker.java:385)\r\n\tat org.testng.internal.ConfigInvoker.invokeConfigurations(ConfigInvoker.java:321)\r\n\tat org.testng.TestRunner.invokeTestConfigurations(TestRunner.java:637)\r\n\tat org.testng.TestRunner.beforeRun(TestRunner.java:627)\r\n\tat org.testng.TestRunner.run(TestRunner.java:589)\r\n\tat org.testng.SuiteRunner.runTest(SuiteRunner.java:377)\r\n\tat org.testng.SuiteRunner.runSequentially(SuiteRunner.java:371)\r\n\tat org.testng.SuiteRunner.privateRun(SuiteRunner.java:332)\r\n\tat org.testng.SuiteRunner.run(SuiteRunner.java:276)\r\n\tat org.testng.SuiteRunnerWorker.runSuite(SuiteRunnerWorker.java:53)\r\n\tat org.testng.SuiteRunnerWorker.run(SuiteRunnerWorker.java:96)\r\n\tat org.testng.TestNG.runSuitesSequentially(TestNG.java:1212)\r\n\tat org.testng.TestNG.runSuitesLocally(TestNG.java:1134)\r\n\tat org.testng.TestNG.runSuites(TestNG.java:1063)\r\n\tat org.testng.TestNG.run(TestNG.java:1031)\r\n\tat com.intellij.rt.testng.IDEARemoteTestNG.run(IDEARemoteTestNG.java:66)\r\n\tat com.intellij.rt.testng.RemoteTestNGStarter.main(RemoteTestNGStarter.java:109)\r\n","flaky":false,"newFailed":false,"newBroken":false,"newPassed":false,"retriesCount":0,"retriesStatusChange":false,"beforeStages":[{"name":"beforeSuite","time":{"start":1672805295747,"stop":1672805295782,"duration":35},"description":"","status":"passed","steps":[],"attachments":[],"parameters":[],"stepsCount":0,"hasContent":false,"attachmentsCount":0,"shouldDisplayMessage":false},{"name":"beforeTest","time":{"start":1672805295798,"stop":1672805298604,"duration":2806},"description":"","status":"broken","statusMessage":"unknown error: failed to write prefs file\nBuild info: version: '3.141.59', revision: 'e82be7d358', time: '2018-11-14T08:17:03'\nSystem info: host: 'ADMIN', ip: '192.168.31.64', os.name: 'Windows 10', os.arch: 'amd64', os.version: '10.0', java.version: '11.0.17'\nDriver info: driver.version: ChromeDriver\nremote stacktrace: Backtrace:\n\t(No symbol) [0x0023F243]\n\t(No symbol) [0x001C7FD1]\n\t(No symbol) [0x000BD04D]\n\t(No symbol) [0x000DE447]\n\t(No symbol) [0x000DE5CA]\n\t(No symbol) [0x000DBA02]\n\t(No symbol) [0x000D82E9]\n\t(No symbol) [0x0010F056]\n\t(No symbol) [0x0010EB2A]\n\t(No symbol) [0x00108386]\n\t(No symbol) [0x000E163C]\n\t(No symbol) [0x000E269D]\n\tGetHandleVerifier [0x004D9A22+2655074]\n\tGetHandleVerifier [0x004CCA24+2601828]\n\tGetHandleVerifier [0x002E8C0A+619850]\n\tGetHandleVerifier [0x002E7830+614768]\n\t(No symbol) [0x001D05FC]\n\t(No symbol) [0x001D5968]\n\t(No symbol) [0x001D5A55]\n\t(No symbol) [0x001E051B]\n\tBaseThreadInitThunk [0x76FC00F9+25]\n\tRtlGetAppContainerNamedObjectPath [0x778D7BBE+286]\n\tRtlGetAppContainerNamedObjectPath [0x778D7B8E+238]\n\t(No symbol) [0x00000000]\n","statusTrace":"org.openqa.selenium.WebDriverException: unknown error: failed to write prefs file\nBuild info: version: '3.141.59', revision: 'e82be7d358', time: '2018-11-14T08:17:03'\nSystem info: host: 'ADMIN', ip: '192.168.31.64', os.name: 'Windows 10', os.arch: 'amd64', os.version: '10.0', java.version: '11.0.17'\nDriver info: driver.version: ChromeDriver\nremote stacktrace: Backtrace:\n\t(No symbol) [0x0023F243]\n\t(No symbol) [0x001C7FD1]\n\t(No symbol) [0x000BD04D]\n\t(No symbol) [0x000DE447]\n\t(No symbol) [0x000DE5CA]\n\t(No symbol) [0x000DBA02]\n\t(No symbol) [0x000D82E9]\n\t(No symbol) [0x0010F056]\n\t(No symbol) [0x0010EB2A]\n\t(No symbol) [0x00108386]\n\t(No symbol) [0x000E163C]\n\t(No symbol) [0x000E269D]\n\tGetHandleVerifier [0x004D9A22+2655074]\n\tGetHandleVerifier [0x004CCA24+2601828]\n\tGetHandleVerifier [0x002E8C0A+619850]\n\tGetHandleVerifier [0x002E7830+614768]\n\t(No symbol) [0x001D05FC]\n\t(No symbol) [0x001D5968]\n\t(No symbol) [0x001D5A55]\n\t(No symbol) [0x001E051B]\n\tBaseThreadInitThunk [0x76FC00F9+25]\n\tRtlGetAppContainerNamedObjectPath [0x778D7BBE+286]\n\tRtlGetAppContainerNamedObjectPath [0x778D7B8E+238]\n\t(No symbol) [0x00000000]\n\r\n\tat java.base/jdk.internal.reflect.NativeConstructorAccessorImpl.newInstance0(Native Method)\r\n\tat java.base/jdk.internal.reflect.NativeConstructorAccessorImpl.newInstance(NativeConstructorAccessorImpl.java:62)\r\n\tat java.base/jdk.internal.reflect.DelegatingConstructorAccessorImpl.newInstance(DelegatingConstructorAccessorImpl.java:45)\r\n\tat java.base/java.lang.reflect.Constructor.newInstance(Constructor.java:490)\r\n\tat org.openqa.selenium.remote.W3CHandshakeResponse.lambda$errorHandler$0(W3CHandshakeResponse.java:62)\r\n\tat org.openqa.selenium.remote.HandshakeResponse.lambda$getResponseFunction$0(HandshakeResponse.java:30)\r\n\tat org.openqa.selenium.remote.ProtocolHandshake.lambda$createSession$0(ProtocolHandshake.java:126)\r\n\tat java.base/java.util.stream.ReferencePipeline$3$1.accept(ReferencePipeline.java:195)\r\n\tat java.base/java.util.Spliterators$ArraySpliterator.tryAdvance(Spliterators.java:958)\r\n\tat java.base/java.util.stream.ReferencePipeline.forEachWithCancel(ReferencePipeline.java:127)\r\n\tat java.base/java.util.stream.AbstractPipeline.copyIntoWithCancel(AbstractPipeline.java:502)\r\n\tat java.base/java.util.stream.AbstractPipeline.copyInto(AbstractPipeline.java:488)\r\n\tat java.base/java.util.stream.AbstractPipeline.wrapAndCopyInto(AbstractPipeline.java:474)\r\n\tat java.base/java.util.stream.FindOps$FindOp.evaluateSequential(FindOps.java:150)\r\n\tat java.base/java.util.stream.AbstractPipeline.evaluate(AbstractPipeline.java:234)\r\n\tat java.base/java.util.stream.ReferencePipeline.findFirst(ReferencePipeline.java:543)\r\n\tat org.openqa.selenium.remote.ProtocolHandshake.createSession(ProtocolHandshake.java:128)\r\n\tat org.openqa.selenium.remote.ProtocolHandshake.createSession(ProtocolHandshake.java:74)\r\n\tat org.openqa.selenium.remote.HttpCommandExecutor.execute(HttpCommandExecutor.java:136)\r\n\tat org.openqa.selenium.remote.service.DriverCommandExecutor.execute(DriverCommandExecutor.java:83)\r\n\tat org.openqa.selenium.remote.RemoteWebDriver.execute(RemoteWebDriver.java:552)\r\n\tat org.openqa.selenium.remote.RemoteWebDriver.startSession(RemoteWebDriver.java:213)\r\n\tat org.openqa.selenium.remote.RemoteWebDriver.<init>(RemoteWebDriver.java:131)\r\n\tat org.openqa.selenium.chrome.ChromeDriver.<init>(ChromeDriver.java:181)\r\n\tat org.openqa.selenium.chrome.ChromeDriver.<init>(ChromeDriver.java:168)\r\n\tat org.openqa.selenium.chrome.ChromeDriver.<init>(ChromeDriver.java:123)\r\n\tat core.KeywordWeb.openBrowser(KeywordWeb.java:45)\r\n\tat core.BaseTest.beforeTest(BaseTest.java:35)\r\n\tat java.base/jdk.internal.reflect.NativeMethodAccessorImpl.invoke0(Native Method)\r\n\tat java.base/jdk.internal.reflect.NativeMethodAccessorImpl.invoke(NativeMethodAccessorImpl.java:62)\r\n\tat java.base/jdk.internal.reflect.DelegatingMethodAccessorImpl.invoke(DelegatingMethodAccessorImpl.java:43)\r\n\tat java.base/java.lang.reflect.Method.invoke(Method.java:566)\r\n\tat org.testng.internal.MethodInvocationHelper.invokeMethod(MethodInvocationHelper.java:133)\r\n\tat org.testng.internal.MethodInvocationHelper.invokeMethodConsideringTimeout(MethodInvocationHelper.java:62)\r\n\tat org.testng.internal.ConfigInvoker.invokeConfigurationMethod(ConfigInvoker.java:385)\r\n\tat org.testng.internal.ConfigInvoker.invokeConfigurations(ConfigInvoker.java:321)\r\n\tat org.testng.TestRunner.invokeTestConfigurations(TestRunner.java:637)\r\n\tat org.testng.TestRunner.beforeRun(TestRunner.java:627)\r\n\tat org.testng.TestRunner.run(TestRunner.java:589)\r\n\tat org.testng.SuiteRunner.runTest(SuiteRunner.java:377)\r\n\tat org.testng.SuiteRunner.runSequentially(SuiteRunner.java:371)\r\n\tat org.testng.SuiteRunner.privateRun(SuiteRunner.java:332)\r\n\tat org.testng.SuiteRunner.run(SuiteRunner.java:276)\r\n\tat org.testng.SuiteRunnerWorker.runSuite(SuiteRunnerWorker.java:53)\r\n\tat org.testng.SuiteRunnerWorker.run(SuiteRunnerWorker.java:96)\r\n\tat org.testng.TestNG.runSuitesSequentially(TestNG.java:1212)\r\n\tat org.testng.TestNG.runSuitesLocally(TestNG.java:1134)\r\n\tat org.testng.TestNG.runSuites(TestNG.java:1063)\r\n\tat org.testng.TestNG.run(TestNG.java:1031)\r\n\tat com.intellij.rt.testng.IDEARemoteTestNG.run(IDEARemoteTestNG.java:66)\r\n\tat com.intellij.rt.testng.RemoteTestNGStarter.main(RemoteTestNGStarter.java:109)\r\n","steps":[],"attachments":[],"parameters":[],"stepsCount":0,"hasContent":true,"attachmentsCount":0,"shouldDisplayMessage":true}],"afterStages":[{"name":"afterTest","time":{"start":1672805299217,"stop":1672805299218,"duration":1},"description":"","status":"broken","steps":[],"attachments":[],"parameters":[],"stepsCount":0,"hasContent":false,"attachmentsCount":0,"shouldDisplayMessage":false}],"labels":[{"name":"package","value":"test.signinSignup.SignUpTest"},{"name":"testClass","value":"test.signinSignup.SignUpTest"},{"name":"testMethod","value":"testCase_SU018"},{"name":"parentSuite","value":"Default Suite"},{"name":"suite","value":"Glamira_AutoTest"},{"name":"subSuite","value":"test.signinSignup.SignUpTest"},{"name":"host","value":"Admin"},{"name":"thread","value":"12940@Admin.main(1)"},{"name":"framework","value":"testng"},{"name":"language","value":"java"},{"name":"resultFormat","value":"allure2"}],"parameters":[],"links":[],"hidden":true,"retry":true,"extra":{"categories":[],"tags":[]},"source":"c76c519a4d4e23d.json","parameterValues":[]}